<?xml version="1.0" encoding="UTF-8"?>
<testsuite xmlns:xsi="http://www.w3.org/2001/XMLSchema-instance" xsi:noNamespaceSchemaLocation="https://maven.apache.org/surefire/maven-surefire-plugin/xsd/surefire-test-report.xsd" name="com.exemple.qa.runners.AllKarateTestsRunner" time="9.134" tests="7" errors="0" skipped="0" failures="2">
  <properties>
    <property name="java.specification.version" value="17"/>
    <property name="sun.jnu.encoding" value="UTF-8"/>
    <property name="java.class.path" value="/home/khaoula/karate-api-project/target/test-classes:/home/khaoula/karate-api-project/target/classes:/home/khaoula/.m2/repository/com/intuit/karate/karate-junit5/1.4.1/karate-junit5-1.4.1.jar:/home/khaoula/.m2/repository/com/intuit/karate/karate-core/1.4.1/karate-core-1.4.1.jar:/home/khaoula/.m2/repository/org/graalvm/js/js-scriptengine/22.3.3/js-scriptengine-22.3.3.jar:/home/khaoula/.m2/repository/org/graalvm/sdk/graal-sdk/22.3.3/graal-sdk-22.3.3.jar:/home/khaoula/.m2/repository/org/graalvm/js/js/22.3.3/js-22.3.3.jar:/home/khaoula/.m2/repository/org/graalvm/regex/regex/22.3.3/regex-22.3.3.jar:/home/khaoula/.m2/repository/org/graalvm/truffle/truffle-api/22.3.3/truffle-api-22.3.3.jar:/home/khaoula/.m2/repository/com/ibm/icu/icu4j/71.1/icu4j-71.1.jar:/home/khaoula/.m2/repository/org/thymeleaf/thymeleaf/3.1.2.RELEASE/thymeleaf-3.1.2.RELEASE.jar:/home/khaoula/.m2/repository/ognl/ognl/3.3.4/ognl-3.3.4.jar:/home/khaoula/.m2/repository/org/javassist/javassist/3.29.0-GA/javassist-3.29.0-GA.jar:/home/khaoula/.m2/repository/org/attoparser/attoparser/2.0.7.RELEASE/attoparser-2.0.7.RELEASE.jar:/home/khaoula/.m2/repository/org/unbescape/unbescape/1.1.6.RELEASE/unbescape-1.1.6.RELEASE.jar:/home/khaoula/.m2/repository/com/linecorp/armeria/armeria/1.25.2/armeria-1.25.2.jar:/home/khaoula/.m2/repository/com/fasterxml/jackson/datatype/jackson-datatype-jdk8/2.15.2/jackson-datatype-jdk8-2.15.2.jar:/home/khaoula/.m2/repository/io/micrometer/micrometer-core/1.11.3/micrometer-core-1.11.3.jar:/home/khaoula/.m2/repository/io/micrometer/micrometer-commons/1.11.3/micrometer-commons-1.11.3.jar:/home/khaoula/.m2/repository/io/micrometer/micrometer-observation/1.11.3/micrometer-observation-1.11.3.jar:/home/khaoula/.m2/repository/org/hdrhistogram/HdrHistogram/2.1.12/HdrHistogram-2.1.12.jar:/home/khaoula/.m2/repository/org/latencyutils/LatencyUtils/2.0.3/LatencyUtils-2.0.3.jar:/home/khaoula/.m2/repository/io/netty/netty-transport/4.1.96.Final/netty-transport-4.1.96.Final.jar:/home/khaoula/.m2/repository/io/netty/netty-common/4.1.96.Final/netty-common-4.1.96.Final.jar:/home/khaoula/.m2/repository/io/netty/netty-buffer/4.1.96.Final/netty-buffer-4.1.96.Final.jar:/home/khaoula/.m2/repository/io/netty/netty-resolver/4.1.96.Final/netty-resolver-4.1.96.Final.jar:/home/khaoula/.m2/repository/io/netty/netty-codec-haproxy/4.1.96.Final/netty-codec-haproxy-4.1.96.Final.jar:/home/khaoula/.m2/repository/io/netty/netty-codec/4.1.96.Final/netty-codec-4.1.96.Final.jar:/home/khaoula/.m2/repository/io/netty/netty-codec-http2/4.1.96.Final/netty-codec-http2-4.1.96.Final.jar:/home/khaoula/.m2/repository/io/netty/netty-handler/4.1.96.Final/netty-handler-4.1.96.Final.jar:/home/khaoula/.m2/repository/io/netty/netty-codec-http/4.1.96.Final/netty-codec-http-4.1.96.Final.jar:/home/khaoula/.m2/repository/io/netty/netty-resolver-dns/4.1.96.Final/netty-resolver-dns-4.1.96.Final.jar:/home/khaoula/.m2/repository/io/netty/netty-codec-dns/4.1.96.Final/netty-codec-dns-4.1.96.Final.jar:/home/khaoula/.m2/repository/org/reactivestreams/reactive-streams/1.0.4/reactive-streams-1.0.4.jar:/home/khaoula/.m2/repository/com/google/code/findbugs/jsr305/3.0.2/jsr305-3.0.2.jar:/home/khaoula/.m2/repository/io/netty/netty-handler-proxy/4.1.96.Final/netty-handler-proxy-4.1.96.Final.jar:/home/khaoula/.m2/repository/io/netty/netty-codec-socks/4.1.96.Final/netty-codec-socks-4.1.96.Final.jar:/home/khaoula/.m2/repository/io/netty/netty-transport-native-unix-common/4.1.96.Final/netty-transport-native-unix-common-4.1.96.Final-linux-x86_64.jar:/home/khaoula/.m2/repository/io/netty/netty-transport-native-epoll/4.1.96.Final/netty-transport-native-epoll-4.1.96.Final-linux-x86_64.jar:/home/khaoula/.m2/repository/io/netty/netty-transport-native-unix-common/4.1.96.Final/netty-transport-native-unix-common-4.1.96.Final.jar:/home/khaoula/.m2/repository/io/netty/netty-transport-classes-epoll/4.1.96.Final/netty-transport-classes-epoll-4.1.96.Final.jar:/home/khaoula/.m2/repository/io/netty/netty-transport-native-unix-common/4.1.96.Final/netty-transport-native-unix-common-4.1.96.Final-linux-aarch_64.jar:/home/khaoula/.m2/repository/io/netty/netty-transport-native-epoll/4.1.96.Final/netty-transport-native-epoll-4.1.96.Final-linux-aarch_64.jar:/home/khaoula/.m2/repository/io/netty/netty-transport-native-unix-common/4.1.96.Final/netty-transport-native-unix-common-4.1.96.Final-osx-x86_64.jar:/home/khaoula/.m2/repository/io/netty/netty-transport-native-kqueue/4.1.96.Final/netty-transport-native-kqueue-4.1.96.Final-osx-x86_64.jar:/home/khaoula/.m2/repository/io/netty/netty-transport-classes-kqueue/4.1.96.Final/netty-transport-classes-kqueue-4.1.96.Final.jar:/home/khaoula/.m2/repository/io/netty/netty-resolver-dns-native-macos/4.1.96.Final/netty-resolver-dns-native-macos-4.1.96.Final-osx-x86_64.jar:/home/khaoula/.m2/repository/io/netty/netty-resolver-dns-classes-macos/4.1.96.Final/netty-resolver-dns-classes-macos-4.1.96.Final.jar:/home/khaoula/.m2/repository/io/netty/netty-transport-native-unix-common/4.1.96.Final/netty-transport-native-unix-common-4.1.96.Final-osx-aarch_64.jar:/home/khaoula/.m2/repository/io/netty/netty-transport-native-kqueue/4.1.96.Final/netty-transport-native-kqueue-4.1.96.Final-osx-aarch_64.jar:/home/khaoula/.m2/repository/io/netty/netty-resolver-dns-native-macos/4.1.96.Final/netty-resolver-dns-native-macos-4.1.96.Final-osx-aarch_64.jar:/home/khaoula/.m2/repository/io/netty/netty-tcnative-boringssl-static/2.0.61.Final/netty-tcnative-boringssl-static-2.0.61.Final-linux-x86_64.jar:/home/khaoula/.m2/repository/io/netty/netty-tcnative-classes/2.0.61.Final/netty-tcnative-classes-2.0.61.Final.jar:/home/khaoula/.m2/repository/io/netty/netty-tcnative-boringssl-static/2.0.61.Final/netty-tcnative-boringssl-static-2.0.61.Final-linux-aarch_64.jar:/home/khaoula/.m2/repository/io/netty/netty-tcnative-boringssl-static/2.0.61.Final/netty-tcnative-boringssl-static-2.0.61.Final-osx-x86_64.jar:/home/khaoula/.m2/repository/io/netty/netty-tcnative-boringssl-static/2.0.61.Final/netty-tcnative-boringssl-static-2.0.61.Final-osx-aarch_64.jar:/home/khaoula/.m2/repository/io/netty/netty-tcnative-boringssl-static/2.0.61.Final/netty-tcnative-boringssl-static-2.0.61.Final-windows-x86_64.jar:/home/khaoula/.m2/repository/com/aayushatharva/brotli4j/brotli4j/1.12.0/brotli4j-1.12.0.jar:/home/khaoula/.m2/repository/com/aayushatharva/brotli4j/service/1.12.0/service-1.12.0.jar:/home/khaoula/.m2/repository/com/aayushatharva/brotli4j/native-linux-x86_64/1.12.0/native-linux-x86_64-1.12.0.jar:/home/khaoula/.m2/repository/org/apache/httpcomponents/httpclient/4.5.14/httpclient-4.5.14.jar:/home/khaoula/.m2/repository/org/apache/httpcomponents/httpcore/4.4.16/httpcore-4.4.16.jar:/home/khaoula/.m2/repository/commons-codec/commons-codec/1.16.0/commons-codec-1.16.0.jar:/home/khaoula/.m2/repository/org/slf4j/jcl-over-slf4j/2.0.9/jcl-over-slf4j-2.0.9.jar:/home/khaoula/.m2/repository/org/antlr/antlr4-runtime/4.11.1/antlr4-runtime-4.11.1.jar:/home/khaoula/.m2/repository/com/jayway/jsonpath/json-path/2.8.0/json-path-2.8.0.jar:/home/khaoula/.m2/repository/net/minidev/json-smart/2.4.10/json-smart-2.4.10.jar:/home/khaoula/.m2/repository/net/minidev/accessors-smart/2.4.9/accessors-smart-2.4.9.jar:/home/khaoula/.m2/repository/org/ow2/asm/asm/9.3/asm-9.3.jar:/home/khaoula/.m2/repository/org/yaml/snakeyaml/2.0/snakeyaml-2.0.jar:/home/khaoula/.m2/repository/de/siegmar/fastcsv/2.2.1/fastcsv-2.2.1.jar:/home/khaoula/.m2/repository/info/picocli/picocli/4.7.1/picocli-4.7.1.jar:/home/khaoula/.m2/repository/io/github/classgraph/classgraph/4.8.160/classgraph-4.8.160.jar:/home/khaoula/.m2/repository/io/github/t12y/resemble/1.0.2/resemble-1.0.2.jar:/home/khaoula/.m2/repository/io/github/t12y/ssim/1.0.0/ssim-1.0.0.jar:/home/khaoula/.m2/repository/org/junit/jupiter/junit-jupiter-api/5.9.1/junit-jupiter-api-5.9.1.jar:/home/khaoula/.m2/repository/org/opentest4j/opentest4j/1.2.0/opentest4j-1.2.0.jar:/home/khaoula/.m2/repository/org/junit/platform/junit-platform-commons/1.9.1/junit-platform-commons-1.9.1.jar:/home/khaoula/.m2/repository/org/apiguardian/apiguardian-api/1.1.2/apiguardian-api-1.1.2.jar:/home/khaoula/.m2/repository/org/junit/jupiter/junit-jupiter-engine/5.9.1/junit-jupiter-engine-5.9.1.jar:/home/khaoula/.m2/repository/org/junit/platform/junit-platform-engine/1.9.1/junit-platform-engine-1.9.1.jar:/home/khaoula/.m2/repository/org/wiremock/wiremock/3.7.0/wiremock-3.7.0.jar:/home/khaoula/.m2/repository/org/eclipse/jetty/jetty-server/11.0.20/jetty-server-11.0.20.jar:/home/khaoula/.m2/repository/org/eclipse/jetty/jetty-http/11.0.20/jetty-http-11.0.20.jar:/home/khaoula/.m2/repository/org/eclipse/jetty/jetty-io/11.0.20/jetty-io-11.0.20.jar:/home/khaoula/.m2/repository/org/eclipse/jetty/toolchain/jetty-jakarta-servlet-api/5.0.2/jetty-jakarta-servlet-api-5.0.2.jar:/home/khaoula/.m2/repository/org/eclipse/jetty/jetty-servlet/11.0.20/jetty-servlet-11.0.20.jar:/home/khaoula/.m2/repository/org/eclipse/jetty/jetty-security/11.0.20/jetty-security-11.0.20.jar:/home/khaoula/.m2/repository/org/eclipse/jetty/jetty-servlets/11.0.20/jetty-servlets-11.0.20.jar:/home/khaoula/.m2/repository/org/eclipse/jetty/jetty-util/11.0.20/jetty-util-11.0.20.jar:/home/khaoula/.m2/repository/org/eclipse/jetty/jetty-webapp/11.0.20/jetty-webapp-11.0.20.jar:/home/khaoula/.m2/repository/org/eclipse/jetty/jetty-xml/11.0.20/jetty-xml-11.0.20.jar:/home/khaoula/.m2/repository/org/eclipse/jetty/jetty-proxy/11.0.20/jetty-proxy-11.0.20.jar:/home/khaoula/.m2/repository/org/eclipse/jetty/jetty-client/11.0.20/jetty-client-11.0.20.jar:/home/khaoula/.m2/repository/org/eclipse/jetty/http2/http2-server/11.0.20/http2-server-11.0.20.jar:/home/khaoula/.m2/repository/org/eclipse/jetty/http2/http2-common/11.0.20/http2-common-11.0.20.jar:/home/khaoula/.m2/repository/org/eclipse/jetty/http2/http2-hpack/11.0.20/http2-hpack-11.0.20.jar:/home/khaoula/.m2/repository/org/eclipse/jetty/jetty-alpn-server/11.0.20/jetty-alpn-server-11.0.20.jar:/home/khaoula/.m2/repository/org/eclipse/jetty/jetty-alpn-java-server/11.0.20/jetty-alpn-java-server-11.0.20.jar:/home/khaoula/.m2/repository/org/eclipse/jetty/jetty-alpn-java-client/11.0.20/jetty-alpn-java-client-11.0.20.jar:/home/khaoula/.m2/repository/org/eclipse/jetty/jetty-alpn-client/11.0.20/jetty-alpn-client-11.0.20.jar:/home/khaoula/.m2/repository/com/google/guava/guava/33.2.1-jre/guava-33.2.1-jre.jar:/home/khaoula/.m2/repository/com/google/guava/failureaccess/1.0.2/failureaccess-1.0.2.jar:/home/khaoula/.m2/repository/com/google/guava/listenablefuture/9999.0-empty-to-avoid-conflict-with-guava/listenablefuture-9999.0-empty-to-avoid-conflict-with-guava.jar:/home/khaoula/.m2/repository/org/checkerframework/checker-qual/3.42.0/checker-qual-3.42.0.jar:/home/khaoula/.m2/repository/com/google/errorprone/error_prone_annotations/2.26.1/error_prone_annotations-2.26.1.jar:/home/khaoula/.m2/repository/com/google/j2objc/j2objc-annotations/3.0.0/j2objc-annotations-3.0.0.jar:/home/khaoula/.m2/repository/com/fasterxml/jackson/core/jackson-core/2.17.1/jackson-core-2.17.1.jar:/home/khaoula/.m2/repository/com/fasterxml/jackson/core/jackson-annotations/2.17.1/jackson-annotations-2.17.1.jar:/home/khaoula/.m2/repository/com/fasterxml/jackson/core/jackson-databind/2.17.1/jackson-databind-2.17.1.jar:/home/khaoula/.m2/repository/com/fasterxml/jackson/datatype/jackson-datatype-jsr310/2.17.1/jackson-datatype-jsr310-2.17.1.jar:/home/khaoula/.m2/repository/org/apache/httpcomponents/client5/httpclient5/5.3.1/httpclient5-5.3.1.jar:/home/khaoula/.m2/repository/org/apache/httpcomponents/core5/httpcore5/5.2.4/httpcore5-5.2.4.jar:/home/khaoula/.m2/repository/org/apache/httpcomponents/core5/httpcore5-h2/5.2.4/httpcore5-h2-5.2.4.jar:/home/khaoula/.m2/repository/org/xmlunit/xmlunit-core/2.10.0/xmlunit-core-2.10.0.jar:/home/khaoula/.m2/repository/jakarta/xml/bind/jakarta.xml.bind-api/2.3.3/jakarta.xml.bind-api-2.3.3.jar:/home/khaoula/.m2/repository/jakarta/activation/jakarta.activation-api/1.2.2/jakarta.activation-api-1.2.2.jar:/home/khaoula/.m2/repository/org/xmlunit/xmlunit-legacy/2.10.0/xmlunit-legacy-2.10.0.jar:/home/khaoula/.m2/repository/org/xmlunit/xmlunit-placeholders/2.10.0/xmlunit-placeholders-2.10.0.jar:/home/khaoula/.m2/repository/net/javacrumbs/json-unit/json-unit-core/2.38.0/json-unit-core-2.38.0.jar:/home/khaoula/.m2/repository/org/hamcrest/hamcrest-core/2.2/hamcrest-core-2.2.jar:/home/khaoula/.m2/repository/org/hamcrest/hamcrest/2.2/hamcrest-2.2.jar:/home/khaoula/.m2/repository/net/sf/jopt-simple/jopt-simple/5.0.4/jopt-simple-5.0.4.jar:/home/khaoula/.m2/repository/com/github/jknack/handlebars-helpers/4.3.1/handlebars-helpers-4.3.1.jar:/home/khaoula/.m2/repository/commons-fileupload/commons-fileupload/1.5/commons-fileupload-1.5.jar:/home/khaoula/.m2/repository/commons-io/commons-io/2.11.0/commons-io-2.11.0.jar:/home/khaoula/.m2/repository/com/networknt/json-schema-validator/1.4.0/json-schema-validator-1.4.0.jar:/home/khaoula/.m2/repository/com/ethlo/time/itu/1.8.0/itu-1.8.0.jar:/home/khaoula/.m2/repository/com/fasterxml/jackson/dataformat/jackson-dataformat-yaml/2.15.3/jackson-dataformat-yaml-2.15.3.jar:/home/khaoula/.m2/repository/org/slf4j/slf4j-api/1.7.36/slf4j-api-1.7.36.jar:/home/khaoula/.m2/repository/ch/qos/logback/logback-classic/1.2.11/logback-classic-1.2.11.jar:/home/khaoula/.m2/repository/ch/qos/logback/logback-core/1.2.11/logback-core-1.2.11.jar:/home/khaoula/.m2/repository/com/github/jknack/handlebars/4.3.1/handlebars-4.3.1.jar:"/>
    <property name="java.vm.vendor" value="Ubuntu"/>
    <property name="sun.arch.data.model" value="64"/>
    <property name="java.vendor.url" value="https://ubuntu.com/"/>
    <property name="os.name" value="Linux"/>
    <property name="java.vm.specification.version" value="17"/>
    <property name="sun.java.launcher" value="SUN_STANDARD"/>
    <property name="user.country" value="FR"/>
    <property name="sun.boot.library.path" value="/usr/lib/jvm/java-17-openjdk-amd64/lib"/>
    <property name="sun.java.command" value="/home/khaoula/karate-api-project/target/surefire/surefirebooter2771766593471705599.jar /home/khaoula/karate-api-project/target/surefire 2025-07-19T15-37-26_136-jvmRun1 surefire572658447759892937tmp surefire_08607025130225936317tmp"/>
    <property name="jdk.debug" value="release"/>
    <property name="surefire.test.class.path" value="/home/khaoula/karate-api-project/target/test-classes:/home/khaoula/karate-api-project/target/classes:/home/khaoula/.m2/repository/com/intuit/karate/karate-junit5/1.4.1/karate-junit5-1.4.1.jar:/home/khaoula/.m2/repository/com/intuit/karate/karate-core/1.4.1/karate-core-1.4.1.jar:/home/khaoula/.m2/repository/org/graalvm/js/js-scriptengine/22.3.3/js-scriptengine-22.3.3.jar:/home/khaoula/.m2/repository/org/graalvm/sdk/graal-sdk/22.3.3/graal-sdk-22.3.3.jar:/home/khaoula/.m2/repository/org/graalvm/js/js/22.3.3/js-22.3.3.jar:/home/khaoula/.m2/repository/org/graalvm/regex/regex/22.3.3/regex-22.3.3.jar:/home/khaoula/.m2/repository/org/graalvm/truffle/truffle-api/22.3.3/truffle-api-22.3.3.jar:/home/khaoula/.m2/repository/com/ibm/icu/icu4j/71.1/icu4j-71.1.jar:/home/khaoula/.m2/repository/org/thymeleaf/thymeleaf/3.1.2.RELEASE/thymeleaf-3.1.2.RELEASE.jar:/home/khaoula/.m2/repository/ognl/ognl/3.3.4/ognl-3.3.4.jar:/home/khaoula/.m2/repository/org/javassist/javassist/3.29.0-GA/javassist-3.29.0-GA.jar:/home/khaoula/.m2/repository/org/attoparser/attoparser/2.0.7.RELEASE/attoparser-2.0.7.RELEASE.jar:/home/khaoula/.m2/repository/org/unbescape/unbescape/1.1.6.RELEASE/unbescape-1.1.6.RELEASE.jar:/home/khaoula/.m2/repository/com/linecorp/armeria/armeria/1.25.2/armeria-1.25.2.jar:/home/khaoula/.m2/repository/com/fasterxml/jackson/datatype/jackson-datatype-jdk8/2.15.2/jackson-datatype-jdk8-2.15.2.jar:/home/khaoula/.m2/repository/io/micrometer/micrometer-core/1.11.3/micrometer-core-1.11.3.jar:/home/khaoula/.m2/repository/io/micrometer/micrometer-commons/1.11.3/micrometer-commons-1.11.3.jar:/home/khaoula/.m2/repository/io/micrometer/micrometer-observation/1.11.3/micrometer-observation-1.11.3.jar:/home/khaoula/.m2/repository/org/hdrhistogram/HdrHistogram/2.1.12/HdrHistogram-2.1.12.jar:/home/khaoula/.m2/repository/org/latencyutils/LatencyUtils/2.0.3/LatencyUtils-2.0.3.jar:/home/khaoula/.m2/repository/io/netty/netty-transport/4.1.96.Final/netty-transport-4.1.96.Final.jar:/home/khaoula/.m2/repository/io/netty/netty-common/4.1.96.Final/netty-common-4.1.96.Final.jar:/home/khaoula/.m2/repository/io/netty/netty-buffer/4.1.96.Final/netty-buffer-4.1.96.Final.jar:/home/khaoula/.m2/repository/io/netty/netty-resolver/4.1.96.Final/netty-resolver-4.1.96.Final.jar:/home/khaoula/.m2/repository/io/netty/netty-codec-haproxy/4.1.96.Final/netty-codec-haproxy-4.1.96.Final.jar:/home/khaoula/.m2/repository/io/netty/netty-codec/4.1.96.Final/netty-codec-4.1.96.Final.jar:/home/khaoula/.m2/repository/io/netty/netty-codec-http2/4.1.96.Final/netty-codec-http2-4.1.96.Final.jar:/home/khaoula/.m2/repository/io/netty/netty-handler/4.1.96.Final/netty-handler-4.1.96.Final.jar:/home/khaoula/.m2/repository/io/netty/netty-codec-http/4.1.96.Final/netty-codec-http-4.1.96.Final.jar:/home/khaoula/.m2/repository/io/netty/netty-resolver-dns/4.1.96.Final/netty-resolver-dns-4.1.96.Final.jar:/home/khaoula/.m2/repository/io/netty/netty-codec-dns/4.1.96.Final/netty-codec-dns-4.1.96.Final.jar:/home/khaoula/.m2/repository/org/reactivestreams/reactive-streams/1.0.4/reactive-streams-1.0.4.jar:/home/khaoula/.m2/repository/com/google/code/findbugs/jsr305/3.0.2/jsr305-3.0.2.jar:/home/khaoula/.m2/repository/io/netty/netty-handler-proxy/4.1.96.Final/netty-handler-proxy-4.1.96.Final.jar:/home/khaoula/.m2/repository/io/netty/netty-codec-socks/4.1.96.Final/netty-codec-socks-4.1.96.Final.jar:/home/khaoula/.m2/repository/io/netty/netty-transport-native-unix-common/4.1.96.Final/netty-transport-native-unix-common-4.1.96.Final-linux-x86_64.jar:/home/khaoula/.m2/repository/io/netty/netty-transport-native-epoll/4.1.96.Final/netty-transport-native-epoll-4.1.96.Final-linux-x86_64.jar:/home/khaoula/.m2/repository/io/netty/netty-transport-native-unix-common/4.1.96.Final/netty-transport-native-unix-common-4.1.96.Final.jar:/home/khaoula/.m2/repository/io/netty/netty-transport-classes-epoll/4.1.96.Final/netty-transport-classes-epoll-4.1.96.Final.jar:/home/khaoula/.m2/repository/io/netty/netty-transport-native-unix-common/4.1.96.Final/netty-transport-native-unix-common-4.1.96.Final-linux-aarch_64.jar:/home/khaoula/.m2/repository/io/netty/netty-transport-native-epoll/4.1.96.Final/netty-transport-native-epoll-4.1.96.Final-linux-aarch_64.jar:/home/khaoula/.m2/repository/io/netty/netty-transport-native-unix-common/4.1.96.Final/netty-transport-native-unix-common-4.1.96.Final-osx-x86_64.jar:/home/khaoula/.m2/repository/io/netty/netty-transport-native-kqueue/4.1.96.Final/netty-transport-native-kqueue-4.1.96.Final-osx-x86_64.jar:/home/khaoula/.m2/repository/io/netty/netty-transport-classes-kqueue/4.1.96.Final/netty-transport-classes-kqueue-4.1.96.Final.jar:/home/khaoula/.m2/repository/io/netty/netty-resolver-dns-native-macos/4.1.96.Final/netty-resolver-dns-native-macos-4.1.96.Final-osx-x86_64.jar:/home/khaoula/.m2/repository/io/netty/netty-resolver-dns-classes-macos/4.1.96.Final/netty-resolver-dns-classes-macos-4.1.96.Final.jar:/home/khaoula/.m2/repository/io/netty/netty-transport-native-unix-common/4.1.96.Final/netty-transport-native-unix-common-4.1.96.Final-osx-aarch_64.jar:/home/khaoula/.m2/repository/io/netty/netty-transport-native-kqueue/4.1.96.Final/netty-transport-native-kqueue-4.1.96.Final-osx-aarch_64.jar:/home/khaoula/.m2/repository/io/netty/netty-resolver-dns-native-macos/4.1.96.Final/netty-resolver-dns-native-macos-4.1.96.Final-osx-aarch_64.jar:/home/khaoula/.m2/repository/io/netty/netty-tcnative-boringssl-static/2.0.61.Final/netty-tcnative-boringssl-static-2.0.61.Final-linux-x86_64.jar:/home/khaoula/.m2/repository/io/netty/netty-tcnative-classes/2.0.61.Final/netty-tcnative-classes-2.0.61.Final.jar:/home/khaoula/.m2/repository/io/netty/netty-tcnative-boringssl-static/2.0.61.Final/netty-tcnative-boringssl-static-2.0.61.Final-linux-aarch_64.jar:/home/khaoula/.m2/repository/io/netty/netty-tcnative-boringssl-static/2.0.61.Final/netty-tcnative-boringssl-static-2.0.61.Final-osx-x86_64.jar:/home/khaoula/.m2/repository/io/netty/netty-tcnative-boringssl-static/2.0.61.Final/netty-tcnative-boringssl-static-2.0.61.Final-osx-aarch_64.jar:/home/khaoula/.m2/repository/io/netty/netty-tcnative-boringssl-static/2.0.61.Final/netty-tcnative-boringssl-static-2.0.61.Final-windows-x86_64.jar:/home/khaoula/.m2/repository/com/aayushatharva/brotli4j/brotli4j/1.12.0/brotli4j-1.12.0.jar:/home/khaoula/.m2/repository/com/aayushatharva/brotli4j/service/1.12.0/service-1.12.0.jar:/home/khaoula/.m2/repository/com/aayushatharva/brotli4j/native-linux-x86_64/1.12.0/native-linux-x86_64-1.12.0.jar:/home/khaoula/.m2/repository/org/apache/httpcomponents/httpclient/4.5.14/httpclient-4.5.14.jar:/home/khaoula/.m2/repository/org/apache/httpcomponents/httpcore/4.4.16/httpcore-4.4.16.jar:/home/khaoula/.m2/repository/commons-codec/commons-codec/1.16.0/commons-codec-1.16.0.jar:/home/khaoula/.m2/repository/org/slf4j/jcl-over-slf4j/2.0.9/jcl-over-slf4j-2.0.9.jar:/home/khaoula/.m2/repository/org/antlr/antlr4-runtime/4.11.1/antlr4-runtime-4.11.1.jar:/home/khaoula/.m2/repository/com/jayway/jsonpath/json-path/2.8.0/json-path-2.8.0.jar:/home/khaoula/.m2/repository/net/minidev/json-smart/2.4.10/json-smart-2.4.10.jar:/home/khaoula/.m2/repository/net/minidev/accessors-smart/2.4.9/accessors-smart-2.4.9.jar:/home/khaoula/.m2/repository/org/ow2/asm/asm/9.3/asm-9.3.jar:/home/khaoula/.m2/repository/org/yaml/snakeyaml/2.0/snakeyaml-2.0.jar:/home/khaoula/.m2/repository/de/siegmar/fastcsv/2.2.1/fastcsv-2.2.1.jar:/home/khaoula/.m2/repository/info/picocli/picocli/4.7.1/picocli-4.7.1.jar:/home/khaoula/.m2/repository/io/github/classgraph/classgraph/4.8.160/classgraph-4.8.160.jar:/home/khaoula/.m2/repository/io/github/t12y/resemble/1.0.2/resemble-1.0.2.jar:/home/khaoula/.m2/repository/io/github/t12y/ssim/1.0.0/ssim-1.0.0.jar:/home/khaoula/.m2/repository/org/junit/jupiter/junit-jupiter-api/5.9.1/junit-jupiter-api-5.9.1.jar:/home/khaoula/.m2/repository/org/opentest4j/opentest4j/1.2.0/opentest4j-1.2.0.jar:/home/khaoula/.m2/repository/org/junit/platform/junit-platform-commons/1.9.1/junit-platform-commons-1.9.1.jar:/home/khaoula/.m2/repository/org/apiguardian/apiguardian-api/1.1.2/apiguardian-api-1.1.2.jar:/home/khaoula/.m2/repository/org/junit/jupiter/junit-jupiter-engine/5.9.1/junit-jupiter-engine-5.9.1.jar:/home/khaoula/.m2/repository/org/junit/platform/junit-platform-engine/1.9.1/junit-platform-engine-1.9.1.jar:/home/khaoula/.m2/repository/org/wiremock/wiremock/3.7.0/wiremock-3.7.0.jar:/home/khaoula/.m2/repository/org/eclipse/jetty/jetty-server/11.0.20/jetty-server-11.0.20.jar:/home/khaoula/.m2/repository/org/eclipse/jetty/jetty-http/11.0.20/jetty-http-11.0.20.jar:/home/khaoula/.m2/repository/org/eclipse/jetty/jetty-io/11.0.20/jetty-io-11.0.20.jar:/home/khaoula/.m2/repository/org/eclipse/jetty/toolchain/jetty-jakarta-servlet-api/5.0.2/jetty-jakarta-servlet-api-5.0.2.jar:/home/khaoula/.m2/repository/org/eclipse/jetty/jetty-servlet/11.0.20/jetty-servlet-11.0.20.jar:/home/khaoula/.m2/repository/org/eclipse/jetty/jetty-security/11.0.20/jetty-security-11.0.20.jar:/home/khaoula/.m2/repository/org/eclipse/jetty/jetty-servlets/11.0.20/jetty-servlets-11.0.20.jar:/home/khaoula/.m2/repository/org/eclipse/jetty/jetty-util/11.0.20/jetty-util-11.0.20.jar:/home/khaoula/.m2/repository/org/eclipse/jetty/jetty-webapp/11.0.20/jetty-webapp-11.0.20.jar:/home/khaoula/.m2/repository/org/eclipse/jetty/jetty-xml/11.0.20/jetty-xml-11.0.20.jar:/home/khaoula/.m2/repository/org/eclipse/jetty/jetty-proxy/11.0.20/jetty-proxy-11.0.20.jar:/home/khaoula/.m2/repository/org/eclipse/jetty/jetty-client/11.0.20/jetty-client-11.0.20.jar:/home/khaoula/.m2/repository/org/eclipse/jetty/http2/http2-server/11.0.20/http2-server-11.0.20.jar:/home/khaoula/.m2/repository/org/eclipse/jetty/http2/http2-common/11.0.20/http2-common-11.0.20.jar:/home/khaoula/.m2/repository/org/eclipse/jetty/http2/http2-hpack/11.0.20/http2-hpack-11.0.20.jar:/home/khaoula/.m2/repository/org/eclipse/jetty/jetty-alpn-server/11.0.20/jetty-alpn-server-11.0.20.jar:/home/khaoula/.m2/repository/org/eclipse/jetty/jetty-alpn-java-server/11.0.20/jetty-alpn-java-server-11.0.20.jar:/home/khaoula/.m2/repository/org/eclipse/jetty/jetty-alpn-java-client/11.0.20/jetty-alpn-java-client-11.0.20.jar:/home/khaoula/.m2/repository/org/eclipse/jetty/jetty-alpn-client/11.0.20/jetty-alpn-client-11.0.20.jar:/home/khaoula/.m2/repository/com/google/guava/guava/33.2.1-jre/guava-33.2.1-jre.jar:/home/khaoula/.m2/repository/com/google/guava/failureaccess/1.0.2/failureaccess-1.0.2.jar:/home/khaoula/.m2/repository/com/google/guava/listenablefuture/9999.0-empty-to-avoid-conflict-with-guava/listenablefuture-9999.0-empty-to-avoid-conflict-with-guava.jar:/home/khaoula/.m2/repository/org/checkerframework/checker-qual/3.42.0/checker-qual-3.42.0.jar:/home/khaoula/.m2/repository/com/google/errorprone/error_prone_annotations/2.26.1/error_prone_annotations-2.26.1.jar:/home/khaoula/.m2/repository/com/google/j2objc/j2objc-annotations/3.0.0/j2objc-annotations-3.0.0.jar:/home/khaoula/.m2/repository/com/fasterxml/jackson/core/jackson-core/2.17.1/jackson-core-2.17.1.jar:/home/khaoula/.m2/repository/com/fasterxml/jackson/core/jackson-annotations/2.17.1/jackson-annotations-2.17.1.jar:/home/khaoula/.m2/repository/com/fasterxml/jackson/core/jackson-databind/2.17.1/jackson-databind-2.17.1.jar:/home/khaoula/.m2/repository/com/fasterxml/jackson/datatype/jackson-datatype-jsr310/2.17.1/jackson-datatype-jsr310-2.17.1.jar:/home/khaoula/.m2/repository/org/apache/httpcomponents/client5/httpclient5/5.3.1/httpclient5-5.3.1.jar:/home/khaoula/.m2/repository/org/apache/httpcomponents/core5/httpcore5/5.2.4/httpcore5-5.2.4.jar:/home/khaoula/.m2/repository/org/apache/httpcomponents/core5/httpcore5-h2/5.2.4/httpcore5-h2-5.2.4.jar:/home/khaoula/.m2/repository/org/xmlunit/xmlunit-core/2.10.0/xmlunit-core-2.10.0.jar:/home/khaoula/.m2/repository/jakarta/xml/bind/jakarta.xml.bind-api/2.3.3/jakarta.xml.bind-api-2.3.3.jar:/home/khaoula/.m2/repository/jakarta/activation/jakarta.activation-api/1.2.2/jakarta.activation-api-1.2.2.jar:/home/khaoula/.m2/repository/org/xmlunit/xmlunit-legacy/2.10.0/xmlunit-legacy-2.10.0.jar:/home/khaoula/.m2/repository/org/xmlunit/xmlunit-placeholders/2.10.0/xmlunit-placeholders-2.10.0.jar:/home/khaoula/.m2/repository/net/javacrumbs/json-unit/json-unit-core/2.38.0/json-unit-core-2.38.0.jar:/home/khaoula/.m2/repository/org/hamcrest/hamcrest-core/2.2/hamcrest-core-2.2.jar:/home/khaoula/.m2/repository/org/hamcrest/hamcrest/2.2/hamcrest-2.2.jar:/home/khaoula/.m2/repository/net/sf/jopt-simple/jopt-simple/5.0.4/jopt-simple-5.0.4.jar:/home/khaoula/.m2/repository/com/github/jknack/handlebars-helpers/4.3.1/handlebars-helpers-4.3.1.jar:/home/khaoula/.m2/repository/commons-fileupload/commons-fileupload/1.5/commons-fileupload-1.5.jar:/home/khaoula/.m2/repository/commons-io/commons-io/2.11.0/commons-io-2.11.0.jar:/home/khaoula/.m2/repository/com/networknt/json-schema-validator/1.4.0/json-schema-validator-1.4.0.jar:/home/khaoula/.m2/repository/com/ethlo/time/itu/1.8.0/itu-1.8.0.jar:/home/khaoula/.m2/repository/com/fasterxml/jackson/dataformat/jackson-dataformat-yaml/2.15.3/jackson-dataformat-yaml-2.15.3.jar:/home/khaoula/.m2/repository/org/slf4j/slf4j-api/1.7.36/slf4j-api-1.7.36.jar:/home/khaoula/.m2/repository/ch/qos/logback/logback-classic/1.2.11/logback-classic-1.2.11.jar:/home/khaoula/.m2/repository/ch/qos/logback/logback-core/1.2.11/logback-core-1.2.11.jar:/home/khaoula/.m2/repository/com/github/jknack/handlebars/4.3.1/handlebars-4.3.1.jar:"/>
    <property name="sun.cpu.endian" value="little"/>
    <property name="user.home" value="/home/khaoula"/>
    <property name="user.language" value="fr"/>
    <property name="java.specification.vendor" value="Oracle Corporation"/>
    <property name="java.version.date" value="2025-04-15"/>
    <property name="java.home" value="/usr/lib/jvm/java-17-openjdk-amd64"/>
    <property name="file.separator" value="/"/>
    <property name="basedir" value="/home/khaoula/karate-api-project"/>
    <property name="java.vm.compressedOopsMode" value="Zero based"/>
    <property name="line.separator" value="&#10;"/>
    <property name="java.specification.name" value="Java Platform API Specification"/>
    <property name="java.vm.specification.vendor" value="Oracle Corporation"/>
    <property name="karate.options" value="classpath:features/images"/>
    <property name="surefire.real.class.path" value="/home/khaoula/karate-api-project/target/surefire/surefirebooter2771766593471705599.jar"/>
    <property name="sun.management.compiler" value="HotSpot 64-Bit Tiered Compilers"/>
    <property name="java.runtime.version" value="17.0.15+6-Ubuntu-0ubuntu122.04"/>
    <property name="user.name" value="khaoula"/>
    <property name="path.separator" value=":"/>
    <property name="os.version" value="6.8.0-60-generic"/>
    <property name="java.runtime.name" value="OpenJDK Runtime Environment"/>
    <property name="file.encoding" value="UTF-8"/>
    <property name="java.vm.name" value="OpenJDK 64-Bit Server VM"/>
    <property name="localRepository" value="/home/khaoula/.m2/repository"/>
    <property name="java.vendor.url.bug" value="https://bugs.launchpad.net/ubuntu/+source/openjdk-17"/>
    <property name="java.io.tmpdir" value="/tmp"/>
    <property name="java.version" value="17.0.15"/>
    <property name="user.dir" value="/home/khaoula/karate-api-project"/>
    <property name="os.arch" value="amd64"/>
    <property name="java.vm.specification.name" value="Java Virtual Machine Specification"/>
    <property name="native.encoding" value="UTF-8"/>
    <property name="java.library.path" value="/usr/java/packages/lib:/usr/lib/x86_64-linux-gnu/jni:/lib/x86_64-linux-gnu:/usr/lib/x86_64-linux-gnu:/usr/lib/jni:/lib:/usr/lib"/>
    <property name="java.vm.info" value="mixed mode, sharing"/>
    <property name="java.vendor" value="Ubuntu"/>
    <property name="java.vm.version" value="17.0.15+6-Ubuntu-0ubuntu122.04"/>
    <property name="java.specification.maintenance.version" value="1"/>
    <property name="sun.io.unicode.encoding" value="UnicodeLittle"/>
    <property name="java.class.version" value="61.0"/>
  </properties>
  <testcase name="testAllFeatures[1][1]" classname="com.exemple.qa.runners.AllKarateTestsRunner" time="1.929"/>
  <testcase name="testAllFeatures[1][2]" classname="com.exemple.qa.runners.AllKarateTestsRunner" time="1.049"/>
  <testcase name="testAllFeatures[2][1]" classname="com.exemple.qa.runners.AllKarateTestsRunner" time="0.28"/>
  <testcase name="testAllFeatures[2][2]" classname="com.exemple.qa.runners.AllKarateTestsRunner" time="0.405"/>
  <testcase name="testAllFeatures[3][1]" classname="com.exemple.qa.runners.AllKarateTestsRunner" time="0.329">
    <failure message="status code was: 400, expected: 201, response time in milliseconds: 20, url: http://localhost:8080/images, response: &#10;{&quot;error&quot;:&quot;Bad Request&quot;,&quot;message&quot;:&quot;Le corps de la requete doit etre multipart/form-data et contenir un fichier.&quot;}&#10;classpath:features/images/uploadImage.feature:12" type="org.opentest4j.AssertionFailedError">org.opentest4j.AssertionFailedError: 
status code was: 400, expected: 201, response time in milliseconds: 20, url: http://localhost:8080/images, response: 
{"error":"Bad Request","message":"Le corps de la requete doit etre multipart/form-data et contenir un fichier."}
classpath:features/images/uploadImage.feature:12
</failure>
    <system-out><![CDATA[15:37:34.503 [main] DEBUG org.apache.http.client.protocol.RequestAddCookies - CookieSpec selected: karate
15:37:34.503 [main] DEBUG org.apache.http.client.protocol.RequestAuthCache - Auth cache not set in the context
15:37:34.503 [main] DEBUG com.intuit.karate - request:
1 > POST http://localhost:8080/images
1 > Host: localhost:8080
1 > Connection: Keep-Alive
1 > User-Agent: Apache-HttpClient/4.5.14 (Java/17.0.15)
1 > Accept-Encoding: gzip,deflate


15:37:34.503 [main] DEBUG org.apache.http.impl.conn.PoolingHttpClientConnectionManager - Connection request: [route: {}->http://localhost:8080][total available: 0; route allocated: 0 of 5; total allocated: 0 of 10]
15:37:34.503 [main] DEBUG org.apache.http.impl.conn.PoolingHttpClientConnectionManager - Connection leased: [id: 4][route: {}->http://localhost:8080][total available: 0; route allocated: 1 of 5; total allocated: 1 of 10]
15:37:34.503 [main] DEBUG org.apache.http.impl.execchain.MainClientExec - Opening connection {}->http://localhost:8080
15:37:34.503 [main] DEBUG org.apache.http.impl.conn.DefaultHttpClientConnectionOperator - Connecting to localhost/127.0.0.1:8080
15:37:34.504 [main] DEBUG org.apache.http.impl.conn.DefaultHttpClientConnectionOperator - Connection established 127.0.0.1:46272<->127.0.0.1:8080
15:37:34.504 [main] DEBUG org.apache.http.impl.conn.DefaultManagedHttpClientConnection - http-outgoing-4: set socket timeout to 30000
15:37:34.504 [main] DEBUG org.apache.http.impl.execchain.MainClientExec - Executing request POST /images HTTP/1.1
15:37:34.504 [main] DEBUG org.apache.http.impl.execchain.MainClientExec - Target auth state: UNCHALLENGED
15:37:34.504 [main] DEBUG org.apache.http.impl.execchain.MainClientExec - Proxy auth state: UNCHALLENGED
15:37:34.504 [qtp464872674-29-acceptor-1@2d66530f-NetworkTrafficServerConnector@6d24ffa1{HTTP/1.1, (http/1.1, h2c)}{0.0.0.0:8080}] DEBUG org.eclipse.jetty.io.ManagedSelector - Queued change lazy=false Accept@394bad33[java.nio.channels.SocketChannel[connected local=/127.0.0.1:8080 remote=/127.0.0.1:46272]] on ManagedSelector@19593091{STARTED} id=1 keys=0 selected=0 updates=0
15:37:34.504 [qtp464872674-29-acceptor-1@2d66530f-NetworkTrafficServerConnector@6d24ffa1{HTTP/1.1, (http/1.1, h2c)}{0.0.0.0:8080}] DEBUG org.eclipse.jetty.io.ManagedSelector - Wakeup on submit ManagedSelector@19593091{STARTED} id=1 keys=0 selected=0 updates=1
15:37:34.504 [main] DEBUG org.apache.http.headers - http-outgoing-4 >> POST /images HTTP/1.1
15:37:34.504 [main] DEBUG org.apache.http.headers - http-outgoing-4 >> Host: localhost:8080
15:37:34.504 [main] DEBUG org.apache.http.headers - http-outgoing-4 >> Connection: Keep-Alive
15:37:34.504 [main] DEBUG org.apache.http.headers - http-outgoing-4 >> User-Agent: Apache-HttpClient/4.5.14 (Java/17.0.15)
15:37:34.504 [main] DEBUG org.apache.http.headers - http-outgoing-4 >> Accept-Encoding: gzip,deflate
15:37:34.504 [qtp464872674-31] DEBUG org.eclipse.jetty.io.ManagedSelector - Selector sun.nio.ch.EPollSelectorImpl@33519026 woken with none selected
15:37:34.504 [main] DEBUG org.apache.http.wire - http-outgoing-4 >> "POST /images HTTP/1.1[\r][\n]"
15:37:34.504 [main] DEBUG org.apache.http.wire - http-outgoing-4 >> "Host: localhost:8080[\r][\n]"
15:37:34.504 [qtp464872674-31] DEBUG org.eclipse.jetty.io.ManagedSelector - Selector sun.nio.ch.EPollSelectorImpl@33519026 woken up from select, 0/0/0 selected
15:37:34.504 [main] DEBUG org.apache.http.wire - http-outgoing-4 >> "Connection: Keep-Alive[\r][\n]"
15:37:34.504 [qtp464872674-31] DEBUG org.eclipse.jetty.io.ManagedSelector - Selector sun.nio.ch.EPollSelectorImpl@33519026 processing 0 keys, 1 updates
15:37:34.504 [main] DEBUG org.apache.http.wire - http-outgoing-4 >> "User-Agent: Apache-HttpClient/4.5.14 (Java/17.0.15)[\r][\n]"
15:37:34.504 [qtp464872674-31] DEBUG org.eclipse.jetty.io.ManagedSelector - updateable 1
15:37:34.504 [main] DEBUG org.apache.http.wire - http-outgoing-4 >> "Accept-Encoding: gzip,deflate[\r][\n]"
15:37:34.504 [main] DEBUG org.apache.http.wire - http-outgoing-4 >> "[\r][\n]"
15:37:34.504 [qtp464872674-31] DEBUG org.eclipse.jetty.io.ManagedSelector - update Accept@394bad33[java.nio.channels.SocketChannel[connected local=/127.0.0.1:8080 remote=/127.0.0.1:46272]]
15:37:34.504 [qtp464872674-31] DEBUG org.eclipse.jetty.util.thread.QueuedThreadPool - queue Accept@394bad33[java.nio.channels.SocketChannel[connected local=/127.0.0.1:8080 remote=/127.0.0.1:46272]] startThread=0
15:37:34.504 [qtp464872674-31] DEBUG org.eclipse.jetty.io.ManagedSelector - updates 0
15:37:34.504 [qtp464872674-31] DEBUG org.eclipse.jetty.io.ManagedSelector - Selector sun.nio.ch.EPollSelectorImpl@33519026 waiting with 1 keys
15:37:34.504 [qtp464872674-26] DEBUG org.eclipse.jetty.util.thread.QueuedThreadPool - run Accept@394bad33[java.nio.channels.SocketChannel[connected local=/127.0.0.1:8080 remote=/127.0.0.1:46272]] in QueuedThreadPool[qtp464872674]@1bb564e2{STARTED,8<=8<=25,i=0,r=-1,t=54773ms,q=0}[ReservedThreadExecutor@70807224{reserved=2/2,pending=0}]
15:37:34.505 [qtp464872674-26] DEBUG org.eclipse.jetty.io.IdleTimeout - Setting idle timeout 0 -> 30000 on NetworkTrafficSocketChannelEndPoint@28767371[{l=/127.0.0.1:8080,r=/127.0.0.1:46272,OPEN,fill=-,flush=-,to=0/30000}{io=0/0,kio=0,kro=0}]->[<null>]
15:37:34.505 [qtp464872674-26] DEBUG org.eclipse.jetty.io.IdleTimeout - NetworkTrafficSocketChannelEndPoint@28767371[{l=/127.0.0.1:8080,r=/127.0.0.1:46272,OPEN,fill=-,flush=-,to=0/30000}{io=0/0,kio=0,kro=0}]->[<null>] idle timeout check, elapsed: 0 ms, remaining: 30000 ms
15:37:34.505 [qtp464872674-26] DEBUG org.eclipse.jetty.server.HttpChannel - new HttpChannelOverHttp@26e17290{s=HttpChannelState@7abea496{s=IDLE rs=BLOCKING os=OPEN is=IDLE awp=false se=false i=true al=0},r=0,c=false/false,a=IDLE,uri=null,age=0} -> NetworkTrafficSocketChannelEndPoint@28767371[{l=/127.0.0.1:8080,r=/127.0.0.1:46272,OPEN,fill=-,flush=-,to=0/30000}{io=0/0,kio=0,kro=0}]->[<null>],null,HttpChannelState@7abea496{s=IDLE rs=BLOCKING os=OPEN is=IDLE awp=false se=false i=true al=0}
15:37:34.505 [qtp464872674-26] DEBUG org.eclipse.jetty.server.HttpConnection - New HTTP Connection HttpConnection@7596195b::NetworkTrafficSocketChannelEndPoint@28767371[{l=/127.0.0.1:8080,r=/127.0.0.1:46272,OPEN,fill=-,flush=-,to=0/30000}{io=0/0,kio=0,kro=0}]->[<null>]
15:37:34.505 [qtp464872674-26] DEBUG org.eclipse.jetty.io.ManagedSelector - Queued change lazy=true org.eclipse.jetty.io.ManagedSelector$$Lambda$659/0x0000737bc058b2b8@6e600163 on ManagedSelector@19593091{STARTED} id=1 keys=1 selected=0 updates=0
15:37:34.505 [qtp464872674-26] DEBUG org.eclipse.jetty.io.AbstractEndPoint - onOpen NetworkTrafficSocketChannelEndPoint@28767371[{l=/127.0.0.1:8080,r=/127.0.0.1:46272,OPEN,fill=-,flush=-,to=0/30000}{io=0/0,kio=0,kro=0}]->[HttpConnection@7596195b[p=HttpParser{s=START,0 of -1},g=HttpGenerator@43b88bcd{s=START}]=>HttpChannelOverHttp@26e17290{s=HttpChannelState@7abea496{s=IDLE rs=BLOCKING os=OPEN is=IDLE awp=false se=false i=true al=0},r=0,c=false/false,a=IDLE,uri=null,age=0}]
15:37:34.505 [qtp464872674-26] DEBUG org.eclipse.jetty.io.AbstractConnection - onOpen HttpConnection@7596195b::NetworkTrafficSocketChannelEndPoint@28767371[{l=/127.0.0.1:8080,r=/127.0.0.1:46272,OPEN,fill=-,flush=-,to=0/30000}{io=0/0,kio=0,kro=0}]->[HttpConnection@7596195b[p=HttpParser{s=START,0 of -1},g=HttpGenerator@43b88bcd{s=START}]=>HttpChannelOverHttp@26e17290{s=HttpChannelState@7abea496{s=IDLE rs=BLOCKING os=OPEN is=IDLE awp=false se=false i=true al=0},r=0,c=false/false,a=IDLE,uri=null,age=0}]
15:37:34.505 [qtp464872674-26] DEBUG org.eclipse.jetty.io.AbstractConnection - fillInterested HttpConnection@7596195b::NetworkTrafficSocketChannelEndPoint@28767371[{l=/127.0.0.1:8080,r=/127.0.0.1:46272,OPEN,fill=-,flush=-,to=0/30000}{io=0/0,kio=0,kro=0}]->[HttpConnection@7596195b[p=HttpParser{s=START,0 of -1},g=HttpGenerator@43b88bcd{s=START}]=>HttpChannelOverHttp@26e17290{s=HttpChannelState@7abea496{s=IDLE rs=BLOCKING os=OPEN is=IDLE awp=false se=false i=true al=0},r=0,c=false/false,a=IDLE,uri=null,age=0}]
15:37:34.505 [qtp464872674-26] DEBUG org.eclipse.jetty.io.FillInterest - interested FillInterest@4c2d1d38{ReadCallback@9b49927{HttpConnection@7596195b::NetworkTrafficSocketChannelEndPoint@28767371[{l=/127.0.0.1:8080,r=/127.0.0.1:46272,OPEN,fill=FI,flush=-,to=0/30000}{io=0/0,kio=0,kro=0}]->[HttpConnection@7596195b[p=HttpParser{s=START,0 of -1},g=HttpGenerator@43b88bcd{s=START}]=>HttpChannelOverHttp@26e17290{s=HttpChannelState@7abea496{s=IDLE rs=BLOCKING os=OPEN is=IDLE awp=false se=false i=true al=0},r=0,c=false/false,a=IDLE,uri=null,age=0}]}}
15:37:34.506 [qtp464872674-26] DEBUG org.eclipse.jetty.io.SelectableChannelEndPoint - changeInterests p=false 0->1 for NetworkTrafficSocketChannelEndPoint@28767371[{l=/127.0.0.1:8080,r=/127.0.0.1:46272,OPEN,fill=FI,flush=-,to=0/30000}{io=0/1,kio=0,kro=0}]->[HttpConnection@7596195b[p=HttpParser{s=START,0 of -1},g=HttpGenerator@43b88bcd{s=START}]=>HttpChannelOverHttp@26e17290{s=HttpChannelState@7abea496{s=IDLE rs=BLOCKING os=OPEN is=IDLE awp=false se=false i=true al=0},r=0,c=false/false,a=IDLE,uri=null,age=0}]
15:37:34.506 [qtp464872674-26] DEBUG org.eclipse.jetty.io.ManagedSelector - Queued change lazy=false org.eclipse.jetty.io.SelectableChannelEndPoint$$Lambda$653/0x0000737bc057b7b0@67b1ea6b on ManagedSelector@19593091{STARTED} id=1 keys=1 selected=0 updates=1
15:37:34.506 [qtp464872674-26] DEBUG org.eclipse.jetty.io.ManagedSelector - Wakeup on submit ManagedSelector@19593091{STARTED} id=1 keys=1 selected=0 updates=2
15:37:34.506 [qtp464872674-26] DEBUG org.eclipse.jetty.io.ManagedSelector - Created NetworkTrafficSocketChannelEndPoint@28767371[{l=/127.0.0.1:8080,r=/127.0.0.1:46272,OPEN,fill=FI,flush=-,to=0/30000}{io=0/1,kio=0,kro=0}]->[HttpConnection@7596195b[p=HttpParser{s=START,0 of -1},g=HttpGenerator@43b88bcd{s=START}]=>HttpChannelOverHttp@26e17290{s=HttpChannelState@7abea496{s=IDLE rs=BLOCKING os=OPEN is=IDLE awp=false se=false i=true al=0},r=0,c=false/false,a=IDLE,uri=null,age=0}]
15:37:34.506 [qtp464872674-31] DEBUG org.eclipse.jetty.io.ManagedSelector - Selector sun.nio.ch.EPollSelectorImpl@33519026 woken with none selected
15:37:34.506 [qtp464872674-26] DEBUG org.eclipse.jetty.util.thread.QueuedThreadPool - ran Accept@394bad33[java.nio.channels.SocketChannel[connected local=/127.0.0.1:8080 remote=/127.0.0.1:46272]] in QueuedThreadPool[qtp464872674]@1bb564e2{STARTED,8<=8<=25,i=0,r=-1,t=54771ms,q=0}[ReservedThreadExecutor@70807224{reserved=2/2,pending=0}]
15:37:34.506 [qtp464872674-31] DEBUG org.eclipse.jetty.io.ManagedSelector - Selector sun.nio.ch.EPollSelectorImpl@33519026 woken up from select, 0/0/1 selected
15:37:34.506 [qtp464872674-26] DEBUG org.eclipse.jetty.util.thread.QueuedThreadPool - Evict skipped, no excess threads QueuedThreadPool[qtp464872674]@1bb564e2{STARTED,8<=8<=25,i=1,r=-1,t=54771ms,q=0}[ReservedThreadExecutor@70807224{reserved=2/2,pending=0}]
15:37:34.506 [qtp464872674-31] DEBUG org.eclipse.jetty.io.ManagedSelector - Selector sun.nio.ch.EPollSelectorImpl@33519026 processing 0 keys, 2 updates
15:37:34.506 [qtp464872674-31] DEBUG org.eclipse.jetty.io.ManagedSelector - updateable 2
15:37:34.506 [qtp464872674-31] DEBUG org.eclipse.jetty.io.ManagedSelector - update org.eclipse.jetty.io.ManagedSelector$$Lambda$659/0x0000737bc058b2b8@6e600163
15:37:34.506 [qtp464872674-31] DEBUG org.eclipse.jetty.io.ManagedSelector - update org.eclipse.jetty.io.SelectableChannelEndPoint$$Lambda$653/0x0000737bc057b7b0@67b1ea6b
15:37:34.506 [qtp464872674-31] DEBUG org.eclipse.jetty.io.SelectableChannelEndPoint - Key interests updated 0 -> 1 on NetworkTrafficSocketChannelEndPoint@28767371[{l=/127.0.0.1:8080,r=/127.0.0.1:46272,OPEN,fill=FI,flush=-,to=0/30000}{io=1/1,kio=1,kro=0}]->[HttpConnection@7596195b[p=HttpParser{s=START,0 of -1},g=HttpGenerator@43b88bcd{s=START}]=>HttpChannelOverHttp@26e17290{s=HttpChannelState@7abea496{s=IDLE rs=BLOCKING os=OPEN is=IDLE awp=false se=false i=true al=0},r=0,c=false/false,a=IDLE,uri=null,age=0}]
15:37:34.506 [qtp464872674-31] DEBUG org.eclipse.jetty.io.ManagedSelector - updates 0
15:37:34.506 [qtp464872674-31] DEBUG org.eclipse.jetty.io.ManagedSelector - Selector sun.nio.ch.EPollSelectorImpl@33519026 waiting with 1 keys
15:37:34.506 [qtp464872674-31] DEBUG org.eclipse.jetty.io.ManagedSelector - Selector sun.nio.ch.EPollSelectorImpl@33519026 woken up from select, 1/1/1 selected
15:37:34.506 [qtp464872674-31] DEBUG org.eclipse.jetty.io.ManagedSelector - Selector sun.nio.ch.EPollSelectorImpl@33519026 processing 1 keys, 0 updates
15:37:34.506 [qtp464872674-31] DEBUG org.eclipse.jetty.io.ManagedSelector - selected 1 channel=java.nio.channels.SocketChannel[connected local=/127.0.0.1:8080 remote=/127.0.0.1:46272], selector=sun.nio.ch.EPollSelectorImpl@33519026, interestOps=1, readyOps=1 NetworkTrafficSocketChannelEndPoint@28767371[{l=/127.0.0.1:8080,r=/127.0.0.1:46272,OPEN,fill=FI,flush=-,to=1/30000}{io=1/1,kio=1,kro=1}]->[HttpConnection@7596195b[p=HttpParser{s=START,0 of -1},g=HttpGenerator@43b88bcd{s=START}]=>HttpChannelOverHttp@26e17290{s=HttpChannelState@7abea496{s=IDLE rs=BLOCKING os=OPEN is=IDLE awp=false se=false i=true al=0},r=0,c=false/false,a=IDLE,uri=null,age=0}] 
15:37:34.507 [qtp464872674-31] DEBUG org.eclipse.jetty.io.SelectableChannelEndPoint - onSelected 1->0 r=true w=false for NetworkTrafficSocketChannelEndPoint@28767371[{l=/127.0.0.1:8080,r=/127.0.0.1:46272,OPEN,fill=FI,flush=-,to=1/30000}{io=1/0,kio=1,kro=1}]->[HttpConnection@7596195b[p=HttpParser{s=START,0 of -1},g=HttpGenerator@43b88bcd{s=START}]=>HttpChannelOverHttp@26e17290{s=HttpChannelState@7abea496{s=IDLE rs=BLOCKING os=OPEN is=IDLE awp=false se=false i=true al=0},r=0,c=false/false,a=IDLE,uri=null,age=0}]
15:37:34.507 [qtp464872674-31] DEBUG org.eclipse.jetty.io.SelectableChannelEndPoint - task NetworkTrafficSocketChannelEndPoint@28767371[{l=/127.0.0.1:8080,r=/127.0.0.1:46272,OPEN,fill=FI,flush=-,to=1/30000}{io=1/0,kio=1,kro=1}]->[HttpConnection@7596195b[p=HttpParser{s=START,0 of -1},g=HttpGenerator@43b88bcd{s=START}]=>HttpChannelOverHttp@26e17290{s=HttpChannelState@7abea496{s=IDLE rs=BLOCKING os=OPEN is=IDLE awp=false se=false i=true al=0},r=0,c=false/false,a=IDLE,uri=null,age=0}]:runFillable:BLOCKING
15:37:34.507 [qtp464872674-31] DEBUG org.eclipse.jetty.util.thread.ReservedThreadExecutor - ReservedThreadExecutor@70807224{reserved=2/2,pending=0} tryExecute AdaptiveExecutionStrategy@847f3e7/SelectorProducer@69cac930/PRODUCING/p=false/QueuedThreadPool[qtp464872674]@1bb564e2{STARTED,8<=8<=25,i=1,r=-1,t=54770ms,q=0}[ReservedThreadExecutor@70807224{reserved=2/2,pending=0}][pc=0,pic=0,pec=1,epc=2]@2025-07-19T15:37:34.507732514+01:00
15:37:34.508 [qtp464872674-31] DEBUG org.eclipse.jetty.util.thread.strategy.AdaptiveExecutionStrategy - ss=EXECUTE_PRODUCE_CONSUME t=NetworkTrafficSocketChannelEndPoint@28767371[{l=/127.0.0.1:8080,r=/127.0.0.1:46272,OPEN,fill=FI,flush=-,to=2/30000}{io=1/0,kio=1,kro=1}]->[HttpConnection@7596195b[p=HttpParser{s=START,0 of -1},g=HttpGenerator@43b88bcd{s=START}]=>HttpChannelOverHttp@26e17290{s=HttpChannelState@7abea496{s=IDLE rs=BLOCKING os=OPEN is=IDLE awp=false se=false i=true al=0},r=0,c=false/false,a=IDLE,uri=null,age=0}]:runFillable:BLOCKING/BLOCKING AdaptiveExecutionStrategy@847f3e7/SelectorProducer@69cac930/IDLE/p=true/QueuedThreadPool[qtp464872674]@1bb564e2{STARTED,8<=8<=25,i=1,r=-1,t=54769ms,q=0}[ReservedThreadExecutor@70807224{reserved=1/2,pending=0}][pc=0,pic=0,pec=1,epc=2]@2025-07-19T15:37:34.509015263+01:00
15:37:34.509 [qtp464872674-31] DEBUG org.eclipse.jetty.io.FillInterest - fillable FillInterest@4c2d1d38{ReadCallback@9b49927{HttpConnection@7596195b::NetworkTrafficSocketChannelEndPoint@28767371[{l=/127.0.0.1:8080,r=/127.0.0.1:46272,OPEN,fill=FI,flush=-,to=3/30000}{io=1/0,kio=1,kro=1}]->[HttpConnection@7596195b[p=HttpParser{s=START,0 of -1},g=HttpGenerator@43b88bcd{s=START}]=>HttpChannelOverHttp@26e17290{s=HttpChannelState@7abea496{s=IDLE rs=BLOCKING os=OPEN is=IDLE awp=false se=false i=true al=0},r=0,c=false/false,a=IDLE,uri=null,age=0}]}}
15:37:34.509 [qtp464872674-31] DEBUG org.eclipse.jetty.server.HttpConnection - HttpConnection@7596195b::NetworkTrafficSocketChannelEndPoint@28767371[{l=/127.0.0.1:8080,r=/127.0.0.1:46272,OPEN,fill=-,flush=-,to=3/30000}{io=1/0,kio=1,kro=1}]->[HttpConnection@7596195b[p=HttpParser{s=START,0 of -1},g=HttpGenerator@43b88bcd{s=START}]=>HttpChannelOverHttp@26e17290{s=HttpChannelState@7abea496{s=IDLE rs=BLOCKING os=OPEN is=IDLE awp=false se=false i=true al=0},r=0,c=false/false,a=IDLE,uri=null,age=0}] onFillable enter HttpChannelState@7abea496{s=IDLE rs=BLOCKING os=OPEN is=IDLE awp=false se=false i=true al=0} null
15:37:34.509 [qtp464872674-31] DEBUG org.eclipse.jetty.io.SocketChannelEndPoint - filled 155 DirectByteBuffer@7fb0f97[p=0,l=155,c=8192,r=155]={<<<POST /images HTTP/1.1\r\nHo...oding: gzip,deflate\r\n\r\n>>>ing: gzip...\x00\x00\x00\x00\x00\x00\x00}
15:37:34.509 [qtp464872674-27] DEBUG org.eclipse.jetty.util.thread.ReservedThreadExecutor - ReservedThread@4fed7ab2{RESERVED,thread=Thread[qtp464872674-27,5,main]} task=AdaptiveExecutionStrategy@847f3e7/SelectorProducer@69cac930/IDLE/p=true/QueuedThreadPool[qtp464872674]@1bb564e2{STARTED,8<=8<=25,i=1,r=-1,t=54768ms,q=0}[ReservedThreadExecutor@70807224{reserved=1/2,pending=0}][pc=0,pic=0,pec=1,epc=3]@2025-07-19T15:37:34.509850479+01:00 ReservedThreadExecutor@70807224{reserved=1/2,pending=0}
15:37:34.510 [qtp464872674-27] DEBUG org.eclipse.jetty.util.thread.strategy.AdaptiveExecutionStrategy - AdaptiveExecutionStrategy@847f3e7/SelectorProducer@69cac930/IDLE/p=true/QueuedThreadPool[qtp464872674]@1bb564e2{STARTED,8<=8<=25,i=1,r=-1,t=54768ms,q=0}[ReservedThreadExecutor@70807224{reserved=1/2,pending=0}][pc=0,pic=0,pec=1,epc=3]@2025-07-19T15:37:34.510157942+01:00 tryProduce true
15:37:34.509 [qtp464872674-31] DEBUG org.eclipse.jetty.server.HttpConnection - HttpConnection@7596195b::NetworkTrafficSocketChannelEndPoint@28767371[{l=/127.0.0.1:8080,r=/127.0.0.1:46272,OPEN,fill=-,flush=-,to=0/30000}{io=1/0,kio=1,kro=1}]->[HttpConnection@7596195b[p=HttpParser{s=START,0 of -1},g=HttpGenerator@43b88bcd{s=START}]=>HttpChannelOverHttp@26e17290{s=HttpChannelState@7abea496{s=IDLE rs=BLOCKING os=OPEN is=IDLE awp=false se=false i=true al=0},r=0,c=false/false,a=IDLE,uri=null,age=0}] filled 155 RetainableByteBuffer@2fcc58f2{DirectByteBuffer@7fb0f97[p=0,l=155,c=8192,r=155]={<<<POST /images HTTP/1.1\r\nHo...oding: gzip,deflate\r\n\r\n>>>ing: gzip...\x00\x00\x00\x00\x00\x00\x00},r=1}
15:37:34.510 [qtp464872674-27] DEBUG org.eclipse.jetty.io.ManagedSelector - updateable 0
15:37:34.510 [qtp464872674-27] DEBUG org.eclipse.jetty.io.ManagedSelector - updates 0
15:37:34.510 [qtp464872674-27] DEBUG org.eclipse.jetty.io.SelectableChannelEndPoint - Key interests updated 1 -> 0 on NetworkTrafficSocketChannelEndPoint@28767371[{l=/127.0.0.1:8080,r=/127.0.0.1:46272,OPEN,fill=-,flush=-,to=0/30000}{io=0/0,kio=0,kro=1}]->[HttpConnection@7596195b[p=HttpParser{s=START,0 of -1},g=HttpGenerator@43b88bcd{s=START}]=>HttpChannelOverHttp@26e17290{s=HttpChannelState@7abea496{s=IDLE rs=BLOCKING os=OPEN is=IDLE awp=false se=false i=true al=0},r=0,c=false/false,a=IDLE,uri=null,age=0}]
15:37:34.510 [qtp464872674-31] DEBUG org.eclipse.jetty.server.HttpConnection - HttpConnection@7596195b::NetworkTrafficSocketChannelEndPoint@28767371[{l=/127.0.0.1:8080,r=/127.0.0.1:46272,OPEN,fill=-,flush=-,to=0/30000}{io=0/0,kio=0,kro=1}]->[HttpConnection@7596195b[p=HttpParser{s=START,0 of -1},g=HttpGenerator@43b88bcd{s=START}]=>HttpChannelOverHttp@26e17290{s=HttpChannelState@7abea496{s=IDLE rs=BLOCKING os=OPEN is=IDLE awp=false se=false i=true al=0},r=0,c=false/false,a=IDLE,uri=null,age=0}] parse RetainableByteBuffer@2fcc58f2{DirectByteBuffer@7fb0f97[p=0,l=155,c=8192,r=155]={<<<POST /images HTTP/1.1\r\nHo...oding: gzip,deflate\r\n\r\n>>>ing: gzip...\x00\x00\x00\x00\x00\x00\x00},r=1}
15:37:34.510 [qtp464872674-27] DEBUG org.eclipse.jetty.io.ManagedSelector - Selector sun.nio.ch.EPollSelectorImpl@33519026 waiting with 1 keys
15:37:34.510 [qtp464872674-31] DEBUG org.eclipse.jetty.http.HttpParser - parseNext s=START DirectByteBuffer@7fb0f97[p=0,l=155,c=8192,r=155]={<<<POST /images HTTP/1.1\r\nHo...oding: gzip,deflate\r\n\r\n>>>ing: gzip...\x00\x00\x00\x00\x00\x00\x00}
15:37:34.510 [qtp464872674-31] DEBUG org.eclipse.jetty.http.HttpParser - START --> SPACE1
15:37:34.510 [qtp464872674-31] DEBUG org.eclipse.jetty.http.HttpParser - SPACE1 --> URI
15:37:34.510 [qtp464872674-31] DEBUG org.eclipse.jetty.http.HttpParser - URI --> SPACE2
15:37:34.510 [qtp464872674-31] DEBUG org.eclipse.jetty.http.HttpParser - SPACE2 --> REQUEST_VERSION
15:37:34.510 [qtp464872674-31] DEBUG org.eclipse.jetty.http.HttpParser - REQUEST_VERSION --> HEADER
15:37:34.510 [qtp464872674-31] DEBUG org.eclipse.jetty.http.HttpParser - HEADER:Host --> VALUE
15:37:34.510 [qtp464872674-31] DEBUG org.eclipse.jetty.http.HttpParser - HEADER:Host --> IN_VALUE
15:37:34.510 [qtp464872674-31] DEBUG org.eclipse.jetty.http.HttpParser - HEADER:Host --> FIELD
15:37:34.511 [qtp464872674-31] DEBUG org.eclipse.jetty.http.HttpParser - parsedHeader(Host: localhost:8080) header=Host, headerString=[Host], valueString=[localhost:8080]
15:37:34.511 [qtp464872674-31] DEBUG org.eclipse.jetty.http.HttpParser - HEADER:Connection: keep-alive --> IN_VALUE
15:37:34.511 [qtp464872674-31] DEBUG org.eclipse.jetty.http.HttpParser - HEADER:Connection: keep-alive --> FIELD
15:37:34.511 [qtp464872674-31] DEBUG org.eclipse.jetty.http.HttpParser - parsedHeader(Connection: keep-alive) header=Connection, headerString=[Connection], valueString=[keep-alive]
15:37:34.511 [qtp464872674-31] DEBUG org.eclipse.jetty.http.HttpParser - HEADER:User-Agent --> VALUE
15:37:34.511 [qtp464872674-31] DEBUG org.eclipse.jetty.http.HttpParser - HEADER:User-Agent --> IN_VALUE
15:37:34.511 [qtp464872674-31] DEBUG org.eclipse.jetty.http.HttpParser - HEADER:User-Agent --> FIELD
15:37:34.511 [qtp464872674-31] DEBUG org.eclipse.jetty.http.HttpParser - parsedHeader(User-Agent: Apache-HttpClient/4.5.14 (Java/17.0.15)) header=User-Agent, headerString=[User-Agent], valueString=[Apache-HttpClient/4.5.14 (Java/17.0.15)]
15:37:34.511 [qtp464872674-31] DEBUG org.eclipse.jetty.http.HttpParser - HEADER:Accept-Encoding --> IN_VALUE
15:37:34.511 [qtp464872674-31] DEBUG org.eclipse.jetty.http.HttpParser - HEADER:Accept-Encoding --> FIELD
15:37:34.511 [qtp464872674-31] DEBUG org.eclipse.jetty.http.HttpParser - parsedHeader(Accept-Encoding: gzip,deflate) header=Accept-Encoding, headerString=[Accept-Encoding], valueString=[gzip,deflate]
15:37:34.511 [qtp464872674-31] DEBUG org.eclipse.jetty.http.HttpParser - HEADER --> CONTENT
15:37:34.511 [qtp464872674-31] DEBUG org.eclipse.jetty.server.HttpInput - reopen HttpInput@905074656 cs=HttpChannelState@7abea496{s=IDLE rs=BLOCKING os=OPEN is=IDLE awp=false se=false i=true al=0} cp=org.eclipse.jetty.server.BlockingContentProducer@3f52bcd6 eof=false
15:37:34.511 [qtp464872674-31] DEBUG org.eclipse.jetty.server.BlockingContentProducer - reopening org.eclipse.jetty.server.BlockingContentProducer@3f52bcd6
15:37:34.511 [qtp464872674-31] DEBUG org.eclipse.jetty.server.AsyncContentProducer - reopening AsyncContentProducer@9f2a37a[r=null,t=null,i=null,error=false,c=HttpChannelOverHttp@26e17290{s=HttpChannelState@7abea496{s=IDLE rs=BLOCKING os=OPEN is=IDLE awp=false se=false i=true al=0},r=1,c=false/false,a=IDLE,uri=null,age=0}]
15:37:34.511 [qtp464872674-31] DEBUG org.eclipse.jetty.server.HttpChannel - REQUEST for /images on HttpChannelOverHttp@26e17290{s=HttpChannelState@7abea496{s=IDLE rs=BLOCKING os=OPEN is=IDLE awp=false se=false i=true al=0},r=1,c=false/false,a=IDLE,uri=http://localhost:8080/images,age=0}
POST /images HTTP/1.1
Host: localhost:8080
Connection: keep-alive
User-Agent: Apache-HttpClient/4.5.14 (Java/17.0.15)
Accept-Encoding: gzip,deflate


15:37:34.511 [qtp464872674-31] DEBUG org.eclipse.jetty.server.HttpConnection - HttpConnection@7596195b::NetworkTrafficSocketChannelEndPoint@28767371[{l=/127.0.0.1:8080,r=/127.0.0.1:46272,OPEN,fill=-,flush=-,to=2/30000}{io=0/0,kio=0,kro=1}]->[HttpConnection@7596195b[p=HttpParser{s=CONTENT,0 of -1},g=HttpGenerator@43b88bcd{s=START}]=>HttpChannelOverHttp@26e17290{s=HttpChannelState@7abea496{s=IDLE rs=BLOCKING os=OPEN is=IDLE awp=false se=false i=true al=0},r=1,c=false/false,a=IDLE,uri=http://localhost:8080/images,age=1}] parsed true HttpParser{s=CONTENT,0 of -1}
15:37:34.512 [qtp464872674-31] DEBUG org.eclipse.jetty.server.HttpConnection - releaseRequestBuffer HttpConnection@7596195b::NetworkTrafficSocketChannelEndPoint@28767371[{l=/127.0.0.1:8080,r=/127.0.0.1:46272,OPEN,fill=-,flush=-,to=2/30000}{io=0/0,kio=0,kro=1}]->[HttpConnection@7596195b[p=HttpParser{s=CONTENT,0 of -1},g=HttpGenerator@43b88bcd{s=START}]=>HttpChannelOverHttp@26e17290{s=HttpChannelState@7abea496{s=IDLE rs=BLOCKING os=OPEN is=IDLE awp=false se=false i=true al=0},r=1,c=false/false,a=IDLE,uri=http://localhost:8080/images,age=1}]
15:37:34.512 [qtp464872674-31] DEBUG org.eclipse.jetty.server.HttpChannel - handle http://localhost:8080/images HttpChannelOverHttp@26e17290{s=HttpChannelState@7abea496{s=IDLE rs=BLOCKING os=OPEN is=IDLE awp=false se=false i=true al=0},r=1,c=false/false,a=IDLE,uri=http://localhost:8080/images,age=1} 
15:37:34.512 [qtp464872674-31] DEBUG org.eclipse.jetty.server.HttpChannelState - handling HttpChannelState@7abea496{s=IDLE rs=BLOCKING os=OPEN is=IDLE awp=false se=false i=true al=0}
15:37:34.512 [qtp464872674-31] DEBUG org.eclipse.jetty.server.HttpChannel - action DISPATCH HttpChannelOverHttp@26e17290{s=HttpChannelState@7abea496{s=HANDLING rs=BLOCKING os=OPEN is=IDLE awp=false se=false i=true al=0},r=1,c=false/false,a=HANDLING,uri=http://localhost:8080/images,age=1}
15:37:34.512 [qtp464872674-31] DEBUG org.eclipse.jetty.server.Server - REQUEST POST /images ?null on HttpChannelOverHttp@26e17290{s=HttpChannelState@7abea496{s=HANDLING rs=BLOCKING os=OPEN is=IDLE awp=false se=false i=true al=0},r=1,c=false/false,a=HANDLING,uri=http://localhost:8080/images,age=1}
15:37:34.512 [qtp464872674-31] DEBUG org.eclipse.jetty.server.handler.ContextHandler - scope null||/images @ o.e.j.s.ServletContextHandler@180e6ac4{/__admin,null,AVAILABLE}
15:37:34.512 [qtp464872674-31] DEBUG org.eclipse.jetty.server.handler.gzip.GzipHandler - GzipHandler@2f2bf0e2{STARTED,min=32,inflate=-1} handle Request(POST http://localhost:8080/images)@5528adb6 in null
15:37:34.512 [qtp464872674-31] DEBUG org.eclipse.jetty.server.handler.ContextHandler - scope null||/images @ o.e.j.s.ServletContextHandler@2552f2cb{/,null,AVAILABLE}
15:37:34.512 [qtp464872674-31] DEBUG org.eclipse.jetty.server.handler.ContextHandler - context=||/images @ o.e.j.s.ServletContextHandler@2552f2cb{/,null,AVAILABLE}
15:37:34.512 [qtp464872674-31] DEBUG org.eclipse.jetty.servlet.ServletHandler - servlet |/images|null|ServletPathMapping{matchValue=, pattern=/, servletName=com.github.tomakehurst.wiremock.servlet.WireMockHandlerDispatchingServlet-46e8a539, mappingMatch=DEFAULT, servletPath=/images, pathInfo=null} -> com.github.tomakehurst.wiremock.servlet.WireMockHandlerDispatchingServlet-46e8a539==com.github.tomakehurst.wiremock.servlet.WireMockHandlerDispatchingServlet@5053131d{jsp=null,order=1,inst=true,async=true,src=EMBEDDED:null,STARTED}
15:37:34.513 [qtp464872674-31] DEBUG org.eclipse.jetty.servlet.ServletHandler - ServletHandler@5f3b9c57{STARTED} cached filter chain for REQUEST: ChainEnd@72c2ada4(com.github.tomakehurst.wiremock.servlet.WireMockHandlerDispatchingServlet-46e8a539==com.github.tomakehurst.wiremock.servlet.WireMockHandlerDispatchingServlet@5053131d{jsp=null,order=1,inst=true,async=true,src=EMBEDDED:null,STARTED})
15:37:34.513 [qtp464872674-31] DEBUG org.eclipse.jetty.servlet.ServletHandler - chain=ChainEnd@72c2ada4(com.github.tomakehurst.wiremock.servlet.WireMockHandlerDispatchingServlet-46e8a539==com.github.tomakehurst.wiremock.servlet.WireMockHandlerDispatchingServlet@5053131d{jsp=null,order=1,inst=true,async=true,src=EMBEDDED:null,STARTED})
15:37:34.513 [qtp464872674-31] DEBUG org.eclipse.jetty.server.AsyncContentProducer - checkMinDataRate [m=0,t=-9223372036854775808] AsyncContentProducer@9f2a37a[r=null,t=null,i=null,error=false,c=HttpChannelOverHttp@26e17290{s=HttpChannelState@7abea496{s=HANDLING rs=BLOCKING os=OPEN is=IDLE awp=false se=false i=true al=0},r=1,c=false/false,a=HANDLING,uri=http://localhost:8080/images,age=2}]
15:37:34.513 [qtp464872674-31] DEBUG org.eclipse.jetty.server.AsyncContentProducer - nextTransformedContent AsyncContentProducer@9f2a37a[r=null,t=null,i=null,error=false,c=HttpChannelOverHttp@26e17290{s=HttpChannelState@7abea496{s=HANDLING rs=BLOCKING os=OPEN is=IDLE awp=false se=false i=true al=0},r=1,c=false/false,a=HANDLING,uri=http://localhost:8080/images,age=2}]
15:37:34.513 [qtp464872674-31] DEBUG org.eclipse.jetty.server.AsyncContentProducer - producing new raw content AsyncContentProducer@9f2a37a[r=null,t=null,i=null,error=false,c=HttpChannelOverHttp@26e17290{s=HttpChannelState@7abea496{s=HANDLING rs=BLOCKING os=OPEN is=IDLE awp=false se=false i=true al=0},r=1,c=false/false,a=HANDLING,uri=http://localhost:8080/images,age=2}]
15:37:34.513 [qtp464872674-31] DEBUG org.eclipse.jetty.server.HttpChannelOverHttp - produceContent has no content, parsing and filling
15:37:34.513 [qtp464872674-31] DEBUG org.eclipse.jetty.server.HttpConnection - HttpConnection@7596195b::NetworkTrafficSocketChannelEndPoint@28767371[{l=/127.0.0.1:8080,r=/127.0.0.1:46272,OPEN,fill=-,flush=-,to=4/30000}{io=0/0,kio=0,kro=1}]->[HttpConnection@7596195b[p=HttpParser{s=CONTENT,0 of -1},g=HttpGenerator@43b88bcd{s=START}]=>HttpChannelOverHttp@26e17290{s=HttpChannelState@7abea496{s=HANDLING rs=BLOCKING os=OPEN is=IDLE awp=false se=false i=true al=0},r=1,c=false/false,a=HANDLING,uri=http://localhost:8080/images,age=3}] parse null
15:37:34.514 [qtp464872674-31] DEBUG org.eclipse.jetty.http.HttpParser - parseNext s=CONTENT HeapByteBuffer@303ac8fb[p=0,l=0,c=0,r=0]={<<<>>>}
15:37:34.514 [qtp464872674-31] DEBUG org.eclipse.jetty.http.HttpParser - CONTENT --> CONTENT_END
15:37:34.514 [qtp464872674-31] DEBUG org.eclipse.jetty.server.HttpChannel - onContentComplete HttpChannelOverHttp@26e17290{s=HttpChannelState@7abea496{s=HANDLING rs=BLOCKING os=OPEN is=IDLE awp=false se=false i=true al=0},r=1,c=false/false,a=HANDLING,uri=http://localhost:8080/images,age=3}
15:37:34.514 [qtp464872674-31] DEBUG org.eclipse.jetty.http.HttpParser - CONTENT_END --> END
15:37:34.514 [qtp464872674-31] DEBUG org.eclipse.jetty.server.HttpChannel - onRequestComplete HttpChannelOverHttp@26e17290{s=HttpChannelState@7abea496{s=HANDLING rs=BLOCKING os=OPEN is=IDLE awp=false se=false i=true al=0},r=1,c=false/false,a=HANDLING,uri=http://localhost:8080/images,age=3}
15:37:34.514 [qtp464872674-31] DEBUG org.eclipse.jetty.server.HttpChannelOverHttp - received EOF, content = null
15:37:34.514 [qtp464872674-31] DEBUG org.eclipse.jetty.server.HttpConnection - HttpConnection@7596195b::NetworkTrafficSocketChannelEndPoint@28767371[{l=/127.0.0.1:8080,r=/127.0.0.1:46272,OPEN,fill=-,flush=-,to=4/30000}{io=0/0,kio=0,kro=1}]->[HttpConnection@7596195b[p=HttpParser{s=END,0 of -1},g=HttpGenerator@43b88bcd{s=START}]=>HttpChannelOverHttp@26e17290{s=HttpChannelState@7abea496{s=HANDLING rs=BLOCKING os=OPEN is=IDLE awp=false se=false i=true al=0},r=1,c=false/false,a=HANDLING,uri=http://localhost:8080/images,age=3}] parsed false HttpParser{s=END,0 of -1}
15:37:34.514 [qtp464872674-31] DEBUG org.eclipse.jetty.server.HttpChannelOverHttp - produceContent produced EofContent
15:37:34.514 [qtp464872674-31] DEBUG org.eclipse.jetty.server.AsyncContentProducer - produceRawContent updated rawContentArrived to 0 and firstByteTimeStamp to 10800737601416 AsyncContentProducer@9f2a37a[r=null,t=null,i=null,error=false,c=HttpChannelOverHttp@26e17290{s=HttpChannelState@7abea496{s=HANDLING rs=BLOCKING os=OPEN is=IDLE awp=false se=false i=true al=0},r=1,c=false/false,a=HANDLING,uri=http://localhost:8080/images,age=3}]
15:37:34.514 [qtp464872674-31] DEBUG org.eclipse.jetty.server.AsyncContentProducer - produceRawContent produced EofContent AsyncContentProducer@9f2a37a[r=null,t=null,i=null,error=false,c=HttpChannelOverHttp@26e17290{s=HttpChannelState@7abea496{s=HANDLING rs=BLOCKING os=OPEN is=IDLE awp=false se=false i=true al=0},r=1,c=false/false,a=HANDLING,uri=http://localhost:8080/images,age=3}]
15:37:34.514 [qtp464872674-31] DEBUG org.eclipse.jetty.server.AsyncContentProducer - transforming raw content AsyncContentProducer@9f2a37a[r=EofContent,t=null,i=null,error=false,c=HttpChannelOverHttp@26e17290{s=HttpChannelState@7abea496{s=HANDLING rs=BLOCKING os=OPEN is=IDLE awp=false se=false i=true al=0},r=1,c=false/false,a=HANDLING,uri=http://localhost:8080/images,age=3}]
15:37:34.514 [qtp464872674-31] DEBUG org.eclipse.jetty.server.AsyncContentProducer - no interceptor, transformed content is raw content AsyncContentProducer@9f2a37a[r=EofContent,t=null,i=null,error=false,c=HttpChannelOverHttp@26e17290{s=HttpChannelState@7abea496{s=HANDLING rs=BLOCKING os=OPEN is=IDLE awp=false se=false i=true al=0},r=1,c=false/false,a=HANDLING,uri=http://localhost:8080/images,age=3}]
15:37:34.514 [qtp464872674-31] DEBUG org.eclipse.jetty.server.AsyncContentProducer - transformed content not yet depleted, returning it AsyncContentProducer@9f2a37a[r=EofContent,t=EofContent,i=null,error=false,c=HttpChannelOverHttp@26e17290{s=HttpChannelState@7abea496{s=HANDLING rs=BLOCKING os=OPEN is=IDLE awp=false se=false i=true al=0},r=1,c=false/false,a=HANDLING,uri=http://localhost:8080/images,age=3}]
15:37:34.514 [qtp464872674-31] DEBUG org.eclipse.jetty.server.AsyncContentProducer - nextContent = EofContent AsyncContentProducer@9f2a37a[r=EofContent,t=EofContent,i=null,error=false,c=HttpChannelOverHttp@26e17290{s=HttpChannelState@7abea496{s=HANDLING rs=BLOCKING os=OPEN is=IDLE awp=false se=false i=true al=0},r=1,c=false/false,a=HANDLING,uri=http://localhost:8080/images,age=3}]
15:37:34.514 [qtp464872674-31] DEBUG org.eclipse.jetty.server.HttpChannelState - onReadIdle HttpChannelState@7abea496{s=HANDLING rs=BLOCKING os=OPEN is=IDLE awp=false se=false i=true al=0}
15:37:34.514 [qtp464872674-31] DEBUG org.eclipse.jetty.server.BlockingContentProducer - nextContent async producer returned EofContent
15:37:34.514 [qtp464872674-31] DEBUG org.eclipse.jetty.server.HttpInput - read error=null HttpInput@905074656 cs=HttpChannelState@7abea496{s=HANDLING rs=BLOCKING os=OPEN is=IDLE awp=false se=false i=true al=0} cp=org.eclipse.jetty.server.BlockingContentProducer@3f52bcd6 eof=false
15:37:34.514 [qtp464872674-31] DEBUG org.eclipse.jetty.server.HttpInput - read at EOF, setting consumed EOF to true HttpInput@905074656 cs=HttpChannelState@7abea496{s=HANDLING rs=BLOCKING os=OPEN is=IDLE awp=false se=false i=true al=0} cp=org.eclipse.jetty.server.BlockingContentProducer@3f52bcd6 eof=false
15:37:34.515 [qtp464872674-31] DEBUG org.eclipse.jetty.server.BlockingContentProducer - onContentProducible releasing semaphore LockedSemaphore permits=0 unready=false
15:37:34.521 [qtp464872674-31] DEBUG org.eclipse.jetty.server.HttpOutput - write(array HeapByteBuffer@25528a55[p=0,l=112,c=112,r=112]={<<<{"error":"Bad Request","m... contenir un fichier."}>>>})
15:37:34.521 [qtp464872674-31] DEBUG org.eclipse.jetty.server.HttpOutput - write(array) s=OPEN,api=BLOCKING,sc=false,e=null aggregated !flush DirectByteBuffer@361a6c76[p=0,l=112,c=32768,r=112]={<<<{"error":"Bad Request","m... contenir un fichier."}>>>ransfer-E...\x00\x00\x00\x00\x00\x00\x00}
15:37:34.521 [qtp464872674-31] DEBUG org.eclipse.jetty.server.handler.gzip.GzipHttpOutputInterceptor - org.eclipse.jetty.server.handler.gzip.GzipHttpOutputInterceptor@64cc23da exclude by status 400
15:37:34.521 [qtp464872674-31] DEBUG org.eclipse.jetty.server.HttpChannel - sendResponse info=null content=DirectByteBuffer@361a6c76[p=0,l=112,c=32768,r=112]={<<<{"error":"Bad Request","m... contenir un fichier."}>>>ransfer-E...\x00\x00\x00\x00\x00\x00\x00} complete=false committing=true callback=Blocker@2bb3c632{null}
15:37:34.522 [qtp464872674-31] DEBUG org.eclipse.jetty.server.HttpChannel - COMMIT for /images on HttpChannelOverHttp@26e17290{s=HttpChannelState@7abea496{s=HANDLING rs=BLOCKING os=COMMITTED is=IDLE awp=false se=false i=true al=0},r=1,c=false/false,a=HANDLING,uri=http://localhost:8080/images,age=11}
400 null HTTP/1.1
Content-Type: application/json
Matched-Stub-Id: abeea1be-b430-4fbf-9460-c849ea6b125a


15:37:34.522 [qtp464872674-31] DEBUG org.eclipse.jetty.server.HttpConnection - generate: NEED_HEADER for SendCallback@2726dd94[PROCESSING][i=HTTP/1.1{s=400,h=2,cl=-1},cb=org.eclipse.jetty.server.HttpChannel$SendCallback@1697eb07] (null,[p=0,l=112,c=32768,r=112],false)@START
15:37:34.522 [qtp464872674-31] DEBUG org.eclipse.jetty.http.HttpGenerator - generateHeaders HTTP/1.1{s=400,h=2,cl=-1} last=false content=DirectByteBuffer@361a6c76[p=0,l=112,c=32768,r=112]={<<<{"error":"Bad Request","m... contenir un fichier."}>>>ransfer-E...\x00\x00\x00\x00\x00\x00\x00}
15:37:34.522 [qtp464872674-31] DEBUG org.eclipse.jetty.http.HttpGenerator - Content-Type: application/json
Matched-Stub-Id: abeea1be-b430-4fbf-9460-c849ea6b125a


15:37:34.522 [qtp464872674-31] DEBUG org.eclipse.jetty.http.HttpGenerator - CHUNKED_CONTENT
15:37:34.522 [qtp464872674-31] DEBUG org.eclipse.jetty.server.HttpConnection - generate: FLUSH for SendCallback@2726dd94[PROCESSING][i=HTTP/1.1{s=400,h=2,cl=-1},cb=org.eclipse.jetty.server.HttpChannel$SendCallback@1697eb07] ([p=0,l=147,c=32768,r=147],[p=0,l=112,c=32768,r=112],false)@COMMITTED
15:37:34.522 [qtp464872674-31] DEBUG org.eclipse.jetty.io.WriteFlusher - write: WriteFlusher@13c0c8fc{IDLE}->null [DirectByteBuffer@69561e06[p=0,l=147,c=32768,r=147]={<<<HTTP/1.1 400 Bad Request\r...coding: chunked\r\n\r\n70\r\n>>>\x00\x00\x00\x00\x00\x00\x00\x00\x00...\x00\x00\x00\x00\x00\x00\x00},DirectByteBuffer@361a6c76[p=0,l=112,c=32768,r=112]={<<<{"error":"Bad Request","m... contenir un fichier."}>>>ransfer-E...\x00\x00\x00\x00\x00\x00\x00}]
15:37:34.522 [qtp464872674-31] DEBUG org.eclipse.jetty.io.WriteFlusher - update WriteFlusher@13c0c8fc{WRITING}->null:IDLE-->WRITING
15:37:34.522 [qtp464872674-31] DEBUG org.eclipse.jetty.io.SocketChannelEndPoint - flushed 147 NetworkTrafficSocketChannelEndPoint@28767371[{l=/127.0.0.1:8080,r=/127.0.0.1:46272,OPEN,fill=-,flush=W,to=12/30000}{io=0/0,kio=0,kro=1}]->[HttpConnection@7596195b[p=HttpParser{s=END,0 of -1},g=HttpGenerator@43b88bcd{s=COMMITTED}]=>HttpChannelOverHttp@26e17290{s=HttpChannelState@7abea496{s=HANDLING rs=BLOCKING os=COMMITTED is=IDLE awp=false se=false i=true al=0},r=1,c=false/false,a=HANDLING,uri=http://localhost:8080/images,age=11}]
15:37:34.522 [main] DEBUG org.apache.http.wire - http-outgoing-4 << "HTTP/1.1 400 Bad Request[\r][\n]"
15:37:34.522 [main] DEBUG org.apache.http.wire - http-outgoing-4 << "Content-Type: application/json[\r][\n]"
15:37:34.522 [main] DEBUG org.apache.http.wire - http-outgoing-4 << "Matched-Stub-Id: abeea1be-b430-4fbf-9460-c849ea6b125a[\r][\n]"
15:37:34.522 [main] DEBUG org.apache.http.wire - http-outgoing-4 << "Transfer-Encoding: chunked[\r][\n]"
15:37:34.522 [main] DEBUG org.apache.http.wire - http-outgoing-4 << "[\r][\n]"
15:37:34.522 [main] DEBUG org.apache.http.wire - http-outgoing-4 << "70[\r][\n]"
15:37:34.522 [qtp464872674-31] DEBUG org.eclipse.jetty.io.SocketChannelEndPoint - flushed 112 NetworkTrafficSocketChannelEndPoint@28767371[{l=/127.0.0.1:8080,r=/127.0.0.1:46272,OPEN,fill=-,flush=W,to=0/30000}{io=0/0,kio=0,kro=1}]->[HttpConnection@7596195b[p=HttpParser{s=END,0 of -1},g=HttpGenerator@43b88bcd{s=COMMITTED}]=>HttpChannelOverHttp@26e17290{s=HttpChannelState@7abea496{s=HANDLING rs=BLOCKING os=COMMITTED is=IDLE awp=false se=false i=true al=0},r=1,c=false/false,a=HANDLING,uri=http://localhost:8080/images,age=11}]
15:37:34.522 [qtp464872674-31] DEBUG org.eclipse.jetty.io.WriteFlusher - Flushed=true written=259 remaining=0 WriteFlusher@13c0c8fc{WRITING}->null
15:37:34.522 [qtp464872674-31] DEBUG org.eclipse.jetty.io.WriteFlusher - update WriteFlusher@13c0c8fc{IDLE}->null:WRITING-->IDLE
15:37:34.522 [qtp464872674-31] DEBUG org.eclipse.jetty.server.HttpConnection - generate: DONE for SendCallback@2726dd94[PROCESSING][i=HTTP/1.1{s=400,h=2,cl=-1},cb=org.eclipse.jetty.server.HttpChannel$SendCallback@1697eb07] ([p=147,l=147,c=32768,r=0],[p=112,l=112,c=32768,r=0],false)@COMMITTED
15:37:34.523 [main] DEBUG org.apache.http.headers - http-outgoing-4 << HTTP/1.1 400 Bad Request
15:37:34.523 [qtp464872674-31] DEBUG org.eclipse.jetty.server.HttpOutput - onWriteComplete(false,null) s=OPEN,api=BLOCKED,sc=false,e=null->s=OPEN,api=BLOCKING,sc=false,e=null c=null cb=null w=false
15:37:34.523 [main] DEBUG org.apache.http.headers - http-outgoing-4 << Content-Type: application/json
15:37:34.523 [main] DEBUG org.apache.http.headers - http-outgoing-4 << Matched-Stub-Id: abeea1be-b430-4fbf-9460-c849ea6b125a
15:37:34.523 [qtp464872674-31] DEBUG org.eclipse.jetty.server.HttpOutput - close() s=CLOSING,api=BLOCKED,sc=false,e=null c=HeapByteBuffer@303ac8fb[p=0,l=0,c=0,r=0]={<<<>>>} b=Blocker@2bb3c632{null}
15:37:34.523 [main] DEBUG org.apache.http.headers - http-outgoing-4 << Transfer-Encoding: chunked
15:37:34.523 [qtp464872674-31] DEBUG org.eclipse.jetty.server.HttpChannel - sendResponse info=null content=HeapByteBuffer@303ac8fb[p=0,l=0,c=0,r=0]={<<<>>>} complete=true committing=false callback=Blocker@2bb3c632{null}
15:37:34.523 [qtp464872674-31] DEBUG org.eclipse.jetty.server.HttpConnection - generate: CONTINUE for SendCallback@2726dd94[PROCESSING][i=null,cb=org.eclipse.jetty.server.HttpChannel$SendCallback@26f70ee0] (null,[p=0,l=0,c=0,r=0],true)@COMPLETING
15:37:34.523 [qtp464872674-31] DEBUG org.eclipse.jetty.server.HttpConnection - generate: NEED_CHUNK for SendCallback@2726dd94[PROCESSING][i=null,cb=org.eclipse.jetty.server.HttpChannel$SendCallback@26f70ee0] (null,[p=0,l=0,c=0,r=0],true)@COMPLETING
15:37:34.523 [qtp464872674-31] DEBUG org.eclipse.jetty.server.HttpConnection - generate: FLUSH for SendCallback@2726dd94[PROCESSING][i=null,cb=org.eclipse.jetty.server.HttpChannel$SendCallback@26f70ee0] (null,[p=0,l=0,c=0,r=0],true)@COMPLETING
15:37:34.523 [qtp464872674-31] DEBUG org.eclipse.jetty.io.WriteFlusher - write: WriteFlusher@13c0c8fc{IDLE}->null [DirectByteBuffer@471d979c[p=0,l=7,c=16,r=7]={<<<\r\n0\r\n\r\n>>>\x00\x00\x00\x00\x00\x00\x00\x00\x00}]
15:37:34.523 [main] DEBUG org.apache.http.impl.execchain.MainClientExec - Connection can be kept alive indefinitely
15:37:34.523 [qtp464872674-31] DEBUG org.eclipse.jetty.io.WriteFlusher - update WriteFlusher@13c0c8fc{WRITING}->null:IDLE-->WRITING
15:37:34.523 [qtp464872674-31] DEBUG org.eclipse.jetty.io.SocketChannelEndPoint - flushed 7 NetworkTrafficSocketChannelEndPoint@28767371[{l=/127.0.0.1:8080,r=/127.0.0.1:46272,OPEN,fill=-,flush=W,to=0/30000}{io=0/0,kio=0,kro=1}]->[HttpConnection@7596195b[p=HttpParser{s=END,0 of -1},g=HttpGenerator@43b88bcd{s=COMPLETING}]=>HttpChannelOverHttp@26e17290{s=HttpChannelState@7abea496{s=HANDLING rs=BLOCKING os=COMMITTED is=IDLE awp=false se=false i=true al=0},r=1,c=false/false,a=HANDLING,uri=http://localhost:8080/images,age=12}]
15:37:34.523 [qtp464872674-31] DEBUG org.eclipse.jetty.io.WriteFlusher - Flushed=true written=7 remaining=0 WriteFlusher@13c0c8fc{WRITING}->null
15:37:34.523 [qtp464872674-31] DEBUG org.eclipse.jetty.io.WriteFlusher - update WriteFlusher@13c0c8fc{IDLE}->null:WRITING-->IDLE
15:37:34.523 [qtp464872674-31] DEBUG org.eclipse.jetty.server.HttpConnection - generate: DONE for SendCallback@2726dd94[PROCESSING][i=null,cb=org.eclipse.jetty.server.HttpChannel$SendCallback@26f70ee0] (null,[p=0,l=0,c=0,r=0],true)@END
15:37:34.523 [main] DEBUG org.apache.http.wire - http-outgoing-4 << "{"error":"Bad Request","message":"Le corps de la requete doit etre multipart/form-data et contenir un fichier."}[\r][\n]"
15:37:34.523 [main] DEBUG org.apache.http.wire - http-outgoing-4 << "0[\r][\n]"
15:37:34.523 [main] DEBUG org.apache.http.wire - http-outgoing-4 << "[\r][\n]"
15:37:34.523 [qtp464872674-31] DEBUG org.eclipse.jetty.server.HttpOutput - onWriteComplete(true,null) s=CLOSING,api=BLOCKED,sc=false,e=null->s=CLOSED,api=BLOCKING,sc=false,e=null c=null cb=null w=false
15:37:34.523 [main] DEBUG org.apache.http.impl.conn.PoolingHttpClientConnectionManager - Connection [id: 4][route: {}->http://localhost:8080] can be kept alive indefinitely
15:37:34.523 [main] DEBUG org.apache.http.impl.conn.DefaultManagedHttpClientConnection - http-outgoing-4: set socket timeout to 0
15:37:34.523 [qtp464872674-31] DEBUG org.eclipse.jetty.server.Server - handled=true async=false committed=true on HttpChannelOverHttp@26e17290{s=HttpChannelState@7abea496{s=HANDLING rs=BLOCKING os=COMPLETED is=IDLE awp=false se=false i=true al=0},r=1,c=false/true,a=HANDLING,uri=http://localhost:8080/images,age=12}
15:37:34.523 [qtp464872674-31] DEBUG org.eclipse.jetty.server.HttpChannelState - unhandle HttpChannelState@7abea496{s=HANDLING rs=BLOCKING os=COMPLETED is=IDLE awp=false se=false i=true al=0}
15:37:34.523 [main] DEBUG org.apache.http.impl.conn.PoolingHttpClientConnectionManager - Connection released: [id: 4][route: {}->http://localhost:8080][total available: 1; route allocated: 1 of 5; total allocated: 1 of 10]
15:37:34.523 [qtp464872674-31] DEBUG org.eclipse.jetty.server.HttpChannelState - nextAction(false) COMPLETE HttpChannelState@7abea496{s=HANDLING rs=COMPLETING os=COMPLETED is=IDLE awp=false se=false i=false al=0}
15:37:34.523 [main] DEBUG org.apache.http.impl.conn.PoolingHttpClientConnectionManager - Connection manager is shutting down
15:37:34.523 [qtp464872674-31] DEBUG org.eclipse.jetty.server.HttpChannel - action COMPLETE HttpChannelOverHttp@26e17290{s=HttpChannelState@7abea496{s=HANDLING rs=COMPLETING os=COMPLETED is=IDLE awp=false se=false i=false al=0},r=1,c=false/true,a=HANDLING,uri=http://localhost:8080/images,age=12}
15:37:34.523 [main] DEBUG org.apache.http.impl.conn.DefaultManagedHttpClientConnection - http-outgoing-4: Close connection
15:37:34.523 [qtp464872674-31] DEBUG org.eclipse.jetty.server.HttpOutput - complete(org.eclipse.jetty.util.Callback$3@37acbdd7) s=CLOSED,api=BLOCKING,sc=false,e=null s=true e=null, c=null
15:37:34.523 [qtp464872674-31] DEBUG org.eclipse.jetty.server.HttpChannelState - completed HttpChannelState@7abea496{s=HANDLING rs=COMPLETING os=COMPLETED is=IDLE awp=false se=false i=false al=0}
15:37:34.523 [qtp464872674-31] DEBUG org.eclipse.jetty.server.HttpChannelState - unhandle HttpChannelState@7abea496{s=HANDLING rs=COMPLETED os=COMPLETED is=IDLE awp=false se=false i=false al=0}
15:37:34.523 [qtp464872674-31] DEBUG org.eclipse.jetty.server.HttpChannelState - nextAction(false) TERMINATED HttpChannelState@7abea496{s=IDLE rs=COMPLETED os=COMPLETED is=IDLE awp=false se=false i=false al=0}
15:37:34.523 [qtp464872674-31] DEBUG org.eclipse.jetty.server.HttpChannel - action TERMINATED HttpChannelOverHttp@26e17290{s=HttpChannelState@7abea496{s=IDLE rs=COMPLETED os=COMPLETED is=IDLE awp=false se=false i=false al=0},r=1,c=true/true,a=IDLE,uri=http://localhost:8080/images,age=12}
15:37:34.523 [qtp464872674-31] DEBUG org.eclipse.jetty.server.HttpChannel - onCompleted for /images written=112
15:37:34.523 [main] DEBUG org.apache.http.impl.conn.PoolingHttpClientConnectionManager - Connection manager shut down
15:37:34.523 [qtp464872674-31] DEBUG org.eclipse.jetty.server.HttpInput - consumeAll HttpInput@905074656 cs=HttpChannelState@7abea496{s=IDLE rs=COMPLETED os=COMPLETED is=IDLE awp=false se=false i=false al=0} cp=org.eclipse.jetty.server.BlockingContentProducer@3f52bcd6 eof=true
15:37:34.524 [qtp464872674-31] DEBUG org.eclipse.jetty.server.HttpChannelOverHttp - failing all content with org.eclipse.jetty.util.StaticException: Unconsumed content HttpChannelOverHttp@26e17290{s=HttpChannelState@7abea496{s=IDLE rs=COMPLETED os=COMPLETED is=IDLE awp=false se=false i=false al=0},r=1,c=true/true,a=IDLE,uri=http://localhost:8080/images,age=13}
15:37:34.524 [main] DEBUG com.intuit.karate - response time in milliseconds: 20
1 < 400
1 < Content-Type: application/json
1 < Matched-Stub-Id: abeea1be-b430-4fbf-9460-c849ea6b125a
1 < Transfer-Encoding: chunked
{"error":"Bad Request","message":"Le corps de la requete doit etre multipart/form-data et contenir un fichier."}

15:37:34.524 [qtp464872674-31] DEBUG org.eclipse.jetty.server.AsyncContentProducer - failed all content of http channel EOF=true AsyncContentProducer@9f2a37a[r=ErrorContent [org.eclipse.jetty.util.StaticException: Unconsumed content],t=ErrorContent [org.eclipse.jetty.util.StaticException: Unconsumed content],i=null,error=false,c=HttpChannelOverHttp@26e17290{s=HttpChannelState@7abea496{s=IDLE rs=COMPLETED os=COMPLETED is=IDLE awp=false se=false i=false al=0},r=1,c=true/true,a=IDLE,uri=http://localhost:8080/images,age=13}]
15:37:34.524 [qtp464872674-31] DEBUG org.eclipse.jetty.server.HttpInput - isFinished=true HttpInput@905074656 cs=HttpChannelState@7abea496{s=IDLE rs=COMPLETED os=COMPLETED is=IDLE awp=false se=false i=false al=0} cp=org.eclipse.jetty.server.BlockingContentProducer@3f52bcd6 eof=true
15:37:34.524 [qtp464872674-31] DEBUG org.eclipse.jetty.server.AsyncContentProducer - isError = false AsyncContentProducer@9f2a37a[r=ErrorContent [org.eclipse.jetty.util.StaticException: Unconsumed content],t=ErrorContent [org.eclipse.jetty.util.StaticException: Unconsumed content],i=null,error=false,c=HttpChannelOverHttp@26e17290{s=HttpChannelState@7abea496{s=IDLE rs=COMPLETED os=COMPLETED is=IDLE awp=false se=false i=false al=0},r=1,c=true/true,a=IDLE,uri=http://localhost:8080/images,age=13}]
15:37:34.524 [qtp464872674-31] DEBUG org.eclipse.jetty.server.HttpInput - isError=false HttpInput@905074656 cs=HttpChannelState@7abea496{s=IDLE rs=COMPLETED os=COMPLETED is=IDLE awp=false se=false i=false al=0} cp=org.eclipse.jetty.server.BlockingContentProducer@3f52bcd6 eof=true
15:37:34.524 [qtp464872674-31] DEBUG org.eclipse.jetty.server.HttpChannelState - recycle HttpChannelState@7abea496{s=IDLE rs=COMPLETED os=COMPLETED is=IDLE awp=false se=false i=false al=0}
15:37:34.524 [qtp464872674-31] DEBUG org.eclipse.jetty.server.HttpInput - recycle HttpInput@905074656 cs=HttpChannelState@7abea496{s=IDLE rs=BLOCKING os=OPEN is=IDLE awp=false se=false i=true al=0} cp=org.eclipse.jetty.server.BlockingContentProducer@3f52bcd6 eof=true
15:37:34.524 [qtp464872674-31] DEBUG org.eclipse.jetty.server.BlockingContentProducer - recycling org.eclipse.jetty.server.BlockingContentProducer@3f52bcd6
15:37:34.524 [qtp464872674-31] DEBUG org.eclipse.jetty.server.AsyncContentProducer - recycling AsyncContentProducer@9f2a37a[r=ErrorContent [org.eclipse.jetty.util.StaticException: Unconsumed content],t=ErrorContent [org.eclipse.jetty.util.StaticException: Unconsumed content],i=null,error=false,c=HttpChannelOverHttp@26e17290{s=HttpChannelState@7abea496{s=IDLE rs=BLOCKING os=OPEN is=IDLE awp=false se=false i=true al=0},r=1,c=false/false,a=IDLE,uri=http://localhost:8080/images,age=13}]
15:37:34.524 [qtp464872674-31] DEBUG org.eclipse.jetty.http.HttpParser - reset HttpParser{s=END,0 of -1}
15:37:34.524 [qtp464872674-31] DEBUG org.eclipse.jetty.http.HttpParser - END --> START
15:37:34.524 [qtp464872674-31] DEBUG org.eclipse.jetty.server.HttpChannel - !handle TERMINATED HttpChannelOverHttp@26e17290{s=HttpChannelState@7abea496{s=IDLE rs=BLOCKING os=OPEN is=IDLE awp=false se=false i=true al=0},r=1,c=false/false,a=IDLE,uri=null,age=0}
15:37:34.524 [qtp464872674-31] DEBUG org.eclipse.jetty.io.AbstractEndPoint - shutdownInput NetworkTrafficSocketChannelEndPoint@28767371[{l=/127.0.0.1:8080,r=/127.0.0.1:46272,OPEN,fill=-,flush=-,to=1/30000}{io=0/0,kio=0,kro=1}]->[HttpConnection@7596195b[p=HttpParser{s=START,0 of -1},g=HttpGenerator@43b88bcd{s=START}]=>HttpChannelOverHttp@26e17290{s=HttpChannelState@7abea496{s=IDLE rs=BLOCKING os=OPEN is=IDLE awp=false se=false i=true al=0},r=1,c=false/false,a=IDLE,uri=null,age=0}]
15:37:34.524 [qtp464872674-31] DEBUG org.eclipse.jetty.io.SocketChannelEndPoint - filled -1 DirectByteBuffer@7fb0f97[p=0,l=0,c=8192,r=0]={<<<>>>POST /ima...\x00\x00\x00\x00\x00\x00\x00}
15:37:34.524 [qtp464872674-31] DEBUG org.eclipse.jetty.http.HttpParser - atEOF HttpParser{s=START,0 of -1}
15:37:34.524 [qtp464872674-31] DEBUG org.eclipse.jetty.server.HttpConnection - HttpConnection@7596195b::NetworkTrafficSocketChannelEndPoint@28767371[{l=/127.0.0.1:8080,r=/127.0.0.1:46272,ISHUT,fill=-,flush=-,to=1/30000}{io=0/0,kio=0,kro=1}]->[HttpConnection@7596195b[p=HttpParser{s=START,0 of -1},g=HttpGenerator@43b88bcd{s=START}]=>HttpChannelOverHttp@26e17290{s=HttpChannelState@7abea496{s=IDLE rs=BLOCKING os=OPEN is=IDLE awp=false se=false i=true al=0},r=1,c=false/false,a=IDLE,uri=null,age=0}] filled -1 RetainableByteBuffer@2fcc58f2{DirectByteBuffer@7fb0f97[p=0,l=0,c=8192,r=0]={<<<>>>POST /ima...\x00\x00\x00\x00\x00\x00\x00},r=1}
15:37:34.524 [qtp464872674-31] DEBUG org.eclipse.jetty.server.HttpConnection - HttpConnection@7596195b::NetworkTrafficSocketChannelEndPoint@28767371[{l=/127.0.0.1:8080,r=/127.0.0.1:46272,ISHUT,fill=-,flush=-,to=1/30000}{io=0/0,kio=0,kro=1}]->[HttpConnection@7596195b[p=HttpParser{s=START,0 of -1},g=HttpGenerator@43b88bcd{s=START}]=>HttpChannelOverHttp@26e17290{s=HttpChannelState@7abea496{s=IDLE rs=BLOCKING os=OPEN is=IDLE awp=false se=false i=true al=0},r=1,c=false/false,a=IDLE,uri=null,age=0}] parse RetainableByteBuffer@2fcc58f2{DirectByteBuffer@7fb0f97[p=0,l=0,c=8192,r=0]={<<<>>>POST /ima...\x00\x00\x00\x00\x00\x00\x00},r=1}
15:37:34.524 [qtp464872674-31] DEBUG org.eclipse.jetty.http.HttpParser - parseNext s=START DirectByteBuffer@7fb0f97[p=0,l=0,c=8192,r=0]={<<<>>>POST /ima...\x00\x00\x00\x00\x00\x00\x00}
15:37:34.524 [qtp464872674-31] DEBUG org.eclipse.jetty.http.HttpParser - START --> CLOSED
15:37:34.524 [qtp464872674-31] DEBUG org.eclipse.jetty.io.AbstractEndPoint - close NetworkTrafficSocketChannelEndPoint@28767371[{l=/127.0.0.1:8080,r=/127.0.0.1:46272,ISHUT,fill=-,flush=-,to=1/30000}{io=0/0,kio=0,kro=1}]->[HttpConnection@7596195b[p=HttpParser{s=CLOSED,0 of -1},g=HttpGenerator@43b88bcd{s=START}]=>HttpChannelOverHttp@26e17290{s=HttpChannelState@7abea496{s=IDLE rs=BLOCKING os=OPEN is=IDLE awp=false se=false i=true al=0},r=1,c=false/false,a=IDLE,uri=null,age=0}]
15:37:34.525 [qtp464872674-31] DEBUG org.eclipse.jetty.io.AbstractEndPoint - close(null) NetworkTrafficSocketChannelEndPoint@28767371[{l=/127.0.0.1:8080,r=/127.0.0.1:46272,ISHUT,fill=-,flush=-,to=1/30000}{io=0/0,kio=0,kro=1}]->[HttpConnection@7596195b[p=HttpParser{s=CLOSED,0 of -1},g=HttpGenerator@43b88bcd{s=START}]=>HttpChannelOverHttp@26e17290{s=HttpChannelState@7abea496{s=IDLE rs=BLOCKING os=OPEN is=IDLE awp=false se=false i=true al=0},r=1,c=false/false,a=IDLE,uri=null,age=0}]
15:37:34.525 [qtp464872674-31] DEBUG org.eclipse.jetty.io.SelectableChannelEndPoint - doClose NetworkTrafficSocketChannelEndPoint@28767371[{l=/127.0.0.1:8080,r=/127.0.0.1:46272,CLOSED,fill=-,flush=-,to=1/30000}{io=0/0,kio=0,kro=1}]->[HttpConnection@7596195b[p=HttpParser{s=CLOSED,0 of -1},g=HttpGenerator@43b88bcd{s=START}]=>HttpChannelOverHttp@26e17290{s=HttpChannelState@7abea496{s=IDLE rs=BLOCKING os=OPEN is=IDLE awp=false se=false i=true al=0},r=1,c=false/false,a=IDLE,uri=null,age=0}]
15:37:34.525 [qtp464872674-31] DEBUG org.eclipse.jetty.io.FillInterest - onClose FillInterest@4c2d1d38{null}
15:37:34.525 [qtp464872674-31] DEBUG org.eclipse.jetty.io.ManagedSelector - Wakeup ManagedSelector@19593091{STARTED} id=1 keys=1 selected=0 updates=0
15:37:34.525 [qtp464872674-31] DEBUG org.eclipse.jetty.util.thread.QueuedThreadPool - queue org.eclipse.jetty.io.ManagedSelector$DestroyEndPoint@1ecab7f6 startThread=0
15:37:34.525 [qtp464872674-27] DEBUG org.eclipse.jetty.io.ManagedSelector - Selector sun.nio.ch.EPollSelectorImpl@33519026 woken with none selected
15:37:34.525 [qtp464872674-27] DEBUG org.eclipse.jetty.io.ManagedSelector - Selector sun.nio.ch.EPollSelectorImpl@33519026 woken up from select, 0/0/0 selected
15:37:34.525 [qtp464872674-26] DEBUG org.eclipse.jetty.util.thread.QueuedThreadPool - run org.eclipse.jetty.io.ManagedSelector$DestroyEndPoint@1ecab7f6 in QueuedThreadPool[qtp464872674]@1bb564e2{STARTED,8<=8<=25,i=0,r=-1,t=54752ms,q=0}[ReservedThreadExecutor@70807224{reserved=1/2,pending=0}]
15:37:34.525 [qtp464872674-31] DEBUG org.eclipse.jetty.server.HttpConnection - HttpConnection@7596195b::NetworkTrafficSocketChannelEndPoint@28767371[{l=null,r=null,CLOSED,fill=-,flush=-,to=2/30000}{io=0/0,kio=-1,kro=-1}]->[HttpConnection@7596195b[p=HttpParser{s=CLOSED,0 of -1},g=HttpGenerator@43b88bcd{s=START}]=>HttpChannelOverHttp@26e17290{s=HttpChannelState@7abea496{s=IDLE rs=BLOCKING os=OPEN is=IDLE awp=false se=false i=true al=0},r=1,c=false/false,a=IDLE,uri=null,age=0}] parsed false HttpParser{s=CLOSED,0 of -1}
15:37:34.525 [qtp464872674-27] DEBUG org.eclipse.jetty.io.ManagedSelector - Selector sun.nio.ch.EPollSelectorImpl@33519026 processing 0 keys, 0 updates
15:37:34.525 [qtp464872674-27] DEBUG org.eclipse.jetty.io.ManagedSelector - updateable 0
15:37:34.525 [qtp464872674-27] DEBUG org.eclipse.jetty.io.ManagedSelector - updates 0
15:37:34.525 [qtp464872674-27] DEBUG org.eclipse.jetty.io.ManagedSelector - Selector sun.nio.ch.EPollSelectorImpl@33519026 waiting with 0 keys
15:37:34.525 [qtp464872674-31] DEBUG org.eclipse.jetty.server.HttpConnection - releaseRequestBuffer HttpConnection@7596195b::NetworkTrafficSocketChannelEndPoint@28767371[{l=null,r=null,CLOSED,fill=-,flush=-,to=2/30000}{io=0/0,kio=-1,kro=-1}]->[HttpConnection@7596195b[p=HttpParser{s=CLOSED,0 of -1},g=HttpGenerator@43b88bcd{s=START}]=>HttpChannelOverHttp@26e17290{s=HttpChannelState@7abea496{s=IDLE rs=BLOCKING os=OPEN is=IDLE awp=false se=false i=true al=0},r=1,c=false/false,a=IDLE,uri=null,age=0}]
15:37:34.525 [qtp464872674-26] DEBUG org.eclipse.jetty.io.ManagedSelector - Destroyed NetworkTrafficSocketChannelEndPoint@28767371[{l=null,r=null,CLOSED,fill=-,flush=-,to=2/30000}{io=0/0,kio=-1,kro=-1}]->[HttpConnection@7596195b[p=HttpParser{s=CLOSED,0 of -1},g=HttpGenerator@43b88bcd{s=START}]=>HttpChannelOverHttp@26e17290{s=HttpChannelState@7abea496{s=IDLE rs=BLOCKING os=OPEN is=IDLE awp=false se=false i=true al=0},r=1,c=false/false,a=IDLE,uri=null,age=0}]
15:37:34.525 [qtp464872674-31] DEBUG org.eclipse.jetty.io.AbstractEndPoint - shutdownOutput NetworkTrafficSocketChannelEndPoint@28767371[{l=null,r=null,CLOSED,fill=-,flush=-,to=2/30000}{io=0/0,kio=-1,kro=-1}]->[HttpConnection@7596195b[p=HttpParser{s=CLOSED,0 of -1},g=HttpGenerator@43b88bcd{s=START}]=>HttpChannelOverHttp@26e17290{s=HttpChannelState@7abea496{s=IDLE rs=BLOCKING os=OPEN is=IDLE awp=false se=false i=true al=0},r=1,c=false/false,a=IDLE,uri=null,age=0}]
15:37:34.525 [qtp464872674-26] DEBUG org.eclipse.jetty.io.AbstractConnection - onClose HttpConnection@7596195b::NetworkTrafficSocketChannelEndPoint@28767371[{l=null,r=null,CLOSED,fill=-,flush=-,to=2/30000}{io=0/0,kio=-1,kro=-1}]->[HttpConnection@7596195b[p=HttpParser{s=CLOSED,0 of -1},g=HttpGenerator@43b88bcd{s=START}]=>HttpChannelOverHttp@26e17290{s=HttpChannelState@7abea496{s=IDLE rs=BLOCKING os=OPEN is=IDLE awp=false se=false i=true al=0},r=1,c=false/false,a=IDLE,uri=null,age=0}]
15:37:34.526 [qtp464872674-31] DEBUG org.eclipse.jetty.server.HttpConnection - HttpConnection@7596195b::NetworkTrafficSocketChannelEndPoint@28767371[{l=null,r=null,CLOSED,fill=-,flush=-,to=2/30000}{io=0/0,kio=-1,kro=-1}]->[HttpConnection@7596195b[p=HttpParser{s=CLOSED,0 of -1},g=HttpGenerator@43b88bcd{s=START}]=>HttpChannelOverHttp@26e17290{s=HttpChannelState@7abea496{s=IDLE rs=BLOCKING os=OPEN is=IDLE awp=false se=false i=true al=0},r=1,c=false/false,a=IDLE,uri=null,age=0}] onFillable exit HttpChannelState@7abea496{s=IDLE rs=BLOCKING os=OPEN is=IDLE awp=false se=false i=true al=0} null
15:37:34.526 [qtp464872674-31] DEBUG org.eclipse.jetty.util.thread.ReservedThreadExecutor - ReservedThread@7e04473d{RUNNING,thread=Thread[qtp464872674-31,5,main]} was=RUNNING next=RESERVED size=0+2 capacity=2
15:37:34.526 [qtp464872674-26] DEBUG org.eclipse.jetty.util.thread.QueuedThreadPool - ran org.eclipse.jetty.io.ManagedSelector$DestroyEndPoint@1ecab7f6 in QueuedThreadPool[qtp464872674]@1bb564e2{STARTED,8<=8<=25,i=0,r=-1,t=54751ms,q=0}[ReservedThreadExecutor@70807224{reserved=2/2,pending=0}]
15:37:34.526 [qtp464872674-31] DEBUG org.eclipse.jetty.util.thread.ReservedThreadExecutor - ReservedThread@7e04473d{RESERVED,thread=Thread[qtp464872674-31,5,main]} waiting ReservedThreadExecutor@70807224{reserved=2/2,pending=0}
15:37:34.526 [qtp464872674-26] DEBUG org.eclipse.jetty.util.thread.QueuedThreadPool - Evict skipped, no excess threads QueuedThreadPool[qtp464872674]@1bb564e2{STARTED,8<=8<=25,i=1,r=-1,t=54751ms,q=0}[ReservedThreadExecutor@70807224{reserved=2/2,pending=0}]
15:37:34.533 [main] ERROR com.intuit.karate - classpath:features/images/uploadImage.feature:12
Then status 201
status code was: 400, expected: 201, response time in milliseconds: 20, url: http://localhost:8080/images, response: 
{"error":"Bad Request","message":"Le corps de la requete doit etre multipart/form-data et contenir un fichier."}
classpath:features/images/uploadImage.feature:12
]]></system-out>
  </testcase>
  <testcase name="testAllFeatures[3][2]" classname="com.exemple.qa.runners.AllKarateTestsRunner" time="0.301">
    <failure message="status code was: 201, expected: 400, response time in milliseconds: 95, url: http://localhost:8080/images, response: &#10;{&quot;id&quot;:&quot;image-uuid-123&quot;,&quot;url&quot;:&quot;http://localhost:8080/images/image-uuid-123.jpg&quot;}&#10;classpath:features/images/uploadImage.feature:19" type="org.opentest4j.AssertionFailedError">org.opentest4j.AssertionFailedError: 
status code was: 201, expected: 400, response time in milliseconds: 95, url: http://localhost:8080/images, response: 
{"id":"image-uuid-123","url":"http://localhost:8080/images/image-uuid-123.jpg"}
classpath:features/images/uploadImage.feature:19
</failure>
    <system-out><![CDATA[15:37:34.590 [main] DEBUG io.netty.util.internal.logging.InternalLoggerFactory - Using SLF4J as the default logging framework
15:37:34.593 [main] DEBUG io.netty.util.internal.PlatformDependent0 - -Dio.netty.noUnsafe: false
15:37:34.593 [main] DEBUG io.netty.util.internal.PlatformDependent0 - Java version: 17
15:37:34.593 [main] DEBUG io.netty.util.internal.PlatformDependent0 - sun.misc.Unsafe.theUnsafe: available
15:37:34.594 [main] DEBUG io.netty.util.internal.PlatformDependent0 - sun.misc.Unsafe.copyMemory: available
15:37:34.594 [main] DEBUG io.netty.util.internal.PlatformDependent0 - sun.misc.Unsafe.storeFence: available
15:37:34.595 [main] DEBUG io.netty.util.internal.PlatformDependent0 - java.nio.Buffer.address: available
15:37:34.595 [main] DEBUG io.netty.util.internal.PlatformDependent0 - direct buffer constructor: unavailable: Reflective setAccessible(true) disabled
15:37:34.596 [main] DEBUG io.netty.util.internal.PlatformDependent0 - java.nio.Bits.unaligned: available, true
15:37:34.597 [main] DEBUG io.netty.util.internal.PlatformDependent0 - jdk.internal.misc.Unsafe.allocateUninitializedArray(int): unavailable: class io.netty.util.internal.PlatformDependent0$7 cannot access class jdk.internal.misc.Unsafe (in module java.base) because module java.base does not export jdk.internal.misc to unnamed module @7c573cad
15:37:34.598 [main] DEBUG io.netty.util.internal.PlatformDependent0 - java.nio.DirectByteBuffer.<init>(long, {int,long}): unavailable
15:37:34.598 [main] DEBUG io.netty.util.internal.PlatformDependent - sun.misc.Unsafe: available
15:37:34.599 [main] DEBUG io.netty.util.internal.PlatformDependent - maxDirectMemory: 6224347136 bytes (maybe)
15:37:34.599 [main] DEBUG io.netty.util.internal.PlatformDependent - -Dio.netty.tmpdir: /tmp (java.io.tmpdir)
15:37:34.599 [main] DEBUG io.netty.util.internal.PlatformDependent - -Dio.netty.bitMode: 64 (sun.arch.data.model)
15:37:34.600 [main] DEBUG io.netty.util.internal.PlatformDependent - -Dio.netty.maxDirectMemory: -1 bytes
15:37:34.600 [main] DEBUG io.netty.util.internal.PlatformDependent - -Dio.netty.uninitializedArrayAllocationThreshold: -1
15:37:34.601 [main] DEBUG io.netty.util.internal.CleanerJava9 - java.nio.ByteBuffer.cleaner(): available
15:37:34.601 [main] DEBUG io.netty.util.internal.PlatformDependent - -Dio.netty.noPreferDirect: false
15:37:34.623 [main] DEBUG io.netty.util.ResourceLeakDetector - -Dio.netty.leakDetection.level: simple
15:37:34.623 [main] DEBUG io.netty.util.ResourceLeakDetector - -Dio.netty.leakDetection.targetRecords: 4
15:37:34.635 [main] DEBUG io.netty.buffer.AbstractByteBuf - -Dio.netty.buffer.checkAccessible: true
15:37:34.635 [main] DEBUG io.netty.buffer.AbstractByteBuf - -Dio.netty.buffer.checkBounds: true
15:37:34.636 [main] DEBUG io.netty.util.ResourceLeakDetectorFactory - Loaded default ResourceLeakDetector: io.netty.util.ResourceLeakDetector@f237ae7
15:37:34.661 [main] DEBUG io.netty.util.internal.InternalThreadLocalMap - -Dio.netty.threadLocalMap.stringBuilder.initialSize: 1024
15:37:34.661 [main] DEBUG io.netty.util.internal.InternalThreadLocalMap - -Dio.netty.threadLocalMap.stringBuilder.maxSize: 4096
15:37:34.666 [main] DEBUG io.netty.buffer.PooledByteBufAllocator - -Dio.netty.allocator.numHeapArenas: 32
15:37:34.666 [main] DEBUG io.netty.buffer.PooledByteBufAllocator - -Dio.netty.allocator.numDirectArenas: 32
15:37:34.666 [main] DEBUG io.netty.buffer.PooledByteBufAllocator - -Dio.netty.allocator.pageSize: 8192
15:37:34.666 [main] DEBUG io.netty.buffer.PooledByteBufAllocator - -Dio.netty.allocator.maxOrder: 9
15:37:34.666 [main] DEBUG io.netty.buffer.PooledByteBufAllocator - -Dio.netty.allocator.chunkSize: 4194304
15:37:34.666 [main] DEBUG io.netty.buffer.PooledByteBufAllocator - -Dio.netty.allocator.smallCacheSize: 256
15:37:34.666 [main] DEBUG io.netty.buffer.PooledByteBufAllocator - -Dio.netty.allocator.normalCacheSize: 64
15:37:34.666 [main] DEBUG io.netty.buffer.PooledByteBufAllocator - -Dio.netty.allocator.maxCachedBufferCapacity: 32768
15:37:34.666 [main] DEBUG io.netty.buffer.PooledByteBufAllocator - -Dio.netty.allocator.cacheTrimInterval: 8192
15:37:34.666 [main] DEBUG io.netty.buffer.PooledByteBufAllocator - -Dio.netty.allocator.cacheTrimIntervalMillis: 0
15:37:34.666 [main] DEBUG io.netty.buffer.PooledByteBufAllocator - -Dio.netty.allocator.useCacheForAllThreads: false
15:37:34.666 [main] DEBUG io.netty.buffer.PooledByteBufAllocator - -Dio.netty.allocator.maxCachedByteBuffersPerChunk: 1023
15:37:34.690 [main] DEBUG io.netty.buffer.ByteBufUtil - -Dio.netty.allocator.type: pooled
15:37:34.690 [main] DEBUG io.netty.buffer.ByteBufUtil - -Dio.netty.threadLocalDirectBufferSize: 0
15:37:34.690 [main] DEBUG io.netty.buffer.ByteBufUtil - -Dio.netty.maxThreadLocalCharBufferSize: 16384
15:37:34.694 [main] DEBUG com.intuit.karate.http.MultiPartBuilder - multipart: content-disposition: form-data; name="image"; filename=""
content-type: text/plain; charset=UTF-8
content-length: 33
Completed: true
IsInMemory: true
15:37:34.714 [main] DEBUG org.apache.http.client.protocol.RequestAddCookies - CookieSpec selected: karate
15:37:34.714 [main] DEBUG org.apache.http.client.protocol.RequestAuthCache - Auth cache not set in the context
15:37:34.714 [main] DEBUG com.intuit.karate - request:
1 > POST http://localhost:8080/images
1 > Content-Type: multipart/form-data; boundary=168050703cc86486
1 > Content-Length: 186
1 > Host: localhost:8080
1 > Connection: Keep-Alive
1 > User-Agent: Apache-HttpClient/4.5.14 (Java/17.0.15)
1 > Accept-Encoding: gzip,deflate

content-disposition: form-data; name="image"; filename=""
content-type: text/plain; charset=UTF-8
content-length: 33
Completed: true
IsInMemory: true


15:37:34.716 [main] DEBUG org.apache.http.impl.conn.PoolingHttpClientConnectionManager - Connection request: [route: {}->http://localhost:8080][total available: 0; route allocated: 0 of 5; total allocated: 0 of 10]
15:37:34.716 [main] DEBUG org.apache.http.impl.conn.PoolingHttpClientConnectionManager - Connection leased: [id: 5][route: {}->http://localhost:8080][total available: 0; route allocated: 1 of 5; total allocated: 1 of 10]
15:37:34.716 [main] DEBUG org.apache.http.impl.execchain.MainClientExec - Opening connection {}->http://localhost:8080
15:37:34.717 [main] DEBUG org.apache.http.impl.conn.DefaultHttpClientConnectionOperator - Connecting to localhost/127.0.0.1:8080
15:37:34.717 [main] DEBUG org.apache.http.impl.conn.DefaultHttpClientConnectionOperator - Connection established 127.0.0.1:46282<->127.0.0.1:8080
15:37:34.717 [main] DEBUG org.apache.http.impl.conn.DefaultManagedHttpClientConnection - http-outgoing-5: set socket timeout to 30000
15:37:34.718 [main] DEBUG org.apache.http.impl.execchain.MainClientExec - Executing request POST /images HTTP/1.1
15:37:34.717 [qtp464872674-30-acceptor-2@1d207fad-NetworkTrafficServerConnector@6d24ffa1{HTTP/1.1, (http/1.1, h2c)}{0.0.0.0:8080}] DEBUG org.eclipse.jetty.io.ManagedSelector - Queued change lazy=false Accept@2b58c83c[java.nio.channels.SocketChannel[connected local=/127.0.0.1:8080 remote=/127.0.0.1:46282]] on ManagedSelector@264c5d07{STARTED} id=0 keys=0 selected=0 updates=0
15:37:34.718 [main] DEBUG org.apache.http.impl.execchain.MainClientExec - Target auth state: UNCHALLENGED
15:37:34.718 [main] DEBUG org.apache.http.impl.execchain.MainClientExec - Proxy auth state: UNCHALLENGED
15:37:34.718 [qtp464872674-30-acceptor-2@1d207fad-NetworkTrafficServerConnector@6d24ffa1{HTTP/1.1, (http/1.1, h2c)}{0.0.0.0:8080}] DEBUG org.eclipse.jetty.io.ManagedSelector - Wakeup on submit ManagedSelector@264c5d07{STARTED} id=0 keys=0 selected=0 updates=1
15:37:34.718 [qtp464872674-32] DEBUG org.eclipse.jetty.io.ManagedSelector - Selector sun.nio.ch.EPollSelectorImpl@2fc285fd woken with none selected
15:37:34.718 [qtp464872674-32] DEBUG org.eclipse.jetty.io.ManagedSelector - Selector sun.nio.ch.EPollSelectorImpl@2fc285fd woken up from select, 0/0/0 selected
15:37:34.718 [qtp464872674-32] DEBUG org.eclipse.jetty.io.ManagedSelector - Selector sun.nio.ch.EPollSelectorImpl@2fc285fd processing 0 keys, 1 updates
15:37:34.718 [qtp464872674-32] DEBUG org.eclipse.jetty.io.ManagedSelector - updateable 1
15:37:34.718 [main] DEBUG org.apache.http.headers - http-outgoing-5 >> POST /images HTTP/1.1
15:37:34.718 [qtp464872674-32] DEBUG org.eclipse.jetty.io.ManagedSelector - update Accept@2b58c83c[java.nio.channels.SocketChannel[connected local=/127.0.0.1:8080 remote=/127.0.0.1:46282]]
15:37:34.718 [main] DEBUG org.apache.http.headers - http-outgoing-5 >> Content-Type: multipart/form-data; boundary=168050703cc86486
15:37:34.718 [main] DEBUG org.apache.http.headers - http-outgoing-5 >> Content-Length: 186
15:37:34.718 [qtp464872674-32] DEBUG org.eclipse.jetty.util.thread.QueuedThreadPool - queue Accept@2b58c83c[java.nio.channels.SocketChannel[connected local=/127.0.0.1:8080 remote=/127.0.0.1:46282]] startThread=0
15:37:34.718 [qtp464872674-32] DEBUG org.eclipse.jetty.io.ManagedSelector - updates 0
15:37:34.718 [main] DEBUG org.apache.http.headers - http-outgoing-5 >> Host: localhost:8080
15:37:34.719 [main] DEBUG org.apache.http.headers - http-outgoing-5 >> Connection: Keep-Alive
15:37:34.719 [qtp464872674-32] DEBUG org.eclipse.jetty.io.ManagedSelector - Selector sun.nio.ch.EPollSelectorImpl@2fc285fd waiting with 1 keys
15:37:34.719 [main] DEBUG org.apache.http.headers - http-outgoing-5 >> User-Agent: Apache-HttpClient/4.5.14 (Java/17.0.15)
15:37:34.719 [main] DEBUG org.apache.http.headers - http-outgoing-5 >> Accept-Encoding: gzip,deflate
15:37:34.719 [qtp464872674-26] DEBUG org.eclipse.jetty.util.thread.QueuedThreadPool - run Accept@2b58c83c[java.nio.channels.SocketChannel[connected local=/127.0.0.1:8080 remote=/127.0.0.1:46282]] in QueuedThreadPool[qtp464872674]@1bb564e2{STARTED,8<=8<=25,i=0,r=-1,t=54558ms,q=0}[ReservedThreadExecutor@70807224{reserved=2/2,pending=0}]
15:37:34.719 [qtp464872674-26] DEBUG org.eclipse.jetty.io.IdleTimeout - Setting idle timeout 0 -> 30000 on NetworkTrafficSocketChannelEndPoint@6050e3b3[{l=/127.0.0.1:8080,r=/127.0.0.1:46282,OPEN,fill=-,flush=-,to=0/30000}{io=0/0,kio=0,kro=0}]->[<null>]
15:37:34.719 [main] DEBUG org.apache.http.wire - http-outgoing-5 >> "POST /images HTTP/1.1[\r][\n]"
15:37:34.719 [main] DEBUG org.apache.http.wire - http-outgoing-5 >> "Content-Type: multipart/form-data; boundary=168050703cc86486[\r][\n]"
15:37:34.719 [main] DEBUG org.apache.http.wire - http-outgoing-5 >> "Content-Length: 186[\r][\n]"
15:37:34.719 [qtp464872674-26] DEBUG org.eclipse.jetty.io.IdleTimeout - NetworkTrafficSocketChannelEndPoint@6050e3b3[{l=/127.0.0.1:8080,r=/127.0.0.1:46282,OPEN,fill=-,flush=-,to=0/30000}{io=0/0,kio=0,kro=0}]->[<null>] idle timeout check, elapsed: 0 ms, remaining: 30000 ms
15:37:34.719 [main] DEBUG org.apache.http.wire - http-outgoing-5 >> "Host: localhost:8080[\r][\n]"
15:37:34.719 [main] DEBUG org.apache.http.wire - http-outgoing-5 >> "Connection: Keep-Alive[\r][\n]"
15:37:34.719 [main] DEBUG org.apache.http.wire - http-outgoing-5 >> "User-Agent: Apache-HttpClient/4.5.14 (Java/17.0.15)[\r][\n]"
15:37:34.719 [main] DEBUG org.apache.http.wire - http-outgoing-5 >> "Accept-Encoding: gzip,deflate[\r][\n]"
15:37:34.719 [main] DEBUG org.apache.http.wire - http-outgoing-5 >> "[\r][\n]"
15:37:34.719 [main] DEBUG org.apache.http.wire - http-outgoing-5 >> "--168050703cc86486[\r][\n]"
15:37:34.719 [main] DEBUG org.apache.http.wire - http-outgoing-5 >> "content-disposition: form-data; name="image"[\r][\n]"
15:37:34.719 [main] DEBUG org.apache.http.wire - http-outgoing-5 >> "content-length: 33[\r][\n]"
15:37:34.719 [main] DEBUG org.apache.http.wire - http-outgoing-5 >> "content-type: text/plain; charset=UTF-8[\r][\n]"
15:37:34.719 [main] DEBUG org.apache.http.wire - http-outgoing-5 >> "[\r][\n]"
15:37:34.720 [main] DEBUG org.apache.http.wire - http-outgoing-5 >> "Ceci n'est pas un fichier image.[\n]"
15:37:34.720 [main] DEBUG org.apache.http.wire - http-outgoing-5 >> "[\r][\n]"
15:37:34.720 [main] DEBUG org.apache.http.wire - http-outgoing-5 >> "--168050703cc86486--[\r][\n]"
15:37:34.720 [qtp464872674-26] DEBUG org.eclipse.jetty.server.HttpChannel - new HttpChannelOverHttp@4430f65c{s=HttpChannelState@69e0325c{s=IDLE rs=BLOCKING os=OPEN is=IDLE awp=false se=false i=true al=0},r=0,c=false/false,a=IDLE,uri=null,age=0} -> NetworkTrafficSocketChannelEndPoint@6050e3b3[{l=/127.0.0.1:8080,r=/127.0.0.1:46282,OPEN,fill=-,flush=-,to=0/30000}{io=0/0,kio=0,kro=0}]->[<null>],null,HttpChannelState@69e0325c{s=IDLE rs=BLOCKING os=OPEN is=IDLE awp=false se=false i=true al=0}
15:37:34.720 [qtp464872674-26] DEBUG org.eclipse.jetty.server.HttpConnection - New HTTP Connection HttpConnection@1ea6fb9::NetworkTrafficSocketChannelEndPoint@6050e3b3[{l=/127.0.0.1:8080,r=/127.0.0.1:46282,OPEN,fill=-,flush=-,to=1/30000}{io=0/0,kio=0,kro=0}]->[<null>]
15:37:34.720 [qtp464872674-26] DEBUG org.eclipse.jetty.io.ManagedSelector - Queued change lazy=true org.eclipse.jetty.io.ManagedSelector$$Lambda$659/0x0000737bc058b2b8@6640494c on ManagedSelector@264c5d07{STARTED} id=0 keys=1 selected=0 updates=0
15:37:34.720 [qtp464872674-26] DEBUG org.eclipse.jetty.io.AbstractEndPoint - onOpen NetworkTrafficSocketChannelEndPoint@6050e3b3[{l=/127.0.0.1:8080,r=/127.0.0.1:46282,OPEN,fill=-,flush=-,to=1/30000}{io=0/0,kio=0,kro=0}]->[HttpConnection@1ea6fb9[p=HttpParser{s=START,0 of -1},g=HttpGenerator@2581d1ce{s=START}]=>HttpChannelOverHttp@4430f65c{s=HttpChannelState@69e0325c{s=IDLE rs=BLOCKING os=OPEN is=IDLE awp=false se=false i=true al=0},r=0,c=false/false,a=IDLE,uri=null,age=0}]
15:37:34.721 [qtp464872674-26] DEBUG org.eclipse.jetty.io.AbstractConnection - onOpen HttpConnection@1ea6fb9::NetworkTrafficSocketChannelEndPoint@6050e3b3[{l=/127.0.0.1:8080,r=/127.0.0.1:46282,OPEN,fill=-,flush=-,to=1/30000}{io=0/0,kio=0,kro=0}]->[HttpConnection@1ea6fb9[p=HttpParser{s=START,0 of -1},g=HttpGenerator@2581d1ce{s=START}]=>HttpChannelOverHttp@4430f65c{s=HttpChannelState@69e0325c{s=IDLE rs=BLOCKING os=OPEN is=IDLE awp=false se=false i=true al=0},r=0,c=false/false,a=IDLE,uri=null,age=0}]
15:37:34.721 [qtp464872674-26] DEBUG org.eclipse.jetty.io.AbstractConnection - fillInterested HttpConnection@1ea6fb9::NetworkTrafficSocketChannelEndPoint@6050e3b3[{l=/127.0.0.1:8080,r=/127.0.0.1:46282,OPEN,fill=-,flush=-,to=1/30000}{io=0/0,kio=0,kro=0}]->[HttpConnection@1ea6fb9[p=HttpParser{s=START,0 of -1},g=HttpGenerator@2581d1ce{s=START}]=>HttpChannelOverHttp@4430f65c{s=HttpChannelState@69e0325c{s=IDLE rs=BLOCKING os=OPEN is=IDLE awp=false se=false i=true al=0},r=0,c=false/false,a=IDLE,uri=null,age=0}]
15:37:34.721 [qtp464872674-26] DEBUG org.eclipse.jetty.io.FillInterest - interested FillInterest@4d9b75f0{ReadCallback@1fde4c5d{HttpConnection@1ea6fb9::NetworkTrafficSocketChannelEndPoint@6050e3b3[{l=/127.0.0.1:8080,r=/127.0.0.1:46282,OPEN,fill=FI,flush=-,to=0/30000}{io=0/0,kio=0,kro=0}]->[HttpConnection@1ea6fb9[p=HttpParser{s=START,0 of -1},g=HttpGenerator@2581d1ce{s=START}]=>HttpChannelOverHttp@4430f65c{s=HttpChannelState@69e0325c{s=IDLE rs=BLOCKING os=OPEN is=IDLE awp=false se=false i=true al=0},r=0,c=false/false,a=IDLE,uri=null,age=0}]}}
15:37:34.721 [qtp464872674-26] DEBUG org.eclipse.jetty.io.SelectableChannelEndPoint - changeInterests p=false 0->1 for NetworkTrafficSocketChannelEndPoint@6050e3b3[{l=/127.0.0.1:8080,r=/127.0.0.1:46282,OPEN,fill=FI,flush=-,to=0/30000}{io=0/1,kio=0,kro=0}]->[HttpConnection@1ea6fb9[p=HttpParser{s=START,0 of -1},g=HttpGenerator@2581d1ce{s=START}]=>HttpChannelOverHttp@4430f65c{s=HttpChannelState@69e0325c{s=IDLE rs=BLOCKING os=OPEN is=IDLE awp=false se=false i=true al=0},r=0,c=false/false,a=IDLE,uri=null,age=0}]
15:37:34.722 [qtp464872674-26] DEBUG org.eclipse.jetty.io.ManagedSelector - Queued change lazy=false org.eclipse.jetty.io.SelectableChannelEndPoint$$Lambda$653/0x0000737bc057b7b0@7bb07cc3 on ManagedSelector@264c5d07{STARTED} id=0 keys=1 selected=0 updates=1
15:37:34.722 [qtp464872674-26] DEBUG org.eclipse.jetty.io.ManagedSelector - Wakeup on submit ManagedSelector@264c5d07{STARTED} id=0 keys=1 selected=0 updates=2
15:37:34.722 [qtp464872674-32] DEBUG org.eclipse.jetty.io.ManagedSelector - Selector sun.nio.ch.EPollSelectorImpl@2fc285fd woken with none selected
15:37:34.722 [qtp464872674-32] DEBUG org.eclipse.jetty.io.ManagedSelector - Selector sun.nio.ch.EPollSelectorImpl@2fc285fd woken up from select, 0/0/1 selected
15:37:34.722 [qtp464872674-26] DEBUG org.eclipse.jetty.io.ManagedSelector - Created NetworkTrafficSocketChannelEndPoint@6050e3b3[{l=/127.0.0.1:8080,r=/127.0.0.1:46282,OPEN,fill=FI,flush=-,to=0/30000}{io=0/1,kio=0,kro=0}]->[HttpConnection@1ea6fb9[p=HttpParser{s=START,0 of -1},g=HttpGenerator@2581d1ce{s=START}]=>HttpChannelOverHttp@4430f65c{s=HttpChannelState@69e0325c{s=IDLE rs=BLOCKING os=OPEN is=IDLE awp=false se=false i=true al=0},r=0,c=false/false,a=IDLE,uri=null,age=0}]
15:37:34.722 [qtp464872674-32] DEBUG org.eclipse.jetty.io.ManagedSelector - Selector sun.nio.ch.EPollSelectorImpl@2fc285fd processing 0 keys, 2 updates
15:37:34.722 [qtp464872674-32] DEBUG org.eclipse.jetty.io.ManagedSelector - updateable 2
15:37:34.722 [qtp464872674-32] DEBUG org.eclipse.jetty.io.ManagedSelector - update org.eclipse.jetty.io.ManagedSelector$$Lambda$659/0x0000737bc058b2b8@6640494c
15:37:34.722 [qtp464872674-26] DEBUG org.eclipse.jetty.util.thread.QueuedThreadPool - ran Accept@2b58c83c[java.nio.channels.SocketChannel[connected local=/127.0.0.1:8080 remote=/127.0.0.1:46282]] in QueuedThreadPool[qtp464872674]@1bb564e2{STARTED,8<=8<=25,i=0,r=-1,t=54555ms,q=0}[ReservedThreadExecutor@70807224{reserved=2/2,pending=0}]
15:37:34.722 [qtp464872674-32] DEBUG org.eclipse.jetty.io.ManagedSelector - update org.eclipse.jetty.io.SelectableChannelEndPoint$$Lambda$653/0x0000737bc057b7b0@7bb07cc3
15:37:34.722 [qtp464872674-26] DEBUG org.eclipse.jetty.util.thread.QueuedThreadPool - Evict skipped, no excess threads QueuedThreadPool[qtp464872674]@1bb564e2{STARTED,8<=8<=25,i=1,r=-1,t=54555ms,q=0}[ReservedThreadExecutor@70807224{reserved=2/2,pending=0}]
15:37:34.723 [qtp464872674-32] DEBUG org.eclipse.jetty.io.SelectableChannelEndPoint - Key interests updated 0 -> 1 on NetworkTrafficSocketChannelEndPoint@6050e3b3[{l=/127.0.0.1:8080,r=/127.0.0.1:46282,OPEN,fill=FI,flush=-,to=1/30000}{io=1/1,kio=1,kro=0}]->[HttpConnection@1ea6fb9[p=HttpParser{s=START,0 of -1},g=HttpGenerator@2581d1ce{s=START}]=>HttpChannelOverHttp@4430f65c{s=HttpChannelState@69e0325c{s=IDLE rs=BLOCKING os=OPEN is=IDLE awp=false se=false i=true al=0},r=0,c=false/false,a=IDLE,uri=null,age=0}]
15:37:34.723 [qtp464872674-32] DEBUG org.eclipse.jetty.io.ManagedSelector - updates 0
15:37:34.723 [qtp464872674-32] DEBUG org.eclipse.jetty.io.ManagedSelector - Selector sun.nio.ch.EPollSelectorImpl@2fc285fd waiting with 1 keys
15:37:34.723 [qtp464872674-32] DEBUG org.eclipse.jetty.io.ManagedSelector - Selector sun.nio.ch.EPollSelectorImpl@2fc285fd woken up from select, 1/1/1 selected
15:37:34.723 [qtp464872674-32] DEBUG org.eclipse.jetty.io.ManagedSelector - Selector sun.nio.ch.EPollSelectorImpl@2fc285fd processing 1 keys, 0 updates
15:37:34.724 [qtp464872674-32] DEBUG org.eclipse.jetty.io.ManagedSelector - selected 1 channel=java.nio.channels.SocketChannel[connected local=/127.0.0.1:8080 remote=/127.0.0.1:46282], selector=sun.nio.ch.EPollSelectorImpl@2fc285fd, interestOps=1, readyOps=1 NetworkTrafficSocketChannelEndPoint@6050e3b3[{l=/127.0.0.1:8080,r=/127.0.0.1:46282,OPEN,fill=FI,flush=-,to=2/30000}{io=1/1,kio=1,kro=1}]->[HttpConnection@1ea6fb9[p=HttpParser{s=START,0 of -1},g=HttpGenerator@2581d1ce{s=START}]=>HttpChannelOverHttp@4430f65c{s=HttpChannelState@69e0325c{s=IDLE rs=BLOCKING os=OPEN is=IDLE awp=false se=false i=true al=0},r=0,c=false/false,a=IDLE,uri=null,age=0}] 
15:37:34.724 [qtp464872674-32] DEBUG org.eclipse.jetty.io.SelectableChannelEndPoint - onSelected 1->0 r=true w=false for NetworkTrafficSocketChannelEndPoint@6050e3b3[{l=/127.0.0.1:8080,r=/127.0.0.1:46282,OPEN,fill=FI,flush=-,to=3/30000}{io=1/0,kio=1,kro=1}]->[HttpConnection@1ea6fb9[p=HttpParser{s=START,0 of -1},g=HttpGenerator@2581d1ce{s=START}]=>HttpChannelOverHttp@4430f65c{s=HttpChannelState@69e0325c{s=IDLE rs=BLOCKING os=OPEN is=IDLE awp=false se=false i=true al=0},r=0,c=false/false,a=IDLE,uri=null,age=0}]
15:37:34.725 [qtp464872674-32] DEBUG org.eclipse.jetty.io.SelectableChannelEndPoint - task NetworkTrafficSocketChannelEndPoint@6050e3b3[{l=/127.0.0.1:8080,r=/127.0.0.1:46282,OPEN,fill=FI,flush=-,to=4/30000}{io=1/0,kio=1,kro=1}]->[HttpConnection@1ea6fb9[p=HttpParser{s=START,0 of -1},g=HttpGenerator@2581d1ce{s=START}]=>HttpChannelOverHttp@4430f65c{s=HttpChannelState@69e0325c{s=IDLE rs=BLOCKING os=OPEN is=IDLE awp=false se=false i=true al=0},r=0,c=false/false,a=IDLE,uri=null,age=0}]:runFillable:BLOCKING
15:37:34.725 [qtp464872674-32] DEBUG org.eclipse.jetty.util.thread.ReservedThreadExecutor - ReservedThreadExecutor@70807224{reserved=2/2,pending=0} tryExecute AdaptiveExecutionStrategy@6443b128/SelectorProducer@5eeedb60/PRODUCING/p=false/QueuedThreadPool[qtp464872674]@1bb564e2{STARTED,8<=8<=25,i=1,r=-1,t=54552ms,q=0}[ReservedThreadExecutor@70807224{reserved=2/2,pending=0}][pc=0,pic=0,pec=0,epc=3]@2025-07-19T15:37:34.725992446+01:00
15:37:34.726 [qtp464872674-31] DEBUG org.eclipse.jetty.util.thread.ReservedThreadExecutor - ReservedThread@7e04473d{RESERVED,thread=Thread[qtp464872674-31,5,main]} task=AdaptiveExecutionStrategy@6443b128/SelectorProducer@5eeedb60/IDLE/p=true/QueuedThreadPool[qtp464872674]@1bb564e2{STARTED,8<=8<=25,i=1,r=-1,t=54551ms,q=0}[ReservedThreadExecutor@70807224{reserved=1/2,pending=0}][pc=0,pic=0,pec=0,epc=3]@2025-07-19T15:37:34.726658302+01:00 ReservedThreadExecutor@70807224{reserved=1/2,pending=0}
15:37:34.726 [qtp464872674-32] DEBUG org.eclipse.jetty.util.thread.strategy.AdaptiveExecutionStrategy - ss=EXECUTE_PRODUCE_CONSUME t=NetworkTrafficSocketChannelEndPoint@6050e3b3[{l=/127.0.0.1:8080,r=/127.0.0.1:46282,OPEN,fill=FI,flush=-,to=4/30000}{io=1/0,kio=1,kro=1}]->[HttpConnection@1ea6fb9[p=HttpParser{s=START,0 of -1},g=HttpGenerator@2581d1ce{s=START}]=>HttpChannelOverHttp@4430f65c{s=HttpChannelState@69e0325c{s=IDLE rs=BLOCKING os=OPEN is=IDLE awp=false se=false i=true al=0},r=0,c=false/false,a=IDLE,uri=null,age=0}]:runFillable:BLOCKING/BLOCKING AdaptiveExecutionStrategy@6443b128/SelectorProducer@5eeedb60/IDLE/p=true/QueuedThreadPool[qtp464872674]@1bb564e2{STARTED,8<=8<=25,i=1,r=-1,t=54551ms,q=0}[ReservedThreadExecutor@70807224{reserved=1/2,pending=0}][pc=0,pic=0,pec=0,epc=3]@2025-07-19T15:37:34.727172596+01:00
15:37:34.727 [qtp464872674-32] DEBUG org.eclipse.jetty.io.FillInterest - fillable FillInterest@4d9b75f0{ReadCallback@1fde4c5d{HttpConnection@1ea6fb9::NetworkTrafficSocketChannelEndPoint@6050e3b3[{l=/127.0.0.1:8080,r=/127.0.0.1:46282,OPEN,fill=FI,flush=-,to=6/30000}{io=1/0,kio=1,kro=1}]->[HttpConnection@1ea6fb9[p=HttpParser{s=START,0 of -1},g=HttpGenerator@2581d1ce{s=START}]=>HttpChannelOverHttp@4430f65c{s=HttpChannelState@69e0325c{s=IDLE rs=BLOCKING os=OPEN is=IDLE awp=false se=false i=true al=0},r=0,c=false/false,a=IDLE,uri=null,age=0}]}}
15:37:34.727 [qtp464872674-31] DEBUG org.eclipse.jetty.util.thread.strategy.AdaptiveExecutionStrategy - AdaptiveExecutionStrategy@6443b128/SelectorProducer@5eeedb60/IDLE/p=true/QueuedThreadPool[qtp464872674]@1bb564e2{STARTED,8<=8<=25,i=1,r=-1,t=54550ms,q=0}[ReservedThreadExecutor@70807224{reserved=1/2,pending=0}][pc=0,pic=0,pec=0,epc=4]@2025-07-19T15:37:34.727647297+01:00 tryProduce true
15:37:34.727 [qtp464872674-31] DEBUG org.eclipse.jetty.io.ManagedSelector - updateable 0
15:37:34.727 [qtp464872674-31] DEBUG org.eclipse.jetty.io.ManagedSelector - updates 0
15:37:34.727 [qtp464872674-32] DEBUG org.eclipse.jetty.server.HttpConnection - HttpConnection@1ea6fb9::NetworkTrafficSocketChannelEndPoint@6050e3b3[{l=/127.0.0.1:8080,r=/127.0.0.1:46282,OPEN,fill=-,flush=-,to=6/30000}{io=1/0,kio=1,kro=1}]->[HttpConnection@1ea6fb9[p=HttpParser{s=START,0 of -1},g=HttpGenerator@2581d1ce{s=START}]=>HttpChannelOverHttp@4430f65c{s=HttpChannelState@69e0325c{s=IDLE rs=BLOCKING os=OPEN is=IDLE awp=false se=false i=true al=0},r=0,c=false/false,a=IDLE,uri=null,age=0}] onFillable enter HttpChannelState@69e0325c{s=IDLE rs=BLOCKING os=OPEN is=IDLE awp=false se=false i=true al=0} null
15:37:34.728 [qtp464872674-32] DEBUG org.eclipse.jetty.io.SocketChannelEndPoint - filled 424 DirectByteBuffer@7fb0f97[p=0,l=424,c=8192,r=424]={<<<POST /images HTTP/1.1\r\nCo...\n--168050703cc86486--\r\n>>>\x00\x00\x00\x00\x00\x00\x00\x00\x00...\x00\x00\x00\x00\x00\x00\x00}
15:37:34.728 [qtp464872674-31] DEBUG org.eclipse.jetty.io.SelectableChannelEndPoint - Key interests updated 1 -> 0 on NetworkTrafficSocketChannelEndPoint@6050e3b3[{l=/127.0.0.1:8080,r=/127.0.0.1:46282,OPEN,fill=-,flush=-,to=6/30000}{io=0/0,kio=0,kro=1}]->[HttpConnection@1ea6fb9[p=HttpParser{s=START,0 of -1},g=HttpGenerator@2581d1ce{s=START}]=>HttpChannelOverHttp@4430f65c{s=HttpChannelState@69e0325c{s=IDLE rs=BLOCKING os=OPEN is=IDLE awp=false se=false i=true al=0},r=0,c=false/false,a=IDLE,uri=null,age=0}]
15:37:34.728 [qtp464872674-31] DEBUG org.eclipse.jetty.io.ManagedSelector - Selector sun.nio.ch.EPollSelectorImpl@2fc285fd waiting with 1 keys
15:37:34.728 [qtp464872674-32] DEBUG org.eclipse.jetty.server.HttpConnection - HttpConnection@1ea6fb9::NetworkTrafficSocketChannelEndPoint@6050e3b3[{l=/127.0.0.1:8080,r=/127.0.0.1:46282,OPEN,fill=-,flush=-,to=0/30000}{io=0/0,kio=0,kro=1}]->[HttpConnection@1ea6fb9[p=HttpParser{s=START,0 of -1},g=HttpGenerator@2581d1ce{s=START}]=>HttpChannelOverHttp@4430f65c{s=HttpChannelState@69e0325c{s=IDLE rs=BLOCKING os=OPEN is=IDLE awp=false se=false i=true al=0},r=0,c=false/false,a=IDLE,uri=null,age=0}] filled 424 RetainableByteBuffer@2fcc58f2{DirectByteBuffer@7fb0f97[p=0,l=424,c=8192,r=424]={<<<POST /images HTTP/1.1\r\nCo...\n--168050703cc86486--\r\n>>>\x00\x00\x00\x00\x00\x00\x00\x00\x00...\x00\x00\x00\x00\x00\x00\x00},r=1}
15:37:34.728 [qtp464872674-32] DEBUG org.eclipse.jetty.server.HttpConnection - HttpConnection@1ea6fb9::NetworkTrafficSocketChannelEndPoint@6050e3b3[{l=/127.0.0.1:8080,r=/127.0.0.1:46282,OPEN,fill=-,flush=-,to=0/30000}{io=0/0,kio=0,kro=1}]->[HttpConnection@1ea6fb9[p=HttpParser{s=START,0 of -1},g=HttpGenerator@2581d1ce{s=START}]=>HttpChannelOverHttp@4430f65c{s=HttpChannelState@69e0325c{s=IDLE rs=BLOCKING os=OPEN is=IDLE awp=false se=false i=true al=0},r=0,c=false/false,a=IDLE,uri=null,age=0}] parse RetainableByteBuffer@2fcc58f2{DirectByteBuffer@7fb0f97[p=0,l=424,c=8192,r=424]={<<<POST /images HTTP/1.1\r\nCo...\n--168050703cc86486--\r\n>>>\x00\x00\x00\x00\x00\x00\x00\x00\x00...\x00\x00\x00\x00\x00\x00\x00},r=1}
15:37:34.728 [qtp464872674-32] DEBUG org.eclipse.jetty.http.HttpParser - parseNext s=START DirectByteBuffer@7fb0f97[p=0,l=424,c=8192,r=424]={<<<POST /images HTTP/1.1\r\nCo...\n--168050703cc86486--\r\n>>>\x00\x00\x00\x00\x00\x00\x00\x00\x00...\x00\x00\x00\x00\x00\x00\x00}
15:37:34.728 [qtp464872674-32] DEBUG org.eclipse.jetty.http.HttpParser - START --> SPACE1
15:37:34.728 [qtp464872674-32] DEBUG org.eclipse.jetty.http.HttpParser - SPACE1 --> URI
15:37:34.728 [qtp464872674-32] DEBUG org.eclipse.jetty.http.HttpParser - URI --> SPACE2
15:37:34.728 [qtp464872674-32] DEBUG org.eclipse.jetty.http.HttpParser - SPACE2 --> REQUEST_VERSION
15:37:34.728 [qtp464872674-32] DEBUG org.eclipse.jetty.http.HttpParser - REQUEST_VERSION --> HEADER
15:37:34.728 [qtp464872674-32] DEBUG org.eclipse.jetty.http.HttpParser - HEADER:Content-Type --> VALUE
15:37:34.728 [qtp464872674-32] DEBUG org.eclipse.jetty.http.HttpParser - HEADER:Content-Type --> IN_VALUE
15:37:34.728 [qtp464872674-32] DEBUG org.eclipse.jetty.http.HttpParser - HEADER:Content-Type --> FIELD
15:37:34.728 [qtp464872674-32] DEBUG org.eclipse.jetty.http.HttpParser - parsedHeader(null) header=Content-Type, headerString=[Content-Type], valueString=[multipart/form-data; boundary=168050703cc86486]
15:37:34.729 [qtp464872674-32] DEBUG org.eclipse.jetty.http.HttpParser - HEADER:Content-Length --> VALUE
15:37:34.729 [qtp464872674-32] DEBUG org.eclipse.jetty.http.HttpParser - HEADER:Content-Length --> IN_VALUE
15:37:34.729 [qtp464872674-32] DEBUG org.eclipse.jetty.http.HttpParser - HEADER:Content-Length --> FIELD
15:37:34.729 [qtp464872674-32] DEBUG org.eclipse.jetty.http.HttpParser - parsedHeader(null) header=Content-Length, headerString=[Content-Length], valueString=[186]
15:37:34.729 [qtp464872674-32] DEBUG org.eclipse.jetty.http.HttpParser - HEADER:Host --> VALUE
15:37:34.729 [qtp464872674-32] DEBUG org.eclipse.jetty.http.HttpParser - HEADER:Host --> IN_VALUE
15:37:34.729 [qtp464872674-32] DEBUG org.eclipse.jetty.http.HttpParser - HEADER:Host --> FIELD
15:37:34.729 [qtp464872674-32] DEBUG org.eclipse.jetty.http.HttpParser - parsedHeader(Host: localhost:8080) header=Host, headerString=[Host], valueString=[localhost:8080]
15:37:34.729 [qtp464872674-32] DEBUG org.eclipse.jetty.http.HttpParser - HEADER:Connection: keep-alive --> IN_VALUE
15:37:34.729 [qtp464872674-32] DEBUG org.eclipse.jetty.http.HttpParser - HEADER:Connection: keep-alive --> FIELD
15:37:34.729 [qtp464872674-32] DEBUG org.eclipse.jetty.http.HttpParser - parsedHeader(Connection: keep-alive) header=Connection, headerString=[Connection], valueString=[keep-alive]
15:37:34.729 [qtp464872674-32] DEBUG org.eclipse.jetty.http.HttpParser - HEADER:User-Agent --> VALUE
15:37:34.729 [qtp464872674-32] DEBUG org.eclipse.jetty.http.HttpParser - HEADER:User-Agent --> IN_VALUE
15:37:34.729 [qtp464872674-32] DEBUG org.eclipse.jetty.http.HttpParser - HEADER:User-Agent --> FIELD
15:37:34.729 [qtp464872674-32] DEBUG org.eclipse.jetty.http.HttpParser - parsedHeader(User-Agent: Apache-HttpClient/4.5.14 (Java/17.0.15)) header=User-Agent, headerString=[User-Agent], valueString=[Apache-HttpClient/4.5.14 (Java/17.0.15)]
15:37:34.729 [qtp464872674-32] DEBUG org.eclipse.jetty.http.HttpParser - HEADER:Accept-Encoding --> IN_VALUE
15:37:34.729 [qtp464872674-32] DEBUG org.eclipse.jetty.http.HttpParser - HEADER:Accept-Encoding --> FIELD
15:37:34.729 [qtp464872674-32] DEBUG org.eclipse.jetty.http.HttpParser - parsedHeader(Accept-Encoding: gzip,deflate) header=Accept-Encoding, headerString=[Accept-Encoding], valueString=[gzip,deflate]
15:37:34.729 [qtp464872674-32] DEBUG org.eclipse.jetty.http.HttpParser - HEADER --> CONTENT
15:37:34.729 [qtp464872674-32] DEBUG org.eclipse.jetty.server.HttpInput - reopen HttpInput@1794487414 cs=HttpChannelState@69e0325c{s=IDLE rs=BLOCKING os=OPEN is=IDLE awp=false se=false i=true al=0} cp=org.eclipse.jetty.server.BlockingContentProducer@a458a3c eof=false
15:37:34.729 [qtp464872674-32] DEBUG org.eclipse.jetty.server.BlockingContentProducer - reopening org.eclipse.jetty.server.BlockingContentProducer@a458a3c
15:37:34.729 [qtp464872674-32] DEBUG org.eclipse.jetty.server.AsyncContentProducer - reopening AsyncContentProducer@4b86b9a0[r=null,t=null,i=null,error=false,c=HttpChannelOverHttp@4430f65c{s=HttpChannelState@69e0325c{s=IDLE rs=BLOCKING os=OPEN is=IDLE awp=false se=false i=true al=0},r=1,c=false/false,a=IDLE,uri=null,age=0}]
15:37:34.729 [qtp464872674-32] DEBUG org.eclipse.jetty.server.HttpChannel - REQUEST for /images on HttpChannelOverHttp@4430f65c{s=HttpChannelState@69e0325c{s=IDLE rs=BLOCKING os=OPEN is=IDLE awp=false se=false i=true al=0},r=1,c=false/false,a=IDLE,uri=http://localhost:8080/images,age=0}
POST /images HTTP/1.1
Content-Type: multipart/form-data; boundary=168050703cc86486
Content-Length: 186
Host: localhost:8080
Connection: keep-alive
User-Agent: Apache-HttpClient/4.5.14 (Java/17.0.15)
Accept-Encoding: gzip,deflate


15:37:34.730 [qtp464872674-32] DEBUG org.eclipse.jetty.server.HttpConnection - HttpConnection@1ea6fb9::NetworkTrafficSocketChannelEndPoint@6050e3b3[{l=/127.0.0.1:8080,r=/127.0.0.1:46282,OPEN,fill=-,flush=-,to=1/30000}{io=0/0,kio=0,kro=1}]->[HttpConnection@1ea6fb9[p=HttpParser{s=CONTENT,0 of 186},g=HttpGenerator@2581d1ce{s=START}]=>HttpChannelOverHttp@4430f65c{s=HttpChannelState@69e0325c{s=IDLE rs=BLOCKING os=OPEN is=IDLE awp=false se=false i=true al=0},r=1,c=false/false,a=IDLE,uri=http://localhost:8080/images,age=1}] parsed true HttpParser{s=CONTENT,0 of 186}
15:37:34.730 [qtp464872674-32] DEBUG org.eclipse.jetty.server.HttpChannel - handle http://localhost:8080/images HttpChannelOverHttp@4430f65c{s=HttpChannelState@69e0325c{s=IDLE rs=BLOCKING os=OPEN is=IDLE awp=false se=false i=true al=0},r=1,c=false/false,a=IDLE,uri=http://localhost:8080/images,age=1} 
15:37:34.730 [qtp464872674-32] DEBUG org.eclipse.jetty.server.HttpChannelState - handling HttpChannelState@69e0325c{s=IDLE rs=BLOCKING os=OPEN is=IDLE awp=false se=false i=true al=0}
15:37:34.730 [qtp464872674-32] DEBUG org.eclipse.jetty.server.HttpChannel - action DISPATCH HttpChannelOverHttp@4430f65c{s=HttpChannelState@69e0325c{s=HANDLING rs=BLOCKING os=OPEN is=IDLE awp=false se=false i=true al=0},r=1,c=false/false,a=HANDLING,uri=http://localhost:8080/images,age=1}
15:37:34.730 [qtp464872674-32] DEBUG org.eclipse.jetty.server.Server - REQUEST POST /images ?null on HttpChannelOverHttp@4430f65c{s=HttpChannelState@69e0325c{s=HANDLING rs=BLOCKING os=OPEN is=IDLE awp=false se=false i=true al=0},r=1,c=false/false,a=HANDLING,uri=http://localhost:8080/images,age=1}
15:37:34.730 [qtp464872674-32] DEBUG org.eclipse.jetty.server.handler.ContextHandler - scope null||/images @ o.e.j.s.ServletContextHandler@180e6ac4{/__admin,null,AVAILABLE}
15:37:34.730 [qtp464872674-32] DEBUG org.eclipse.jetty.server.handler.gzip.GzipHandler - GzipHandler@2f2bf0e2{STARTED,min=32,inflate=-1} handle Request(POST http://localhost:8080/images)@410ecf5e in null
15:37:34.730 [qtp464872674-32] DEBUG org.eclipse.jetty.server.handler.ContextHandler - scope null||/images @ o.e.j.s.ServletContextHandler@2552f2cb{/,null,AVAILABLE}
15:37:34.730 [qtp464872674-32] DEBUG org.eclipse.jetty.server.handler.ContextHandler - context=||/images @ o.e.j.s.ServletContextHandler@2552f2cb{/,null,AVAILABLE}
15:37:34.730 [qtp464872674-32] DEBUG org.eclipse.jetty.servlet.ServletHandler - servlet |/images|null|ServletPathMapping{matchValue=, pattern=/, servletName=com.github.tomakehurst.wiremock.servlet.WireMockHandlerDispatchingServlet-46e8a539, mappingMatch=DEFAULT, servletPath=/images, pathInfo=null} -> com.github.tomakehurst.wiremock.servlet.WireMockHandlerDispatchingServlet-46e8a539==com.github.tomakehurst.wiremock.servlet.WireMockHandlerDispatchingServlet@5053131d{jsp=null,order=1,inst=true,async=true,src=EMBEDDED:null,STARTED}
15:37:34.730 [qtp464872674-32] DEBUG org.eclipse.jetty.servlet.ServletHandler - chain=ChainEnd@72c2ada4(com.github.tomakehurst.wiremock.servlet.WireMockHandlerDispatchingServlet-46e8a539==com.github.tomakehurst.wiremock.servlet.WireMockHandlerDispatchingServlet@5053131d{jsp=null,order=1,inst=true,async=true,src=EMBEDDED:null,STARTED})
15:37:34.731 [qtp464872674-32] DEBUG org.eclipse.jetty.server.AsyncContentProducer - checkMinDataRate [m=0,t=-9223372036854775808] AsyncContentProducer@4b86b9a0[r=null,t=null,i=null,error=false,c=HttpChannelOverHttp@4430f65c{s=HttpChannelState@69e0325c{s=HANDLING rs=BLOCKING os=OPEN is=IDLE awp=false se=false i=true al=0},r=1,c=false/false,a=HANDLING,uri=http://localhost:8080/images,age=2}]
15:37:34.731 [qtp464872674-32] DEBUG org.eclipse.jetty.server.AsyncContentProducer - nextTransformedContent AsyncContentProducer@4b86b9a0[r=null,t=null,i=null,error=false,c=HttpChannelOverHttp@4430f65c{s=HttpChannelState@69e0325c{s=HANDLING rs=BLOCKING os=OPEN is=IDLE awp=false se=false i=true al=0},r=1,c=false/false,a=HANDLING,uri=http://localhost:8080/images,age=2}]
15:37:34.732 [qtp464872674-32] DEBUG org.eclipse.jetty.server.AsyncContentProducer - producing new raw content AsyncContentProducer@4b86b9a0[r=null,t=null,i=null,error=false,c=HttpChannelOverHttp@4430f65c{s=HttpChannelState@69e0325c{s=HANDLING rs=BLOCKING os=OPEN is=IDLE awp=false se=false i=true al=0},r=1,c=false/false,a=HANDLING,uri=http://localhost:8080/images,age=3}]
15:37:34.732 [qtp464872674-32] DEBUG org.eclipse.jetty.server.HttpChannelOverHttp - produceContent has no content, parsing and filling
15:37:34.732 [qtp464872674-32] DEBUG org.eclipse.jetty.server.HttpConnection - HttpConnection@1ea6fb9::NetworkTrafficSocketChannelEndPoint@6050e3b3[{l=/127.0.0.1:8080,r=/127.0.0.1:46282,OPEN,fill=-,flush=-,to=4/30000}{io=0/0,kio=0,kro=1}]->[HttpConnection@1ea6fb9[p=HttpParser{s=CONTENT,0 of 186},g=HttpGenerator@2581d1ce{s=START}]=>HttpChannelOverHttp@4430f65c{s=HttpChannelState@69e0325c{s=HANDLING rs=BLOCKING os=OPEN is=IDLE awp=false se=false i=true al=0},r=1,c=false/false,a=HANDLING,uri=http://localhost:8080/images,age=3}] parse RetainableByteBuffer@2fcc58f2{DirectByteBuffer@7fb0f97[p=238,l=424,c=8192,r=186]={POST /ima...ate\r\n\r\n<<<--168050703cc86486\r\nconte...\n--168050703cc86486--\r\n>>>\x00\x00\x00\x00\x00\x00\x00\x00\x00...\x00\x00\x00\x00\x00\x00\x00},r=1}
15:37:34.732 [qtp464872674-32] DEBUG org.eclipse.jetty.http.HttpParser - parseNext s=CONTENT DirectByteBuffer@7fb0f97[p=238,l=424,c=8192,r=186]={POST /ima...ate\r\n\r\n<<<--168050703cc86486\r\nconte...\n--168050703cc86486--\r\n>>>\x00\x00\x00\x00\x00\x00\x00\x00\x00...\x00\x00\x00\x00\x00\x00\x00}
15:37:34.733 [qtp464872674-32] DEBUG org.eclipse.jetty.server.HttpChannel - onContent HttpChannelOverHttp@4430f65c{s=HttpChannelState@69e0325c{s=HANDLING rs=BLOCKING os=OPEN is=IDLE awp=false se=false i=true al=0},r=1,c=false/false,a=HANDLING,uri=http://localhost:8080/images,age=4} Content@5e980d84{DirectByteBufferR@695b4d36[p=238,l=424,c=8192,r=186]={POST /ima...ate\r\n\r\n<<<--168050703cc86486\r\nconte...\n--168050703cc86486--\r\n>>>\x00\x00\x00\x00\x00\x00\x00\x00\x00...\x00\x00\x00\x00\x00\x00\x00},spc=false,eof=false,err=null}
15:37:34.734 [qtp464872674-32] DEBUG org.eclipse.jetty.server.HttpConnection - HttpConnection@1ea6fb9::NetworkTrafficSocketChannelEndPoint@6050e3b3[{l=/127.0.0.1:8080,r=/127.0.0.1:46282,OPEN,fill=-,flush=-,to=5/30000}{io=0/0,kio=0,kro=1}]->[HttpConnection@1ea6fb9[p=HttpParser{s=CONTENT,186 of 186},g=HttpGenerator@2581d1ce{s=START}]=>HttpChannelOverHttp@4430f65c{s=HttpChannelState@69e0325c{s=HANDLING rs=BLOCKING os=OPEN is=IDLE awp=false se=false i=true al=0},r=1,c=false/false,a=HANDLING,uri=http://localhost:8080/images,age=5}] parsed true HttpParser{s=CONTENT,186 of 186}
15:37:34.734 [qtp464872674-32] DEBUG org.eclipse.jetty.server.HttpChannelOverHttp - produceContent produced Content@5e980d84{DirectByteBufferR@695b4d36[p=238,l=424,c=8192,r=186]={POST /ima...ate\r\n\r\n<<<--168050703cc86486\r\nconte...\n--168050703cc86486--\r\n>>>\x00\x00\x00\x00\x00\x00\x00\x00\x00...\x00\x00\x00\x00\x00\x00\x00},spc=false,eof=false,err=null}
15:37:34.734 [qtp464872674-32] DEBUG org.eclipse.jetty.server.AsyncContentProducer - produceRawContent updated rawContentArrived to 186 and firstByteTimeStamp to 10800957582178 AsyncContentProducer@4b86b9a0[r=null,t=null,i=null,error=false,c=HttpChannelOverHttp@4430f65c{s=HttpChannelState@69e0325c{s=HANDLING rs=BLOCKING os=OPEN is=IDLE awp=false se=false i=true al=0},r=1,c=false/false,a=HANDLING,uri=http://localhost:8080/images,age=5}]
15:37:34.734 [qtp464872674-32] DEBUG org.eclipse.jetty.server.AsyncContentProducer - produceRawContent produced Content@5e980d84{DirectByteBufferR@695b4d36[p=238,l=424,c=8192,r=186]={POST /ima...ate\r\n\r\n<<<--168050703cc86486\r\nconte...\n--168050703cc86486--\r\n>>>\x00\x00\x00\x00\x00\x00\x00\x00\x00...\x00\x00\x00\x00\x00\x00\x00},spc=false,eof=false,err=null} AsyncContentProducer@4b86b9a0[r=null,t=null,i=null,error=false,c=HttpChannelOverHttp@4430f65c{s=HttpChannelState@69e0325c{s=HANDLING rs=BLOCKING os=OPEN is=IDLE awp=false se=false i=true al=0},r=1,c=false/false,a=HANDLING,uri=http://localhost:8080/images,age=5}]
15:37:34.734 [qtp464872674-32] DEBUG org.eclipse.jetty.server.AsyncContentProducer - transforming raw content AsyncContentProducer@4b86b9a0[r=Content@5e980d84{DirectByteBufferR@695b4d36[p=238,l=424,c=8192,r=186]={POST /ima...ate\r\n\r\n<<<--168050703cc86486\r\nconte...\n--168050703cc86486--\r\n>>>\x00\x00\x00\x00\x00\x00\x00\x00\x00...\x00\x00\x00\x00\x00\x00\x00},spc=false,eof=false,err=null},t=null,i=null,error=false,c=HttpChannelOverHttp@4430f65c{s=HttpChannelState@69e0325c{s=HANDLING rs=BLOCKING os=OPEN is=IDLE awp=false se=false i=true al=0},r=1,c=false/false,a=HANDLING,uri=http://localhost:8080/images,age=5}]
15:37:34.734 [qtp464872674-32] DEBUG org.eclipse.jetty.server.AsyncContentProducer - no interceptor, transformed content is raw content AsyncContentProducer@4b86b9a0[r=Content@5e980d84{DirectByteBufferR@695b4d36[p=238,l=424,c=8192,r=186]={POST /ima...ate\r\n\r\n<<<--168050703cc86486\r\nconte...\n--168050703cc86486--\r\n>>>\x00\x00\x00\x00\x00\x00\x00\x00\x00...\x00\x00\x00\x00\x00\x00\x00},spc=false,eof=false,err=null},t=null,i=null,error=false,c=HttpChannelOverHttp@4430f65c{s=HttpChannelState@69e0325c{s=HANDLING rs=BLOCKING os=OPEN is=IDLE awp=false se=false i=true al=0},r=1,c=false/false,a=HANDLING,uri=http://localhost:8080/images,age=6}]
15:37:34.735 [qtp464872674-32] DEBUG org.eclipse.jetty.server.AsyncContentProducer - transformed content not yet depleted, returning it AsyncContentProducer@4b86b9a0[r=Content@5e980d84{DirectByteBufferR@695b4d36[p=238,l=424,c=8192,r=186]={POST /ima...ate\r\n\r\n<<<--168050703cc86486\r\nconte...\n--168050703cc86486--\r\n>>>\x00\x00\x00\x00\x00\x00\x00\x00\x00...\x00\x00\x00\x00\x00\x00\x00},spc=false,eof=false,err=null},t=Content@5e980d84{DirectByteBufferR@695b4d36[p=238,l=424,c=8192,r=186]={POST /ima...ate\r\n\r\n<<<--168050703cc86486\r\nconte...\n--168050703cc86486--\r\n>>>\x00\x00\x00\x00\x00\x00\x00\x00\x00...\x00\x00\x00\x00\x00\x00\x00},spc=false,eof=false,err=null},i=null,error=false,c=HttpChannelOverHttp@4430f65c{s=HttpChannelState@69e0325c{s=HANDLING rs=BLOCKING os=OPEN is=IDLE awp=false se=false i=true al=0},r=1,c=false/false,a=HANDLING,uri=http://localhost:8080/images,age=6}]
15:37:34.735 [qtp464872674-32] DEBUG org.eclipse.jetty.server.AsyncContentProducer - nextContent = Content@5e980d84{DirectByteBufferR@695b4d36[p=238,l=424,c=8192,r=186]={POST /ima...ate\r\n\r\n<<<--168050703cc86486\r\nconte...\n--168050703cc86486--\r\n>>>\x00\x00\x00\x00\x00\x00\x00\x00\x00...\x00\x00\x00\x00\x00\x00\x00},spc=false,eof=false,err=null} AsyncContentProducer@4b86b9a0[r=Content@5e980d84{DirectByteBufferR@695b4d36[p=238,l=424,c=8192,r=186]={POST /ima...ate\r\n\r\n<<<--168050703cc86486\r\nconte...\n--168050703cc86486--\r\n>>>\x00\x00\x00\x00\x00\x00\x00\x00\x00...\x00\x00\x00\x00\x00\x00\x00},spc=false,eof=false,err=null},t=Content@5e980d84{DirectByteBufferR@695b4d36[p=238,l=424,c=8192,r=186]={POST /ima...ate\r\n\r\n<<<--168050703cc86486\r\nconte...\n--168050703cc86486--\r\n>>>\x00\x00\x00\x00\x00\x00\x00\x00\x00...\x00\x00\x00\x00\x00\x00\x00},spc=false,eof=false,err=null},i=null,error=false,c=HttpChannelOverHttp@4430f65c{s=HttpChannelState@69e0325c{s=HANDLING rs=BLOCKING os=OPEN is=IDLE awp=false se=false i=true al=0},r=1,c=false/false,a=HANDLING,uri=http://localhost:8080/images,age=6}]
15:37:34.735 [qtp464872674-32] DEBUG org.eclipse.jetty.server.HttpChannelState - onReadIdle HttpChannelState@69e0325c{s=HANDLING rs=BLOCKING os=OPEN is=IDLE awp=false se=false i=true al=0}
15:37:34.735 [qtp464872674-32] DEBUG org.eclipse.jetty.server.BlockingContentProducer - nextContent async producer returned Content@5e980d84{DirectByteBufferR@695b4d36[p=238,l=424,c=8192,r=186]={POST /ima...ate\r\n\r\n<<<--168050703cc86486\r\nconte...\n--168050703cc86486--\r\n>>>\x00\x00\x00\x00\x00\x00\x00\x00\x00...\x00\x00\x00\x00\x00\x00\x00},spc=false,eof=false,err=null}
15:37:34.735 [qtp464872674-32] DEBUG org.eclipse.jetty.server.HttpInput - read produced 186 byte(s) HttpInput@1794487414 cs=HttpChannelState@69e0325c{s=HANDLING rs=BLOCKING os=OPEN is=IDLE awp=false se=false i=true al=0} cp=org.eclipse.jetty.server.BlockingContentProducer@a458a3c eof=false
15:37:34.735 [qtp464872674-32] DEBUG org.eclipse.jetty.server.AsyncContentProducer - reclaim Content@5e980d84{DirectByteBufferR@695b4d36[p=424,l=424,c=8192,r=0]={POST /ima...486--\r\n<<<>>>\x00\x00\x00\x00\x00\x00\x00\x00\x00...\x00\x00\x00\x00\x00\x00\x00},spc=false,eof=false,err=null} AsyncContentProducer@4b86b9a0[r=Content@5e980d84{DirectByteBufferR@695b4d36[p=424,l=424,c=8192,r=0]={POST /ima...486--\r\n<<<>>>\x00\x00\x00\x00\x00\x00\x00\x00\x00...\x00\x00\x00\x00\x00\x00\x00},spc=false,eof=false,err=null},t=Content@5e980d84{DirectByteBufferR@695b4d36[p=424,l=424,c=8192,r=0]={POST /ima...486--\r\n<<<>>>\x00\x00\x00\x00\x00\x00\x00\x00\x00...\x00\x00\x00\x00\x00\x00\x00},spc=false,eof=false,err=null},i=null,error=false,c=HttpChannelOverHttp@4430f65c{s=HttpChannelState@69e0325c{s=HANDLING rs=BLOCKING os=OPEN is=IDLE awp=false se=false i=true al=0},r=1,c=false/false,a=HANDLING,uri=http://localhost:8080/images,age=6}]
15:37:34.736 [qtp464872674-32] DEBUG org.eclipse.jetty.server.AsyncContentProducer - checkMinDataRate [m=0,t=10800957582178] AsyncContentProducer@4b86b9a0[r=null,t=null,i=null,error=false,c=HttpChannelOverHttp@4430f65c{s=HttpChannelState@69e0325c{s=HANDLING rs=BLOCKING os=OPEN is=IDLE awp=false se=false i=true al=0},r=1,c=false/false,a=HANDLING,uri=http://localhost:8080/images,age=7}]
15:37:34.736 [qtp464872674-32] DEBUG org.eclipse.jetty.server.AsyncContentProducer - nextTransformedContent AsyncContentProducer@4b86b9a0[r=null,t=null,i=null,error=false,c=HttpChannelOverHttp@4430f65c{s=HttpChannelState@69e0325c{s=HANDLING rs=BLOCKING os=OPEN is=IDLE awp=false se=false i=true al=0},r=1,c=false/false,a=HANDLING,uri=http://localhost:8080/images,age=7}]
15:37:34.736 [qtp464872674-32] DEBUG org.eclipse.jetty.server.AsyncContentProducer - producing new raw content AsyncContentProducer@4b86b9a0[r=null,t=null,i=null,error=false,c=HttpChannelOverHttp@4430f65c{s=HttpChannelState@69e0325c{s=HANDLING rs=BLOCKING os=OPEN is=IDLE awp=false se=false i=true al=0},r=1,c=false/false,a=HANDLING,uri=http://localhost:8080/images,age=7}]
15:37:34.736 [qtp464872674-32] DEBUG org.eclipse.jetty.server.HttpChannelOverHttp - produceContent has no content, parsing and filling
15:37:34.736 [qtp464872674-32] DEBUG org.eclipse.jetty.server.HttpConnection - HttpConnection@1ea6fb9::NetworkTrafficSocketChannelEndPoint@6050e3b3[{l=/127.0.0.1:8080,r=/127.0.0.1:46282,OPEN,fill=-,flush=-,to=8/30000}{io=0/0,kio=0,kro=1}]->[HttpConnection@1ea6fb9[p=HttpParser{s=CONTENT,186 of 186},g=HttpGenerator@2581d1ce{s=START}]=>HttpChannelOverHttp@4430f65c{s=HttpChannelState@69e0325c{s=HANDLING rs=BLOCKING os=OPEN is=IDLE awp=false se=false i=true al=0},r=1,c=false/false,a=HANDLING,uri=http://localhost:8080/images,age=7}] parse RetainableByteBuffer@2fcc58f2{DirectByteBuffer@7fb0f97[p=424,l=424,c=8192,r=0]={POST /ima...486--\r\n<<<>>>\x00\x00\x00\x00\x00\x00\x00\x00\x00...\x00\x00\x00\x00\x00\x00\x00},r=1}
15:37:34.736 [qtp464872674-32] DEBUG org.eclipse.jetty.http.HttpParser - parseNext s=CONTENT DirectByteBuffer@7fb0f97[p=424,l=424,c=8192,r=0]={POST /ima...486--\r\n<<<>>>\x00\x00\x00\x00\x00\x00\x00\x00\x00...\x00\x00\x00\x00\x00\x00\x00}
15:37:34.736 [qtp464872674-32] DEBUG org.eclipse.jetty.http.HttpParser - CONTENT --> CONTENT_END
15:37:34.736 [qtp464872674-32] DEBUG org.eclipse.jetty.server.HttpChannel - onContentComplete HttpChannelOverHttp@4430f65c{s=HttpChannelState@69e0325c{s=HANDLING rs=BLOCKING os=OPEN is=IDLE awp=false se=false i=true al=0},r=1,c=false/false,a=HANDLING,uri=http://localhost:8080/images,age=7}
15:37:34.736 [qtp464872674-32] DEBUG org.eclipse.jetty.http.HttpParser - CONTENT_END --> END
15:37:34.736 [qtp464872674-32] DEBUG org.eclipse.jetty.server.HttpChannel - onRequestComplete HttpChannelOverHttp@4430f65c{s=HttpChannelState@69e0325c{s=HANDLING rs=BLOCKING os=OPEN is=IDLE awp=false se=false i=true al=0},r=1,c=false/false,a=HANDLING,uri=http://localhost:8080/images,age=7}
15:37:34.736 [qtp464872674-32] DEBUG org.eclipse.jetty.server.HttpChannelOverHttp - received EOF, content = null
15:37:34.736 [qtp464872674-32] DEBUG org.eclipse.jetty.server.HttpConnection - HttpConnection@1ea6fb9::NetworkTrafficSocketChannelEndPoint@6050e3b3[{l=/127.0.0.1:8080,r=/127.0.0.1:46282,OPEN,fill=-,flush=-,to=8/30000}{io=0/0,kio=0,kro=1}]->[HttpConnection@1ea6fb9[p=HttpParser{s=END,186 of 186},g=HttpGenerator@2581d1ce{s=START}]=>HttpChannelOverHttp@4430f65c{s=HttpChannelState@69e0325c{s=HANDLING rs=BLOCKING os=OPEN is=IDLE awp=false se=false i=true al=0},r=1,c=false/false,a=HANDLING,uri=http://localhost:8080/images,age=7}] parsed false HttpParser{s=END,186 of 186}
15:37:34.736 [qtp464872674-32] DEBUG org.eclipse.jetty.server.HttpConnection - releaseRequestBuffer HttpConnection@1ea6fb9::NetworkTrafficSocketChannelEndPoint@6050e3b3[{l=/127.0.0.1:8080,r=/127.0.0.1:46282,OPEN,fill=-,flush=-,to=8/30000}{io=0/0,kio=0,kro=1}]->[HttpConnection@1ea6fb9[p=HttpParser{s=END,186 of 186},g=HttpGenerator@2581d1ce{s=START}]=>HttpChannelOverHttp@4430f65c{s=HttpChannelState@69e0325c{s=HANDLING rs=BLOCKING os=OPEN is=IDLE awp=false se=false i=true al=0},r=1,c=false/false,a=HANDLING,uri=http://localhost:8080/images,age=8}]
15:37:34.737 [qtp464872674-32] DEBUG org.eclipse.jetty.server.HttpChannelOverHttp - produceContent produced EofContent
15:37:34.737 [qtp464872674-32] DEBUG org.eclipse.jetty.server.AsyncContentProducer - produceRawContent updated rawContentArrived to 186 and firstByteTimeStamp to 10800957582178 AsyncContentProducer@4b86b9a0[r=null,t=null,i=null,error=false,c=HttpChannelOverHttp@4430f65c{s=HttpChannelState@69e0325c{s=HANDLING rs=BLOCKING os=OPEN is=IDLE awp=false se=false i=true al=0},r=1,c=false/false,a=HANDLING,uri=http://localhost:8080/images,age=8}]
15:37:34.737 [qtp464872674-32] DEBUG org.eclipse.jetty.server.AsyncContentProducer - produceRawContent produced EofContent AsyncContentProducer@4b86b9a0[r=null,t=null,i=null,error=false,c=HttpChannelOverHttp@4430f65c{s=HttpChannelState@69e0325c{s=HANDLING rs=BLOCKING os=OPEN is=IDLE awp=false se=false i=true al=0},r=1,c=false/false,a=HANDLING,uri=http://localhost:8080/images,age=8}]
15:37:34.737 [qtp464872674-32] DEBUG org.eclipse.jetty.server.AsyncContentProducer - transforming raw content AsyncContentProducer@4b86b9a0[r=EofContent,t=null,i=null,error=false,c=HttpChannelOverHttp@4430f65c{s=HttpChannelState@69e0325c{s=HANDLING rs=BLOCKING os=OPEN is=IDLE awp=false se=false i=true al=0},r=1,c=false/false,a=HANDLING,uri=http://localhost:8080/images,age=8}]
15:37:34.737 [qtp464872674-32] DEBUG org.eclipse.jetty.server.AsyncContentProducer - no interceptor, transformed content is raw content AsyncContentProducer@4b86b9a0[r=EofContent,t=null,i=null,error=false,c=HttpChannelOverHttp@4430f65c{s=HttpChannelState@69e0325c{s=HANDLING rs=BLOCKING os=OPEN is=IDLE awp=false se=false i=true al=0},r=1,c=false/false,a=HANDLING,uri=http://localhost:8080/images,age=8}]
15:37:34.737 [qtp464872674-32] DEBUG org.eclipse.jetty.server.AsyncContentProducer - transformed content not yet depleted, returning it AsyncContentProducer@4b86b9a0[r=EofContent,t=EofContent,i=null,error=false,c=HttpChannelOverHttp@4430f65c{s=HttpChannelState@69e0325c{s=HANDLING rs=BLOCKING os=OPEN is=IDLE awp=false se=false i=true al=0},r=1,c=false/false,a=HANDLING,uri=http://localhost:8080/images,age=8}]
15:37:34.737 [qtp464872674-32] DEBUG org.eclipse.jetty.server.AsyncContentProducer - nextContent = EofContent AsyncContentProducer@4b86b9a0[r=EofContent,t=EofContent,i=null,error=false,c=HttpChannelOverHttp@4430f65c{s=HttpChannelState@69e0325c{s=HANDLING rs=BLOCKING os=OPEN is=IDLE awp=false se=false i=true al=0},r=1,c=false/false,a=HANDLING,uri=http://localhost:8080/images,age=8}]
15:37:34.737 [qtp464872674-32] DEBUG org.eclipse.jetty.server.HttpChannelState - onReadIdle HttpChannelState@69e0325c{s=HANDLING rs=BLOCKING os=OPEN is=IDLE awp=false se=false i=true al=0}
15:37:34.737 [qtp464872674-32] DEBUG org.eclipse.jetty.server.BlockingContentProducer - nextContent async producer returned EofContent
15:37:34.737 [qtp464872674-32] DEBUG org.eclipse.jetty.server.HttpInput - read error=null HttpInput@1794487414 cs=HttpChannelState@69e0325c{s=HANDLING rs=BLOCKING os=OPEN is=IDLE awp=false se=false i=true al=0} cp=org.eclipse.jetty.server.BlockingContentProducer@a458a3c eof=false
15:37:34.737 [qtp464872674-32] DEBUG org.eclipse.jetty.server.HttpInput - read at EOF, setting consumed EOF to true HttpInput@1794487414 cs=HttpChannelState@69e0325c{s=HANDLING rs=BLOCKING os=OPEN is=IDLE awp=false se=false i=true al=0} cp=org.eclipse.jetty.server.BlockingContentProducer@a458a3c eof=false
15:37:34.737 [qtp464872674-32] DEBUG org.eclipse.jetty.server.BlockingContentProducer - onContentProducible releasing semaphore LockedSemaphore permits=0 unready=false
15:37:34.798 [qtp464872674-32] DEBUG org.eclipse.jetty.server.HttpOutput - write(array HeapByteBuffer@4db66c25[p=0,l=79,c=79,r=79]={<<<{"id":"image-uuid-123","u...es/image-uuid-123.jpg"}>>>})
15:37:34.799 [qtp464872674-32] DEBUG org.eclipse.jetty.server.HttpOutput - write(array) s=OPEN,api=BLOCKING,sc=false,e=null aggregated !flush DirectByteBuffer@69561e06[p=0,l=79,c=32768,r=79]={<<<{"id":"image-uuid-123","u...es/image-uuid-123.jpg"}>>>a1be-b430...\x00\x00\x00\x00\x00\x00\x00}
15:37:34.800 [qtp464872674-32] DEBUG org.eclipse.jetty.util.Pool - Pool@65327f5[inUse=0,size=1,max=25,closed=false] returning new reserved entry MonoEntry@25544f6f{PENDING,pooled=null}
15:37:34.802 [qtp464872674-32] DEBUG org.eclipse.jetty.server.handler.gzip.GzipHttpOutputInterceptor - org.eclipse.jetty.server.handler.gzip.GzipHttpOutputInterceptor@5049d955 compressing org.eclipse.jetty.util.compression.CompressionPool$Entry@44966004
15:37:34.804 [qtp464872674-32] DEBUG org.eclipse.jetty.server.HttpChannel - sendResponse info=null content=DirectByteBuffer@361a6c76[p=0,l=10,c=32768,r=10]={<<<\x1f\x8b\x08\x00\x00\x00\x00\x00\x00\x00>>>Bad Reque...\x00\x00\x00\x00\x00\x00\x00} complete=false committing=true callback=GzipBufferCB@27616605[content=DirectByteBuffer@69561e06[p=79,l=79,c=32768,r=0]={{"id":"im...3.jpg"}<<<>>>a1be-b430...\x00\x00\x00\x00\x00\x00\x00} last=false buffer=DirectByteBuffer@361a6c76[p=0,l=10,c=32768,r=10]={<<<\x1f\x8b\x08\x00\x00\x00\x00\x00\x00\x00>>>Bad Reque...\x00\x00\x00\x00\x00\x00\x00} deflate=org.eclipse.jetty.util.compression.CompressionPool$Entry@44966004 ]
15:37:34.804 [qtp464872674-32] DEBUG org.eclipse.jetty.server.HttpChannel - COMMIT for /images on HttpChannelOverHttp@4430f65c{s=HttpChannelState@69e0325c{s=HANDLING rs=BLOCKING os=COMMITTED is=IDLE awp=false se=false i=true al=0},r=1,c=false/false,a=HANDLING,uri=http://localhost:8080/images,age=75}
201 null HTTP/1.1
Content-Type: application/json
Matched-Stub-Id: 9c034230-c781-4b2e-9b58-72552d303d4b
Content-Encoding: gzip


15:37:34.804 [qtp464872674-32] DEBUG org.eclipse.jetty.server.HttpConnection - generate: NEED_HEADER for SendCallback@565c3557[PROCESSING][i=HTTP/1.1{s=201,h=3,cl=-1},cb=org.eclipse.jetty.server.HttpChannel$SendCallback@688948d2] (null,[p=0,l=10,c=32768,r=10],false)@START
15:37:34.805 [qtp464872674-32] DEBUG org.eclipse.jetty.http.HttpGenerator - generateHeaders HTTP/1.1{s=201,h=3,cl=-1} last=false content=DirectByteBuffer@361a6c76[p=0,l=10,c=32768,r=10]={<<<\x1f\x8b\x08\x00\x00\x00\x00\x00\x00\x00>>>Bad Reque...\x00\x00\x00\x00\x00\x00\x00}
15:37:34.805 [qtp464872674-32] DEBUG org.eclipse.jetty.http.HttpGenerator - Content-Type: application/json
Matched-Stub-Id: 9c034230-c781-4b2e-9b58-72552d303d4b
Content-Encoding: gzip


15:37:34.805 [qtp464872674-32] DEBUG org.eclipse.jetty.http.HttpGenerator - CHUNKED_CONTENT
15:37:34.805 [qtp464872674-32] DEBUG org.eclipse.jetty.server.HttpConnection - generate: FLUSH for SendCallback@565c3557[PROCESSING][i=HTTP/1.1{s=201,h=3,cl=-1},cb=org.eclipse.jetty.server.HttpChannel$SendCallback@688948d2] ([p=0,l=166,c=32768,r=166],[p=0,l=10,c=32768,r=10],false)@COMMITTED
15:37:34.805 [qtp464872674-32] DEBUG org.eclipse.jetty.io.WriteFlusher - write: WriteFlusher@2212fcc3{IDLE}->null [DirectByteBuffer@e6ff245[p=0,l=166,c=32768,r=166]={<<<HTTP/1.1 201 Created\r\nCon...ncoding: chunked\r\n\r\nA\r\n>>>\x00\x00\x00\x00\x00\x00\x00\x00\x00...\x00\x00\x00\x00\x00\x00\x00},DirectByteBuffer@361a6c76[p=0,l=10,c=32768,r=10]={<<<\x1f\x8b\x08\x00\x00\x00\x00\x00\x00\x00>>>Bad Reque...\x00\x00\x00\x00\x00\x00\x00}]
15:37:34.805 [qtp464872674-32] DEBUG org.eclipse.jetty.io.WriteFlusher - update WriteFlusher@2212fcc3{WRITING}->null:IDLE-->WRITING
15:37:34.805 [main] DEBUG org.apache.http.wire - http-outgoing-5 << "HTTP/1.1 201 Created[\r][\n]"
15:37:34.806 [main] DEBUG org.apache.http.wire - http-outgoing-5 << "Content-Type: application/json[\r][\n]"
15:37:34.805 [qtp464872674-32] DEBUG org.eclipse.jetty.io.SocketChannelEndPoint - flushed 166 NetworkTrafficSocketChannelEndPoint@6050e3b3[{l=/127.0.0.1:8080,r=/127.0.0.1:46282,OPEN,fill=-,flush=W,to=77/30000}{io=0/0,kio=0,kro=1}]->[HttpConnection@1ea6fb9[p=HttpParser{s=END,186 of 186},g=HttpGenerator@2581d1ce{s=COMMITTED}]=>HttpChannelOverHttp@4430f65c{s=HttpChannelState@69e0325c{s=HANDLING rs=BLOCKING os=COMMITTED is=IDLE awp=false se=false i=true al=0},r=1,c=false/false,a=HANDLING,uri=http://localhost:8080/images,age=76}]
15:37:34.806 [main] DEBUG org.apache.http.wire - http-outgoing-5 << "Matched-Stub-Id: 9c034230-c781-4b2e-9b58-72552d303d4b[\r][\n]"
15:37:34.806 [main] DEBUG org.apache.http.wire - http-outgoing-5 << "Content-Encoding: gzip[\r][\n]"
15:37:34.806 [main] DEBUG org.apache.http.wire - http-outgoing-5 << "Transfer-Encoding: chunked[\r][\n]"
15:37:34.806 [main] DEBUG org.apache.http.wire - http-outgoing-5 << "[\r][\n]"
15:37:34.806 [main] DEBUG org.apache.http.wire - http-outgoing-5 << "A[\r][\n]"
15:37:34.806 [main] DEBUG org.apache.http.headers - http-outgoing-5 << HTTP/1.1 201 Created
15:37:34.806 [main] DEBUG org.apache.http.headers - http-outgoing-5 << Content-Type: application/json
15:37:34.806 [main] DEBUG org.apache.http.headers - http-outgoing-5 << Matched-Stub-Id: 9c034230-c781-4b2e-9b58-72552d303d4b
15:37:34.806 [main] DEBUG org.apache.http.headers - http-outgoing-5 << Content-Encoding: gzip
15:37:34.806 [main] DEBUG org.apache.http.headers - http-outgoing-5 << Transfer-Encoding: chunked
15:37:34.806 [main] DEBUG org.apache.http.impl.execchain.MainClientExec - Connection can be kept alive indefinitely
15:37:34.806 [qtp464872674-32] DEBUG org.eclipse.jetty.io.SocketChannelEndPoint - flushed 10 NetworkTrafficSocketChannelEndPoint@6050e3b3[{l=/127.0.0.1:8080,r=/127.0.0.1:46282,OPEN,fill=-,flush=W,to=0/30000}{io=0/0,kio=0,kro=1}]->[HttpConnection@1ea6fb9[p=HttpParser{s=END,186 of 186},g=HttpGenerator@2581d1ce{s=COMMITTED}]=>HttpChannelOverHttp@4430f65c{s=HttpChannelState@69e0325c{s=HANDLING rs=BLOCKING os=COMMITTED is=IDLE awp=false se=false i=true al=0},r=1,c=false/false,a=HANDLING,uri=http://localhost:8080/images,age=77}]
15:37:34.806 [qtp464872674-32] DEBUG org.eclipse.jetty.io.WriteFlusher - Flushed=true written=176 remaining=0 WriteFlusher@2212fcc3{WRITING}->null
15:37:34.806 [qtp464872674-32] DEBUG org.eclipse.jetty.io.WriteFlusher - update WriteFlusher@2212fcc3{IDLE}->null:WRITING-->IDLE
15:37:34.807 [qtp464872674-32] DEBUG org.eclipse.jetty.server.HttpConnection - generate: DONE for SendCallback@565c3557[PROCESSING][i=HTTP/1.1{s=201,h=3,cl=-1},cb=org.eclipse.jetty.server.HttpChannel$SendCallback@688948d2] ([p=166,l=166,c=32768,r=0],[p=10,l=10,c=32768,r=0],false)@COMMITTED
15:37:34.807 [qtp464872674-32] DEBUG org.eclipse.jetty.server.HttpOutput - onWriteComplete(false,null) s=OPEN,api=BLOCKED,sc=false,e=null->s=OPEN,api=BLOCKING,sc=false,e=null c=null cb=null w=false
15:37:34.807 [qtp464872674-32] DEBUG org.eclipse.jetty.server.HttpOutput - close() s=CLOSING,api=BLOCKED,sc=false,e=null c=HeapByteBuffer@303ac8fb[p=0,l=0,c=0,r=0]={<<<>>>} b=Blocker@1553935b{null}
15:37:34.807 [qtp464872674-32] DEBUG org.eclipse.jetty.server.HttpChannel - sendResponse info=null content=DirectByteBuffer@361a6c76[p=0,l=73,c=32768,r=73]={<<<\xAbV\xCaLQ\xB2R\xCa\xCcMLO\xD5--\xCdL\xD1542V\xD2Q*...\xE8\x83\x15\x17\xEb\xA3\xEa\xD1\xCb*HW\xAa\x05\x002\x87\x84\xE0O\x00\x00\x00>>>art/form-...\x00\x00\x00\x00\x00\x00\x00} complete=true committing=false callback=GzipBufferCB@37be86fb[content=HeapByteBuffer@303ac8fb[p=0,l=0,c=0,r=0]={<<<>>>} last=true buffer=DirectByteBuffer@361a6c76[p=0,l=73,c=32768,r=73]={<<<\xAbV\xCaLQ\xB2R\xCa\xCcMLO\xD5--\xCdL\xD1542V\xD2Q*...\xE8\x83\x15\x17\xEb\xA3\xEa\xD1\xCb*HW\xAa\x05\x002\x87\x84\xE0O\x00\x00\x00>>>art/form-...\x00\x00\x00\x00\x00\x00\x00} deflate=null ]
15:37:34.807 [qtp464872674-32] DEBUG org.eclipse.jetty.server.HttpConnection - generate: NEED_CHUNK for SendCallback@565c3557[PROCESSING][i=null,cb=org.eclipse.jetty.server.HttpChannel$SendCallback@46b2a793] (null,[p=0,l=73,c=32768,r=73],true)@COMMITTED
15:37:34.807 [qtp464872674-32] DEBUG org.eclipse.jetty.server.HttpConnection - generate: FLUSH for SendCallback@565c3557[PROCESSING][i=null,cb=org.eclipse.jetty.server.HttpChannel$SendCallback@46b2a793] (null,[p=0,l=73,c=32768,r=73],true)@COMPLETING
15:37:34.807 [qtp464872674-32] DEBUG org.eclipse.jetty.io.WriteFlusher - write: WriteFlusher@2212fcc3{IDLE}->null [DirectByteBuffer@471d979c[p=0,l=6,c=16,r=6]={<<<\r\n49\r\n>>>\n\x00\x00\x00\x00\x00\x00\x00\x00\x00},DirectByteBuffer@361a6c76[p=0,l=73,c=32768,r=73]={<<<\xAbV\xCaLQ\xB2R\xCa\xCcMLO\xD5--\xCdL\xD1542V\xD2Q*...\xE8\x83\x15\x17\xEb\xA3\xEa\xD1\xCb*HW\xAa\x05\x002\x87\x84\xE0O\x00\x00\x00>>>art/form-...\x00\x00\x00\x00\x00\x00\x00}]
15:37:34.808 [qtp464872674-32] DEBUG org.eclipse.jetty.io.WriteFlusher - update WriteFlusher@2212fcc3{WRITING}->null:IDLE-->WRITING
15:37:34.808 [qtp464872674-32] DEBUG org.eclipse.jetty.io.SocketChannelEndPoint - flushed 6 NetworkTrafficSocketChannelEndPoint@6050e3b3[{l=/127.0.0.1:8080,r=/127.0.0.1:46282,OPEN,fill=-,flush=W,to=1/30000}{io=0/0,kio=0,kro=1}]->[HttpConnection@1ea6fb9[p=HttpParser{s=END,186 of 186},g=HttpGenerator@2581d1ce{s=COMPLETING}]=>HttpChannelOverHttp@4430f65c{s=HttpChannelState@69e0325c{s=HANDLING rs=BLOCKING os=COMMITTED is=IDLE awp=false se=false i=true al=0},r=1,c=false/false,a=HANDLING,uri=http://localhost:8080/images,age=79}]
15:37:34.808 [qtp464872674-32] DEBUG org.eclipse.jetty.io.SocketChannelEndPoint - flushed 73 NetworkTrafficSocketChannelEndPoint@6050e3b3[{l=/127.0.0.1:8080,r=/127.0.0.1:46282,OPEN,fill=-,flush=W,to=0/30000}{io=0/0,kio=0,kro=1}]->[HttpConnection@1ea6fb9[p=HttpParser{s=END,186 of 186},g=HttpGenerator@2581d1ce{s=COMPLETING}]=>HttpChannelOverHttp@4430f65c{s=HttpChannelState@69e0325c{s=HANDLING rs=BLOCKING os=COMMITTED is=IDLE awp=false se=false i=true al=0},r=1,c=false/false,a=HANDLING,uri=http://localhost:8080/images,age=79}]
15:37:34.808 [qtp464872674-32] DEBUG org.eclipse.jetty.io.WriteFlusher - Flushed=true written=79 remaining=0 WriteFlusher@2212fcc3{WRITING}->null
15:37:34.809 [qtp464872674-32] DEBUG org.eclipse.jetty.io.WriteFlusher - update WriteFlusher@2212fcc3{IDLE}->null:WRITING-->IDLE
15:37:34.809 [qtp464872674-32] DEBUG org.eclipse.jetty.server.HttpConnection - generate: FLUSH for SendCallback@565c3557[PROCESSING][i=null,cb=org.eclipse.jetty.server.HttpChannel$SendCallback@46b2a793] (null,[p=73,l=73,c=32768,r=0],true)@COMPLETING
15:37:34.809 [qtp464872674-32] DEBUG org.eclipse.jetty.io.WriteFlusher - write: WriteFlusher@2212fcc3{IDLE}->null [DirectByteBuffer@471d979c[p=0,l=7,c=16,r=7]={<<<\r\n0\r\n\r\n>>>\x00\x00\x00\x00\x00\x00\x00\x00\x00}]
15:37:34.809 [qtp464872674-32] DEBUG org.eclipse.jetty.io.WriteFlusher - update WriteFlusher@2212fcc3{WRITING}->null:IDLE-->WRITING
15:37:34.809 [main] DEBUG org.apache.http.wire - http-outgoing-5 << "[0x1f][0x8b][0x8][0x0][0x0][0x0][0x0][0x0][0x0][0x0][\r][\n]"
15:37:34.809 [main] DEBUG org.apache.http.wire - http-outgoing-5 << "49[\r][\n]"
15:37:34.809 [main] DEBUG org.apache.http.wire - http-outgoing-5 << "[0xab]V[0xca]LQ[0xb2]R[0xca][0xcc]MLO[0xd5]--[0xcd]L[0xd1]542V[0xd2]Q*-[0xca][0x1][\n]"
15:37:34.809 [main] DEBUG org.apache.http.wire - http-outgoing-5 << "g[0x94][0x94][0x14]X[0xe9][0xeb][0xe7][0xe4]''[0xe6]d[0xe4][0x17][0x97]XY[0x18]X[0x18][0xe8][0x83][0x15][0x17][0xeb][0xa3][0xea][0xd1][0xcb]*HW[0xaa][0x5][0x0]2[0x87][0x84][0xe0]O[0x0][0x0][0x0]"
15:37:34.809 [qtp464872674-32] DEBUG org.eclipse.jetty.io.SocketChannelEndPoint - flushed 7 NetworkTrafficSocketChannelEndPoint@6050e3b3[{l=/127.0.0.1:8080,r=/127.0.0.1:46282,OPEN,fill=-,flush=W,to=0/30000}{io=0/0,kio=0,kro=1}]->[HttpConnection@1ea6fb9[p=HttpParser{s=END,186 of 186},g=HttpGenerator@2581d1ce{s=COMPLETING}]=>HttpChannelOverHttp@4430f65c{s=HttpChannelState@69e0325c{s=HANDLING rs=BLOCKING os=COMMITTED is=IDLE awp=false se=false i=true al=0},r=1,c=false/false,a=HANDLING,uri=http://localhost:8080/images,age=80}]
15:37:34.809 [qtp464872674-32] DEBUG org.eclipse.jetty.io.WriteFlusher - Flushed=true written=7 remaining=0 WriteFlusher@2212fcc3{WRITING}->null
15:37:34.809 [qtp464872674-32] DEBUG org.eclipse.jetty.io.WriteFlusher - update WriteFlusher@2212fcc3{IDLE}->null:WRITING-->IDLE
15:37:34.809 [qtp464872674-32] DEBUG org.eclipse.jetty.server.HttpConnection - generate: DONE for SendCallback@565c3557[PROCESSING][i=null,cb=org.eclipse.jetty.server.HttpChannel$SendCallback@46b2a793] (null,[p=73,l=73,c=32768,r=0],true)@END
15:37:34.810 [qtp464872674-32] DEBUG org.eclipse.jetty.server.HttpOutput - onWriteComplete(true,null) s=CLOSING,api=BLOCKED,sc=false,e=null->s=CLOSED,api=BLOCKING,sc=false,e=null c=null cb=null w=false
15:37:34.810 [qtp464872674-32] DEBUG org.eclipse.jetty.server.Server - handled=true async=false committed=true on HttpChannelOverHttp@4430f65c{s=HttpChannelState@69e0325c{s=HANDLING rs=BLOCKING os=COMPLETED is=IDLE awp=false se=false i=true al=0},r=1,c=false/true,a=HANDLING,uri=http://localhost:8080/images,age=81}
15:37:34.810 [qtp464872674-32] DEBUG org.eclipse.jetty.server.HttpChannelState - unhandle HttpChannelState@69e0325c{s=HANDLING rs=BLOCKING os=COMPLETED is=IDLE awp=false se=false i=true al=0}
15:37:34.810 [qtp464872674-32] DEBUG org.eclipse.jetty.server.HttpChannelState - nextAction(false) COMPLETE HttpChannelState@69e0325c{s=HANDLING rs=COMPLETING os=COMPLETED is=IDLE awp=false se=false i=false al=0}
15:37:34.810 [qtp464872674-32] DEBUG org.eclipse.jetty.server.HttpChannel - action COMPLETE HttpChannelOverHttp@4430f65c{s=HttpChannelState@69e0325c{s=HANDLING rs=COMPLETING os=COMPLETED is=IDLE awp=false se=false i=false al=0},r=1,c=false/true,a=HANDLING,uri=http://localhost:8080/images,age=81}
15:37:34.810 [qtp464872674-32] DEBUG org.eclipse.jetty.server.HttpOutput - complete(org.eclipse.jetty.util.Callback$3@7373af62) s=CLOSED,api=BLOCKING,sc=false,e=null s=true e=null, c=null
15:37:34.810 [main] DEBUG org.apache.http.impl.conn.DefaultManagedHttpClientConnection - http-outgoing-5: Close connection
15:37:34.810 [qtp464872674-32] DEBUG org.eclipse.jetty.server.HttpChannelState - completed HttpChannelState@69e0325c{s=HANDLING rs=COMPLETING os=COMPLETED is=IDLE awp=false se=false i=false al=0}
15:37:34.810 [qtp464872674-32] DEBUG org.eclipse.jetty.server.HttpChannelState - unhandle HttpChannelState@69e0325c{s=HANDLING rs=COMPLETED os=COMPLETED is=IDLE awp=false se=false i=false al=0}
15:37:34.810 [qtp464872674-32] DEBUG org.eclipse.jetty.server.HttpChannelState - nextAction(false) TERMINATED HttpChannelState@69e0325c{s=IDLE rs=COMPLETED os=COMPLETED is=IDLE awp=false se=false i=false al=0}
15:37:34.810 [qtp464872674-32] DEBUG org.eclipse.jetty.server.HttpChannel - action TERMINATED HttpChannelOverHttp@4430f65c{s=HttpChannelState@69e0325c{s=IDLE rs=COMPLETED os=COMPLETED is=IDLE awp=false se=false i=false al=0},r=1,c=true/true,a=IDLE,uri=http://localhost:8080/images,age=81}
15:37:34.810 [qtp464872674-32] DEBUG org.eclipse.jetty.server.HttpChannel - onCompleted for /images written=83
15:37:34.810 [main] DEBUG org.apache.http.impl.execchain.MainClientExec - Connection discarded
15:37:34.810 [qtp464872674-32] DEBUG org.eclipse.jetty.server.HttpInput - consumeAll HttpInput@1794487414 cs=HttpChannelState@69e0325c{s=IDLE rs=COMPLETED os=COMPLETED is=IDLE awp=false se=false i=false al=0} cp=org.eclipse.jetty.server.BlockingContentProducer@a458a3c eof=true
15:37:34.810 [qtp464872674-32] DEBUG org.eclipse.jetty.server.HttpChannelOverHttp - failing all content with org.eclipse.jetty.util.StaticException: Unconsumed content HttpChannelOverHttp@4430f65c{s=HttpChannelState@69e0325c{s=IDLE rs=COMPLETED os=COMPLETED is=IDLE awp=false se=false i=false al=0},r=1,c=true/true,a=IDLE,uri=http://localhost:8080/images,age=81}
15:37:34.810 [main] DEBUG org.apache.http.impl.conn.PoolingHttpClientConnectionManager - Connection released: [id: 5][route: {}->http://localhost:8080][total available: 0; route allocated: 0 of 5; total allocated: 0 of 10]
15:37:34.810 [main] DEBUG org.apache.http.impl.conn.PoolingHttpClientConnectionManager - Connection manager is shutting down
15:37:34.810 [qtp464872674-32] DEBUG org.eclipse.jetty.server.AsyncContentProducer - failed all content of http channel EOF=true AsyncContentProducer@4b86b9a0[r=ErrorContent [org.eclipse.jetty.util.StaticException: Unconsumed content],t=ErrorContent [org.eclipse.jetty.util.StaticException: Unconsumed content],i=null,error=false,c=HttpChannelOverHttp@4430f65c{s=HttpChannelState@69e0325c{s=IDLE rs=COMPLETED os=COMPLETED is=IDLE awp=false se=false i=false al=0},r=1,c=true/true,a=IDLE,uri=http://localhost:8080/images,age=81}]
15:37:34.811 [main] DEBUG org.apache.http.impl.conn.PoolingHttpClientConnectionManager - Connection manager shut down
15:37:34.811 [qtp464872674-32] DEBUG org.eclipse.jetty.server.HttpInput - isFinished=true HttpInput@1794487414 cs=HttpChannelState@69e0325c{s=IDLE rs=COMPLETED os=COMPLETED is=IDLE awp=false se=false i=false al=0} cp=org.eclipse.jetty.server.BlockingContentProducer@a458a3c eof=true
15:37:34.811 [qtp464872674-32] DEBUG org.eclipse.jetty.server.AsyncContentProducer - isError = false AsyncContentProducer@4b86b9a0[r=ErrorContent [org.eclipse.jetty.util.StaticException: Unconsumed content],t=ErrorContent [org.eclipse.jetty.util.StaticException: Unconsumed content],i=null,error=false,c=HttpChannelOverHttp@4430f65c{s=HttpChannelState@69e0325c{s=IDLE rs=COMPLETED os=COMPLETED is=IDLE awp=false se=false i=false al=0},r=1,c=true/true,a=IDLE,uri=http://localhost:8080/images,age=82}]
15:37:34.811 [qtp464872674-32] DEBUG org.eclipse.jetty.server.HttpInput - isError=false HttpInput@1794487414 cs=HttpChannelState@69e0325c{s=IDLE rs=COMPLETED os=COMPLETED is=IDLE awp=false se=false i=false al=0} cp=org.eclipse.jetty.server.BlockingContentProducer@a458a3c eof=true
15:37:34.811 [qtp464872674-32] DEBUG org.eclipse.jetty.server.HttpChannelState - recycle HttpChannelState@69e0325c{s=IDLE rs=COMPLETED os=COMPLETED is=IDLE awp=false se=false i=false al=0}
15:37:34.811 [main] DEBUG com.intuit.karate - response time in milliseconds: 95
1 < 201
1 < Content-Type: application/json
1 < Matched-Stub-Id: 9c034230-c781-4b2e-9b58-72552d303d4b
1 < Transfer-Encoding: chunked
{"id":"image-uuid-123","url":"http://localhost:8080/images/image-uuid-123.jpg"}

15:37:34.811 [qtp464872674-32] DEBUG org.eclipse.jetty.server.HttpInput - recycle HttpInput@1794487414 cs=HttpChannelState@69e0325c{s=IDLE rs=BLOCKING os=OPEN is=IDLE awp=false se=false i=true al=0} cp=org.eclipse.jetty.server.BlockingContentProducer@a458a3c eof=true
15:37:34.811 [qtp464872674-32] DEBUG org.eclipse.jetty.server.BlockingContentProducer - recycling org.eclipse.jetty.server.BlockingContentProducer@a458a3c
15:37:34.811 [qtp464872674-32] DEBUG org.eclipse.jetty.server.AsyncContentProducer - recycling AsyncContentProducer@4b86b9a0[r=ErrorContent [org.eclipse.jetty.util.StaticException: Unconsumed content],t=ErrorContent [org.eclipse.jetty.util.StaticException: Unconsumed content],i=null,error=false,c=HttpChannelOverHttp@4430f65c{s=HttpChannelState@69e0325c{s=IDLE rs=BLOCKING os=OPEN is=IDLE awp=false se=false i=true al=0},r=1,c=false/false,a=IDLE,uri=http://localhost:8080/images,age=82}]
15:37:34.811 [qtp464872674-32] DEBUG org.eclipse.jetty.http.HttpParser - reset HttpParser{s=END,186 of 186}
15:37:34.811 [qtp464872674-32] DEBUG org.eclipse.jetty.http.HttpParser - END --> START
15:37:34.811 [qtp464872674-32] DEBUG org.eclipse.jetty.server.HttpChannel - !handle TERMINATED HttpChannelOverHttp@4430f65c{s=HttpChannelState@69e0325c{s=IDLE rs=BLOCKING os=OPEN is=IDLE awp=false se=false i=true al=0},r=1,c=false/false,a=IDLE,uri=null,age=0}
15:37:34.811 [qtp464872674-32] DEBUG org.eclipse.jetty.io.AbstractEndPoint - shutdownInput NetworkTrafficSocketChannelEndPoint@6050e3b3[{l=/127.0.0.1:8080,r=/127.0.0.1:46282,OPEN,fill=-,flush=-,to=1/30000}{io=0/0,kio=0,kro=1}]->[HttpConnection@1ea6fb9[p=HttpParser{s=START,0 of -1},g=HttpGenerator@2581d1ce{s=START}]=>HttpChannelOverHttp@4430f65c{s=HttpChannelState@69e0325c{s=IDLE rs=BLOCKING os=OPEN is=IDLE awp=false se=false i=true al=0},r=1,c=false/false,a=IDLE,uri=null,age=0}]
15:37:34.812 [qtp464872674-32] DEBUG org.eclipse.jetty.io.SocketChannelEndPoint - filled -1 DirectByteBuffer@7fb0f97[p=0,l=0,c=8192,r=0]={<<<>>>POST /ima...\x00\x00\x00\x00\x00\x00\x00}
15:37:34.813 [qtp464872674-32] DEBUG org.eclipse.jetty.http.HttpParser - atEOF HttpParser{s=START,0 of -1}
15:37:34.813 [qtp464872674-32] DEBUG org.eclipse.jetty.server.HttpConnection - HttpConnection@1ea6fb9::NetworkTrafficSocketChannelEndPoint@6050e3b3[{l=/127.0.0.1:8080,r=/127.0.0.1:46282,ISHUT,fill=-,flush=-,to=3/30000}{io=0/0,kio=0,kro=1}]->[HttpConnection@1ea6fb9[p=HttpParser{s=START,0 of -1},g=HttpGenerator@2581d1ce{s=START}]=>HttpChannelOverHttp@4430f65c{s=HttpChannelState@69e0325c{s=IDLE rs=BLOCKING os=OPEN is=IDLE awp=false se=false i=true al=0},r=1,c=false/false,a=IDLE,uri=null,age=0}] filled -1 RetainableByteBuffer@2fcc58f2{DirectByteBuffer@7fb0f97[p=0,l=0,c=8192,r=0]={<<<>>>POST /ima...\x00\x00\x00\x00\x00\x00\x00},r=1}
15:37:34.813 [qtp464872674-32] DEBUG org.eclipse.jetty.server.HttpConnection - HttpConnection@1ea6fb9::NetworkTrafficSocketChannelEndPoint@6050e3b3[{l=/127.0.0.1:8080,r=/127.0.0.1:46282,ISHUT,fill=-,flush=-,to=4/30000}{io=0/0,kio=0,kro=1}]->[HttpConnection@1ea6fb9[p=HttpParser{s=START,0 of -1},g=HttpGenerator@2581d1ce{s=START}]=>HttpChannelOverHttp@4430f65c{s=HttpChannelState@69e0325c{s=IDLE rs=BLOCKING os=OPEN is=IDLE awp=false se=false i=true al=0},r=1,c=false/false,a=IDLE,uri=null,age=0}] parse RetainableByteBuffer@2fcc58f2{DirectByteBuffer@7fb0f97[p=0,l=0,c=8192,r=0]={<<<>>>POST /ima...\x00\x00\x00\x00\x00\x00\x00},r=1}
15:37:34.814 [qtp464872674-32] DEBUG org.eclipse.jetty.http.HttpParser - parseNext s=START DirectByteBuffer@7fb0f97[p=0,l=0,c=8192,r=0]={<<<>>>POST /ima...\x00\x00\x00\x00\x00\x00\x00}
15:37:34.814 [qtp464872674-32] DEBUG org.eclipse.jetty.http.HttpParser - START --> CLOSED
15:37:34.814 [qtp464872674-32] DEBUG org.eclipse.jetty.io.AbstractEndPoint - close NetworkTrafficSocketChannelEndPoint@6050e3b3[{l=/127.0.0.1:8080,r=/127.0.0.1:46282,ISHUT,fill=-,flush=-,to=4/30000}{io=0/0,kio=0,kro=1}]->[HttpConnection@1ea6fb9[p=HttpParser{s=CLOSED,0 of -1},g=HttpGenerator@2581d1ce{s=START}]=>HttpChannelOverHttp@4430f65c{s=HttpChannelState@69e0325c{s=IDLE rs=BLOCKING os=OPEN is=IDLE awp=false se=false i=true al=0},r=1,c=false/false,a=IDLE,uri=null,age=0}]
15:37:34.814 [qtp464872674-32] DEBUG org.eclipse.jetty.io.AbstractEndPoint - close(null) NetworkTrafficSocketChannelEndPoint@6050e3b3[{l=/127.0.0.1:8080,r=/127.0.0.1:46282,ISHUT,fill=-,flush=-,to=4/30000}{io=0/0,kio=0,kro=1}]->[HttpConnection@1ea6fb9[p=HttpParser{s=CLOSED,0 of -1},g=HttpGenerator@2581d1ce{s=START}]=>HttpChannelOverHttp@4430f65c{s=HttpChannelState@69e0325c{s=IDLE rs=BLOCKING os=OPEN is=IDLE awp=false se=false i=true al=0},r=1,c=false/false,a=IDLE,uri=null,age=0}]
15:37:34.814 [qtp464872674-32] DEBUG org.eclipse.jetty.io.SelectableChannelEndPoint - doClose NetworkTrafficSocketChannelEndPoint@6050e3b3[{l=/127.0.0.1:8080,r=/127.0.0.1:46282,CLOSED,fill=-,flush=-,to=4/30000}{io=0/0,kio=0,kro=1}]->[HttpConnection@1ea6fb9[p=HttpParser{s=CLOSED,0 of -1},g=HttpGenerator@2581d1ce{s=START}]=>HttpChannelOverHttp@4430f65c{s=HttpChannelState@69e0325c{s=IDLE rs=BLOCKING os=OPEN is=IDLE awp=false se=false i=true al=0},r=1,c=false/false,a=IDLE,uri=null,age=0}]
15:37:34.814 [qtp464872674-32] DEBUG org.eclipse.jetty.io.FillInterest - onClose FillInterest@4d9b75f0{null}
15:37:34.814 [qtp464872674-32] DEBUG org.eclipse.jetty.io.ManagedSelector - Wakeup ManagedSelector@264c5d07{STARTED} id=0 keys=1 selected=0 updates=0
15:37:34.814 [main] ERROR com.intuit.karate - classpath:features/images/uploadImage.feature:19
Then status 400
status code was: 201, expected: 400, response time in milliseconds: 95, url: http://localhost:8080/images, response: 
{"id":"image-uuid-123","url":"http://localhost:8080/images/image-uuid-123.jpg"}
classpath:features/images/uploadImage.feature:19
15:37:34.814 [qtp464872674-32] DEBUG org.eclipse.jetty.util.thread.QueuedThreadPool - queue org.eclipse.jetty.io.ManagedSelector$DestroyEndPoint@7a33331c startThread=0
15:37:34.815 [qtp464872674-31] DEBUG org.eclipse.jetty.io.ManagedSelector - Selector sun.nio.ch.EPollSelectorImpl@2fc285fd woken with none selected
15:37:34.814 [qtp464872674-26] DEBUG org.eclipse.jetty.util.thread.QueuedThreadPool - run org.eclipse.jetty.io.ManagedSelector$DestroyEndPoint@7a33331c in QueuedThreadPool[qtp464872674]@1bb564e2{STARTED,8<=8<=25,i=0,r=-1,t=54463ms,q=0}[ReservedThreadExecutor@70807224{reserved=1/2,pending=0}]
15:37:34.815 [qtp464872674-31] DEBUG org.eclipse.jetty.io.ManagedSelector - Selector sun.nio.ch.EPollSelectorImpl@2fc285fd woken up from select, 0/0/0 selected
15:37:34.815 [qtp464872674-31] DEBUG org.eclipse.jetty.io.ManagedSelector - Selector sun.nio.ch.EPollSelectorImpl@2fc285fd processing 0 keys, 0 updates
15:37:34.815 [qtp464872674-31] DEBUG org.eclipse.jetty.io.ManagedSelector - updateable 0
15:37:34.815 [qtp464872674-31] DEBUG org.eclipse.jetty.io.ManagedSelector - updates 0
15:37:34.815 [qtp464872674-31] DEBUG org.eclipse.jetty.io.ManagedSelector - Selector sun.nio.ch.EPollSelectorImpl@2fc285fd waiting with 0 keys
15:37:34.814 [qtp464872674-32] DEBUG org.eclipse.jetty.server.HttpConnection - HttpConnection@1ea6fb9::NetworkTrafficSocketChannelEndPoint@6050e3b3[{l=null,r=null,CLOSED,fill=-,flush=-,to=5/30000}{io=0/0,kio=-1,kro=-1}]->[HttpConnection@1ea6fb9[p=HttpParser{s=CLOSED,0 of -1},g=HttpGenerator@2581d1ce{s=START}]=>HttpChannelOverHttp@4430f65c{s=HttpChannelState@69e0325c{s=IDLE rs=BLOCKING os=OPEN is=IDLE awp=false se=false i=true al=0},r=1,c=false/false,a=IDLE,uri=null,age=0}] parsed false HttpParser{s=CLOSED,0 of -1}
15:37:34.815 [qtp464872674-26] DEBUG org.eclipse.jetty.io.ManagedSelector - Destroyed NetworkTrafficSocketChannelEndPoint@6050e3b3[{l=null,r=null,CLOSED,fill=-,flush=-,to=5/30000}{io=0/0,kio=-1,kro=-1}]->[HttpConnection@1ea6fb9[p=HttpParser{s=CLOSED,0 of -1},g=HttpGenerator@2581d1ce{s=START}]=>HttpChannelOverHttp@4430f65c{s=HttpChannelState@69e0325c{s=IDLE rs=BLOCKING os=OPEN is=IDLE awp=false se=false i=true al=0},r=1,c=false/false,a=IDLE,uri=null,age=0}]
15:37:34.815 [qtp464872674-32] DEBUG org.eclipse.jetty.server.HttpConnection - releaseRequestBuffer HttpConnection@1ea6fb9::NetworkTrafficSocketChannelEndPoint@6050e3b3[{l=null,r=null,CLOSED,fill=-,flush=-,to=5/30000}{io=0/0,kio=-1,kro=-1}]->[HttpConnection@1ea6fb9[p=HttpParser{s=CLOSED,0 of -1},g=HttpGenerator@2581d1ce{s=START}]=>HttpChannelOverHttp@4430f65c{s=HttpChannelState@69e0325c{s=IDLE rs=BLOCKING os=OPEN is=IDLE awp=false se=false i=true al=0},r=1,c=false/false,a=IDLE,uri=null,age=0}]
15:37:34.815 [qtp464872674-26] DEBUG org.eclipse.jetty.io.AbstractConnection - onClose HttpConnection@1ea6fb9::NetworkTrafficSocketChannelEndPoint@6050e3b3[{l=null,r=null,CLOSED,fill=-,flush=-,to=5/30000}{io=0/0,kio=-1,kro=-1}]->[HttpConnection@1ea6fb9[p=HttpParser{s=CLOSED,0 of -1},g=HttpGenerator@2581d1ce{s=START}]=>HttpChannelOverHttp@4430f65c{s=HttpChannelState@69e0325c{s=IDLE rs=BLOCKING os=OPEN is=IDLE awp=false se=false i=true al=0},r=1,c=false/false,a=IDLE,uri=null,age=0}]
15:37:34.815 [qtp464872674-26] DEBUG org.eclipse.jetty.util.thread.QueuedThreadPool - ran org.eclipse.jetty.io.ManagedSelector$DestroyEndPoint@7a33331c in QueuedThreadPool[qtp464872674]@1bb564e2{STARTED,8<=8<=25,i=0,r=-1,t=54462ms,q=0}[ReservedThreadExecutor@70807224{reserved=1/2,pending=0}]
15:37:34.815 [qtp464872674-26] DEBUG org.eclipse.jetty.util.thread.QueuedThreadPool - Evict skipped, no excess threads QueuedThreadPool[qtp464872674]@1bb564e2{STARTED,8<=8<=25,i=1,r=-1,t=54462ms,q=0}[ReservedThreadExecutor@70807224{reserved=1/2,pending=0}]
15:37:34.815 [qtp464872674-32] DEBUG org.eclipse.jetty.io.AbstractEndPoint - shutdownOutput NetworkTrafficSocketChannelEndPoint@6050e3b3[{l=null,r=null,CLOSED,fill=-,flush=-,to=6/30000}{io=0/0,kio=-1,kro=-1}]->[HttpConnection@1ea6fb9[p=HttpParser{s=CLOSED,0 of -1},g=HttpGenerator@2581d1ce{s=START}]=>HttpChannelOverHttp@4430f65c{s=HttpChannelState@69e0325c{s=IDLE rs=BLOCKING os=OPEN is=IDLE awp=false se=false i=true al=0},r=1,c=false/false,a=IDLE,uri=null,age=0}]
15:37:34.815 [qtp464872674-32] DEBUG org.eclipse.jetty.server.HttpConnection - HttpConnection@1ea6fb9::NetworkTrafficSocketChannelEndPoint@6050e3b3[{l=null,r=null,CLOSED,fill=-,flush=-,to=6/30000}{io=0/0,kio=-1,kro=-1}]->[HttpConnection@1ea6fb9[p=HttpParser{s=CLOSED,0 of -1},g=HttpGenerator@2581d1ce{s=START}]=>HttpChannelOverHttp@4430f65c{s=HttpChannelState@69e0325c{s=IDLE rs=BLOCKING os=OPEN is=IDLE awp=false se=false i=true al=0},r=1,c=false/false,a=IDLE,uri=null,age=0}] onFillable exit HttpChannelState@69e0325c{s=IDLE rs=BLOCKING os=OPEN is=IDLE awp=false se=false i=true al=0} null
15:37:34.816 [qtp464872674-32] DEBUG org.eclipse.jetty.util.thread.ReservedThreadExecutor - ReservedThread@2dc4c7bf{RUNNING,thread=Thread[qtp464872674-32,5,main]} was=RUNNING next=RESERVED size=0+2 capacity=2
15:37:34.816 [qtp464872674-32] DEBUG org.eclipse.jetty.util.thread.ReservedThreadExecutor - ReservedThread@2dc4c7bf{RESERVED,thread=Thread[qtp464872674-32,5,main]} waiting ReservedThreadExecutor@70807224{reserved=2/2,pending=0}
]]></system-out>
  </testcase>
  <testcase name="testAllFeatures[3][3]" classname="com.exemple.qa.runners.AllKarateTestsRunner" time="0.833"/>
</testsuite>