<?xml version="1.0" encoding="UTF-8"?>
<testsuite xmlns:xsi="http://www.w3.org/2001/XMLSchema-instance" xsi:noNamespaceSchemaLocation="https://maven.apache.org/surefire/maven-surefire-plugin/xsd/surefire-test-report.xsd" name="com.exemple.qa.runners.AllKarateTestsRunner" time="10.525" tests="15" errors="0" skipped="0" failures="7">
  <properties>
    <property name="java.specification.version" value="17"/>
    <property name="sun.jnu.encoding" value="UTF-8"/>
    <property name="java.class.path" value="/home/client/karate-api-project/target/test-classes:/home/client/karate-api-project/target/classes:/home/client/.m2/repository/junit/junit/3.8.1/junit-3.8.1.jar:/home/client/.m2/repository/com/intuit/karate/karate-core/1.4.1/karate-core-1.4.1.jar:/home/client/.m2/repository/org/graalvm/js/js-scriptengine/22.3.3/js-scriptengine-22.3.3.jar:/home/client/.m2/repository/org/graalvm/sdk/graal-sdk/22.3.3/graal-sdk-22.3.3.jar:/home/client/.m2/repository/org/graalvm/js/js/22.3.3/js-22.3.3.jar:/home/client/.m2/repository/org/graalvm/regex/regex/22.3.3/regex-22.3.3.jar:/home/client/.m2/repository/org/graalvm/truffle/truffle-api/22.3.3/truffle-api-22.3.3.jar:/home/client/.m2/repository/com/ibm/icu/icu4j/71.1/icu4j-71.1.jar:/home/client/.m2/repository/org/thymeleaf/thymeleaf/3.1.2.RELEASE/thymeleaf-3.1.2.RELEASE.jar:/home/client/.m2/repository/ognl/ognl/3.3.4/ognl-3.3.4.jar:/home/client/.m2/repository/org/javassist/javassist/3.29.0-GA/javassist-3.29.0-GA.jar:/home/client/.m2/repository/org/attoparser/attoparser/2.0.7.RELEASE/attoparser-2.0.7.RELEASE.jar:/home/client/.m2/repository/org/unbescape/unbescape/1.1.6.RELEASE/unbescape-1.1.6.RELEASE.jar:/home/client/.m2/repository/com/linecorp/armeria/armeria/1.25.2/armeria-1.25.2.jar:/home/client/.m2/repository/com/fasterxml/jackson/datatype/jackson-datatype-jdk8/2.15.2/jackson-datatype-jdk8-2.15.2.jar:/home/client/.m2/repository/io/micrometer/micrometer-core/1.11.3/micrometer-core-1.11.3.jar:/home/client/.m2/repository/io/micrometer/micrometer-commons/1.11.3/micrometer-commons-1.11.3.jar:/home/client/.m2/repository/io/micrometer/micrometer-observation/1.11.3/micrometer-observation-1.11.3.jar:/home/client/.m2/repository/org/hdrhistogram/HdrHistogram/2.1.12/HdrHistogram-2.1.12.jar:/home/client/.m2/repository/org/latencyutils/LatencyUtils/2.0.3/LatencyUtils-2.0.3.jar:/home/client/.m2/repository/io/netty/netty-transport/4.1.96.Final/netty-transport-4.1.96.Final.jar:/home/client/.m2/repository/io/netty/netty-common/4.1.96.Final/netty-common-4.1.96.Final.jar:/home/client/.m2/repository/io/netty/netty-buffer/4.1.96.Final/netty-buffer-4.1.96.Final.jar:/home/client/.m2/repository/io/netty/netty-resolver/4.1.96.Final/netty-resolver-4.1.96.Final.jar:/home/client/.m2/repository/io/netty/netty-codec-haproxy/4.1.96.Final/netty-codec-haproxy-4.1.96.Final.jar:/home/client/.m2/repository/io/netty/netty-codec/4.1.96.Final/netty-codec-4.1.96.Final.jar:/home/client/.m2/repository/io/netty/netty-codec-http2/4.1.96.Final/netty-codec-http2-4.1.96.Final.jar:/home/client/.m2/repository/io/netty/netty-handler/4.1.96.Final/netty-handler-4.1.96.Final.jar:/home/client/.m2/repository/io/netty/netty-codec-http/4.1.96.Final/netty-codec-http-4.1.96.Final.jar:/home/client/.m2/repository/io/netty/netty-resolver-dns/4.1.96.Final/netty-resolver-dns-4.1.96.Final.jar:/home/client/.m2/repository/io/netty/netty-codec-dns/4.1.96.Final/netty-codec-dns-4.1.96.Final.jar:/home/client/.m2/repository/org/reactivestreams/reactive-streams/1.0.4/reactive-streams-1.0.4.jar:/home/client/.m2/repository/com/google/code/findbugs/jsr305/3.0.2/jsr305-3.0.2.jar:/home/client/.m2/repository/io/netty/netty-handler-proxy/4.1.96.Final/netty-handler-proxy-4.1.96.Final.jar:/home/client/.m2/repository/io/netty/netty-codec-socks/4.1.96.Final/netty-codec-socks-4.1.96.Final.jar:/home/client/.m2/repository/io/netty/netty-transport-native-unix-common/4.1.96.Final/netty-transport-native-unix-common-4.1.96.Final-linux-x86_64.jar:/home/client/.m2/repository/io/netty/netty-transport-native-epoll/4.1.96.Final/netty-transport-native-epoll-4.1.96.Final-linux-x86_64.jar:/home/client/.m2/repository/io/netty/netty-transport-native-unix-common/4.1.96.Final/netty-transport-native-unix-common-4.1.96.Final.jar:/home/client/.m2/repository/io/netty/netty-transport-classes-epoll/4.1.96.Final/netty-transport-classes-epoll-4.1.96.Final.jar:/home/client/.m2/repository/io/netty/netty-transport-native-unix-common/4.1.96.Final/netty-transport-native-unix-common-4.1.96.Final-linux-aarch_64.jar:/home/client/.m2/repository/io/netty/netty-transport-native-epoll/4.1.96.Final/netty-transport-native-epoll-4.1.96.Final-linux-aarch_64.jar:/home/client/.m2/repository/io/netty/netty-transport-native-unix-common/4.1.96.Final/netty-transport-native-unix-common-4.1.96.Final-osx-x86_64.jar:/home/client/.m2/repository/io/netty/netty-transport-native-kqueue/4.1.96.Final/netty-transport-native-kqueue-4.1.96.Final-osx-x86_64.jar:/home/client/.m2/repository/io/netty/netty-transport-classes-kqueue/4.1.96.Final/netty-transport-classes-kqueue-4.1.96.Final.jar:/home/client/.m2/repository/io/netty/netty-resolver-dns-native-macos/4.1.96.Final/netty-resolver-dns-native-macos-4.1.96.Final-osx-x86_64.jar:/home/client/.m2/repository/io/netty/netty-resolver-dns-classes-macos/4.1.96.Final/netty-resolver-dns-classes-macos-4.1.96.Final.jar:/home/client/.m2/repository/io/netty/netty-transport-native-unix-common/4.1.96.Final/netty-transport-native-unix-common-4.1.96.Final-osx-aarch_64.jar:/home/client/.m2/repository/io/netty/netty-transport-native-kqueue/4.1.96.Final/netty-transport-native-kqueue-4.1.96.Final-osx-aarch_64.jar:/home/client/.m2/repository/io/netty/netty-resolver-dns-native-macos/4.1.96.Final/netty-resolver-dns-native-macos-4.1.96.Final-osx-aarch_64.jar:/home/client/.m2/repository/io/netty/netty-tcnative-boringssl-static/2.0.61.Final/netty-tcnative-boringssl-static-2.0.61.Final-linux-x86_64.jar:/home/client/.m2/repository/io/netty/netty-tcnative-classes/2.0.61.Final/netty-tcnative-classes-2.0.61.Final.jar:/home/client/.m2/repository/io/netty/netty-tcnative-boringssl-static/2.0.61.Final/netty-tcnative-boringssl-static-2.0.61.Final-linux-aarch_64.jar:/home/client/.m2/repository/io/netty/netty-tcnative-boringssl-static/2.0.61.Final/netty-tcnative-boringssl-static-2.0.61.Final-osx-x86_64.jar:/home/client/.m2/repository/io/netty/netty-tcnative-boringssl-static/2.0.61.Final/netty-tcnative-boringssl-static-2.0.61.Final-osx-aarch_64.jar:/home/client/.m2/repository/io/netty/netty-tcnative-boringssl-static/2.0.61.Final/netty-tcnative-boringssl-static-2.0.61.Final-windows-x86_64.jar:/home/client/.m2/repository/com/aayushatharva/brotli4j/brotli4j/1.12.0/brotli4j-1.12.0.jar:/home/client/.m2/repository/com/aayushatharva/brotli4j/service/1.12.0/service-1.12.0.jar:/home/client/.m2/repository/com/aayushatharva/brotli4j/native-linux-x86_64/1.12.0/native-linux-x86_64-1.12.0.jar:/home/client/.m2/repository/org/apache/httpcomponents/httpclient/4.5.14/httpclient-4.5.14.jar:/home/client/.m2/repository/org/apache/httpcomponents/httpcore/4.4.16/httpcore-4.4.16.jar:/home/client/.m2/repository/commons-codec/commons-codec/1.16.0/commons-codec-1.16.0.jar:/home/client/.m2/repository/ch/qos/logback/logback-classic/1.4.11/logback-classic-1.4.11.jar:/home/client/.m2/repository/ch/qos/logback/logback-core/1.4.11/logback-core-1.4.11.jar:/home/client/.m2/repository/org/slf4j/jcl-over-slf4j/2.0.9/jcl-over-slf4j-2.0.9.jar:/home/client/.m2/repository/org/antlr/antlr4-runtime/4.11.1/antlr4-runtime-4.11.1.jar:/home/client/.m2/repository/com/jayway/jsonpath/json-path/2.8.0/json-path-2.8.0.jar:/home/client/.m2/repository/net/minidev/json-smart/2.4.10/json-smart-2.4.10.jar:/home/client/.m2/repository/net/minidev/accessors-smart/2.4.9/accessors-smart-2.4.9.jar:/home/client/.m2/repository/org/yaml/snakeyaml/2.0/snakeyaml-2.0.jar:/home/client/.m2/repository/de/siegmar/fastcsv/2.2.1/fastcsv-2.2.1.jar:/home/client/.m2/repository/info/picocli/picocli/4.7.1/picocli-4.7.1.jar:/home/client/.m2/repository/io/github/classgraph/classgraph/4.8.160/classgraph-4.8.160.jar:/home/client/.m2/repository/io/github/t12y/resemble/1.0.2/resemble-1.0.2.jar:/home/client/.m2/repository/io/github/t12y/ssim/1.0.0/ssim-1.0.0.jar:/home/client/.m2/repository/com/intuit/karate/karate-junit5/1.4.1/karate-junit5-1.4.1.jar:/home/client/.m2/repository/org/junit/jupiter/junit-jupiter-api/5.9.3/junit-jupiter-api-5.9.3.jar:/home/client/.m2/repository/org/opentest4j/opentest4j/1.2.0/opentest4j-1.2.0.jar:/home/client/.m2/repository/org/junit/platform/junit-platform-commons/1.9.3/junit-platform-commons-1.9.3.jar:/home/client/.m2/repository/org/apiguardian/apiguardian-api/1.1.2/apiguardian-api-1.1.2.jar:/home/client/.m2/repository/org/junit/jupiter/junit-jupiter-engine/5.9.3/junit-jupiter-engine-5.9.3.jar:/home/client/.m2/repository/org/junit/platform/junit-platform-engine/1.9.3/junit-platform-engine-1.9.3.jar:/home/client/.m2/repository/org/slf4j/slf4j-simple/2.0.17/slf4j-simple-2.0.17.jar:/home/client/.m2/repository/org/slf4j/slf4j-api/2.0.17/slf4j-api-2.0.17.jar:/home/client/.m2/repository/org/wiremock/wiremock/3.0.1/wiremock-3.0.1.jar:/home/client/.m2/repository/org/eclipse/jetty/jetty-server/11.0.15/jetty-server-11.0.15.jar:/home/client/.m2/repository/org/eclipse/jetty/toolchain/jetty-jakarta-servlet-api/5.0.2/jetty-jakarta-servlet-api-5.0.2.jar:/home/client/.m2/repository/org/eclipse/jetty/jetty-http/11.0.15/jetty-http-11.0.15.jar:/home/client/.m2/repository/org/eclipse/jetty/jetty-io/11.0.15/jetty-io-11.0.15.jar:/home/client/.m2/repository/org/eclipse/jetty/jetty-servlet/11.0.15/jetty-servlet-11.0.15.jar:/home/client/.m2/repository/org/eclipse/jetty/jetty-security/11.0.15/jetty-security-11.0.15.jar:/home/client/.m2/repository/org/eclipse/jetty/jetty-servlets/11.0.15/jetty-servlets-11.0.15.jar:/home/client/.m2/repository/org/eclipse/jetty/jetty-util/11.0.15/jetty-util-11.0.15.jar:/home/client/.m2/repository/org/eclipse/jetty/jetty-webapp/11.0.15/jetty-webapp-11.0.15.jar:/home/client/.m2/repository/org/eclipse/jetty/jetty-xml/11.0.15/jetty-xml-11.0.15.jar:/home/client/.m2/repository/org/eclipse/jetty/jetty-proxy/11.0.15/jetty-proxy-11.0.15.jar:/home/client/.m2/repository/org/eclipse/jetty/jetty-client/11.0.15/jetty-client-11.0.15.jar:/home/client/.m2/repository/org/eclipse/jetty/http2/http2-server/11.0.15/http2-server-11.0.15.jar:/home/client/.m2/repository/org/eclipse/jetty/http2/http2-common/11.0.15/http2-common-11.0.15.jar:/home/client/.m2/repository/org/eclipse/jetty/http2/http2-hpack/11.0.15/http2-hpack-11.0.15.jar:/home/client/.m2/repository/org/eclipse/jetty/jetty-alpn-server/11.0.15/jetty-alpn-server-11.0.15.jar:/home/client/.m2/repository/org/eclipse/jetty/jetty-alpn-java-server/11.0.15/jetty-alpn-java-server-11.0.15.jar:/home/client/.m2/repository/org/eclipse/jetty/jetty-alpn-java-client/11.0.15/jetty-alpn-java-client-11.0.15.jar:/home/client/.m2/repository/org/eclipse/jetty/jetty-alpn-client/11.0.15/jetty-alpn-client-11.0.15.jar:/home/client/.m2/repository/com/google/guava/guava/32.1.2-jre/guava-32.1.2-jre.jar:/home/client/.m2/repository/com/google/guava/failureaccess/1.0.1/failureaccess-1.0.1.jar:/home/client/.m2/repository/com/google/guava/listenablefuture/9999.0-empty-to-avoid-conflict-with-guava/listenablefuture-9999.0-empty-to-avoid-conflict-with-guava.jar:/home/client/.m2/repository/org/checkerframework/checker-qual/3.33.0/checker-qual-3.33.0.jar:/home/client/.m2/repository/com/google/errorprone/error_prone_annotations/2.18.0/error_prone_annotations-2.18.0.jar:/home/client/.m2/repository/com/google/j2objc/j2objc-annotations/2.8/j2objc-annotations-2.8.jar:/home/client/.m2/repository/com/fasterxml/jackson/core/jackson-core/2.15.2/jackson-core-2.15.2.jar:/home/client/.m2/repository/com/fasterxml/jackson/core/jackson-annotations/2.15.2/jackson-annotations-2.15.2.jar:/home/client/.m2/repository/com/fasterxml/jackson/core/jackson-databind/2.15.2/jackson-databind-2.15.2.jar:/home/client/.m2/repository/com/fasterxml/jackson/datatype/jackson-datatype-jsr310/2.15.2/jackson-datatype-jsr310-2.15.2.jar:/home/client/.m2/repository/org/apache/httpcomponents/client5/httpclient5/5.2.1/httpclient5-5.2.1.jar:/home/client/.m2/repository/org/apache/httpcomponents/core5/httpcore5/5.2/httpcore5-5.2.jar:/home/client/.m2/repository/org/apache/httpcomponents/core5/httpcore5-h2/5.2/httpcore5-h2-5.2.jar:/home/client/.m2/repository/org/xmlunit/xmlunit-core/2.9.1/xmlunit-core-2.9.1.jar:/home/client/.m2/repository/jakarta/xml/bind/jakarta.xml.bind-api/2.3.3/jakarta.xml.bind-api-2.3.3.jar:/home/client/.m2/repository/jakarta/activation/jakarta.activation-api/1.2.2/jakarta.activation-api-1.2.2.jar:/home/client/.m2/repository/org/xmlunit/xmlunit-legacy/2.9.1/xmlunit-legacy-2.9.1.jar:/home/client/.m2/repository/org/xmlunit/xmlunit-placeholders/2.9.1/xmlunit-placeholders-2.9.1.jar:/home/client/.m2/repository/net/javacrumbs/json-unit/json-unit-core/2.38.0/json-unit-core-2.38.0.jar:/home/client/.m2/repository/org/hamcrest/hamcrest-core/2.2/hamcrest-core-2.2.jar:/home/client/.m2/repository/org/hamcrest/hamcrest/2.2/hamcrest-2.2.jar:/home/client/.m2/repository/org/ow2/asm/asm/9.5/asm-9.5.jar:/home/client/.m2/repository/net/sf/jopt-simple/jopt-simple/5.0.4/jopt-simple-5.0.4.jar:/home/client/.m2/repository/org/apache/commons/commons-lang3/3.13.0/commons-lang3-3.13.0.jar:/home/client/.m2/repository/com/github/jknack/handlebars-helpers/4.3.1/handlebars-helpers-4.3.1.jar:/home/client/.m2/repository/commons-fileupload/commons-fileupload/1.5/commons-fileupload-1.5.jar:/home/client/.m2/repository/commons-io/commons-io/2.13.0/commons-io-2.13.0.jar:/home/client/.m2/repository/com/networknt/json-schema-validator/1.0.86/json-schema-validator-1.0.86.jar:/home/client/.m2/repository/com/ethlo/time/itu/1.7.0/itu-1.7.0.jar:/home/client/.m2/repository/com/fasterxml/jackson/dataformat/jackson-dataformat-yaml/2.15.2/jackson-dataformat-yaml-2.15.2.jar:/home/client/.m2/repository/com/github/jknack/handlebars/4.3.1/handlebars-4.3.1.jar:/home/client/.m2/repository/org/wiremock/wiremock-standalone/3.0.1/wiremock-standalone-3.0.1.jar:"/>
    <property name="java.vm.vendor" value="Ubuntu"/>
    <property name="sun.arch.data.model" value="64"/>
    <property name="java.vendor.url" value="https://ubuntu.com/"/>
    <property name="os.name" value="Linux"/>
    <property name="java.vm.specification.version" value="17"/>
    <property name="sun.java.launcher" value="SUN_STANDARD"/>
    <property name="user.country" value="FR"/>
    <property name="sun.boot.library.path" value="/usr/lib/jvm/java-17-openjdk-amd64/lib"/>
    <property name="sun.java.command" value="/home/client/karate-api-project/target/surefire/surefirebooter3614883829667047817.jar /home/client/karate-api-project/target/surefire 2025-07-13T16-06-26_577-jvmRun1 surefire18421780224526061363tmp surefire_05335129889636513606tmp"/>
    <property name="jdk.debug" value="release"/>
    <property name="test" value="AllKarateTestsRunner"/>
    <property name="surefire.test.class.path" value="/home/client/karate-api-project/target/test-classes:/home/client/karate-api-project/target/classes:/home/client/.m2/repository/junit/junit/3.8.1/junit-3.8.1.jar:/home/client/.m2/repository/com/intuit/karate/karate-core/1.4.1/karate-core-1.4.1.jar:/home/client/.m2/repository/org/graalvm/js/js-scriptengine/22.3.3/js-scriptengine-22.3.3.jar:/home/client/.m2/repository/org/graalvm/sdk/graal-sdk/22.3.3/graal-sdk-22.3.3.jar:/home/client/.m2/repository/org/graalvm/js/js/22.3.3/js-22.3.3.jar:/home/client/.m2/repository/org/graalvm/regex/regex/22.3.3/regex-22.3.3.jar:/home/client/.m2/repository/org/graalvm/truffle/truffle-api/22.3.3/truffle-api-22.3.3.jar:/home/client/.m2/repository/com/ibm/icu/icu4j/71.1/icu4j-71.1.jar:/home/client/.m2/repository/org/thymeleaf/thymeleaf/3.1.2.RELEASE/thymeleaf-3.1.2.RELEASE.jar:/home/client/.m2/repository/ognl/ognl/3.3.4/ognl-3.3.4.jar:/home/client/.m2/repository/org/javassist/javassist/3.29.0-GA/javassist-3.29.0-GA.jar:/home/client/.m2/repository/org/attoparser/attoparser/2.0.7.RELEASE/attoparser-2.0.7.RELEASE.jar:/home/client/.m2/repository/org/unbescape/unbescape/1.1.6.RELEASE/unbescape-1.1.6.RELEASE.jar:/home/client/.m2/repository/com/linecorp/armeria/armeria/1.25.2/armeria-1.25.2.jar:/home/client/.m2/repository/com/fasterxml/jackson/datatype/jackson-datatype-jdk8/2.15.2/jackson-datatype-jdk8-2.15.2.jar:/home/client/.m2/repository/io/micrometer/micrometer-core/1.11.3/micrometer-core-1.11.3.jar:/home/client/.m2/repository/io/micrometer/micrometer-commons/1.11.3/micrometer-commons-1.11.3.jar:/home/client/.m2/repository/io/micrometer/micrometer-observation/1.11.3/micrometer-observation-1.11.3.jar:/home/client/.m2/repository/org/hdrhistogram/HdrHistogram/2.1.12/HdrHistogram-2.1.12.jar:/home/client/.m2/repository/org/latencyutils/LatencyUtils/2.0.3/LatencyUtils-2.0.3.jar:/home/client/.m2/repository/io/netty/netty-transport/4.1.96.Final/netty-transport-4.1.96.Final.jar:/home/client/.m2/repository/io/netty/netty-common/4.1.96.Final/netty-common-4.1.96.Final.jar:/home/client/.m2/repository/io/netty/netty-buffer/4.1.96.Final/netty-buffer-4.1.96.Final.jar:/home/client/.m2/repository/io/netty/netty-resolver/4.1.96.Final/netty-resolver-4.1.96.Final.jar:/home/client/.m2/repository/io/netty/netty-codec-haproxy/4.1.96.Final/netty-codec-haproxy-4.1.96.Final.jar:/home/client/.m2/repository/io/netty/netty-codec/4.1.96.Final/netty-codec-4.1.96.Final.jar:/home/client/.m2/repository/io/netty/netty-codec-http2/4.1.96.Final/netty-codec-http2-4.1.96.Final.jar:/home/client/.m2/repository/io/netty/netty-handler/4.1.96.Final/netty-handler-4.1.96.Final.jar:/home/client/.m2/repository/io/netty/netty-codec-http/4.1.96.Final/netty-codec-http-4.1.96.Final.jar:/home/client/.m2/repository/io/netty/netty-resolver-dns/4.1.96.Final/netty-resolver-dns-4.1.96.Final.jar:/home/client/.m2/repository/io/netty/netty-codec-dns/4.1.96.Final/netty-codec-dns-4.1.96.Final.jar:/home/client/.m2/repository/org/reactivestreams/reactive-streams/1.0.4/reactive-streams-1.0.4.jar:/home/client/.m2/repository/com/google/code/findbugs/jsr305/3.0.2/jsr305-3.0.2.jar:/home/client/.m2/repository/io/netty/netty-handler-proxy/4.1.96.Final/netty-handler-proxy-4.1.96.Final.jar:/home/client/.m2/repository/io/netty/netty-codec-socks/4.1.96.Final/netty-codec-socks-4.1.96.Final.jar:/home/client/.m2/repository/io/netty/netty-transport-native-unix-common/4.1.96.Final/netty-transport-native-unix-common-4.1.96.Final-linux-x86_64.jar:/home/client/.m2/repository/io/netty/netty-transport-native-epoll/4.1.96.Final/netty-transport-native-epoll-4.1.96.Final-linux-x86_64.jar:/home/client/.m2/repository/io/netty/netty-transport-native-unix-common/4.1.96.Final/netty-transport-native-unix-common-4.1.96.Final.jar:/home/client/.m2/repository/io/netty/netty-transport-classes-epoll/4.1.96.Final/netty-transport-classes-epoll-4.1.96.Final.jar:/home/client/.m2/repository/io/netty/netty-transport-native-unix-common/4.1.96.Final/netty-transport-native-unix-common-4.1.96.Final-linux-aarch_64.jar:/home/client/.m2/repository/io/netty/netty-transport-native-epoll/4.1.96.Final/netty-transport-native-epoll-4.1.96.Final-linux-aarch_64.jar:/home/client/.m2/repository/io/netty/netty-transport-native-unix-common/4.1.96.Final/netty-transport-native-unix-common-4.1.96.Final-osx-x86_64.jar:/home/client/.m2/repository/io/netty/netty-transport-native-kqueue/4.1.96.Final/netty-transport-native-kqueue-4.1.96.Final-osx-x86_64.jar:/home/client/.m2/repository/io/netty/netty-transport-classes-kqueue/4.1.96.Final/netty-transport-classes-kqueue-4.1.96.Final.jar:/home/client/.m2/repository/io/netty/netty-resolver-dns-native-macos/4.1.96.Final/netty-resolver-dns-native-macos-4.1.96.Final-osx-x86_64.jar:/home/client/.m2/repository/io/netty/netty-resolver-dns-classes-macos/4.1.96.Final/netty-resolver-dns-classes-macos-4.1.96.Final.jar:/home/client/.m2/repository/io/netty/netty-transport-native-unix-common/4.1.96.Final/netty-transport-native-unix-common-4.1.96.Final-osx-aarch_64.jar:/home/client/.m2/repository/io/netty/netty-transport-native-kqueue/4.1.96.Final/netty-transport-native-kqueue-4.1.96.Final-osx-aarch_64.jar:/home/client/.m2/repository/io/netty/netty-resolver-dns-native-macos/4.1.96.Final/netty-resolver-dns-native-macos-4.1.96.Final-osx-aarch_64.jar:/home/client/.m2/repository/io/netty/netty-tcnative-boringssl-static/2.0.61.Final/netty-tcnative-boringssl-static-2.0.61.Final-linux-x86_64.jar:/home/client/.m2/repository/io/netty/netty-tcnative-classes/2.0.61.Final/netty-tcnative-classes-2.0.61.Final.jar:/home/client/.m2/repository/io/netty/netty-tcnative-boringssl-static/2.0.61.Final/netty-tcnative-boringssl-static-2.0.61.Final-linux-aarch_64.jar:/home/client/.m2/repository/io/netty/netty-tcnative-boringssl-static/2.0.61.Final/netty-tcnative-boringssl-static-2.0.61.Final-osx-x86_64.jar:/home/client/.m2/repository/io/netty/netty-tcnative-boringssl-static/2.0.61.Final/netty-tcnative-boringssl-static-2.0.61.Final-osx-aarch_64.jar:/home/client/.m2/repository/io/netty/netty-tcnative-boringssl-static/2.0.61.Final/netty-tcnative-boringssl-static-2.0.61.Final-windows-x86_64.jar:/home/client/.m2/repository/com/aayushatharva/brotli4j/brotli4j/1.12.0/brotli4j-1.12.0.jar:/home/client/.m2/repository/com/aayushatharva/brotli4j/service/1.12.0/service-1.12.0.jar:/home/client/.m2/repository/com/aayushatharva/brotli4j/native-linux-x86_64/1.12.0/native-linux-x86_64-1.12.0.jar:/home/client/.m2/repository/org/apache/httpcomponents/httpclient/4.5.14/httpclient-4.5.14.jar:/home/client/.m2/repository/org/apache/httpcomponents/httpcore/4.4.16/httpcore-4.4.16.jar:/home/client/.m2/repository/commons-codec/commons-codec/1.16.0/commons-codec-1.16.0.jar:/home/client/.m2/repository/ch/qos/logback/logback-classic/1.4.11/logback-classic-1.4.11.jar:/home/client/.m2/repository/ch/qos/logback/logback-core/1.4.11/logback-core-1.4.11.jar:/home/client/.m2/repository/org/slf4j/jcl-over-slf4j/2.0.9/jcl-over-slf4j-2.0.9.jar:/home/client/.m2/repository/org/antlr/antlr4-runtime/4.11.1/antlr4-runtime-4.11.1.jar:/home/client/.m2/repository/com/jayway/jsonpath/json-path/2.8.0/json-path-2.8.0.jar:/home/client/.m2/repository/net/minidev/json-smart/2.4.10/json-smart-2.4.10.jar:/home/client/.m2/repository/net/minidev/accessors-smart/2.4.9/accessors-smart-2.4.9.jar:/home/client/.m2/repository/org/yaml/snakeyaml/2.0/snakeyaml-2.0.jar:/home/client/.m2/repository/de/siegmar/fastcsv/2.2.1/fastcsv-2.2.1.jar:/home/client/.m2/repository/info/picocli/picocli/4.7.1/picocli-4.7.1.jar:/home/client/.m2/repository/io/github/classgraph/classgraph/4.8.160/classgraph-4.8.160.jar:/home/client/.m2/repository/io/github/t12y/resemble/1.0.2/resemble-1.0.2.jar:/home/client/.m2/repository/io/github/t12y/ssim/1.0.0/ssim-1.0.0.jar:/home/client/.m2/repository/com/intuit/karate/karate-junit5/1.4.1/karate-junit5-1.4.1.jar:/home/client/.m2/repository/org/junit/jupiter/junit-jupiter-api/5.9.3/junit-jupiter-api-5.9.3.jar:/home/client/.m2/repository/org/opentest4j/opentest4j/1.2.0/opentest4j-1.2.0.jar:/home/client/.m2/repository/org/junit/platform/junit-platform-commons/1.9.3/junit-platform-commons-1.9.3.jar:/home/client/.m2/repository/org/apiguardian/apiguardian-api/1.1.2/apiguardian-api-1.1.2.jar:/home/client/.m2/repository/org/junit/jupiter/junit-jupiter-engine/5.9.3/junit-jupiter-engine-5.9.3.jar:/home/client/.m2/repository/org/junit/platform/junit-platform-engine/1.9.3/junit-platform-engine-1.9.3.jar:/home/client/.m2/repository/org/slf4j/slf4j-simple/2.0.17/slf4j-simple-2.0.17.jar:/home/client/.m2/repository/org/slf4j/slf4j-api/2.0.17/slf4j-api-2.0.17.jar:/home/client/.m2/repository/org/wiremock/wiremock/3.0.1/wiremock-3.0.1.jar:/home/client/.m2/repository/org/eclipse/jetty/jetty-server/11.0.15/jetty-server-11.0.15.jar:/home/client/.m2/repository/org/eclipse/jetty/toolchain/jetty-jakarta-servlet-api/5.0.2/jetty-jakarta-servlet-api-5.0.2.jar:/home/client/.m2/repository/org/eclipse/jetty/jetty-http/11.0.15/jetty-http-11.0.15.jar:/home/client/.m2/repository/org/eclipse/jetty/jetty-io/11.0.15/jetty-io-11.0.15.jar:/home/client/.m2/repository/org/eclipse/jetty/jetty-servlet/11.0.15/jetty-servlet-11.0.15.jar:/home/client/.m2/repository/org/eclipse/jetty/jetty-security/11.0.15/jetty-security-11.0.15.jar:/home/client/.m2/repository/org/eclipse/jetty/jetty-servlets/11.0.15/jetty-servlets-11.0.15.jar:/home/client/.m2/repository/org/eclipse/jetty/jetty-util/11.0.15/jetty-util-11.0.15.jar:/home/client/.m2/repository/org/eclipse/jetty/jetty-webapp/11.0.15/jetty-webapp-11.0.15.jar:/home/client/.m2/repository/org/eclipse/jetty/jetty-xml/11.0.15/jetty-xml-11.0.15.jar:/home/client/.m2/repository/org/eclipse/jetty/jetty-proxy/11.0.15/jetty-proxy-11.0.15.jar:/home/client/.m2/repository/org/eclipse/jetty/jetty-client/11.0.15/jetty-client-11.0.15.jar:/home/client/.m2/repository/org/eclipse/jetty/http2/http2-server/11.0.15/http2-server-11.0.15.jar:/home/client/.m2/repository/org/eclipse/jetty/http2/http2-common/11.0.15/http2-common-11.0.15.jar:/home/client/.m2/repository/org/eclipse/jetty/http2/http2-hpack/11.0.15/http2-hpack-11.0.15.jar:/home/client/.m2/repository/org/eclipse/jetty/jetty-alpn-server/11.0.15/jetty-alpn-server-11.0.15.jar:/home/client/.m2/repository/org/eclipse/jetty/jetty-alpn-java-server/11.0.15/jetty-alpn-java-server-11.0.15.jar:/home/client/.m2/repository/org/eclipse/jetty/jetty-alpn-java-client/11.0.15/jetty-alpn-java-client-11.0.15.jar:/home/client/.m2/repository/org/eclipse/jetty/jetty-alpn-client/11.0.15/jetty-alpn-client-11.0.15.jar:/home/client/.m2/repository/com/google/guava/guava/32.1.2-jre/guava-32.1.2-jre.jar:/home/client/.m2/repository/com/google/guava/failureaccess/1.0.1/failureaccess-1.0.1.jar:/home/client/.m2/repository/com/google/guava/listenablefuture/9999.0-empty-to-avoid-conflict-with-guava/listenablefuture-9999.0-empty-to-avoid-conflict-with-guava.jar:/home/client/.m2/repository/org/checkerframework/checker-qual/3.33.0/checker-qual-3.33.0.jar:/home/client/.m2/repository/com/google/errorprone/error_prone_annotations/2.18.0/error_prone_annotations-2.18.0.jar:/home/client/.m2/repository/com/google/j2objc/j2objc-annotations/2.8/j2objc-annotations-2.8.jar:/home/client/.m2/repository/com/fasterxml/jackson/core/jackson-core/2.15.2/jackson-core-2.15.2.jar:/home/client/.m2/repository/com/fasterxml/jackson/core/jackson-annotations/2.15.2/jackson-annotations-2.15.2.jar:/home/client/.m2/repository/com/fasterxml/jackson/core/jackson-databind/2.15.2/jackson-databind-2.15.2.jar:/home/client/.m2/repository/com/fasterxml/jackson/datatype/jackson-datatype-jsr310/2.15.2/jackson-datatype-jsr310-2.15.2.jar:/home/client/.m2/repository/org/apache/httpcomponents/client5/httpclient5/5.2.1/httpclient5-5.2.1.jar:/home/client/.m2/repository/org/apache/httpcomponents/core5/httpcore5/5.2/httpcore5-5.2.jar:/home/client/.m2/repository/org/apache/httpcomponents/core5/httpcore5-h2/5.2/httpcore5-h2-5.2.jar:/home/client/.m2/repository/org/xmlunit/xmlunit-core/2.9.1/xmlunit-core-2.9.1.jar:/home/client/.m2/repository/jakarta/xml/bind/jakarta.xml.bind-api/2.3.3/jakarta.xml.bind-api-2.3.3.jar:/home/client/.m2/repository/jakarta/activation/jakarta.activation-api/1.2.2/jakarta.activation-api-1.2.2.jar:/home/client/.m2/repository/org/xmlunit/xmlunit-legacy/2.9.1/xmlunit-legacy-2.9.1.jar:/home/client/.m2/repository/org/xmlunit/xmlunit-placeholders/2.9.1/xmlunit-placeholders-2.9.1.jar:/home/client/.m2/repository/net/javacrumbs/json-unit/json-unit-core/2.38.0/json-unit-core-2.38.0.jar:/home/client/.m2/repository/org/hamcrest/hamcrest-core/2.2/hamcrest-core-2.2.jar:/home/client/.m2/repository/org/hamcrest/hamcrest/2.2/hamcrest-2.2.jar:/home/client/.m2/repository/org/ow2/asm/asm/9.5/asm-9.5.jar:/home/client/.m2/repository/net/sf/jopt-simple/jopt-simple/5.0.4/jopt-simple-5.0.4.jar:/home/client/.m2/repository/org/apache/commons/commons-lang3/3.13.0/commons-lang3-3.13.0.jar:/home/client/.m2/repository/com/github/jknack/handlebars-helpers/4.3.1/handlebars-helpers-4.3.1.jar:/home/client/.m2/repository/commons-fileupload/commons-fileupload/1.5/commons-fileupload-1.5.jar:/home/client/.m2/repository/commons-io/commons-io/2.13.0/commons-io-2.13.0.jar:/home/client/.m2/repository/com/networknt/json-schema-validator/1.0.86/json-schema-validator-1.0.86.jar:/home/client/.m2/repository/com/ethlo/time/itu/1.7.0/itu-1.7.0.jar:/home/client/.m2/repository/com/fasterxml/jackson/dataformat/jackson-dataformat-yaml/2.15.2/jackson-dataformat-yaml-2.15.2.jar:/home/client/.m2/repository/com/github/jknack/handlebars/4.3.1/handlebars-4.3.1.jar:/home/client/.m2/repository/org/wiremock/wiremock-standalone/3.0.1/wiremock-standalone-3.0.1.jar:"/>
    <property name="sun.cpu.endian" value="little"/>
    <property name="user.home" value="/home/client"/>
    <property name="user.language" value="fr"/>
    <property name="java.specification.vendor" value="Oracle Corporation"/>
    <property name="java.version.date" value="2025-04-15"/>
    <property name="java.home" value="/usr/lib/jvm/java-17-openjdk-amd64"/>
    <property name="file.separator" value="/"/>
    <property name="basedir" value="/home/client/karate-api-project"/>
    <property name="java.vm.compressedOopsMode" value="Zero based"/>
    <property name="line.separator" value="&#10;"/>
    <property name="java.vm.specification.vendor" value="Oracle Corporation"/>
    <property name="java.specification.name" value="Java Platform API Specification"/>
    <property name="surefire.real.class.path" value="/home/client/karate-api-project/target/surefire/surefirebooter3614883829667047817.jar"/>
    <property name="sun.management.compiler" value="HotSpot 64-Bit Tiered Compilers"/>
    <property name="java.runtime.version" value="17.0.15+6-Ubuntu-0ubuntu122.04"/>
    <property name="user.name" value="client"/>
    <property name="path.separator" value=":"/>
    <property name="os.version" value="6.8.0-60-generic"/>
    <property name="java.runtime.name" value="OpenJDK Runtime Environment"/>
    <property name="file.encoding" value="UTF-8"/>
    <property name="java.vm.name" value="OpenJDK 64-Bit Server VM"/>
    <property name="localRepository" value="/home/client/.m2/repository"/>
    <property name="java.vendor.url.bug" value="https://bugs.launchpad.net/ubuntu/+source/openjdk-17"/>
    <property name="java.io.tmpdir" value="/tmp"/>
    <property name="java.version" value="17.0.15"/>
    <property name="user.dir" value="/home/client/karate-api-project"/>
    <property name="os.arch" value="amd64"/>
    <property name="java.vm.specification.name" value="Java Virtual Machine Specification"/>
    <property name="native.encoding" value="UTF-8"/>
    <property name="java.library.path" value="/usr/java/packages/lib:/usr/lib/x86_64-linux-gnu/jni:/lib/x86_64-linux-gnu:/usr/lib/x86_64-linux-gnu:/usr/lib/jni:/lib:/usr/lib"/>
    <property name="java.vm.info" value="mixed mode, sharing"/>
    <property name="java.vendor" value="Ubuntu"/>
    <property name="java.vm.version" value="17.0.15+6-Ubuntu-0ubuntu122.04"/>
    <property name="java.specification.maintenance.version" value="1"/>
    <property name="sun.io.unicode.encoding" value="UnicodeLittle"/>
    <property name="java.class.version" value="61.0"/>
  </properties>
  <testcase name="testAllFeatures[1][1]" classname="com.exemple.qa.runners.AllKarateTestsRunner" time="2.314">
    <failure message="status code was: 404, expected: 201, response time in milliseconds: 545, url: http://localhost:8080/variants, response: &#10;&#10;                                               Request was not matched&#10;                                               =======================&#10;&#10;-----------------------------------------------------------------------------------------------------------------------&#10;| Closest stub                                             | Request                                                  |&#10;-----------------------------------------------------------------------------------------------------------------------&#10;                                                           |&#10;POST                                                       | POST&#10;/variants                                                  | /variants&#10;                                                           |&#10;Authorization: Bearer admin-token                          | Authorization: adminToken                           &lt;&lt;&lt;&lt;&lt; Header does not match&#10;                                                           |&#10;                                                           |&#10;-----------------------------------------------------------------------------------------------------------------------&#10;&#10;classpath:features/variants/createVariant.feature:15" type="org.opentest4j.AssertionFailedError"><![CDATA[org.opentest4j.AssertionFailedError: 
status code was: 404, expected: 201, response time in milliseconds: 545, url: http://localhost:8080/variants, response: 

                                               Request was not matched
                                               =======================

-----------------------------------------------------------------------------------------------------------------------
| Closest stub                                             | Request                                                  |
-----------------------------------------------------------------------------------------------------------------------
                                                           |
POST                                                       | POST
/variants                                                  | /variants
                                                           |
Authorization: Bearer admin-token                          | Authorization: adminToken                           <<<<< Header does not match
                                                           |
                                                           |
-----------------------------------------------------------------------------------------------------------------------

classpath:features/variants/createVariant.feature:15
]]></failure>
    <system-out><![CDATA[16:06:28.480 [main] DEBUG org.eclipse.jetty.util.component.ContainerLifeCycle -- QueuedThreadPool[qtp1860886124]@6eeade6c{STOPPED,8<=0<=25,i=0,r=-1,t=-10120077ms,q=0}[NO_TRY] added {org.eclipse.jetty.util.thread.ThreadPoolBudget@79145d5a,POJO}
16:06:28.485 [main] DEBUG org.eclipse.jetty.util.component.ContainerLifeCycle -- Server@4b672daa{STOPPED}[11.0.15,sto=0] added {QueuedThreadPool[qtp1860886124]@6eeade6c{STOPPED,8<=0<=25,i=0,r=-1,t=-10120087ms,q=0}[NO_TRY],AUTO}
16:06:28.492 [main] DEBUG org.eclipse.jetty.util.component.ContainerLifeCycle -- Server@4b672daa{STOPPED}[11.0.15,sto=0] added {AttributeContainerMap@2e11485{size=0},AUTO}
16:06:28.530 [main] DEBUG org.eclipse.jetty.util.component.ContainerLifeCycle -- HTTP2CServerConnectionFactory@78fb9a67[h2c] added {HTTP2SessionContainer@73ff4fae[size=0],POJO}
16:06:28.531 [main] DEBUG org.eclipse.jetty.util.component.ContainerLifeCycle -- HTTP2CServerConnectionFactory@78fb9a67[h2c] added {HttpConfiguration@21aa6d6c{32768/8192,32768/32768,https://:0,[SecureRequestCustomizer@b968a76]},POJO}
16:06:28.534 [main] DEBUG org.eclipse.jetty.util.component.ContainerLifeCycle -- HttpConnectionFactory@9ed238c[HTTP/1.1] added {HttpConfiguration@21aa6d6c{32768/8192,32768/32768,https://:0,[SecureRequestCustomizer@b968a76]},POJO}
16:06:28.544 [main] DEBUG org.eclipse.jetty.util.component.ContainerLifeCycle -- NetworkTrafficServerConnector@292d1c71{null, ()}{0.0.0.0:0} added {QueuedThreadPool[qtp1860886124]@6eeade6c{STOPPED,8<=0<=25,i=0,r=-1,t=-10120140ms,q=0}[NO_TRY],AUTO}
16:06:28.546 [main] DEBUG org.eclipse.jetty.util.component.ContainerLifeCycle -- NetworkTrafficServerConnector@292d1c71{null, ()}{0.0.0.0:0} added {ScheduledExecutorScheduler@50eca7c6{STOPPED},AUTO}
16:06:28.557 [main] DEBUG org.eclipse.jetty.util.component.ContainerLifeCycle -- Server@4b672daa{STOPPED}[11.0.15,sto=0] added {LogarithmicArrayByteBufferPool@65aa6596{minBufferCapacity=0, maxBufferCapacity=65536, maxQueueLength=-1, factor=4096},POJO}
16:06:28.558 [main] DEBUG org.eclipse.jetty.util.component.ContainerLifeCycle -- NetworkTrafficServerConnector@292d1c71{null, ()}{0.0.0.0:0} added {LogarithmicArrayByteBufferPool@65aa6596{minBufferCapacity=0, maxBufferCapacity=65536, maxQueueLength=-1, factor=4096},UNMANAGED}
16:06:28.559 [main] DEBUG org.eclipse.jetty.util.component.ContainerLifeCycle -- NetworkTrafficServerConnector@292d1c71{null, ()}{0.0.0.0:0} added {org.eclipse.jetty.io.LogarithmicArrayByteBufferPool$LogarithmicRetainablePool@67389cb8{min=0,max=65536,buckets=17,heap=0/-1,direct=0/-1},POJO}
16:06:28.560 [main] DEBUG org.eclipse.jetty.util.component.ContainerLifeCycle -- NetworkTrafficServerConnector@292d1c71{null, ()}{0.0.0.0:0} added {org.eclipse.jetty.server.AbstractConnector$1@f27ea3,POJO}
16:06:28.562 [main] DEBUG org.eclipse.jetty.util.component.ContainerLifeCycle -- NetworkTrafficServerConnector@292d1c71{null, (http/1.1)}{0.0.0.0:0} added {HttpConnectionFactory@9ed238c[HTTP/1.1],AUTO}
16:06:28.563 [main] DEBUG org.eclipse.jetty.server.AbstractConnector -- NetworkTrafficServerConnector@292d1c71{HTTP/1.1, (http/1.1)}{0.0.0.0:0} added HttpConnectionFactory@9ed238c[HTTP/1.1]
16:06:28.564 [main] DEBUG org.eclipse.jetty.util.component.ContainerLifeCycle -- NetworkTrafficServerConnector@292d1c71{HTTP/1.1, (http/1.1, h2c)}{0.0.0.0:0} added {HTTP2CServerConnectionFactory@78fb9a67[h2c],AUTO}
16:06:28.565 [main] DEBUG org.eclipse.jetty.server.AbstractConnector -- NetworkTrafficServerConnector@292d1c71{HTTP/1.1, (http/1.1, h2c)}{0.0.0.0:0} added HTTP2CServerConnectionFactory@78fb9a67[h2c]
16:06:28.576 [main] DEBUG org.eclipse.jetty.util.component.ContainerLifeCycle -- NetworkTrafficServerConnector@292d1c71{HTTP/1.1, (http/1.1, h2c)}{0.0.0.0:0} added {SelectorManager@NetworkTrafficServerConnector@292d1c71{HTTP/1.1, (http/1.1, h2c)}{0.0.0.0:0},MANAGED}
16:06:28.579 [main] DEBUG org.eclipse.jetty.util.component.ContainerLifeCycle -- Server@4b672daa{STOPPED}[11.0.15,sto=0] added {NetworkTrafficServerConnector@292d1c71{HTTP/1.1, (http/1.1, h2c)}{0.0.0.0:8080},AUTO}
16:06:28.622 [main] DEBUG org.eclipse.jetty.util.component.ContainerLifeCycle -- o.e.j.s.ServletContextHandler@c7a975a{/,null,STOPPED} added {SymlinkAllowedResourceAliasChecker@226642a5{base=null,protected=[]},MANAGED}
16:06:28.630 [main] DEBUG org.eclipse.jetty.util.component.ContainerLifeCycle -- Server@4b672daa{STOPPED}[11.0.15,sto=0] added {o.e.j.s.ServletContextHandler@c7a975a{/__admin,null,STOPPED},MANAGED}
16:06:28.638 [main] DEBUG org.eclipse.jetty.util.component.ContainerLifeCycle -- o.e.j.s.ServletContextHandler@c7a975a{/__admin,null,STOPPED} added {ServletHandler@5f2f577{STOPPED},MANAGED}
16:06:28.654 [main] DEBUG org.eclipse.jetty.util.component.ContainerLifeCycle -- ServletHandler@5f2f577{STOPPED} added {org.eclipse.jetty.servlet.DefaultServlet-51df223b==org.eclipse.jetty.servlet.DefaultServlet@52c4690c{jsp=null,order=-1,inst=false,async=true,src=EMBEDDED:null,STOPPED},AUTO}
16:06:28.657 [main] DEBUG org.eclipse.jetty.util.component.ContainerLifeCycle -- ServletHandler@5f2f577{STOPPED} added {[/swagger-ui/*]=>org.eclipse.jetty.servlet.DefaultServlet-51df223b,POJO}
16:06:28.658 [main] DEBUG org.eclipse.jetty.util.component.ContainerLifeCycle -- ServletHandler@5f2f577{STOPPED} added {org.eclipse.jetty.servlet.DefaultServlet-1849db1a==org.eclipse.jetty.servlet.DefaultServlet@d1400359{jsp=null,order=-1,inst=false,async=true,src=EMBEDDED:null,STOPPED},AUTO}
16:06:28.659 [main] DEBUG org.eclipse.jetty.util.component.ContainerLifeCycle -- ServletHandler@5f2f577{STOPPED} added {[/recorder/*]=>org.eclipse.jetty.servlet.DefaultServlet-1849db1a,POJO}
16:06:28.660 [main] DEBUG org.eclipse.jetty.util.component.ContainerLifeCycle -- ServletHandler@5f2f577{STOPPED} added {com.github.tomakehurst.wiremock.servlet.WireMockHandlerDispatchingServlet-5fcacc0==com.github.tomakehurst.wiremock.servlet.WireMockHandlerDispatchingServlet@60125af3{jsp=null,order=-1,inst=false,async=true,src=EMBEDDED:null,STOPPED},AUTO}
16:06:28.661 [main] DEBUG org.eclipse.jetty.util.component.ContainerLifeCycle -- ServletHandler@5f2f577{STOPPED} added {[/]=>com.github.tomakehurst.wiremock.servlet.WireMockHandlerDispatchingServlet-5fcacc0,POJO}
16:06:28.663 [main] DEBUG org.eclipse.jetty.util.component.ContainerLifeCycle -- ServletHandler@5f2f577{STOPPED} added {com.github.tomakehurst.wiremock.servlet.NotMatchedServlet-1d71006f==com.github.tomakehurst.wiremock.servlet.NotMatchedServlet@89785bef{jsp=null,order=-1,inst=false,async=true,src=EMBEDDED:null,STOPPED},AUTO}
16:06:28.663 [main] DEBUG org.eclipse.jetty.util.component.ContainerLifeCycle -- ServletHandler@5f2f577{STOPPED} added {[/not-matched]=>com.github.tomakehurst.wiremock.servlet.NotMatchedServlet-1d71006f,POJO}
16:06:28.667 [main] DEBUG org.eclipse.jetty.util.component.ContainerLifeCycle -- ServletHandler@5f2f577{STOPPED} added {org.eclipse.jetty.servlets.CrossOriginFilter-60b71e8f==org.eclipse.jetty.servlets.CrossOriginFilter@60b71e8f{inst=false,async=true,src=EMBEDDED:null},AUTO}
16:06:28.669 [main] DEBUG org.eclipse.jetty.util.component.ContainerLifeCycle -- ServletHandler@5f2f577{STOPPED} added {[/*]/[]/[]=>org.eclipse.jetty.servlets.CrossOriginFilter-60b71e8f,POJO}
16:06:28.679 [main] DEBUG org.eclipse.jetty.util.component.ContainerLifeCycle -- o.e.j.s.ServletContextHandler@6e521c1e{/,null,STOPPED} added {SymlinkAllowedResourceAliasChecker@224b4d61{base=null,protected=[]},MANAGED}
16:06:28.680 [main] DEBUG org.eclipse.jetty.util.component.ContainerLifeCycle -- Server@4b672daa{STOPPED}[11.0.15,sto=0] added {o.e.j.s.ServletContextHandler@6e521c1e{/,null,STOPPED},MANAGED}
16:06:28.681 [main] DEBUG org.eclipse.jetty.util.component.ContainerLifeCycle -- o.e.j.s.ServletContextHandler@6e521c1e{/,null,STOPPED} added {ServletHandler@5d5d9e5{STOPPED},MANAGED}
16:06:28.681 [main] DEBUG org.eclipse.jetty.util.component.ContainerLifeCycle -- ServletHandler@5d5d9e5{STOPPED} added {org.eclipse.jetty.servlet.DefaultServlet-303e3593==org.eclipse.jetty.servlet.DefaultServlet@fa70c64a{jsp=null,order=-1,inst=false,async=true,src=EMBEDDED:null,STOPPED},AUTO}
16:06:28.682 [main] DEBUG org.eclipse.jetty.util.component.ContainerLifeCycle -- ServletHandler@5d5d9e5{STOPPED} added {[/__files/*]=>org.eclipse.jetty.servlet.DefaultServlet-303e3593,POJO}
16:06:28.684 [main] DEBUG org.eclipse.jetty.util.component.ContainerLifeCycle -- ServletHandler@5d5d9e5{STOPPED} added {com.github.tomakehurst.wiremock.servlet.WireMockHandlerDispatchingServlet-439a8f59==com.github.tomakehurst.wiremock.servlet.WireMockHandlerDispatchingServlet@68bafea7{jsp=null,order=-1,inst=false,async=true,src=EMBEDDED:null,STOPPED},AUTO}
16:06:28.684 [main] DEBUG org.eclipse.jetty.util.component.ContainerLifeCycle -- ServletHandler@5d5d9e5{STOPPED} added {[/]=>com.github.tomakehurst.wiremock.servlet.WireMockHandlerDispatchingServlet-439a8f59,POJO}
16:06:28.695 [main] DEBUG org.eclipse.jetty.http.PreEncodedHttpField -- HttpField encoders loaded: [org.eclipse.jetty.http.Http1FieldPreEncoder@7876d598, org.eclipse.jetty.http2.hpack.HpackFieldPreEncoder@4a3e3e8b]
16:06:28.726 [main] DEBUG org.eclipse.jetty.util.component.ContainerLifeCycle -- o.e.j.s.ServletContextHandler@6e521c1e{/,null,STOPPED} added {NotFoundHandler@114a85c2{STOPPED},MANAGED}
16:06:28.727 [main] DEBUG org.eclipse.jetty.util.component.ContainerLifeCycle -- ServletHandler@5d5d9e5{STOPPED} added {com.github.tomakehurst.wiremock.servlet.ContentTypeSettingFilter-724f138e==com.github.tomakehurst.wiremock.servlet.ContentTypeSettingFilter@724f138e{inst=false,async=true,src=EMBEDDED:null},AUTO}
16:06:28.727 [main] DEBUG org.eclipse.jetty.util.component.ContainerLifeCycle -- ServletHandler@5d5d9e5{STOPPED} added {[/__files/*]/[]/[]=>com.github.tomakehurst.wiremock.servlet.ContentTypeSettingFilter-724f138e,POJO}
16:06:28.728 [main] DEBUG org.eclipse.jetty.util.component.ContainerLifeCycle -- ServletHandler@5d5d9e5{STOPPED} added {com.github.tomakehurst.wiremock.servlet.TrailingSlashFilter-c9413d8==com.github.tomakehurst.wiremock.servlet.TrailingSlashFilter@c9413d8{inst=false,async=true,src=EMBEDDED:null},AUTO}
16:06:28.729 [main] DEBUG org.eclipse.jetty.util.component.ContainerLifeCycle -- ServletHandler@5d5d9e5{STOPPED} added {[/__files/*]/[]/[]=>com.github.tomakehurst.wiremock.servlet.TrailingSlashFilter-c9413d8,POJO}
16:06:28.742 [main] DEBUG org.eclipse.jetty.util.component.ContainerLifeCycle -- HandlerCollection@54709809{STOPPED} added {o.e.j.s.ServletContextHandler@c7a975a{/__admin,null,STOPPED},AUTO}
16:06:28.742 [main] DEBUG org.eclipse.jetty.util.component.ContainerLifeCycle -- HandlerCollection@54709809{STOPPED} added {AbstractHandler@24f360b2{STOPPED},AUTO}
16:06:28.752 [main] DEBUG org.eclipse.jetty.http.pathmap.ServletPathSpec -- Creating ServletPathSpec[*.svgz] (group: SUFFIX_GLOB, prefix: "null", suffix: "svgz")
16:06:28.753 [main] DEBUG org.eclipse.jetty.http.pathmap.PathMappings -- Added MappedResource[pathSpec=ServletPathSpec@9727ded2{*.svgz},resource=true] to PathMappings[size=1]
16:06:28.754 [main] DEBUG org.eclipse.jetty.server.handler.gzip.GzipHandler -- GzipHandler@6de54b40{STOPPED,min=32,inflate=-1} mime types IncludeExclude@43ed0ff3{i=[],ip=CONTAINS,e=[image/ief, image/vnd.wap.wbmp, image/jpeg, application/bzip2, image/x-portable-graymap, application/brotli, image/bmp, image/gif, image/x-icon, image/apng, audio/midi, image/webp, video/x-msvideo, image/x-xbitmap, application/x-rar-compressed, text/event-stream, image/avif, image/x-portable-bitmap, image/x-rgb, image/x-cmu-raster, application/gzip, audio/x-wav, audio/x-pn-realaudio, audio/basic, application/compress, audio/x-aiff, video/x.ms.asx, video/x.ms.asf, image/png, video/vnd.rn-realvideo, image/x-xwindowdump, image/jpeg2000, video/x-sgi-movie, audio/mpeg, image/xcf, video/mpeg, image/x-portable-pixmap, image/tiff, image/x-portable-anymap, image/x-xpixmap, application/zip, video/quicktime, application/x-xz, video/mp4],ep=CONTAINS}
16:06:28.755 [main] DEBUG org.eclipse.jetty.util.component.ContainerLifeCycle -- GzipHandler@6de54b40{STOPPED,min=32,inflate=-1} added {o.e.j.s.ServletContextHandler@6e521c1e{/,null,STOPPED},MANAGED}
16:06:28.755 [main] DEBUG org.eclipse.jetty.util.component.ContainerLifeCycle -- HandlerCollection@54709809{STOPPED} added {GzipHandler@6de54b40{STOPPED,min=32,inflate=-1},AUTO}
16:06:28.755 [main] DEBUG org.eclipse.jetty.util.component.ContainerLifeCycle -- Server@4b672daa{STOPPED}[11.0.15,sto=0] added {HandlerCollection@54709809{STOPPED},MANAGED}
16:06:28.975 [main] DEBUG org.eclipse.jetty.util.component.AbstractLifeCycle -- STARTING Server@4b672daa{STOPPED}[11.0.15,sto=1000]
16:06:28.975 [main] DEBUG org.eclipse.jetty.util.component.ContainerLifeCycle -- Server@4b672daa{STARTING}[11.0.15,sto=1000] added {ErrorHandler@6b04acb2{STOPPED},AUTO}
16:06:28.977 [main] INFO org.eclipse.jetty.server.Server -- jetty-11.0.15; built: 2023-04-11T18:37:53.775Z; git: 5bc5e562c8d05c5862505aebe5cf83a61bdbcb96; jvm 17.0.15+6-Ubuntu-0ubuntu122.04
16:06:28.990 [main] DEBUG org.eclipse.jetty.util.component.ContainerLifeCycle -- NetworkTrafficServerConnector@292d1c71{HTTP/1.1, (http/1.1, h2c)}{0.0.0.0:8080} added {sun.nio.ch.ServerSocketChannelImpl[/[0:0:0:0:0:0:0:0]:8080],POJO}
16:06:28.991 [main] DEBUG org.eclipse.jetty.server.handler.AbstractHandler -- starting Server@4b672daa{STARTING}[11.0.15,sto=1000]
16:06:28.991 [main] DEBUG org.eclipse.jetty.util.component.AbstractLifeCycle -- STARTING QueuedThreadPool[qtp1860886124]@6eeade6c{STOPPED,8<=0<=25,i=0,r=-1,t=-10120586ms,q=0}[NO_TRY]
16:06:28.992 [main] DEBUG org.eclipse.jetty.util.thread.ReservedThreadExecutor -- ReservedThreadExecutor@6e28bb87{reserved=0/2,pending=0}
16:06:28.993 [main] DEBUG org.eclipse.jetty.util.component.ContainerLifeCycle -- QueuedThreadPool[qtp1860886124]@6eeade6c{STARTING,8<=0<=25,i=0,r=-1,t=-10120588ms,q=0}[ReservedThreadExecutor@6e28bb87{reserved=0/2,pending=0}] added {ReservedThreadExecutor@6e28bb87{reserved=0/2,pending=0},AUTO}
16:06:28.993 [main] DEBUG org.eclipse.jetty.util.component.AbstractLifeCycle -- STARTING ReservedThreadExecutor@6e28bb87{reserved=0/2,pending=0}
16:06:28.996 [main] DEBUG org.eclipse.jetty.util.component.AbstractLifeCycle -- STARTED @2191ms ReservedThreadExecutor@6e28bb87{reserved=0/2,pending=0}
16:06:29.000 [main] DEBUG org.eclipse.jetty.util.thread.QueuedThreadPool -- Starting Thread[qtp1860886124-26,5,main]
16:06:29.001 [main] DEBUG org.eclipse.jetty.util.thread.QueuedThreadPool -- Starting Thread[qtp1860886124-27,5,main]
16:06:29.001 [qtp1860886124-26] DEBUG org.eclipse.jetty.util.thread.QueuedThreadPool -- Runner started for QueuedThreadPool[qtp1860886124]@6eeade6c{STARTING,8<=2<=25,i=2,r=-1,t=59999ms,q=0}[ReservedThreadExecutor@6e28bb87{reserved=0/2,pending=0}]
16:06:29.002 [main] DEBUG org.eclipse.jetty.util.thread.QueuedThreadPool -- Starting Thread[qtp1860886124-28,5,main]
16:06:29.002 [main] DEBUG org.eclipse.jetty.util.thread.QueuedThreadPool -- Starting Thread[qtp1860886124-29,5,main]
16:06:29.002 [qtp1860886124-27] DEBUG org.eclipse.jetty.util.thread.QueuedThreadPool -- Runner started for QueuedThreadPool[qtp1860886124]@6eeade6c{STARTING,8<=3<=25,i=3,r=-1,t=59999ms,q=0}[ReservedThreadExecutor@6e28bb87{reserved=0/2,pending=0}]
16:06:29.002 [qtp1860886124-28] DEBUG org.eclipse.jetty.util.thread.QueuedThreadPool -- Runner started for QueuedThreadPool[qtp1860886124]@6eeade6c{STARTING,8<=4<=25,i=4,r=-1,t=59999ms,q=0}[ReservedThreadExecutor@6e28bb87{reserved=0/2,pending=0}]
16:06:29.003 [main] DEBUG org.eclipse.jetty.util.thread.QueuedThreadPool -- Starting Thread[qtp1860886124-30,5,main]
16:06:29.003 [qtp1860886124-29] DEBUG org.eclipse.jetty.util.thread.QueuedThreadPool -- Runner started for QueuedThreadPool[qtp1860886124]@6eeade6c{STARTING,8<=5<=25,i=5,r=-1,t=59999ms,q=0}[ReservedThreadExecutor@6e28bb87{reserved=0/2,pending=0}]
16:06:29.004 [main] DEBUG org.eclipse.jetty.util.thread.QueuedThreadPool -- Starting Thread[qtp1860886124-31,5,main]
16:06:29.004 [qtp1860886124-30] DEBUG org.eclipse.jetty.util.thread.QueuedThreadPool -- Runner started for QueuedThreadPool[qtp1860886124]@6eeade6c{STARTING,8<=6<=25,i=6,r=-1,t=59999ms,q=0}[ReservedThreadExecutor@6e28bb87{reserved=0/2,pending=0}]
16:06:29.004 [main] DEBUG org.eclipse.jetty.util.thread.QueuedThreadPool -- Starting Thread[qtp1860886124-32,5,main]
16:06:29.004 [qtp1860886124-31] DEBUG org.eclipse.jetty.util.thread.QueuedThreadPool -- Runner started for QueuedThreadPool[qtp1860886124]@6eeade6c{STARTING,8<=7<=25,i=7,r=-1,t=59999ms,q=0}[ReservedThreadExecutor@6e28bb87{reserved=0/2,pending=0}]
16:06:29.005 [main] DEBUG org.eclipse.jetty.util.thread.QueuedThreadPool -- Starting Thread[qtp1860886124-33,5,main]
16:06:29.005 [qtp1860886124-32] DEBUG org.eclipse.jetty.util.thread.QueuedThreadPool -- Runner started for QueuedThreadPool[qtp1860886124]@6eeade6c{STARTING,8<=8<=25,i=8,r=-1,t=59999ms,q=0}[ReservedThreadExecutor@6e28bb87{reserved=0/2,pending=0}]
16:06:29.005 [main] DEBUG org.eclipse.jetty.util.component.AbstractLifeCycle -- STARTED @2200ms QueuedThreadPool[qtp1860886124]@6eeade6c{STARTED,8<=8<=25,i=8,r=-1,t=59999ms,q=0}[ReservedThreadExecutor@6e28bb87{reserved=0/2,pending=0}]
16:06:29.006 [qtp1860886124-33] DEBUG org.eclipse.jetty.util.thread.QueuedThreadPool -- Runner started for QueuedThreadPool[qtp1860886124]@6eeade6c{STARTED,8<=8<=25,i=8,r=-1,t=59999ms,q=0}[ReservedThreadExecutor@6e28bb87{reserved=0/2,pending=0}]
16:06:29.006 [main] DEBUG org.eclipse.jetty.util.component.AbstractLifeCycle -- STARTING AttributeContainerMap@2e11485{size=0}
16:06:29.007 [main] DEBUG org.eclipse.jetty.util.component.AbstractLifeCycle -- STARTED @2201ms AttributeContainerMap@2e11485{size=0}
16:06:29.007 [main] DEBUG org.eclipse.jetty.util.component.AbstractLifeCycle -- STARTING HandlerCollection@54709809{STOPPED}
16:06:29.007 [main] DEBUG org.eclipse.jetty.server.handler.AbstractHandler -- starting HandlerCollection@54709809{STARTING}
16:06:29.007 [main] DEBUG org.eclipse.jetty.util.component.AbstractLifeCycle -- STARTING o.e.j.s.ServletContextHandler@c7a975a{/__admin,null,STOPPED}
16:06:29.008 [main] DEBUG org.eclipse.jetty.util.DecoratedObjectFactory -- Adding Decorator: org.eclipse.jetty.util.DeprecationWarning@389562d6
16:06:29.009 [main] DEBUG org.eclipse.jetty.server.handler.AbstractHandler -- starting o.e.j.s.ServletContextHandler@c7a975a{/__admin,null,STARTING}
16:06:29.010 [main] DEBUG org.eclipse.jetty.util.component.AbstractLifeCycle -- STARTING SymlinkAllowedResourceAliasChecker@226642a5{base=null,protected=[]}
16:06:29.010 [main] DEBUG org.eclipse.jetty.util.component.ContainerLifeCycle -- o.e.j.s.ServletContextHandler@c7a975a{/__admin,null,STARTING} added {org.eclipse.jetty.server.AllowedResourceAliasChecker$AllowedResourceAliasCheckListener@60f2e0bd,POJO}
16:06:29.012 [main] DEBUG org.eclipse.jetty.util.component.AbstractLifeCycle -- STARTED @2206ms SymlinkAllowedResourceAliasChecker@226642a5{base=null,protected=[]}
16:06:29.012 [main] DEBUG org.eclipse.jetty.util.component.AbstractLifeCycle -- STARTING ServletHandler@5f2f577{STOPPED}
16:06:29.015 [main] DEBUG org.eclipse.jetty.servlet.ServletHandler -- Path=/not-matched[EMBEDDED:null] mapped to servlet=com.github.tomakehurst.wiremock.servlet.NotMatchedServlet-1d71006f[EMBEDDED:null]
16:06:29.016 [main] DEBUG org.eclipse.jetty.http.pathmap.ServletPathSpec -- Creating ServletPathSpec[/not-matched] (group: EXACT, prefix: "/not-matched", suffix: "null")
16:06:29.019 [main] DEBUG org.eclipse.jetty.http.pathmap.PathMappings -- Added MappedResource[pathSpec=ServletPathSpec@ee4519a{/not-matched},resource=MappedServlet66908383{/not-matched->com.github.tomakehurst.wiremock.servlet.NotMatchedServlet-1d71006f==com.github.tomakehurst.wiremock.servlet.NotMatchedServlet@89785bef{jsp=null,order=-1,inst=false,async=true,src=EMBEDDED:null,STOPPED}}] to PathMappings[size=1]
16:06:29.020 [main] DEBUG org.eclipse.jetty.servlet.ServletHandler -- Path=/recorder/*[EMBEDDED:null] mapped to servlet=org.eclipse.jetty.servlet.DefaultServlet-1849db1a[EMBEDDED:null]
16:06:29.020 [main] DEBUG org.eclipse.jetty.http.pathmap.ServletPathSpec -- Creating ServletPathSpec[/recorder/*] (group: PREFIX_GLOB, prefix: "/recorder", suffix: "null")
16:06:29.020 [main] DEBUG org.eclipse.jetty.http.pathmap.PathMappings -- Added MappedResource[pathSpec=ServletPathSpec@4ccddc4a{/recorder/*},resource=MappedServlet41477a6d{/recorder/*->org.eclipse.jetty.servlet.DefaultServlet-1849db1a==org.eclipse.jetty.servlet.DefaultServlet@d1400359{jsp=null,order=-1,inst=false,async=true,src=EMBEDDED:null,STOPPED}}] to PathMappings[size=2]
16:06:29.021 [main] DEBUG org.eclipse.jetty.servlet.ServletHandler -- Path=/[EMBEDDED:null] mapped to servlet=com.github.tomakehurst.wiremock.servlet.WireMockHandlerDispatchingServlet-5fcacc0[EMBEDDED:null]
16:06:29.021 [main] DEBUG org.eclipse.jetty.http.pathmap.PathMappings -- Added MappedResource[pathSpec=ServletPathSpec@9457dcb7{/},resource=MappedServlet2bc12da{/->com.github.tomakehurst.wiremock.servlet.WireMockHandlerDispatchingServlet-5fcacc0==com.github.tomakehurst.wiremock.servlet.WireMockHandlerDispatchingServlet@60125af3{jsp=null,order=-1,inst=false,async=true,src=EMBEDDED:null,STOPPED}}] to PathMappings[size=3]
16:06:29.022 [main] DEBUG org.eclipse.jetty.servlet.ServletHandler -- Path=/swagger-ui/*[EMBEDDED:null] mapped to servlet=org.eclipse.jetty.servlet.DefaultServlet-51df223b[EMBEDDED:null]
16:06:29.022 [main] DEBUG org.eclipse.jetty.http.pathmap.ServletPathSpec -- Creating ServletPathSpec[/swagger-ui/*] (group: PREFIX_GLOB, prefix: "/swagger-ui", suffix: "null")
16:06:29.022 [main] DEBUG org.eclipse.jetty.http.pathmap.PathMappings -- Added MappedResource[pathSpec=ServletPathSpec@fe042bf3{/swagger-ui/*},resource=MappedServlet3122b117{/swagger-ui/*->org.eclipse.jetty.servlet.DefaultServlet-51df223b==org.eclipse.jetty.servlet.DefaultServlet@52c4690c{jsp=null,order=-1,inst=false,async=false,src=EMBEDDED:null,STOPPED}}] to PathMappings[size=4]
16:06:29.023 [main] DEBUG org.eclipse.jetty.servlet.ServletHandler -- filterNameMap={org.eclipse.jetty.servlets.CrossOriginFilter-60b71e8f=org.eclipse.jetty.servlets.CrossOriginFilter-60b71e8f==org.eclipse.jetty.servlets.CrossOriginFilter@60b71e8f{inst=false,async=true,src=EMBEDDED:null}} pathFilters=[[/*]/[]/[REQUEST]=>org.eclipse.jetty.servlets.CrossOriginFilter-60b71e8f] servletFilterMap={} servletPathMap=PathMappings[size=4] servletNameMap={com.github.tomakehurst.wiremock.servlet.WireMockHandlerDispatchingServlet-5fcacc0=MappedServlet29a23c3d{null->com.github.tomakehurst.wiremock.servlet.WireMockHandlerDispatchingServlet-5fcacc0==com.github.tomakehurst.wiremock.servlet.WireMockHandlerDispatchingServlet@60125af3{jsp=null,order=-1,inst=false,async=true,src=EMBEDDED:null,STOPPED}}, com.github.tomakehurst.wiremock.servlet.NotMatchedServlet-1d71006f=MappedServlet4b6ac111{null->com.github.tomakehurst.wiremock.servlet.NotMatchedServlet-1d71006f==com.github.tomakehurst.wiremock.servlet.NotMatchedServlet@89785bef{jsp=null,order=-1,inst=false,async=true,src=EMBEDDED:null,STOPPED}}, org.eclipse.jetty.servlet.DefaultServlet-51df223b=MappedServlet6fe46b62{null->org.eclipse.jetty.servlet.DefaultServlet-51df223b==org.eclipse.jetty.servlet.DefaultServlet@52c4690c{jsp=null,order=-1,inst=false,async=false,src=EMBEDDED:null,STOPPED}}, org.eclipse.jetty.servlet.DefaultServlet-1849db1a=MappedServlet591fd34d{null->org.eclipse.jetty.servlet.DefaultServlet-1849db1a==org.eclipse.jetty.servlet.DefaultServlet@d1400359{jsp=null,order=-1,inst=false,async=true,src=EMBEDDED:null,STOPPED}}}
16:06:29.024 [main] DEBUG org.eclipse.jetty.server.handler.AbstractHandler -- starting ServletHandler@5f2f577{STARTING}
16:06:29.024 [main] DEBUG org.eclipse.jetty.util.component.AbstractLifeCycle -- STARTED @2219ms ServletHandler@5f2f577{STARTED}
16:06:29.025 [main] DEBUG org.eclipse.jetty.util.component.AbstractLifeCycle -- STARTING org.eclipse.jetty.servlets.CrossOriginFilter-60b71e8f==org.eclipse.jetty.servlets.CrossOriginFilter@60b71e8f{inst=false,async=true,src=EMBEDDED:null}
16:06:29.026 [main] DEBUG org.eclipse.jetty.util.component.AbstractLifeCycle -- STARTED @2220ms org.eclipse.jetty.servlets.CrossOriginFilter-60b71e8f==org.eclipse.jetty.servlets.CrossOriginFilter@60b71e8f{inst=false,async=true,src=EMBEDDED:null}
16:06:29.028 [main] DEBUG org.eclipse.jetty.servlet.FilterHolder -- Filter.init org.eclipse.jetty.servlets.CrossOriginFilter@69eb86b4
16:06:29.044 [main] DEBUG org.eclipse.jetty.servlets.CrossOriginFilter -- Cross-origin filter configuration: allowedOrigins = *, allowedTimingOrigins = null, allowedMethods = OPTIONS,GET,POST,PUT,PATCH,DELETE, allowedHeaders = *, preflightMaxAge = 1800, allowCredentials = true,exposedHeaders = ,chainPreflight = false
16:06:29.044 [main] DEBUG org.eclipse.jetty.util.component.AbstractLifeCycle -- STARTING com.github.tomakehurst.wiremock.servlet.NotMatchedServlet-1d71006f==com.github.tomakehurst.wiremock.servlet.NotMatchedServlet@89785bef{jsp=null,order=-1,inst=false,async=true,src=EMBEDDED:null,STOPPED}
16:06:29.046 [main] DEBUG org.eclipse.jetty.util.component.AbstractLifeCycle -- STARTED @2240ms com.github.tomakehurst.wiremock.servlet.NotMatchedServlet-1d71006f==com.github.tomakehurst.wiremock.servlet.NotMatchedServlet@89785bef{jsp=null,order=-1,inst=false,async=true,src=EMBEDDED:null,STARTED}
16:06:29.046 [main] DEBUG org.eclipse.jetty.util.component.AbstractLifeCycle -- STARTING com.github.tomakehurst.wiremock.servlet.WireMockHandlerDispatchingServlet-5fcacc0==com.github.tomakehurst.wiremock.servlet.WireMockHandlerDispatchingServlet@60125af3{jsp=null,order=-1,inst=false,async=true,src=EMBEDDED:null,STOPPED}
16:06:29.047 [main] DEBUG org.eclipse.jetty.util.component.AbstractLifeCycle -- STARTED @2242ms com.github.tomakehurst.wiremock.servlet.WireMockHandlerDispatchingServlet-5fcacc0==com.github.tomakehurst.wiremock.servlet.WireMockHandlerDispatchingServlet@60125af3{jsp=null,order=-1,inst=false,async=true,src=EMBEDDED:null,STARTED}
16:06:29.048 [main] DEBUG org.eclipse.jetty.util.component.AbstractLifeCycle -- STARTING org.eclipse.jetty.servlet.DefaultServlet-1849db1a==org.eclipse.jetty.servlet.DefaultServlet@d1400359{jsp=null,order=-1,inst=false,async=true,src=EMBEDDED:null,STOPPED}
16:06:29.048 [main] DEBUG org.eclipse.jetty.util.component.AbstractLifeCycle -- STARTED @2243ms org.eclipse.jetty.servlet.DefaultServlet-1849db1a==org.eclipse.jetty.servlet.DefaultServlet@d1400359{jsp=null,order=-1,inst=false,async=true,src=EMBEDDED:null,STARTED}
16:06:29.048 [main] DEBUG org.eclipse.jetty.util.component.AbstractLifeCycle -- STARTING org.eclipse.jetty.servlet.DefaultServlet-51df223b==org.eclipse.jetty.servlet.DefaultServlet@52c4690c{jsp=null,order=-1,inst=false,async=false,src=EMBEDDED:null,STOPPED}
16:06:29.049 [main] DEBUG org.eclipse.jetty.util.component.AbstractLifeCycle -- STARTED @2244ms org.eclipse.jetty.servlet.DefaultServlet-51df223b==org.eclipse.jetty.servlet.DefaultServlet@52c4690c{jsp=null,order=-1,inst=false,async=false,src=EMBEDDED:null,STARTED}
16:06:29.050 [main] INFO org.eclipse.jetty.server.handler.ContextHandler -- Started o.e.j.s.ServletContextHandler@c7a975a{/__admin,null,AVAILABLE}
16:06:29.050 [main] DEBUG org.eclipse.jetty.util.component.AbstractLifeCycle -- STARTED @2245ms o.e.j.s.ServletContextHandler@c7a975a{/__admin,null,AVAILABLE}
16:06:29.051 [main] DEBUG org.eclipse.jetty.util.component.AbstractLifeCycle -- STARTING AbstractHandler@24f360b2{STOPPED}
16:06:29.051 [main] DEBUG org.eclipse.jetty.server.handler.AbstractHandler -- starting AbstractHandler@24f360b2{STARTING}
16:06:29.051 [main] DEBUG org.eclipse.jetty.util.component.AbstractLifeCycle -- STARTED @2246ms AbstractHandler@24f360b2{STARTED}
16:06:29.051 [main] DEBUG org.eclipse.jetty.util.component.AbstractLifeCycle -- STARTING GzipHandler@6de54b40{STOPPED,min=32,inflate=-1}
16:06:29.053 [main] DEBUG org.eclipse.jetty.util.component.AbstractLifeCycle -- STARTING InflaterPool@1ee29c84{STOPPED,size=-1,capacity=25}
16:06:29.053 [main] DEBUG org.eclipse.jetty.util.component.ContainerLifeCycle -- InflaterPool@1ee29c84{STARTING,size=0,capacity=25} added {Pool@7c8326a4[inUse=0,size=0,max=25,closed=false],POJO}
16:06:29.055 [main] DEBUG org.eclipse.jetty.util.component.AbstractLifeCycle -- STARTED @2250ms InflaterPool@1ee29c84{STARTED,size=0,capacity=25}
16:06:29.056 [main] DEBUG org.eclipse.jetty.util.component.ContainerLifeCycle -- Server@4b672daa{STARTING}[11.0.15,sto=1000] added {InflaterPool@1ee29c84{STARTED,size=0,capacity=25},MANAGED}
16:06:29.057 [main] DEBUG org.eclipse.jetty.util.component.ContainerLifeCycle -- GzipHandler@6de54b40{STARTING,min=32,inflate=-1} added {InflaterPool@1ee29c84{STARTED,size=0,capacity=25},UNMANAGED}
16:06:29.059 [main] DEBUG org.eclipse.jetty.util.component.AbstractLifeCycle -- STARTING DeflaterPool@61533ae{STOPPED,size=-1,capacity=25}
16:06:29.060 [main] DEBUG org.eclipse.jetty.util.component.ContainerLifeCycle -- DeflaterPool@61533ae{STARTING,size=0,capacity=25} added {Pool@732bb66d[inUse=0,size=0,max=25,closed=false],POJO}
16:06:29.060 [main] DEBUG org.eclipse.jetty.util.component.AbstractLifeCycle -- STARTED @2255ms DeflaterPool@61533ae{STARTED,size=0,capacity=25}
16:06:29.061 [main] DEBUG org.eclipse.jetty.util.component.ContainerLifeCycle -- Server@4b672daa{STARTING}[11.0.15,sto=1000] added {DeflaterPool@61533ae{STARTED,size=0,capacity=25},MANAGED}
16:06:29.061 [main] DEBUG org.eclipse.jetty.util.component.ContainerLifeCycle -- GzipHandler@6de54b40{STARTING,min=32,inflate=-1} added {DeflaterPool@61533ae{STARTED,size=0,capacity=25},UNMANAGED}
16:06:29.061 [main] DEBUG org.eclipse.jetty.server.handler.AbstractHandler -- starting GzipHandler@6de54b40{STARTING,min=32,inflate=-1}
16:06:29.062 [main] DEBUG org.eclipse.jetty.util.component.AbstractLifeCycle -- STARTING o.e.j.s.ServletContextHandler@6e521c1e{/,null,STOPPED}
16:06:29.062 [main] DEBUG org.eclipse.jetty.util.DecoratedObjectFactory -- Adding Decorator: org.eclipse.jetty.util.DeprecationWarning@720653c2
16:06:29.062 [main] DEBUG org.eclipse.jetty.server.handler.AbstractHandler -- starting o.e.j.s.ServletContextHandler@6e521c1e{/,null,STARTING}
16:06:29.062 [main] DEBUG org.eclipse.jetty.util.component.AbstractLifeCycle -- STARTING SymlinkAllowedResourceAliasChecker@224b4d61{base=null,protected=[]}
16:06:29.062 [main] DEBUG org.eclipse.jetty.util.component.ContainerLifeCycle -- o.e.j.s.ServletContextHandler@6e521c1e{/,null,STARTING} added {org.eclipse.jetty.server.AllowedResourceAliasChecker$AllowedResourceAliasCheckListener@45f24169,POJO}
16:06:29.063 [main] DEBUG org.eclipse.jetty.util.component.AbstractLifeCycle -- STARTED @2257ms SymlinkAllowedResourceAliasChecker@224b4d61{base=null,protected=[]}
16:06:29.063 [main] DEBUG org.eclipse.jetty.util.component.AbstractLifeCycle -- STARTING ServletHandler@5d5d9e5{STOPPED}
16:06:29.063 [main] DEBUG org.eclipse.jetty.servlet.ServletHandler -- Path=/__files/*[EMBEDDED:null] mapped to servlet=org.eclipse.jetty.servlet.DefaultServlet-303e3593[EMBEDDED:null]
16:06:29.063 [main] DEBUG org.eclipse.jetty.http.pathmap.ServletPathSpec -- Creating ServletPathSpec[/__files/*] (group: PREFIX_GLOB, prefix: "/__files", suffix: "null")
16:06:29.064 [main] DEBUG org.eclipse.jetty.http.pathmap.PathMappings -- Added MappedResource[pathSpec=ServletPathSpec@6b2fe10e{/__files/*},resource=MappedServlet6ad5923a{/__files/*->org.eclipse.jetty.servlet.DefaultServlet-303e3593==org.eclipse.jetty.servlet.DefaultServlet@fa70c64a{jsp=null,order=-1,inst=false,async=true,src=EMBEDDED:null,STOPPED}}] to PathMappings[size=1]
16:06:29.064 [main] DEBUG org.eclipse.jetty.servlet.ServletHandler -- Path=/[EMBEDDED:null] mapped to servlet=com.github.tomakehurst.wiremock.servlet.WireMockHandlerDispatchingServlet-439a8f59[EMBEDDED:null]
16:06:29.064 [main] DEBUG org.eclipse.jetty.http.pathmap.PathMappings -- Added MappedResource[pathSpec=ServletPathSpec@9457dcb7{/},resource=MappedServlet4463d9d3{/->com.github.tomakehurst.wiremock.servlet.WireMockHandlerDispatchingServlet-439a8f59==com.github.tomakehurst.wiremock.servlet.WireMockHandlerDispatchingServlet@68bafea7{jsp=null,order=1,inst=false,async=true,src=EMBEDDED:null,STOPPED}}] to PathMappings[size=2]
16:06:29.065 [main] DEBUG org.eclipse.jetty.servlet.ServletHandler -- filterNameMap={com.github.tomakehurst.wiremock.servlet.ContentTypeSettingFilter-724f138e=com.github.tomakehurst.wiremock.servlet.ContentTypeSettingFilter-724f138e==com.github.tomakehurst.wiremock.servlet.ContentTypeSettingFilter@724f138e{inst=false,async=true,src=EMBEDDED:null}, com.github.tomakehurst.wiremock.servlet.TrailingSlashFilter-c9413d8=com.github.tomakehurst.wiremock.servlet.TrailingSlashFilter-c9413d8==com.github.tomakehurst.wiremock.servlet.TrailingSlashFilter@c9413d8{inst=false,async=true,src=EMBEDDED:null}} pathFilters=[[/__files/*]/[]/[ERROR, ASYNC, FORWARD, REQUEST, INCLUDE]=>com.github.tomakehurst.wiremock.servlet.TrailingSlashFilter-c9413d8, [/__files/*]/[]/[FORWARD]=>com.github.tomakehurst.wiremock.servlet.ContentTypeSettingFilter-724f138e] servletFilterMap={} servletPathMap=PathMappings[size=2] servletNameMap={org.eclipse.jetty.servlet.DefaultServlet-303e3593=MappedServlet13d186db{null->org.eclipse.jetty.servlet.DefaultServlet-303e3593==org.eclipse.jetty.servlet.DefaultServlet@fa70c64a{jsp=null,order=-1,inst=false,async=true,src=EMBEDDED:null,STOPPED}}, com.github.tomakehurst.wiremock.servlet.WireMockHandlerDispatchingServlet-439a8f59=MappedServlet6f6962ba{null->com.github.tomakehurst.wiremock.servlet.WireMockHandlerDispatchingServlet-439a8f59==com.github.tomakehurst.wiremock.servlet.WireMockHandlerDispatchingServlet@68bafea7{jsp=null,order=1,inst=false,async=true,src=EMBEDDED:null,STOPPED}}}
16:06:29.066 [main] DEBUG org.eclipse.jetty.server.handler.AbstractHandler -- starting ServletHandler@5d5d9e5{STARTING}
16:06:29.067 [main] DEBUG org.eclipse.jetty.util.component.AbstractLifeCycle -- STARTED @2262ms ServletHandler@5d5d9e5{STARTED}
16:06:29.067 [main] DEBUG org.eclipse.jetty.util.component.AbstractLifeCycle -- STARTING NotFoundHandler@114a85c2{STOPPED}
16:06:29.067 [main] DEBUG org.eclipse.jetty.server.handler.AbstractHandler -- starting NotFoundHandler@114a85c2{STARTING}
16:06:29.067 [main] DEBUG org.eclipse.jetty.util.component.AbstractLifeCycle -- STARTED @2262ms NotFoundHandler@114a85c2{STARTED}
16:06:29.068 [main] DEBUG org.eclipse.jetty.util.component.AbstractLifeCycle -- STARTING com.github.tomakehurst.wiremock.servlet.ContentTypeSettingFilter-724f138e==com.github.tomakehurst.wiremock.servlet.ContentTypeSettingFilter@724f138e{inst=false,async=true,src=EMBEDDED:null}
16:06:29.068 [main] DEBUG org.eclipse.jetty.util.component.AbstractLifeCycle -- STARTED @2263ms com.github.tomakehurst.wiremock.servlet.ContentTypeSettingFilter-724f138e==com.github.tomakehurst.wiremock.servlet.ContentTypeSettingFilter@724f138e{inst=false,async=true,src=EMBEDDED:null}
16:06:29.068 [main] DEBUG org.eclipse.jetty.servlet.FilterHolder -- Filter.init com.github.tomakehurst.wiremock.servlet.ContentTypeSettingFilter@312afbc7
16:06:29.068 [main] DEBUG org.eclipse.jetty.util.component.AbstractLifeCycle -- STARTING com.github.tomakehurst.wiremock.servlet.TrailingSlashFilter-c9413d8==com.github.tomakehurst.wiremock.servlet.TrailingSlashFilter@c9413d8{inst=false,async=true,src=EMBEDDED:null}
16:06:29.068 [main] DEBUG org.eclipse.jetty.util.component.AbstractLifeCycle -- STARTED @2263ms com.github.tomakehurst.wiremock.servlet.TrailingSlashFilter-c9413d8==com.github.tomakehurst.wiremock.servlet.TrailingSlashFilter@c9413d8{inst=false,async=true,src=EMBEDDED:null}
16:06:29.069 [main] DEBUG org.eclipse.jetty.servlet.FilterHolder -- Filter.init com.github.tomakehurst.wiremock.servlet.TrailingSlashFilter@7b60c3e
16:06:29.069 [main] DEBUG org.eclipse.jetty.util.component.AbstractLifeCycle -- STARTING org.eclipse.jetty.servlet.DefaultServlet-303e3593==org.eclipse.jetty.servlet.DefaultServlet@fa70c64a{jsp=null,order=-1,inst=false,async=true,src=EMBEDDED:null,STOPPED}
16:06:29.069 [main] DEBUG org.eclipse.jetty.util.component.AbstractLifeCycle -- STARTED @2264ms org.eclipse.jetty.servlet.DefaultServlet-303e3593==org.eclipse.jetty.servlet.DefaultServlet@fa70c64a{jsp=null,order=-1,inst=false,async=true,src=EMBEDDED:null,STARTED}
16:06:29.070 [main] DEBUG org.eclipse.jetty.util.component.AbstractLifeCycle -- STARTING com.github.tomakehurst.wiremock.servlet.WireMockHandlerDispatchingServlet-439a8f59==com.github.tomakehurst.wiremock.servlet.WireMockHandlerDispatchingServlet@68bafea7{jsp=null,order=1,inst=false,async=true,src=EMBEDDED:null,STOPPED}
16:06:29.070 [main] DEBUG org.eclipse.jetty.util.component.AbstractLifeCycle -- STARTED @2265ms com.github.tomakehurst.wiremock.servlet.WireMockHandlerDispatchingServlet-439a8f59==com.github.tomakehurst.wiremock.servlet.WireMockHandlerDispatchingServlet@68bafea7{jsp=null,order=1,inst=false,async=true,src=EMBEDDED:null,STARTED}
16:06:29.083 [main] DEBUG org.eclipse.jetty.servlet.ServletHolder -- Servlet.init null for com.github.tomakehurst.wiremock.servlet.WireMockHandlerDispatchingServlet-439a8f59
16:06:29.083 [main] INFO org.eclipse.jetty.server.handler.ContextHandler.ROOT -- RequestHandlerClass from context returned com.github.tomakehurst.wiremock.http.StubRequestHandler. Normalized mapped under returned 'null'
16:06:29.084 [main] INFO org.eclipse.jetty.server.handler.ContextHandler -- Started o.e.j.s.ServletContextHandler@6e521c1e{/,null,AVAILABLE}
16:06:29.084 [main] DEBUG org.eclipse.jetty.util.component.AbstractLifeCycle -- STARTED @2279ms o.e.j.s.ServletContextHandler@6e521c1e{/,null,AVAILABLE}
16:06:29.084 [main] DEBUG org.eclipse.jetty.util.component.AbstractLifeCycle -- STARTED @2279ms GzipHandler@6de54b40{STARTED,min=32,inflate=-1}
16:06:29.084 [main] DEBUG org.eclipse.jetty.util.component.AbstractLifeCycle -- STARTED @2279ms HandlerCollection@54709809{STARTED}
16:06:29.084 [main] DEBUG org.eclipse.jetty.util.component.AbstractLifeCycle -- STARTING ErrorHandler@6b04acb2{STOPPED}
16:06:29.084 [main] DEBUG org.eclipse.jetty.server.handler.AbstractHandler -- starting ErrorHandler@6b04acb2{STARTING}
16:06:29.085 [main] DEBUG org.eclipse.jetty.util.component.AbstractLifeCycle -- STARTED @2279ms ErrorHandler@6b04acb2{STARTED}
16:06:29.085 [main] DEBUG org.eclipse.jetty.util.component.AbstractLifeCycle -- STARTING NetworkTrafficServerConnector@292d1c71{HTTP/1.1, (http/1.1, h2c)}{0.0.0.0:8080}
16:06:29.088 [main] DEBUG org.eclipse.jetty.util.component.AbstractLifeCycle -- STARTING ScheduledExecutorScheduler@50eca7c6{STOPPED}
16:06:29.089 [main] DEBUG org.eclipse.jetty.util.component.AbstractLifeCycle -- STARTED @2283ms ScheduledExecutorScheduler@50eca7c6{STARTED}
16:06:29.089 [main] DEBUG org.eclipse.jetty.util.component.AbstractLifeCycle -- STARTING HttpConnectionFactory@9ed238c[HTTP/1.1]
16:06:29.089 [main] DEBUG org.eclipse.jetty.util.component.AbstractLifeCycle -- STARTED @2284ms HttpConnectionFactory@9ed238c[HTTP/1.1]
16:06:29.089 [main] DEBUG org.eclipse.jetty.util.component.AbstractLifeCycle -- STARTING HTTP2CServerConnectionFactory@78fb9a67[h2c]
16:06:29.089 [main] DEBUG org.eclipse.jetty.util.component.AbstractLifeCycle -- STARTED @2284ms HTTP2CServerConnectionFactory@78fb9a67[h2c]
16:06:29.089 [main] DEBUG org.eclipse.jetty.util.component.AbstractLifeCycle -- STARTING SelectorManager@NetworkTrafficServerConnector@292d1c71{HTTP/1.1, (http/1.1, h2c)}{0.0.0.0:8080}
16:06:29.096 [main] DEBUG org.eclipse.jetty.util.component.ContainerLifeCycle -- AdaptiveExecutionStrategy@2d84cb86/SelectorProducer@71a3a190/IDLE/p=false/QueuedThreadPool[qtp1860886124]@6eeade6c{STARTED,8<=8<=25,i=8,r=-1,t=59909ms,q=0}[ReservedThreadExecutor@6e28bb87{reserved=0/2,pending=0}][pc=0,pic=0,pec=0,epc=0]@2025-07-13T16:06:29.096758945+01:00 added {SelectorProducer@71a3a190,POJO}
16:06:29.097 [main] DEBUG org.eclipse.jetty.util.component.ContainerLifeCycle -- AdaptiveExecutionStrategy@2d84cb86/SelectorProducer@71a3a190/IDLE/p=false/QueuedThreadPool[qtp1860886124]@6eeade6c{STARTED,8<=8<=25,i=8,r=-1,t=59908ms,q=0}[ReservedThreadExecutor@6e28bb87{reserved=0/2,pending=0}][pc=0,pic=0,pec=0,epc=0]@2025-07-13T16:06:29.097545094+01:00 added {QueuedThreadPool[qtp1860886124]@6eeade6c{STARTED,8<=8<=25,i=8,r=-1,t=59907ms,q=0}[ReservedThreadExecutor@6e28bb87{reserved=0/2,pending=0}],UNMANAGED}
16:06:29.097 [main] DEBUG org.eclipse.jetty.util.thread.strategy.AdaptiveExecutionStrategy -- AdaptiveExecutionStrategy@2d84cb86/SelectorProducer@71a3a190/IDLE/p=false/QueuedThreadPool[qtp1860886124]@6eeade6c{STARTED,8<=8<=25,i=8,r=-1,t=59907ms,q=0}[ReservedThreadExecutor@6e28bb87{reserved=0/2,pending=0}][pc=0,pic=0,pec=0,epc=0]@2025-07-13T16:06:29.098180789+01:00 created
16:06:29.098 [main] DEBUG org.eclipse.jetty.util.component.ContainerLifeCycle -- ManagedSelector@588ffeb{STOPPED} id=0 keys=-1 selected=-1 updates=0 added {AdaptiveExecutionStrategy@2d84cb86/SelectorProducer@71a3a190/IDLE/p=false/QueuedThreadPool[qtp1860886124]@6eeade6c{STARTED,8<=8<=25,i=8,r=-1,t=59907ms,q=0}[ReservedThreadExecutor@6e28bb87{reserved=0/2,pending=0}][pc=0,pic=0,pec=0,epc=0]@2025-07-13T16:06:29.099195348+01:00,MANAGED}
16:06:29.099 [main] DEBUG org.eclipse.jetty.util.component.ContainerLifeCycle -- SelectorManager@NetworkTrafficServerConnector@292d1c71{HTTP/1.1, (http/1.1, h2c)}{0.0.0.0:8080} added {ManagedSelector@588ffeb{STOPPED} id=0 keys=-1 selected=-1 updates=0,AUTO}
16:06:29.099 [main] DEBUG org.eclipse.jetty.util.component.ContainerLifeCycle -- AdaptiveExecutionStrategy@7c28c1/SelectorProducer@baf1bb3/IDLE/p=false/QueuedThreadPool[qtp1860886124]@6eeade6c{STARTED,8<=8<=25,i=8,r=-1,t=59905ms,q=0}[ReservedThreadExecutor@6e28bb87{reserved=0/2,pending=0}][pc=0,pic=0,pec=0,epc=0]@2025-07-13T16:06:29.100093594+01:00 added {SelectorProducer@baf1bb3,POJO}
16:06:29.100 [main] DEBUG org.eclipse.jetty.util.component.ContainerLifeCycle -- AdaptiveExecutionStrategy@7c28c1/SelectorProducer@baf1bb3/IDLE/p=false/QueuedThreadPool[qtp1860886124]@6eeade6c{STARTED,8<=8<=25,i=8,r=-1,t=59905ms,q=0}[ReservedThreadExecutor@6e28bb87{reserved=0/2,pending=0}][pc=0,pic=0,pec=0,epc=0]@2025-07-13T16:06:29.100462098+01:00 added {QueuedThreadPool[qtp1860886124]@6eeade6c{STARTED,8<=8<=25,i=8,r=-1,t=59905ms,q=0}[ReservedThreadExecutor@6e28bb87{reserved=0/2,pending=0}],UNMANAGED}
16:06:29.100 [main] DEBUG org.eclipse.jetty.util.thread.strategy.AdaptiveExecutionStrategy -- AdaptiveExecutionStrategy@7c28c1/SelectorProducer@baf1bb3/IDLE/p=false/QueuedThreadPool[qtp1860886124]@6eeade6c{STARTED,8<=8<=25,i=8,r=-1,t=59904ms,q=0}[ReservedThreadExecutor@6e28bb87{reserved=0/2,pending=0}][pc=0,pic=0,pec=0,epc=0]@2025-07-13T16:06:29.101027913+01:00 created
16:06:29.101 [main] DEBUG org.eclipse.jetty.util.component.ContainerLifeCycle -- ManagedSelector@67ec8477{STOPPED} id=1 keys=-1 selected=-1 updates=0 added {AdaptiveExecutionStrategy@7c28c1/SelectorProducer@baf1bb3/IDLE/p=false/QueuedThreadPool[qtp1860886124]@6eeade6c{STARTED,8<=8<=25,i=8,r=-1,t=59904ms,q=0}[ReservedThreadExecutor@6e28bb87{reserved=0/2,pending=0}][pc=0,pic=0,pec=0,epc=0]@2025-07-13T16:06:29.101408781+01:00,MANAGED}
16:06:29.101 [main] DEBUG org.eclipse.jetty.util.component.ContainerLifeCycle -- SelectorManager@NetworkTrafficServerConnector@292d1c71{HTTP/1.1, (http/1.1, h2c)}{0.0.0.0:8080} added {ManagedSelector@67ec8477{STOPPED} id=1 keys=-1 selected=-1 updates=0,AUTO}
16:06:29.101 [main] DEBUG org.eclipse.jetty.util.component.AbstractLifeCycle -- STARTING ManagedSelector@588ffeb{STOPPED} id=0 keys=-1 selected=-1 updates=0
16:06:29.102 [main] DEBUG org.eclipse.jetty.util.component.AbstractLifeCycle -- STARTING AdaptiveExecutionStrategy@2d84cb86/SelectorProducer@71a3a190/IDLE/p=false/QueuedThreadPool[qtp1860886124]@6eeade6c{STARTED,8<=8<=25,i=8,r=-1,t=59903ms,q=0}[ReservedThreadExecutor@6e28bb87{reserved=0/2,pending=0}][pc=0,pic=0,pec=0,epc=0]@2025-07-13T16:06:29.102156167+01:00
16:06:29.102 [main] DEBUG org.eclipse.jetty.util.component.AbstractLifeCycle -- STARTED @2297ms AdaptiveExecutionStrategy@2d84cb86/SelectorProducer@71a3a190/IDLE/p=false/QueuedThreadPool[qtp1860886124]@6eeade6c{STARTED,8<=8<=25,i=8,r=-1,t=59903ms,q=0}[ReservedThreadExecutor@6e28bb87{reserved=0/2,pending=0}][pc=0,pic=0,pec=0,epc=0]@2025-07-13T16:06:29.102539783+01:00
16:06:29.105 [main] DEBUG org.eclipse.jetty.util.thread.QueuedThreadPool -- queue org.eclipse.jetty.io.ManagedSelector$$Lambda$482/0x000073d7302ae098@6443b128 startThread=0
16:06:29.105 [qtp1860886124-26] DEBUG org.eclipse.jetty.util.thread.QueuedThreadPool -- run org.eclipse.jetty.io.ManagedSelector$$Lambda$482/0x000073d7302ae098@6443b128 in QueuedThreadPool[qtp1860886124]@6eeade6c{STARTED,8<=8<=25,i=7,r=-1,t=59899ms,q=0}[ReservedThreadExecutor@6e28bb87{reserved=0/2,pending=0}]
16:06:29.106 [main] DEBUG org.eclipse.jetty.io.ManagedSelector -- Queued change lazy=false org.eclipse.jetty.io.ManagedSelector$Start@1b32cd16 on ManagedSelector@588ffeb{STARTING} id=0 keys=0 selected=0 updates=0
16:06:29.106 [qtp1860886124-26] DEBUG org.eclipse.jetty.util.thread.strategy.AdaptiveExecutionStrategy -- AdaptiveExecutionStrategy@2d84cb86/SelectorProducer@71a3a190/IDLE/p=false/QueuedThreadPool[qtp1860886124]@6eeade6c{STARTED,8<=8<=25,i=7,r=-1,t=59899ms,q=0}[ReservedThreadExecutor@6e28bb87{reserved=0/2,pending=0}][pc=0,pic=0,pec=0,epc=0]@2025-07-13T16:06:29.106646269+01:00 tryProduce false
16:06:29.108 [qtp1860886124-26] DEBUG org.eclipse.jetty.io.ManagedSelector -- updateable 1
16:06:29.109 [qtp1860886124-26] DEBUG org.eclipse.jetty.io.ManagedSelector -- update org.eclipse.jetty.io.ManagedSelector$Start@1b32cd16
16:06:29.109 [qtp1860886124-26] DEBUG org.eclipse.jetty.io.ManagedSelector -- updates 0
16:06:29.109 [qtp1860886124-26] DEBUG org.eclipse.jetty.io.ManagedSelector -- Selector sun.nio.ch.EPollSelectorImpl@1f751e5c waiting with 0 keys
16:06:29.109 [main] DEBUG org.eclipse.jetty.util.component.AbstractLifeCycle -- STARTED @2304ms ManagedSelector@588ffeb{STARTED} id=0 keys=0 selected=0 updates=0
16:06:29.110 [main] DEBUG org.eclipse.jetty.util.component.AbstractLifeCycle -- STARTING ManagedSelector@67ec8477{STOPPED} id=1 keys=-1 selected=-1 updates=0
16:06:29.110 [main] DEBUG org.eclipse.jetty.util.component.AbstractLifeCycle -- STARTING AdaptiveExecutionStrategy@7c28c1/SelectorProducer@baf1bb3/IDLE/p=false/QueuedThreadPool[qtp1860886124]@6eeade6c{STARTED,8<=8<=25,i=7,r=-1,t=59894ms,q=0}[ReservedThreadExecutor@6e28bb87{reserved=0/2,pending=0}][pc=0,pic=0,pec=0,epc=0]@2025-07-13T16:06:29.110935799+01:00
16:06:29.111 [main] DEBUG org.eclipse.jetty.util.component.AbstractLifeCycle -- STARTED @2305ms AdaptiveExecutionStrategy@7c28c1/SelectorProducer@baf1bb3/IDLE/p=false/QueuedThreadPool[qtp1860886124]@6eeade6c{STARTED,8<=8<=25,i=7,r=-1,t=59894ms,q=0}[ReservedThreadExecutor@6e28bb87{reserved=0/2,pending=0}][pc=0,pic=0,pec=0,epc=0]@2025-07-13T16:06:29.111459657+01:00
16:06:29.112 [main] DEBUG org.eclipse.jetty.util.thread.QueuedThreadPool -- queue org.eclipse.jetty.io.ManagedSelector$$Lambda$482/0x000073d7302ae098@61d01788 startThread=0
16:06:29.112 [qtp1860886124-27] DEBUG org.eclipse.jetty.util.thread.QueuedThreadPool -- run org.eclipse.jetty.io.ManagedSelector$$Lambda$482/0x000073d7302ae098@61d01788 in QueuedThreadPool[qtp1860886124]@6eeade6c{STARTED,8<=8<=25,i=6,r=-1,t=59893ms,q=0}[ReservedThreadExecutor@6e28bb87{reserved=0/2,pending=0}]
16:06:29.112 [main] DEBUG org.eclipse.jetty.io.ManagedSelector -- Queued change lazy=false org.eclipse.jetty.io.ManagedSelector$Start@2b9b7f1f on ManagedSelector@67ec8477{STARTING} id=1 keys=0 selected=0 updates=0
16:06:29.112 [qtp1860886124-27] DEBUG org.eclipse.jetty.util.thread.strategy.AdaptiveExecutionStrategy -- AdaptiveExecutionStrategy@7c28c1/SelectorProducer@baf1bb3/IDLE/p=false/QueuedThreadPool[qtp1860886124]@6eeade6c{STARTED,8<=8<=25,i=6,r=-1,t=59893ms,q=0}[ReservedThreadExecutor@6e28bb87{reserved=0/2,pending=0}][pc=0,pic=0,pec=0,epc=0]@2025-07-13T16:06:29.112681819+01:00 tryProduce false
16:06:29.112 [qtp1860886124-27] DEBUG org.eclipse.jetty.io.ManagedSelector -- updateable 1
16:06:29.112 [qtp1860886124-27] DEBUG org.eclipse.jetty.io.ManagedSelector -- update org.eclipse.jetty.io.ManagedSelector$Start@2b9b7f1f
16:06:29.113 [qtp1860886124-27] DEBUG org.eclipse.jetty.io.ManagedSelector -- updates 0
16:06:29.113 [main] DEBUG org.eclipse.jetty.util.component.AbstractLifeCycle -- STARTED @2307ms ManagedSelector@67ec8477{STARTED} id=1 keys=0 selected=0 updates=0
16:06:29.113 [qtp1860886124-27] DEBUG org.eclipse.jetty.io.ManagedSelector -- Selector sun.nio.ch.EPollSelectorImpl@13605ab0 waiting with 0 keys
16:06:29.113 [main] DEBUG org.eclipse.jetty.util.component.AbstractLifeCycle -- STARTED @2308ms SelectorManager@NetworkTrafficServerConnector@292d1c71{HTTP/1.1, (http/1.1, h2c)}{0.0.0.0:8080}
16:06:29.114 [main] DEBUG org.eclipse.jetty.util.component.ContainerLifeCycle -- NetworkTrafficServerConnector@292d1c71{HTTP/1.1, (http/1.1, h2c)}{0.0.0.0:8080} added {acceptor-0@19593091,POJO}
16:06:29.115 [main] DEBUG org.eclipse.jetty.util.thread.QueuedThreadPool -- queue acceptor-0@19593091 startThread=0
16:06:29.115 [qtp1860886124-28] DEBUG org.eclipse.jetty.util.thread.QueuedThreadPool -- run acceptor-0@19593091 in QueuedThreadPool[qtp1860886124]@6eeade6c{STARTED,8<=8<=25,i=5,r=-1,t=59890ms,q=0}[ReservedThreadExecutor@6e28bb87{reserved=0/2,pending=0}]
16:06:29.115 [main] DEBUG org.eclipse.jetty.util.component.ContainerLifeCycle -- NetworkTrafficServerConnector@292d1c71{HTTP/1.1, (http/1.1, h2c)}{0.0.0.0:8080} added {acceptor-1@5d39f2d8,POJO}
16:06:29.115 [main] DEBUG org.eclipse.jetty.util.thread.QueuedThreadPool -- queue acceptor-1@5d39f2d8 startThread=0
16:06:29.116 [main] DEBUG org.eclipse.jetty.util.component.ContainerLifeCycle -- NetworkTrafficServerConnector@292d1c71{HTTP/1.1, (http/1.1, h2c)}{0.0.0.0:8080} added {acceptor-2@6ad6fa53,POJO}
16:06:29.116 [main] DEBUG org.eclipse.jetty.util.thread.QueuedThreadPool -- queue acceptor-2@6ad6fa53 startThread=0
16:06:29.116 [qtp1860886124-29] DEBUG org.eclipse.jetty.util.thread.QueuedThreadPool -- run acceptor-1@5d39f2d8 in QueuedThreadPool[qtp1860886124]@6eeade6c{STARTED,8<=8<=25,i=3,r=-1,t=59889ms,q=0}[ReservedThreadExecutor@6e28bb87{reserved=0/2,pending=0}]
16:06:29.116 [main] INFO org.eclipse.jetty.server.AbstractConnector -- Started NetworkTrafficServerConnector@292d1c71{HTTP/1.1, (http/1.1, h2c)}{0.0.0.0:8080}
16:06:29.116 [qtp1860886124-30] DEBUG org.eclipse.jetty.util.thread.QueuedThreadPool -- run acceptor-2@6ad6fa53 in QueuedThreadPool[qtp1860886124]@6eeade6c{STARTED,8<=8<=25,i=3,r=-1,t=59889ms,q=0}[ReservedThreadExecutor@6e28bb87{reserved=0/2,pending=0}]
16:06:29.116 [main] DEBUG org.eclipse.jetty.util.component.AbstractLifeCycle -- STARTED @2311ms NetworkTrafficServerConnector@292d1c71{HTTP/1.1, (http/1.1, h2c)}{0.0.0.0:8080}
16:06:29.117 [main] INFO org.eclipse.jetty.server.Server -- Started Server@4b672daa{STARTING}[11.0.15,sto=1000] @2311ms
16:06:29.117 [main] DEBUG org.eclipse.jetty.util.component.AbstractLifeCycle -- STARTED @2312ms Server@4b672daa{STARTED}[11.0.15,sto=1000]
WireMock démarré sur le port : http://localhost:8080
16:06:30.435 [main] DEBUG com.intuit.karate.Suite -- [config] classpath:karate-config.js
16:06:31.939 [main] DEBUG com.intuit.karate.core.ScenarioEngine -- over-writing existing variable 'adminToken' with new value: 'Bearer admin-token'
16:06:31.941 [main] DEBUG com.intuit.karate.core.ScenarioEngine -- over-writing existing variable 'userNoPermissionToken' with new value: 'Bearer user-no-permission'
16:06:31.957 [main] DEBUG com.jayway.jsonpath.internal.path.CompiledPath -- Evaluating path: $
16:06:31.963 [main] DEBUG com.jayway.jsonpath.internal.path.CompiledPath -- Evaluating path: $
16:06:31.987 [main] DEBUG io.netty.util.internal.logging.InternalLoggerFactory -- Using SLF4J as the default logging framework
16:06:31.989 [main] DEBUG io.netty.util.internal.PlatformDependent0 -- -Dio.netty.noUnsafe: false
16:06:31.990 [main] DEBUG io.netty.util.internal.PlatformDependent0 -- Java version: 17
16:06:31.991 [main] DEBUG io.netty.util.internal.PlatformDependent0 -- sun.misc.Unsafe.theUnsafe: available
16:06:31.992 [main] DEBUG io.netty.util.internal.PlatformDependent0 -- sun.misc.Unsafe.copyMemory: available
16:06:31.992 [main] DEBUG io.netty.util.internal.PlatformDependent0 -- sun.misc.Unsafe.storeFence: available
16:06:31.992 [main] DEBUG io.netty.util.internal.PlatformDependent0 -- java.nio.Buffer.address: available
16:06:31.993 [main] DEBUG io.netty.util.internal.PlatformDependent0 -- direct buffer constructor: unavailable: Reflective setAccessible(true) disabled
16:06:31.993 [main] DEBUG io.netty.util.internal.PlatformDependent0 -- java.nio.Bits.unaligned: available, true
16:06:31.995 [main] DEBUG io.netty.util.internal.PlatformDependent0 -- jdk.internal.misc.Unsafe.allocateUninitializedArray(int): unavailable: class io.netty.util.internal.PlatformDependent0$7 cannot access class jdk.internal.misc.Unsafe (in module java.base) because module java.base does not export jdk.internal.misc to unnamed module @7c573cad
16:06:31.996 [main] DEBUG io.netty.util.internal.PlatformDependent0 -- java.nio.DirectByteBuffer.<init>(long, {int,long}): unavailable
16:06:31.996 [main] DEBUG io.netty.util.internal.PlatformDependent -- sun.misc.Unsafe: available
16:06:31.997 [main] DEBUG io.netty.util.internal.PlatformDependent -- maxDirectMemory: 6224347136 bytes (maybe)
16:06:31.998 [main] DEBUG io.netty.util.internal.PlatformDependent -- -Dio.netty.tmpdir: /tmp (java.io.tmpdir)
16:06:31.998 [main] DEBUG io.netty.util.internal.PlatformDependent -- -Dio.netty.bitMode: 64 (sun.arch.data.model)
16:06:31.999 [main] DEBUG io.netty.util.internal.PlatformDependent -- -Dio.netty.maxDirectMemory: -1 bytes
16:06:31.999 [main] DEBUG io.netty.util.internal.PlatformDependent -- -Dio.netty.uninitializedArrayAllocationThreshold: -1
16:06:31.999 [main] DEBUG io.netty.util.internal.CleanerJava9 -- java.nio.ByteBuffer.cleaner(): available
16:06:32.000 [main] DEBUG io.netty.util.internal.PlatformDependent -- -Dio.netty.noPreferDirect: false
16:06:32.092 [main] DEBUG org.apache.http.client.protocol.RequestAddCookies -- CookieSpec selected: karate
16:06:32.098 [main] DEBUG org.apache.http.client.protocol.RequestAuthCache -- Auth cache not set in the context
16:06:32.101 [main] DEBUG com.intuit.karate -- request:
1 > POST http://localhost:8080/variants
1 > Authorization: adminToken
1 > Content-Type: application/json; charset=UTF-8
1 > Content-Length: 177
1 > Host: localhost:8080
1 > Connection: Keep-Alive
1 > User-Agent: Apache-HttpClient/4.5.14 (Java/17.0.15)
1 > Accept-Encoding: gzip,deflate
{"product_id":"prod-456","name":"Variante Chaussures Noires","sku":"SKU-BLACK-SIZE42","price":120.0,"characteristics":[{"id":"char-1","value":"42"}],"packaging":{"id":"pack-A"}}

16:06:32.103 [main] DEBUG org.apache.http.impl.conn.PoolingHttpClientConnectionManager -- Connection request: [route: {}->http://localhost:8080][total available: 0; route allocated: 0 of 5; total allocated: 0 of 10]
16:06:32.115 [main] DEBUG org.apache.http.impl.conn.PoolingHttpClientConnectionManager -- Connection leased: [id: 0][route: {}->http://localhost:8080][total available: 0; route allocated: 1 of 5; total allocated: 1 of 10]
16:06:32.118 [main] DEBUG org.apache.http.impl.execchain.MainClientExec -- Opening connection {}->http://localhost:8080
16:06:32.122 [main] DEBUG org.apache.http.impl.conn.DefaultHttpClientConnectionOperator -- Connecting to localhost/127.0.0.1:8080
16:06:32.123 [main] DEBUG org.apache.http.impl.conn.DefaultHttpClientConnectionOperator -- Connection established 127.0.0.1:43010<->127.0.0.1:8080
16:06:32.124 [main] DEBUG org.apache.http.impl.conn.DefaultManagedHttpClientConnection -- http-outgoing-0: set socket timeout to 30000
16:06:32.124 [main] DEBUG org.apache.http.impl.execchain.MainClientExec -- Executing request POST /variants HTTP/1.1
16:06:32.124 [main] DEBUG org.apache.http.impl.execchain.MainClientExec -- Proxy auth state: UNCHALLENGED
16:06:32.124 [qtp1860886124-28-acceptor-0@19593091-NetworkTrafficServerConnector@292d1c71{HTTP/1.1, (http/1.1, h2c)}{0.0.0.0:8080}] DEBUG org.eclipse.jetty.io.ManagedSelector -- Queued change lazy=false Accept@7dab47ac[java.nio.channels.SocketChannel[connected local=/127.0.0.1:8080 remote=/127.0.0.1:43010]] on ManagedSelector@67ec8477{STARTED} id=1 keys=0 selected=0 updates=0
16:06:32.125 [qtp1860886124-28-acceptor-0@19593091-NetworkTrafficServerConnector@292d1c71{HTTP/1.1, (http/1.1, h2c)}{0.0.0.0:8080}] DEBUG org.eclipse.jetty.io.ManagedSelector -- Wakeup on submit ManagedSelector@67ec8477{STARTED} id=1 keys=0 selected=0 updates=1
16:06:32.126 [qtp1860886124-27] DEBUG org.eclipse.jetty.io.ManagedSelector -- Selector sun.nio.ch.EPollSelectorImpl@13605ab0 woken with none selected
16:06:32.126 [qtp1860886124-27] DEBUG org.eclipse.jetty.io.ManagedSelector -- Selector sun.nio.ch.EPollSelectorImpl@13605ab0 woken up from select, 0/0/0 selected
16:06:32.126 [qtp1860886124-27] DEBUG org.eclipse.jetty.io.ManagedSelector -- Selector sun.nio.ch.EPollSelectorImpl@13605ab0 processing 0 keys, 1 updates
16:06:32.126 [qtp1860886124-27] DEBUG org.eclipse.jetty.io.ManagedSelector -- updateable 1
16:06:32.126 [qtp1860886124-27] DEBUG org.eclipse.jetty.io.ManagedSelector -- update Accept@7dab47ac[java.nio.channels.SocketChannel[connected local=/127.0.0.1:8080 remote=/127.0.0.1:43010]]
16:06:32.127 [qtp1860886124-27] DEBUG org.eclipse.jetty.util.thread.QueuedThreadPool -- queue Accept@7dab47ac[java.nio.channels.SocketChannel[connected local=/127.0.0.1:8080 remote=/127.0.0.1:43010]] startThread=0
16:06:32.127 [qtp1860886124-27] DEBUG org.eclipse.jetty.io.ManagedSelector -- updates 0
16:06:32.127 [qtp1860886124-27] DEBUG org.eclipse.jetty.io.ManagedSelector -- Selector sun.nio.ch.EPollSelectorImpl@13605ab0 waiting with 1 keys
16:06:32.127 [qtp1860886124-31] DEBUG org.eclipse.jetty.util.thread.QueuedThreadPool -- run Accept@7dab47ac[java.nio.channels.SocketChannel[connected local=/127.0.0.1:8080 remote=/127.0.0.1:43010]] in QueuedThreadPool[qtp1860886124]@6eeade6c{STARTED,8<=8<=25,i=2,r=-1,t=56878ms,q=0}[ReservedThreadExecutor@6e28bb87{reserved=0/2,pending=0}]
16:06:32.127 [main] DEBUG org.apache.http.headers -- http-outgoing-0 >> POST /variants HTTP/1.1
16:06:32.127 [main] DEBUG org.apache.http.headers -- http-outgoing-0 >> Authorization: adminToken
16:06:32.128 [main] DEBUG org.apache.http.headers -- http-outgoing-0 >> Content-Type: application/json; charset=UTF-8
16:06:32.128 [main] DEBUG org.apache.http.headers -- http-outgoing-0 >> Content-Length: 177
16:06:32.128 [main] DEBUG org.apache.http.headers -- http-outgoing-0 >> Host: localhost:8080
16:06:32.128 [main] DEBUG org.apache.http.headers -- http-outgoing-0 >> Connection: Keep-Alive
16:06:32.128 [main] DEBUG org.apache.http.headers -- http-outgoing-0 >> User-Agent: Apache-HttpClient/4.5.14 (Java/17.0.15)
16:06:32.128 [main] DEBUG org.apache.http.headers -- http-outgoing-0 >> Accept-Encoding: gzip,deflate
16:06:32.128 [main] DEBUG org.apache.http.wire -- http-outgoing-0 >> "POST /variants HTTP/1.1[\r][\n]"
16:06:32.128 [main] DEBUG org.apache.http.wire -- http-outgoing-0 >> "Authorization: adminToken[\r][\n]"
16:06:32.128 [main] DEBUG org.apache.http.wire -- http-outgoing-0 >> "Content-Type: application/json; charset=UTF-8[\r][\n]"
16:06:32.128 [main] DEBUG org.apache.http.wire -- http-outgoing-0 >> "Content-Length: 177[\r][\n]"
16:06:32.129 [main] DEBUG org.apache.http.wire -- http-outgoing-0 >> "Host: localhost:8080[\r][\n]"
16:06:32.129 [main] DEBUG org.apache.http.wire -- http-outgoing-0 >> "Connection: Keep-Alive[\r][\n]"
16:06:32.129 [main] DEBUG org.apache.http.wire -- http-outgoing-0 >> "User-Agent: Apache-HttpClient/4.5.14 (Java/17.0.15)[\r][\n]"
16:06:32.129 [main] DEBUG org.apache.http.wire -- http-outgoing-0 >> "Accept-Encoding: gzip,deflate[\r][\n]"
16:06:32.129 [main] DEBUG org.apache.http.wire -- http-outgoing-0 >> "[\r][\n]"
16:06:32.129 [main] DEBUG org.apache.http.wire -- http-outgoing-0 >> "{"product_id":"prod-456","name":"Variante Chaussures Noires","sku":"SKU-BLACK-SIZE42","price":120.0,"characteristics":[{"id":"char-1","value":"42"}],"packaging":{"id":"pack-A"}}"
16:06:32.134 [qtp1860886124-31] DEBUG org.eclipse.jetty.io.IdleTimeout -- Setting idle timeout 0 -> 30000 on NetworkTrafficSocketChannelEndPoint@5aae2a42[{l=/127.0.0.1:8080,r=/127.0.0.1:43010,OPEN,fill=-,flush=-,to=4/30000}{io=0/0,kio=0,kro=0}]->[<null>]
16:06:32.135 [qtp1860886124-31] DEBUG org.eclipse.jetty.io.IdleTimeout -- NetworkTrafficSocketChannelEndPoint@5aae2a42[{l=/127.0.0.1:8080,r=/127.0.0.1:43010,OPEN,fill=-,flush=-,to=5/30000}{io=0/0,kio=0,kro=0}]->[<null>] idle timeout check, elapsed: 4 ms, remaining: 29996 ms
16:06:32.179 [qtp1860886124-31] DEBUG org.eclipse.jetty.server.HttpChannel -- new HttpChannelOverHttp@726aaebd{s=HttpChannelState@7926e088{s=IDLE rs=BLOCKING os=OPEN is=IDLE awp=false se=false i=true al=0},r=0,c=false/false,a=IDLE,uri=null,age=0} -> NetworkTrafficSocketChannelEndPoint@5aae2a42[{l=/127.0.0.1:8080,r=/127.0.0.1:43010,OPEN,fill=-,flush=-,to=49/30000}{io=0/0,kio=0,kro=0}]->[<null>],null,HttpChannelState@7926e088{s=IDLE rs=BLOCKING os=OPEN is=IDLE awp=false se=false i=true al=0}
16:06:32.192 [qtp1860886124-31] DEBUG org.eclipse.jetty.server.HttpConnection -- New HTTP Connection HttpConnection@7451fdc6::NetworkTrafficSocketChannelEndPoint@5aae2a42[{l=/127.0.0.1:8080,r=/127.0.0.1:43010,OPEN,fill=-,flush=-,to=62/30000}{io=0/0,kio=0,kro=0}]->[<null>]
16:06:32.194 [qtp1860886124-31] DEBUG org.eclipse.jetty.io.ManagedSelector -- Queued change lazy=true org.eclipse.jetty.io.ManagedSelector$$Lambda$656/0x000073d730584d20@7c2c01f2 on ManagedSelector@67ec8477{STARTED} id=1 keys=1 selected=0 updates=0
16:06:32.194 [qtp1860886124-31] DEBUG org.eclipse.jetty.io.AbstractEndPoint -- onOpen NetworkTrafficSocketChannelEndPoint@5aae2a42[{l=/127.0.0.1:8080,r=/127.0.0.1:43010,OPEN,fill=-,flush=-,to=63/30000}{io=0/0,kio=0,kro=0}]->[HttpConnection@7451fdc6[p=HttpParser{s=START,0 of -1},g=HttpGenerator@18ada6b2{s=START}]=>HttpChannelOverHttp@726aaebd{s=HttpChannelState@7926e088{s=IDLE rs=BLOCKING os=OPEN is=IDLE awp=false se=false i=true al=0},r=0,c=false/false,a=IDLE,uri=null,age=0}]
16:06:32.195 [qtp1860886124-31] DEBUG org.eclipse.jetty.io.AbstractConnection -- onOpen HttpConnection@7451fdc6::NetworkTrafficSocketChannelEndPoint@5aae2a42[{l=/127.0.0.1:8080,r=/127.0.0.1:43010,OPEN,fill=-,flush=-,to=65/30000}{io=0/0,kio=0,kro=0}]->[HttpConnection@7451fdc6[p=HttpParser{s=START,0 of -1},g=HttpGenerator@18ada6b2{s=START}]=>HttpChannelOverHttp@726aaebd{s=HttpChannelState@7926e088{s=IDLE rs=BLOCKING os=OPEN is=IDLE awp=false se=false i=true al=0},r=0,c=false/false,a=IDLE,uri=null,age=0}]
16:06:32.196 [qtp1860886124-31] DEBUG org.eclipse.jetty.io.AbstractConnection -- fillInterested HttpConnection@7451fdc6::NetworkTrafficSocketChannelEndPoint@5aae2a42[{l=/127.0.0.1:8080,r=/127.0.0.1:43010,OPEN,fill=-,flush=-,to=65/30000}{io=0/0,kio=0,kro=0}]->[HttpConnection@7451fdc6[p=HttpParser{s=START,0 of -1},g=HttpGenerator@18ada6b2{s=START}]=>HttpChannelOverHttp@726aaebd{s=HttpChannelState@7926e088{s=IDLE rs=BLOCKING os=OPEN is=IDLE awp=false se=false i=true al=0},r=0,c=false/false,a=IDLE,uri=null,age=0}]
16:06:32.196 [qtp1860886124-31] DEBUG org.eclipse.jetty.io.FillInterest -- interested FillInterest@3e7bf2b7{ReadCallback@4b165bfc{HttpConnection@7451fdc6::NetworkTrafficSocketChannelEndPoint@5aae2a42[{l=/127.0.0.1:8080,r=/127.0.0.1:43010,OPEN,fill=FI,flush=-,to=0/30000}{io=0/0,kio=0,kro=0}]->[HttpConnection@7451fdc6[p=HttpParser{s=START,0 of -1},g=HttpGenerator@18ada6b2{s=START}]=>HttpChannelOverHttp@726aaebd{s=HttpChannelState@7926e088{s=IDLE rs=BLOCKING os=OPEN is=IDLE awp=false se=false i=true al=0},r=0,c=false/false,a=IDLE,uri=null,age=0}]}}
16:06:32.197 [qtp1860886124-31] DEBUG org.eclipse.jetty.io.SelectableChannelEndPoint -- changeInterests p=false 0->1 for NetworkTrafficSocketChannelEndPoint@5aae2a42[{l=/127.0.0.1:8080,r=/127.0.0.1:43010,OPEN,fill=FI,flush=-,to=0/30000}{io=0/1,kio=0,kro=0}]->[HttpConnection@7451fdc6[p=HttpParser{s=START,0 of -1},g=HttpGenerator@18ada6b2{s=START}]=>HttpChannelOverHttp@726aaebd{s=HttpChannelState@7926e088{s=IDLE rs=BLOCKING os=OPEN is=IDLE awp=false se=false i=true al=0},r=0,c=false/false,a=IDLE,uri=null,age=0}]
16:06:32.197 [qtp1860886124-31] DEBUG org.eclipse.jetty.io.ManagedSelector -- Queued change lazy=false org.eclipse.jetty.io.SelectableChannelEndPoint$$Lambda$650/0x000073d730565340@2a5fa9c8 on ManagedSelector@67ec8477{STARTED} id=1 keys=1 selected=0 updates=1
16:06:32.197 [qtp1860886124-31] DEBUG org.eclipse.jetty.io.ManagedSelector -- Wakeup on submit ManagedSelector@67ec8477{STARTED} id=1 keys=1 selected=0 updates=2
16:06:32.197 [qtp1860886124-27] DEBUG org.eclipse.jetty.io.ManagedSelector -- Selector sun.nio.ch.EPollSelectorImpl@13605ab0 woken with none selected
16:06:32.197 [qtp1860886124-27] DEBUG org.eclipse.jetty.io.ManagedSelector -- Selector sun.nio.ch.EPollSelectorImpl@13605ab0 woken up from select, 0/0/1 selected
16:06:32.198 [qtp1860886124-27] DEBUG org.eclipse.jetty.io.ManagedSelector -- Selector sun.nio.ch.EPollSelectorImpl@13605ab0 processing 0 keys, 2 updates
16:06:32.198 [qtp1860886124-27] DEBUG org.eclipse.jetty.io.ManagedSelector -- updateable 2
16:06:32.198 [qtp1860886124-27] DEBUG org.eclipse.jetty.io.ManagedSelector -- update org.eclipse.jetty.io.ManagedSelector$$Lambda$656/0x000073d730584d20@7c2c01f2
16:06:32.198 [qtp1860886124-27] DEBUG org.eclipse.jetty.io.ManagedSelector -- update org.eclipse.jetty.io.SelectableChannelEndPoint$$Lambda$650/0x000073d730565340@2a5fa9c8
16:06:32.197 [qtp1860886124-31] DEBUG org.eclipse.jetty.io.ManagedSelector -- Created NetworkTrafficSocketChannelEndPoint@5aae2a42[{l=/127.0.0.1:8080,r=/127.0.0.1:43010,OPEN,fill=FI,flush=-,to=1/30000}{io=0/1,kio=0,kro=0}]->[HttpConnection@7451fdc6[p=HttpParser{s=START,0 of -1},g=HttpGenerator@18ada6b2{s=START}]=>HttpChannelOverHttp@726aaebd{s=HttpChannelState@7926e088{s=IDLE rs=BLOCKING os=OPEN is=IDLE awp=false se=false i=true al=0},r=0,c=false/false,a=IDLE,uri=null,age=0}]
16:06:32.198 [qtp1860886124-31] DEBUG org.eclipse.jetty.util.thread.QueuedThreadPool -- ran Accept@7dab47ac[java.nio.channels.SocketChannel[connected local=/127.0.0.1:8080 remote=/127.0.0.1:43010]] in QueuedThreadPool[qtp1860886124]@6eeade6c{STARTED,8<=8<=25,i=2,r=-1,t=56806ms,q=0}[ReservedThreadExecutor@6e28bb87{reserved=0/2,pending=0}]
16:06:32.198 [qtp1860886124-27] DEBUG org.eclipse.jetty.io.SelectableChannelEndPoint -- Key interests updated 0 -> 1 on NetworkTrafficSocketChannelEndPoint@5aae2a42[{l=/127.0.0.1:8080,r=/127.0.0.1:43010,OPEN,fill=FI,flush=-,to=1/30000}{io=1/1,kio=1,kro=0}]->[HttpConnection@7451fdc6[p=HttpParser{s=START,0 of -1},g=HttpGenerator@18ada6b2{s=START}]=>HttpChannelOverHttp@726aaebd{s=HttpChannelState@7926e088{s=IDLE rs=BLOCKING os=OPEN is=IDLE awp=false se=false i=true al=0},r=0,c=false/false,a=IDLE,uri=null,age=0}]
16:06:32.199 [qtp1860886124-27] DEBUG org.eclipse.jetty.io.ManagedSelector -- updates 0
16:06:32.199 [qtp1860886124-31] DEBUG org.eclipse.jetty.util.thread.QueuedThreadPool -- Evict skipped, no excess threads QueuedThreadPool[qtp1860886124]@6eeade6c{STARTED,8<=8<=25,i=3,r=-1,t=56806ms,q=0}[ReservedThreadExecutor@6e28bb87{reserved=0/2,pending=0}]
16:06:32.199 [qtp1860886124-27] DEBUG org.eclipse.jetty.io.ManagedSelector -- Selector sun.nio.ch.EPollSelectorImpl@13605ab0 waiting with 1 keys
16:06:32.199 [qtp1860886124-27] DEBUG org.eclipse.jetty.io.ManagedSelector -- Selector sun.nio.ch.EPollSelectorImpl@13605ab0 woken up from select, 1/1/1 selected
16:06:32.199 [qtp1860886124-27] DEBUG org.eclipse.jetty.io.ManagedSelector -- Selector sun.nio.ch.EPollSelectorImpl@13605ab0 processing 1 keys, 0 updates
16:06:32.199 [qtp1860886124-27] DEBUG org.eclipse.jetty.io.ManagedSelector -- selected 1 channel=java.nio.channels.SocketChannel[connected local=/127.0.0.1:8080 remote=/127.0.0.1:43010], selector=sun.nio.ch.EPollSelectorImpl@13605ab0, interestOps=1, readyOps=1 NetworkTrafficSocketChannelEndPoint@5aae2a42[{l=/127.0.0.1:8080,r=/127.0.0.1:43010,OPEN,fill=FI,flush=-,to=3/30000}{io=1/1,kio=1,kro=1}]->[HttpConnection@7451fdc6[p=HttpParser{s=START,0 of -1},g=HttpGenerator@18ada6b2{s=START}]=>HttpChannelOverHttp@726aaebd{s=HttpChannelState@7926e088{s=IDLE rs=BLOCKING os=OPEN is=IDLE awp=false se=false i=true al=0},r=0,c=false/false,a=IDLE,uri=null,age=0}] 
16:06:32.200 [qtp1860886124-27] DEBUG org.eclipse.jetty.io.SelectableChannelEndPoint -- onSelected 1->0 r=true w=false for NetworkTrafficSocketChannelEndPoint@5aae2a42[{l=/127.0.0.1:8080,r=/127.0.0.1:43010,OPEN,fill=FI,flush=-,to=3/30000}{io=1/0,kio=1,kro=1}]->[HttpConnection@7451fdc6[p=HttpParser{s=START,0 of -1},g=HttpGenerator@18ada6b2{s=START}]=>HttpChannelOverHttp@726aaebd{s=HttpChannelState@7926e088{s=IDLE rs=BLOCKING os=OPEN is=IDLE awp=false se=false i=true al=0},r=0,c=false/false,a=IDLE,uri=null,age=0}]
16:06:32.200 [qtp1860886124-27] DEBUG org.eclipse.jetty.io.SelectableChannelEndPoint -- task NetworkTrafficSocketChannelEndPoint@5aae2a42[{l=/127.0.0.1:8080,r=/127.0.0.1:43010,OPEN,fill=FI,flush=-,to=4/30000}{io=1/0,kio=1,kro=1}]->[HttpConnection@7451fdc6[p=HttpParser{s=START,0 of -1},g=HttpGenerator@18ada6b2{s=START}]=>HttpChannelOverHttp@726aaebd{s=HttpChannelState@7926e088{s=IDLE rs=BLOCKING os=OPEN is=IDLE awp=false se=false i=true al=0},r=0,c=false/false,a=IDLE,uri=null,age=0}]:runFillable:BLOCKING
16:06:32.201 [qtp1860886124-27] DEBUG org.eclipse.jetty.util.thread.ReservedThreadExecutor -- ReservedThreadExecutor@6e28bb87{reserved=0/2,pending=0} tryExecute org.eclipse.jetty.util.thread.strategy.AdaptiveExecutionStrategy$$Lambda$481/0x000073d7302ada30@3542bff3
16:06:32.201 [qtp1860886124-27] DEBUG org.eclipse.jetty.util.thread.ReservedThreadExecutor -- ReservedThreadExecutor@6e28bb87{reserved=0/2,pending=1} startReservedThread p=1
16:06:32.203 [qtp1860886124-27] DEBUG org.eclipse.jetty.util.thread.QueuedThreadPool -- queue ReservedThread@707dfad4{PENDING,thread=null} startThread=0
16:06:32.203 [qtp1860886124-32] DEBUG org.eclipse.jetty.util.thread.QueuedThreadPool -- run ReservedThread@707dfad4{PENDING,thread=null} in QueuedThreadPool[qtp1860886124]@6eeade6c{STARTED,8<=8<=25,i=2,r=-1,t=56802ms,q=0}[ReservedThreadExecutor@6e28bb87{reserved=0/2,pending=1}]
16:06:32.203 [qtp1860886124-32] DEBUG org.eclipse.jetty.util.thread.ReservedThreadExecutor -- ReservedThread@707dfad4{PENDING,thread=Thread[qtp1860886124-32,5,main]} was=PENDING next=RESERVED size=0+1 capacity=2
16:06:32.203 [qtp1860886124-32] DEBUG org.eclipse.jetty.util.thread.ReservedThreadExecutor -- ReservedThread@707dfad4{RESERVED,thread=Thread[qtp1860886124-32,5,main]} waiting ReservedThreadExecutor@6e28bb87{reserved=1/2,pending=0}
16:06:32.203 [qtp1860886124-27] DEBUG org.eclipse.jetty.util.thread.strategy.AdaptiveExecutionStrategy -- ss=PRODUCE_EXECUTE_CONSUME t=NetworkTrafficSocketChannelEndPoint@5aae2a42[{l=/127.0.0.1:8080,r=/127.0.0.1:43010,OPEN,fill=FI,flush=-,to=7/30000}{io=1/0,kio=1,kro=1}]->[HttpConnection@7451fdc6[p=HttpParser{s=START,0 of -1},g=HttpGenerator@18ada6b2{s=START}]=>HttpChannelOverHttp@726aaebd{s=HttpChannelState@7926e088{s=IDLE rs=BLOCKING os=OPEN is=IDLE awp=false se=false i=true al=0},r=0,c=false/false,a=IDLE,uri=null,age=0}]:runFillable:BLOCKING/BLOCKING AdaptiveExecutionStrategy@7c28c1/SelectorProducer@baf1bb3/PRODUCING/p=false/QueuedThreadPool[qtp1860886124]@6eeade6c{STARTED,8<=8<=25,i=2,r=-1,t=56801ms,q=0}[ReservedThreadExecutor@6e28bb87{reserved=1/2,pending=0}][pc=0,pic=0,pec=0,epc=0]@2025-07-13T16:06:32.20430062+01:00
16:06:32.204 [qtp1860886124-27] DEBUG org.eclipse.jetty.util.thread.QueuedThreadPool -- queue NetworkTrafficSocketChannelEndPoint@5aae2a42[{l=/127.0.0.1:8080,r=/127.0.0.1:43010,OPEN,fill=FI,flush=-,to=8/30000}{io=1/0,kio=1,kro=1}]->[HttpConnection@7451fdc6[p=HttpParser{s=START,0 of -1},g=HttpGenerator@18ada6b2{s=START}]=>HttpChannelOverHttp@726aaebd{s=HttpChannelState@7926e088{s=IDLE rs=BLOCKING os=OPEN is=IDLE awp=false se=false i=true al=0},r=0,c=false/false,a=IDLE,uri=null,age=0}]:runFillable:BLOCKING startThread=0
16:06:32.204 [qtp1860886124-33] DEBUG org.eclipse.jetty.util.thread.QueuedThreadPool -- run NetworkTrafficSocketChannelEndPoint@5aae2a42[{l=/127.0.0.1:8080,r=/127.0.0.1:43010,OPEN,fill=FI,flush=-,to=8/30000}{io=1/0,kio=1,kro=1}]->[HttpConnection@7451fdc6[p=HttpParser{s=START,0 of -1},g=HttpGenerator@18ada6b2{s=START}]=>HttpChannelOverHttp@726aaebd{s=HttpChannelState@7926e088{s=IDLE rs=BLOCKING os=OPEN is=IDLE awp=false se=false i=true al=0},r=0,c=false/false,a=IDLE,uri=null,age=0}]:runFillable:BLOCKING in QueuedThreadPool[qtp1860886124]@6eeade6c{STARTED,8<=8<=25,i=1,r=-1,t=56800ms,q=0}[ReservedThreadExecutor@6e28bb87{reserved=1/2,pending=0}]
16:06:32.205 [qtp1860886124-27] DEBUG org.eclipse.jetty.io.ManagedSelector -- updateable 0
16:06:32.205 [qtp1860886124-27] DEBUG org.eclipse.jetty.io.ManagedSelector -- updates 0
16:06:32.205 [qtp1860886124-33] DEBUG org.eclipse.jetty.io.FillInterest -- fillable FillInterest@3e7bf2b7{ReadCallback@4b165bfc{HttpConnection@7451fdc6::NetworkTrafficSocketChannelEndPoint@5aae2a42[{l=/127.0.0.1:8080,r=/127.0.0.1:43010,OPEN,fill=FI,flush=-,to=8/30000}{io=1/0,kio=1,kro=1}]->[HttpConnection@7451fdc6[p=HttpParser{s=START,0 of -1},g=HttpGenerator@18ada6b2{s=START}]=>HttpChannelOverHttp@726aaebd{s=HttpChannelState@7926e088{s=IDLE rs=BLOCKING os=OPEN is=IDLE awp=false se=false i=true al=0},r=0,c=false/false,a=IDLE,uri=null,age=0}]}}
16:06:32.205 [qtp1860886124-27] DEBUG org.eclipse.jetty.io.SelectableChannelEndPoint -- Key interests updated 1 -> 0 on NetworkTrafficSocketChannelEndPoint@5aae2a42[{l=/127.0.0.1:8080,r=/127.0.0.1:43010,OPEN,fill=FI,flush=-,to=8/30000}{io=0/0,kio=0,kro=1}]->[HttpConnection@7451fdc6[p=HttpParser{s=START,0 of -1},g=HttpGenerator@18ada6b2{s=START}]=>HttpChannelOverHttp@726aaebd{s=HttpChannelState@7926e088{s=IDLE rs=BLOCKING os=OPEN is=IDLE awp=false se=false i=true al=0},r=0,c=false/false,a=IDLE,uri=null,age=0}]
16:06:32.205 [qtp1860886124-27] DEBUG org.eclipse.jetty.io.ManagedSelector -- Selector sun.nio.ch.EPollSelectorImpl@13605ab0 waiting with 1 keys
16:06:32.205 [qtp1860886124-33] DEBUG org.eclipse.jetty.server.HttpConnection -- HttpConnection@7451fdc6::NetworkTrafficSocketChannelEndPoint@5aae2a42[{l=/127.0.0.1:8080,r=/127.0.0.1:43010,OPEN,fill=-,flush=-,to=9/30000}{io=0/0,kio=0,kro=1}]->[HttpConnection@7451fdc6[p=HttpParser{s=START,0 of -1},g=HttpGenerator@18ada6b2{s=START}]=>HttpChannelOverHttp@726aaebd{s=HttpChannelState@7926e088{s=IDLE rs=BLOCKING os=OPEN is=IDLE awp=false se=false i=true al=0},r=0,c=false/false,a=IDLE,uri=null,age=0}] onFillable enter HttpChannelState@7926e088{s=IDLE rs=BLOCKING os=OPEN is=IDLE awp=false se=false i=true al=0} null
16:06:32.206 [qtp1860886124-33] DEBUG org.eclipse.jetty.util.Pool -- RetainedBucket@73d90034[inUse=0,size=1,max=-1,closed=false]{capacity=8192,inuse=0(0%)} returning new reserved entry MonoEntry@77e69a97{PENDING,pooled=null}
16:06:32.209 [qtp1860886124-33] DEBUG org.eclipse.jetty.io.SocketChannelEndPoint -- filled 429 DirectByteBuffer@2fc00118[p=0,l=429,c=8192,r=429]={<<<POST /variants HTTP/1.1\r\n...aging":{"id":"pack-A"}}>>>\x00\x00\x00\x00\x00\x00\x00\x00\x00...\x00\x00\x00\x00\x00\x00\x00}
16:06:32.209 [qtp1860886124-33] DEBUG org.eclipse.jetty.server.HttpConnection -- HttpConnection@7451fdc6::NetworkTrafficSocketChannelEndPoint@5aae2a42[{l=/127.0.0.1:8080,r=/127.0.0.1:43010,OPEN,fill=-,flush=-,to=0/30000}{io=0/0,kio=0,kro=1}]->[HttpConnection@7451fdc6[p=HttpParser{s=START,0 of -1},g=HttpGenerator@18ada6b2{s=START}]=>HttpChannelOverHttp@726aaebd{s=HttpChannelState@7926e088{s=IDLE rs=BLOCKING os=OPEN is=IDLE awp=false se=false i=true al=0},r=0,c=false/false,a=IDLE,uri=null,age=0}] filled 429 RetainableByteBuffer@57e49389{DirectByteBuffer@2fc00118[p=0,l=429,c=8192,r=429]={<<<POST /variants HTTP/1.1\r\n...aging":{"id":"pack-A"}}>>>\x00\x00\x00\x00\x00\x00\x00\x00\x00...\x00\x00\x00\x00\x00\x00\x00},r=1}
16:06:32.210 [qtp1860886124-33] DEBUG org.eclipse.jetty.server.HttpConnection -- HttpConnection@7451fdc6::NetworkTrafficSocketChannelEndPoint@5aae2a42[{l=/127.0.0.1:8080,r=/127.0.0.1:43010,OPEN,fill=-,flush=-,to=0/30000}{io=0/0,kio=0,kro=1}]->[HttpConnection@7451fdc6[p=HttpParser{s=START,0 of -1},g=HttpGenerator@18ada6b2{s=START}]=>HttpChannelOverHttp@726aaebd{s=HttpChannelState@7926e088{s=IDLE rs=BLOCKING os=OPEN is=IDLE awp=false se=false i=true al=0},r=0,c=false/false,a=IDLE,uri=null,age=0}] parse RetainableByteBuffer@57e49389{DirectByteBuffer@2fc00118[p=0,l=429,c=8192,r=429]={<<<POST /variants HTTP/1.1\r\n...aging":{"id":"pack-A"}}>>>\x00\x00\x00\x00\x00\x00\x00\x00\x00...\x00\x00\x00\x00\x00\x00\x00},r=1}
16:06:32.210 [qtp1860886124-33] DEBUG org.eclipse.jetty.http.HttpParser -- parseNext s=START DirectByteBuffer@2fc00118[p=0,l=429,c=8192,r=429]={<<<POST /variants HTTP/1.1\r\n...aging":{"id":"pack-A"}}>>>\x00\x00\x00\x00\x00\x00\x00\x00\x00...\x00\x00\x00\x00\x00\x00\x00}
16:06:32.211 [qtp1860886124-33] DEBUG org.eclipse.jetty.http.HttpParser -- START --> SPACE1
16:06:32.213 [qtp1860886124-33] DEBUG org.eclipse.jetty.http.HttpParser -- SPACE1 --> URI
16:06:32.213 [qtp1860886124-33] DEBUG org.eclipse.jetty.http.HttpParser -- URI --> SPACE2
16:06:32.213 [qtp1860886124-33] DEBUG org.eclipse.jetty.http.HttpParser -- SPACE2 --> REQUEST_VERSION
16:06:32.214 [qtp1860886124-33] DEBUG org.eclipse.jetty.http.HttpParser -- REQUEST_VERSION --> HEADER
16:06:32.215 [qtp1860886124-33] DEBUG org.eclipse.jetty.http.HttpParser -- HEADER:Authorization --> VALUE
16:06:32.215 [qtp1860886124-33] DEBUG org.eclipse.jetty.http.HttpParser -- HEADER:Authorization --> IN_VALUE
16:06:32.215 [qtp1860886124-33] DEBUG org.eclipse.jetty.http.HttpParser -- HEADER:Authorization --> FIELD
16:06:32.215 [qtp1860886124-33] DEBUG org.eclipse.jetty.http.HttpParser -- parsedHeader(Authorization: adminToken) header=Authorization, headerString=[Authorization], valueString=[adminToken]
16:06:32.215 [qtp1860886124-33] DEBUG org.eclipse.jetty.http.HttpParser -- HEADER:Content-Type: application/json; charset=UTF-8 --> IN_VALUE
16:06:32.216 [qtp1860886124-33] DEBUG org.eclipse.jetty.http.HttpParser -- HEADER:Content-Type: application/json; charset=UTF-8 --> FIELD
16:06:32.216 [qtp1860886124-33] DEBUG org.eclipse.jetty.http.HttpParser -- parsedHeader(Content-Type: application/json; charset=UTF-8) header=Content-Type, headerString=[Content-Type], valueString=[application/json; charset=UTF-8]
16:06:32.216 [qtp1860886124-33] DEBUG org.eclipse.jetty.http.HttpParser -- HEADER:Content-Length --> VALUE
16:06:32.216 [qtp1860886124-33] DEBUG org.eclipse.jetty.http.HttpParser -- HEADER:Content-Length --> IN_VALUE
16:06:32.216 [qtp1860886124-33] DEBUG org.eclipse.jetty.http.HttpParser -- HEADER:Content-Length --> FIELD
16:06:32.216 [qtp1860886124-33] DEBUG org.eclipse.jetty.http.HttpParser -- parsedHeader(null) header=Content-Length, headerString=[Content-Length], valueString=[177]
16:06:32.216 [qtp1860886124-33] DEBUG org.eclipse.jetty.http.HttpParser -- HEADER:Host --> VALUE
16:06:32.216 [qtp1860886124-33] DEBUG org.eclipse.jetty.http.HttpParser -- HEADER:Host --> IN_VALUE
16:06:32.216 [qtp1860886124-33] DEBUG org.eclipse.jetty.http.HttpParser -- HEADER:Host --> FIELD
16:06:32.217 [qtp1860886124-33] DEBUG org.eclipse.jetty.http.HttpParser -- parsedHeader(Host: localhost:8080) header=Host, headerString=[Host], valueString=[localhost:8080]
16:06:32.217 [qtp1860886124-33] DEBUG org.eclipse.jetty.http.HttpParser -- HEADER:Connection: keep-alive --> IN_VALUE
16:06:32.217 [qtp1860886124-33] DEBUG org.eclipse.jetty.http.HttpParser -- HEADER:Connection: keep-alive --> FIELD
16:06:32.217 [qtp1860886124-33] DEBUG org.eclipse.jetty.http.HttpParser -- parsedHeader(Connection: keep-alive) header=Connection, headerString=[Connection], valueString=[keep-alive]
16:06:32.217 [qtp1860886124-33] DEBUG org.eclipse.jetty.http.HttpParser -- HEADER:User-Agent --> VALUE
16:06:32.217 [qtp1860886124-33] DEBUG org.eclipse.jetty.http.HttpParser -- HEADER:User-Agent --> IN_VALUE
16:06:32.217 [qtp1860886124-33] DEBUG org.eclipse.jetty.http.HttpParser -- HEADER:User-Agent --> FIELD
16:06:32.217 [qtp1860886124-33] DEBUG org.eclipse.jetty.http.HttpParser -- parsedHeader(User-Agent: Apache-HttpClient/4.5.14 (Java/17.0.15)) header=User-Agent, headerString=[User-Agent], valueString=[Apache-HttpClient/4.5.14 (Java/17.0.15)]
16:06:32.217 [qtp1860886124-33] DEBUG org.eclipse.jetty.http.HttpParser -- HEADER:Accept-Encoding --> IN_VALUE
16:06:32.218 [qtp1860886124-33] DEBUG org.eclipse.jetty.http.HttpParser -- HEADER:Accept-Encoding --> FIELD
16:06:32.218 [qtp1860886124-33] DEBUG org.eclipse.jetty.http.HttpParser -- parsedHeader(Accept-Encoding: gzip,deflate) header=Accept-Encoding, headerString=[Accept-Encoding], valueString=[gzip,deflate]
16:06:32.218 [qtp1860886124-33] DEBUG org.eclipse.jetty.http.HttpParser -- HEADER --> CONTENT
16:06:32.219 [qtp1860886124-33] DEBUG org.eclipse.jetty.server.HttpInput -- reopen HttpInput@1049459323 cs=HttpChannelState@7926e088{s=IDLE rs=BLOCKING os=OPEN is=IDLE awp=false se=false i=true al=0} cp=org.eclipse.jetty.server.BlockingContentProducer@79aff902 eof=false
16:06:32.227 [qtp1860886124-33] DEBUG org.eclipse.jetty.server.BlockingContentProducer -- reopening org.eclipse.jetty.server.BlockingContentProducer@79aff902
16:06:32.227 [qtp1860886124-33] DEBUG org.eclipse.jetty.server.AsyncContentProducer -- reopening AsyncContentProducer@3ce081d6[r=null,t=null,i=null,error=false,c=HttpChannelOverHttp@726aaebd{s=HttpChannelState@7926e088{s=IDLE rs=BLOCKING os=OPEN is=IDLE awp=false se=false i=true al=0},r=1,c=false/false,a=IDLE,uri=null,age=8}]
16:06:32.228 [qtp1860886124-33] DEBUG org.eclipse.jetty.server.HttpChannel -- REQUEST for /variants on HttpChannelOverHttp@726aaebd{s=HttpChannelState@7926e088{s=IDLE rs=BLOCKING os=OPEN is=IDLE awp=false se=false i=true al=0},r=1,c=false/false,a=IDLE,uri=http://localhost:8080/variants,age=9}
POST /variants HTTP/1.1
Authorization: adminToken
Content-Type: application/json; charset=UTF-8
Content-Length: 177
Host: localhost:8080
Connection: keep-alive
User-Agent: Apache-HttpClient/4.5.14 (Java/17.0.15)
Accept-Encoding: gzip,deflate


16:06:32.231 [qtp1860886124-33] DEBUG org.eclipse.jetty.server.HttpConnection -- HttpConnection@7451fdc6::NetworkTrafficSocketChannelEndPoint@5aae2a42[{l=/127.0.0.1:8080,r=/127.0.0.1:43010,OPEN,fill=-,flush=-,to=21/30000}{io=0/0,kio=0,kro=1}]->[HttpConnection@7451fdc6[p=HttpParser{s=CONTENT,0 of 177},g=HttpGenerator@18ada6b2{s=START}]=>HttpChannelOverHttp@726aaebd{s=HttpChannelState@7926e088{s=IDLE rs=BLOCKING os=OPEN is=IDLE awp=false se=false i=true al=0},r=1,c=false/false,a=IDLE,uri=http://localhost:8080/variants,age=12}] parsed true HttpParser{s=CONTENT,0 of 177}
16:06:32.231 [qtp1860886124-33] DEBUG org.eclipse.jetty.server.HttpChannel -- handle http://localhost:8080/variants HttpChannelOverHttp@726aaebd{s=HttpChannelState@7926e088{s=IDLE rs=BLOCKING os=OPEN is=IDLE awp=false se=false i=true al=0},r=1,c=false/false,a=IDLE,uri=http://localhost:8080/variants,age=12} 
16:06:32.232 [qtp1860886124-33] DEBUG org.eclipse.jetty.server.HttpChannelState -- handling HttpChannelState@7926e088{s=IDLE rs=BLOCKING os=OPEN is=IDLE awp=false se=false i=true al=0}
16:06:32.232 [qtp1860886124-33] DEBUG org.eclipse.jetty.server.HttpChannel -- action DISPATCH HttpChannelOverHttp@726aaebd{s=HttpChannelState@7926e088{s=HANDLING rs=BLOCKING os=OPEN is=IDLE awp=false se=false i=true al=0},r=1,c=false/false,a=HANDLING,uri=http://localhost:8080/variants,age=13}
16:06:32.237 [qtp1860886124-33] DEBUG org.eclipse.jetty.server.Server -- REQUEST POST /variants ?null on HttpChannelOverHttp@726aaebd{s=HttpChannelState@7926e088{s=HANDLING rs=BLOCKING os=OPEN is=IDLE awp=false se=false i=true al=0},r=1,c=false/false,a=HANDLING,uri=http://localhost:8080/variants,age=18}
16:06:32.238 [qtp1860886124-33] DEBUG org.eclipse.jetty.server.handler.ContextHandler -- scope null||/variants @ o.e.j.s.ServletContextHandler@c7a975a{/__admin,null,AVAILABLE}
16:06:32.238 [qtp1860886124-33] DEBUG org.eclipse.jetty.server.handler.gzip.GzipHandler -- GzipHandler@6de54b40{STARTED,min=32,inflate=-1} handle Request(POST http://localhost:8080/variants)@38277002 in null
16:06:32.239 [qtp1860886124-33] DEBUG org.eclipse.jetty.server.handler.ContextHandler -- scope null||/variants @ o.e.j.s.ServletContextHandler@6e521c1e{/,null,AVAILABLE}
16:06:32.240 [qtp1860886124-33] DEBUG org.eclipse.jetty.server.handler.ContextHandler -- context=||/variants @ o.e.j.s.ServletContextHandler@6e521c1e{/,null,AVAILABLE}
16:06:32.241 [qtp1860886124-33] DEBUG org.eclipse.jetty.servlet.ServletHandler -- servlet |/variants|null|ServletPathMapping{matchValue=, pattern=/, servletName=com.github.tomakehurst.wiremock.servlet.WireMockHandlerDispatchingServlet-439a8f59, mappingMatch=DEFAULT, servletPath=/variants, pathInfo=null} -> com.github.tomakehurst.wiremock.servlet.WireMockHandlerDispatchingServlet-439a8f59==com.github.tomakehurst.wiremock.servlet.WireMockHandlerDispatchingServlet@68bafea7{jsp=null,order=1,inst=true,async=true,src=EMBEDDED:null,STARTED}
16:06:32.254 [qtp1860886124-33] DEBUG org.eclipse.jetty.servlet.ServletHandler -- ServletHandler@5d5d9e5{STARTED} cached filter chain for REQUEST: ChainEnd@7d47ecae(com.github.tomakehurst.wiremock.servlet.WireMockHandlerDispatchingServlet-439a8f59==com.github.tomakehurst.wiremock.servlet.WireMockHandlerDispatchingServlet@68bafea7{jsp=null,order=1,inst=true,async=true,src=EMBEDDED:null,STARTED})
16:06:32.255 [qtp1860886124-33] DEBUG org.eclipse.jetty.servlet.ServletHandler -- chain=ChainEnd@7d47ecae(com.github.tomakehurst.wiremock.servlet.WireMockHandlerDispatchingServlet-439a8f59==com.github.tomakehurst.wiremock.servlet.WireMockHandlerDispatchingServlet@68bafea7{jsp=null,order=1,inst=true,async=true,src=EMBEDDED:null,STARTED})
16:06:32.270 [qtp1860886124-33] DEBUG org.eclipse.jetty.server.AsyncContentProducer -- checkMinDataRate [m=0,t=-9223372036854775808] AsyncContentProducer@3ce081d6[r=null,t=null,i=null,error=false,c=HttpChannelOverHttp@726aaebd{s=HttpChannelState@7926e088{s=HANDLING rs=BLOCKING os=OPEN is=IDLE awp=false se=false i=true al=0},r=1,c=false/false,a=HANDLING,uri=http://localhost:8080/variants,age=51}]
16:06:32.270 [qtp1860886124-33] DEBUG org.eclipse.jetty.server.AsyncContentProducer -- nextTransformedContent AsyncContentProducer@3ce081d6[r=null,t=null,i=null,error=false,c=HttpChannelOverHttp@726aaebd{s=HttpChannelState@7926e088{s=HANDLING rs=BLOCKING os=OPEN is=IDLE awp=false se=false i=true al=0},r=1,c=false/false,a=HANDLING,uri=http://localhost:8080/variants,age=51}]
16:06:32.270 [qtp1860886124-33] DEBUG org.eclipse.jetty.server.AsyncContentProducer -- producing new raw content AsyncContentProducer@3ce081d6[r=null,t=null,i=null,error=false,c=HttpChannelOverHttp@726aaebd{s=HttpChannelState@7926e088{s=HANDLING rs=BLOCKING os=OPEN is=IDLE awp=false se=false i=true al=0},r=1,c=false/false,a=HANDLING,uri=http://localhost:8080/variants,age=51}]
16:06:32.271 [qtp1860886124-33] DEBUG org.eclipse.jetty.server.HttpChannelOverHttp -- produceContent has no content, parsing and filling
16:06:32.271 [qtp1860886124-33] DEBUG org.eclipse.jetty.server.HttpConnection -- HttpConnection@7451fdc6::NetworkTrafficSocketChannelEndPoint@5aae2a42[{l=/127.0.0.1:8080,r=/127.0.0.1:43010,OPEN,fill=-,flush=-,to=61/30000}{io=0/0,kio=0,kro=1}]->[HttpConnection@7451fdc6[p=HttpParser{s=CONTENT,0 of 177},g=HttpGenerator@18ada6b2{s=START}]=>HttpChannelOverHttp@726aaebd{s=HttpChannelState@7926e088{s=HANDLING rs=BLOCKING os=OPEN is=IDLE awp=false se=false i=true al=0},r=1,c=false/false,a=HANDLING,uri=http://localhost:8080/variants,age=52}] parse RetainableByteBuffer@57e49389{DirectByteBuffer@2fc00118[p=252,l=429,c=8192,r=177]={POST /var...ate\r\n\r\n<<<{"product_id":"prod-456",...aging":{"id":"pack-A"}}>>>\x00\x00\x00\x00\x00\x00\x00\x00\x00...\x00\x00\x00\x00\x00\x00\x00},r=1}
16:06:32.271 [qtp1860886124-33] DEBUG org.eclipse.jetty.http.HttpParser -- parseNext s=CONTENT DirectByteBuffer@2fc00118[p=252,l=429,c=8192,r=177]={POST /var...ate\r\n\r\n<<<{"product_id":"prod-456",...aging":{"id":"pack-A"}}>>>\x00\x00\x00\x00\x00\x00\x00\x00\x00...\x00\x00\x00\x00\x00\x00\x00}
16:06:32.272 [qtp1860886124-33] DEBUG org.eclipse.jetty.server.HttpChannel -- onContent HttpChannelOverHttp@726aaebd{s=HttpChannelState@7926e088{s=HANDLING rs=BLOCKING os=OPEN is=IDLE awp=false se=false i=true al=0},r=1,c=false/false,a=HANDLING,uri=http://localhost:8080/variants,age=53} Content@5039a9e0{DirectByteBufferR@4c3d9771[p=252,l=429,c=8192,r=177]={POST /var...ate\r\n\r\n<<<{"product_id":"prod-456",...aging":{"id":"pack-A"}}>>>\x00\x00\x00\x00\x00\x00\x00\x00\x00...\x00\x00\x00\x00\x00\x00\x00},spc=false,eof=false,err=null}
16:06:32.272 [qtp1860886124-33] DEBUG org.eclipse.jetty.server.HttpConnection -- HttpConnection@7451fdc6::NetworkTrafficSocketChannelEndPoint@5aae2a42[{l=/127.0.0.1:8080,r=/127.0.0.1:43010,OPEN,fill=-,flush=-,to=63/30000}{io=0/0,kio=0,kro=1}]->[HttpConnection@7451fdc6[p=HttpParser{s=CONTENT,177 of 177},g=HttpGenerator@18ada6b2{s=START}]=>HttpChannelOverHttp@726aaebd{s=HttpChannelState@7926e088{s=HANDLING rs=BLOCKING os=OPEN is=IDLE awp=false se=false i=true al=0},r=1,c=false/false,a=HANDLING,uri=http://localhost:8080/variants,age=53}] parsed true HttpParser{s=CONTENT,177 of 177}
16:06:32.272 [qtp1860886124-33] DEBUG org.eclipse.jetty.server.HttpChannelOverHttp -- produceContent produced Content@5039a9e0{DirectByteBufferR@4c3d9771[p=252,l=429,c=8192,r=177]={POST /var...ate\r\n\r\n<<<{"product_id":"prod-456",...aging":{"id":"pack-A"}}>>>\x00\x00\x00\x00\x00\x00\x00\x00\x00...\x00\x00\x00\x00\x00\x00\x00},spc=false,eof=false,err=null}
16:06:32.273 [qtp1860886124-33] DEBUG org.eclipse.jetty.server.AsyncContentProducer -- produceRawContent updated rawContentArrived to 177 and firstByteTimeStamp to 10123868548236 AsyncContentProducer@3ce081d6[r=null,t=null,i=null,error=false,c=HttpChannelOverHttp@726aaebd{s=HttpChannelState@7926e088{s=HANDLING rs=BLOCKING os=OPEN is=IDLE awp=false se=false i=true al=0},r=1,c=false/false,a=HANDLING,uri=http://localhost:8080/variants,age=54}]
16:06:32.273 [qtp1860886124-33] DEBUG org.eclipse.jetty.server.AsyncContentProducer -- produceRawContent produced Content@5039a9e0{DirectByteBufferR@4c3d9771[p=252,l=429,c=8192,r=177]={POST /var...ate\r\n\r\n<<<{"product_id":"prod-456",...aging":{"id":"pack-A"}}>>>\x00\x00\x00\x00\x00\x00\x00\x00\x00...\x00\x00\x00\x00\x00\x00\x00},spc=false,eof=false,err=null} AsyncContentProducer@3ce081d6[r=null,t=null,i=null,error=false,c=HttpChannelOverHttp@726aaebd{s=HttpChannelState@7926e088{s=HANDLING rs=BLOCKING os=OPEN is=IDLE awp=false se=false i=true al=0},r=1,c=false/false,a=HANDLING,uri=http://localhost:8080/variants,age=54}]
16:06:32.273 [qtp1860886124-33] DEBUG org.eclipse.jetty.server.AsyncContentProducer -- transforming raw content AsyncContentProducer@3ce081d6[r=Content@5039a9e0{DirectByteBufferR@4c3d9771[p=252,l=429,c=8192,r=177]={POST /var...ate\r\n\r\n<<<{"product_id":"prod-456",...aging":{"id":"pack-A"}}>>>\x00\x00\x00\x00\x00\x00\x00\x00\x00...\x00\x00\x00\x00\x00\x00\x00},spc=false,eof=false,err=null},t=null,i=null,error=false,c=HttpChannelOverHttp@726aaebd{s=HttpChannelState@7926e088{s=HANDLING rs=BLOCKING os=OPEN is=IDLE awp=false se=false i=true al=0},r=1,c=false/false,a=HANDLING,uri=http://localhost:8080/variants,age=54}]
16:06:32.273 [qtp1860886124-33] DEBUG org.eclipse.jetty.server.AsyncContentProducer -- no interceptor, transformed content is raw content AsyncContentProducer@3ce081d6[r=Content@5039a9e0{DirectByteBufferR@4c3d9771[p=252,l=429,c=8192,r=177]={POST /var...ate\r\n\r\n<<<{"product_id":"prod-456",...aging":{"id":"pack-A"}}>>>\x00\x00\x00\x00\x00\x00\x00\x00\x00...\x00\x00\x00\x00\x00\x00\x00},spc=false,eof=false,err=null},t=null,i=null,error=false,c=HttpChannelOverHttp@726aaebd{s=HttpChannelState@7926e088{s=HANDLING rs=BLOCKING os=OPEN is=IDLE awp=false se=false i=true al=0},r=1,c=false/false,a=HANDLING,uri=http://localhost:8080/variants,age=54}]
16:06:32.273 [qtp1860886124-33] DEBUG org.eclipse.jetty.server.AsyncContentProducer -- transformed content not yet depleted, returning it AsyncContentProducer@3ce081d6[r=Content@5039a9e0{DirectByteBufferR@4c3d9771[p=252,l=429,c=8192,r=177]={POST /var...ate\r\n\r\n<<<{"product_id":"prod-456",...aging":{"id":"pack-A"}}>>>\x00\x00\x00\x00\x00\x00\x00\x00\x00...\x00\x00\x00\x00\x00\x00\x00},spc=false,eof=false,err=null},t=Content@5039a9e0{DirectByteBufferR@4c3d9771[p=252,l=429,c=8192,r=177]={POST /var...ate\r\n\r\n<<<{"product_id":"prod-456",...aging":{"id":"pack-A"}}>>>\x00\x00\x00\x00\x00\x00\x00\x00\x00...\x00\x00\x00\x00\x00\x00\x00},spc=false,eof=false,err=null},i=null,error=false,c=HttpChannelOverHttp@726aaebd{s=HttpChannelState@7926e088{s=HANDLING rs=BLOCKING os=OPEN is=IDLE awp=false se=false i=true al=0},r=1,c=false/false,a=HANDLING,uri=http://localhost:8080/variants,age=55}]
16:06:32.274 [qtp1860886124-33] DEBUG org.eclipse.jetty.server.AsyncContentProducer -- nextContent = Content@5039a9e0{DirectByteBufferR@4c3d9771[p=252,l=429,c=8192,r=177]={POST /var...ate\r\n\r\n<<<{"product_id":"prod-456",...aging":{"id":"pack-A"}}>>>\x00\x00\x00\x00\x00\x00\x00\x00\x00...\x00\x00\x00\x00\x00\x00\x00},spc=false,eof=false,err=null} AsyncContentProducer@3ce081d6[r=Content@5039a9e0{DirectByteBufferR@4c3d9771[p=252,l=429,c=8192,r=177]={POST /var...ate\r\n\r\n<<<{"product_id":"prod-456",...aging":{"id":"pack-A"}}>>>\x00\x00\x00\x00\x00\x00\x00\x00\x00...\x00\x00\x00\x00\x00\x00\x00},spc=false,eof=false,err=null},t=Content@5039a9e0{DirectByteBufferR@4c3d9771[p=252,l=429,c=8192,r=177]={POST /var...ate\r\n\r\n<<<{"product_id":"prod-456",...aging":{"id":"pack-A"}}>>>\x00\x00\x00\x00\x00\x00\x00\x00\x00...\x00\x00\x00\x00\x00\x00\x00},spc=false,eof=false,err=null},i=null,error=false,c=HttpChannelOverHttp@726aaebd{s=HttpChannelState@7926e088{s=HANDLING rs=BLOCKING os=OPEN is=IDLE awp=false se=false i=true al=0},r=1,c=false/false,a=HANDLING,uri=http://localhost:8080/variants,age=55}]
16:06:32.274 [qtp1860886124-33] DEBUG org.eclipse.jetty.server.HttpChannelState -- onReadIdle HttpChannelState@7926e088{s=HANDLING rs=BLOCKING os=OPEN is=IDLE awp=false se=false i=true al=0}
16:06:32.274 [qtp1860886124-33] DEBUG org.eclipse.jetty.server.BlockingContentProducer -- nextContent async producer returned Content@5039a9e0{DirectByteBufferR@4c3d9771[p=252,l=429,c=8192,r=177]={POST /var...ate\r\n\r\n<<<{"product_id":"prod-456",...aging":{"id":"pack-A"}}>>>\x00\x00\x00\x00\x00\x00\x00\x00\x00...\x00\x00\x00\x00\x00\x00\x00},spc=false,eof=false,err=null}
16:06:32.275 [qtp1860886124-33] DEBUG org.eclipse.jetty.server.HttpInput -- read produced 177 byte(s) HttpInput@1049459323 cs=HttpChannelState@7926e088{s=HANDLING rs=BLOCKING os=OPEN is=IDLE awp=false se=false i=true al=0} cp=org.eclipse.jetty.server.BlockingContentProducer@79aff902 eof=false
16:06:32.275 [qtp1860886124-33] DEBUG org.eclipse.jetty.server.AsyncContentProducer -- reclaim Content@5039a9e0{DirectByteBufferR@4c3d9771[p=429,l=429,c=8192,r=0]={POST /var...ck-A"}}<<<>>>\x00\x00\x00\x00\x00\x00\x00\x00\x00...\x00\x00\x00\x00\x00\x00\x00},spc=false,eof=false,err=null} AsyncContentProducer@3ce081d6[r=Content@5039a9e0{DirectByteBufferR@4c3d9771[p=429,l=429,c=8192,r=0]={POST /var...ck-A"}}<<<>>>\x00\x00\x00\x00\x00\x00\x00\x00\x00...\x00\x00\x00\x00\x00\x00\x00},spc=false,eof=false,err=null},t=Content@5039a9e0{DirectByteBufferR@4c3d9771[p=429,l=429,c=8192,r=0]={POST /var...ck-A"}}<<<>>>\x00\x00\x00\x00\x00\x00\x00\x00\x00...\x00\x00\x00\x00\x00\x00\x00},spc=false,eof=false,err=null},i=null,error=false,c=HttpChannelOverHttp@726aaebd{s=HttpChannelState@7926e088{s=HANDLING rs=BLOCKING os=OPEN is=IDLE awp=false se=false i=true al=0},r=1,c=false/false,a=HANDLING,uri=http://localhost:8080/variants,age=56}]
16:06:32.276 [qtp1860886124-33] DEBUG org.eclipse.jetty.server.AsyncContentProducer -- checkMinDataRate [m=0,t=10123868548236] AsyncContentProducer@3ce081d6[r=null,t=null,i=null,error=false,c=HttpChannelOverHttp@726aaebd{s=HttpChannelState@7926e088{s=HANDLING rs=BLOCKING os=OPEN is=IDLE awp=false se=false i=true al=0},r=1,c=false/false,a=HANDLING,uri=http://localhost:8080/variants,age=57}]
16:06:32.276 [qtp1860886124-33] DEBUG org.eclipse.jetty.server.AsyncContentProducer -- nextTransformedContent AsyncContentProducer@3ce081d6[r=null,t=null,i=null,error=false,c=HttpChannelOverHttp@726aaebd{s=HttpChannelState@7926e088{s=HANDLING rs=BLOCKING os=OPEN is=IDLE awp=false se=false i=true al=0},r=1,c=false/false,a=HANDLING,uri=http://localhost:8080/variants,age=57}]
16:06:32.276 [qtp1860886124-33] DEBUG org.eclipse.jetty.server.AsyncContentProducer -- producing new raw content AsyncContentProducer@3ce081d6[r=null,t=null,i=null,error=false,c=HttpChannelOverHttp@726aaebd{s=HttpChannelState@7926e088{s=HANDLING rs=BLOCKING os=OPEN is=IDLE awp=false se=false i=true al=0},r=1,c=false/false,a=HANDLING,uri=http://localhost:8080/variants,age=57}]
16:06:32.276 [qtp1860886124-33] DEBUG org.eclipse.jetty.server.HttpChannelOverHttp -- produceContent has no content, parsing and filling
16:06:32.276 [qtp1860886124-33] DEBUG org.eclipse.jetty.server.HttpConnection -- HttpConnection@7451fdc6::NetworkTrafficSocketChannelEndPoint@5aae2a42[{l=/127.0.0.1:8080,r=/127.0.0.1:43010,OPEN,fill=-,flush=-,to=67/30000}{io=0/0,kio=0,kro=1}]->[HttpConnection@7451fdc6[p=HttpParser{s=CONTENT,177 of 177},g=HttpGenerator@18ada6b2{s=START}]=>HttpChannelOverHttp@726aaebd{s=HttpChannelState@7926e088{s=HANDLING rs=BLOCKING os=OPEN is=IDLE awp=false se=false i=true al=0},r=1,c=false/false,a=HANDLING,uri=http://localhost:8080/variants,age=57}] parse RetainableByteBuffer@57e49389{DirectByteBuffer@2fc00118[p=429,l=429,c=8192,r=0]={POST /var...ck-A"}}<<<>>>\x00\x00\x00\x00\x00\x00\x00\x00\x00...\x00\x00\x00\x00\x00\x00\x00},r=1}
16:06:32.276 [qtp1860886124-33] DEBUG org.eclipse.jetty.http.HttpParser -- parseNext s=CONTENT DirectByteBuffer@2fc00118[p=429,l=429,c=8192,r=0]={POST /var...ck-A"}}<<<>>>\x00\x00\x00\x00\x00\x00\x00\x00\x00...\x00\x00\x00\x00\x00\x00\x00}
16:06:32.276 [qtp1860886124-33] DEBUG org.eclipse.jetty.http.HttpParser -- CONTENT --> CONTENT_END
16:06:32.276 [qtp1860886124-33] DEBUG org.eclipse.jetty.server.HttpChannel -- onContentComplete HttpChannelOverHttp@726aaebd{s=HttpChannelState@7926e088{s=HANDLING rs=BLOCKING os=OPEN is=IDLE awp=false se=false i=true al=0},r=1,c=false/false,a=HANDLING,uri=http://localhost:8080/variants,age=57}
16:06:32.277 [qtp1860886124-33] DEBUG org.eclipse.jetty.http.HttpParser -- CONTENT_END --> END
16:06:32.277 [qtp1860886124-33] DEBUG org.eclipse.jetty.server.HttpChannel -- onRequestComplete HttpChannelOverHttp@726aaebd{s=HttpChannelState@7926e088{s=HANDLING rs=BLOCKING os=OPEN is=IDLE awp=false se=false i=true al=0},r=1,c=false/false,a=HANDLING,uri=http://localhost:8080/variants,age=58}
16:06:32.277 [qtp1860886124-33] DEBUG org.eclipse.jetty.server.HttpChannelOverHttp -- received EOF, content = null
16:06:32.277 [qtp1860886124-33] DEBUG org.eclipse.jetty.server.HttpConnection -- HttpConnection@7451fdc6::NetworkTrafficSocketChannelEndPoint@5aae2a42[{l=/127.0.0.1:8080,r=/127.0.0.1:43010,OPEN,fill=-,flush=-,to=67/30000}{io=0/0,kio=0,kro=1}]->[HttpConnection@7451fdc6[p=HttpParser{s=END,177 of 177},g=HttpGenerator@18ada6b2{s=START}]=>HttpChannelOverHttp@726aaebd{s=HttpChannelState@7926e088{s=HANDLING rs=BLOCKING os=OPEN is=IDLE awp=false se=false i=true al=0},r=1,c=false/false,a=HANDLING,uri=http://localhost:8080/variants,age=58}] parsed false HttpParser{s=END,177 of 177}
16:06:32.277 [qtp1860886124-33] DEBUG org.eclipse.jetty.server.HttpConnection -- releaseRequestBuffer HttpConnection@7451fdc6::NetworkTrafficSocketChannelEndPoint@5aae2a42[{l=/127.0.0.1:8080,r=/127.0.0.1:43010,OPEN,fill=-,flush=-,to=67/30000}{io=0/0,kio=0,kro=1}]->[HttpConnection@7451fdc6[p=HttpParser{s=END,177 of 177},g=HttpGenerator@18ada6b2{s=START}]=>HttpChannelOverHttp@726aaebd{s=HttpChannelState@7926e088{s=HANDLING rs=BLOCKING os=OPEN is=IDLE awp=false se=false i=true al=0},r=1,c=false/false,a=HANDLING,uri=http://localhost:8080/variants,age=58}]
16:06:32.277 [qtp1860886124-33] DEBUG org.eclipse.jetty.server.HttpChannelOverHttp -- produceContent produced EofContent
16:06:32.277 [qtp1860886124-33] DEBUG org.eclipse.jetty.server.AsyncContentProducer -- produceRawContent updated rawContentArrived to 177 and firstByteTimeStamp to 10123868548236 AsyncContentProducer@3ce081d6[r=null,t=null,i=null,error=false,c=HttpChannelOverHttp@726aaebd{s=HttpChannelState@7926e088{s=HANDLING rs=BLOCKING os=OPEN is=IDLE awp=false se=false i=true al=0},r=1,c=false/false,a=HANDLING,uri=http://localhost:8080/variants,age=58}]
16:06:32.277 [qtp1860886124-33] DEBUG org.eclipse.jetty.server.AsyncContentProducer -- produceRawContent produced EofContent AsyncContentProducer@3ce081d6[r=null,t=null,i=null,error=false,c=HttpChannelOverHttp@726aaebd{s=HttpChannelState@7926e088{s=HANDLING rs=BLOCKING os=OPEN is=IDLE awp=false se=false i=true al=0},r=1,c=false/false,a=HANDLING,uri=http://localhost:8080/variants,age=58}]
16:06:32.277 [qtp1860886124-33] DEBUG org.eclipse.jetty.server.AsyncContentProducer -- transforming raw content AsyncContentProducer@3ce081d6[r=EofContent,t=null,i=null,error=false,c=HttpChannelOverHttp@726aaebd{s=HttpChannelState@7926e088{s=HANDLING rs=BLOCKING os=OPEN is=IDLE awp=false se=false i=true al=0},r=1,c=false/false,a=HANDLING,uri=http://localhost:8080/variants,age=58}]
16:06:32.278 [qtp1860886124-33] DEBUG org.eclipse.jetty.server.AsyncContentProducer -- no interceptor, transformed content is raw content AsyncContentProducer@3ce081d6[r=EofContent,t=null,i=null,error=false,c=HttpChannelOverHttp@726aaebd{s=HttpChannelState@7926e088{s=HANDLING rs=BLOCKING os=OPEN is=IDLE awp=false se=false i=true al=0},r=1,c=false/false,a=HANDLING,uri=http://localhost:8080/variants,age=59}]
16:06:32.278 [qtp1860886124-33] DEBUG org.eclipse.jetty.server.AsyncContentProducer -- transformed content not yet depleted, returning it AsyncContentProducer@3ce081d6[r=EofContent,t=EofContent,i=null,error=false,c=HttpChannelOverHttp@726aaebd{s=HttpChannelState@7926e088{s=HANDLING rs=BLOCKING os=OPEN is=IDLE awp=false se=false i=true al=0},r=1,c=false/false,a=HANDLING,uri=http://localhost:8080/variants,age=59}]
16:06:32.278 [qtp1860886124-33] DEBUG org.eclipse.jetty.server.AsyncContentProducer -- nextContent = EofContent AsyncContentProducer@3ce081d6[r=EofContent,t=EofContent,i=null,error=false,c=HttpChannelOverHttp@726aaebd{s=HttpChannelState@7926e088{s=HANDLING rs=BLOCKING os=OPEN is=IDLE awp=false se=false i=true al=0},r=1,c=false/false,a=HANDLING,uri=http://localhost:8080/variants,age=59}]
16:06:32.278 [qtp1860886124-33] DEBUG org.eclipse.jetty.server.HttpChannelState -- onReadIdle HttpChannelState@7926e088{s=HANDLING rs=BLOCKING os=OPEN is=IDLE awp=false se=false i=true al=0}
16:06:32.278 [qtp1860886124-33] DEBUG org.eclipse.jetty.server.BlockingContentProducer -- nextContent async producer returned EofContent
16:06:32.278 [qtp1860886124-33] DEBUG org.eclipse.jetty.server.HttpInput -- read error=null HttpInput@1049459323 cs=HttpChannelState@7926e088{s=HANDLING rs=BLOCKING os=OPEN is=IDLE awp=false se=false i=true al=0} cp=org.eclipse.jetty.server.BlockingContentProducer@79aff902 eof=false
16:06:32.278 [qtp1860886124-33] DEBUG org.eclipse.jetty.server.HttpInput -- read at EOF, setting consumed EOF to true HttpInput@1049459323 cs=HttpChannelState@7926e088{s=HANDLING rs=BLOCKING os=OPEN is=IDLE awp=false se=false i=true al=0} cp=org.eclipse.jetty.server.BlockingContentProducer@79aff902 eof=false
16:06:32.278 [qtp1860886124-33] DEBUG org.eclipse.jetty.server.BlockingContentProducer -- onContentProducible releasing semaphore LockedSemaphore permits=0 unready=false
16:06:32.305 [qtp1860886124-33] DEBUG com.jayway.jsonpath.internal.path.CompiledPath -- Evaluating path: $['packaging_id']
16:06:32.313 [qtp1860886124-33] DEBUG com.jayway.jsonpath.internal.path.CompiledPath -- Evaluating path: $['category_id']
16:06:32.313 [qtp1860886124-33] DEBUG com.jayway.jsonpath.internal.path.CompiledPath -- Evaluating path: $['brand_id']
16:06:32.338 [qtp1860886124-33] DEBUG com.jayway.jsonpath.internal.path.CompiledPath -- Evaluating path: $[?]
16:06:32.339 [qtp1860886124-33] DEBUG com.jayway.jsonpath.internal.path.CompiledPath -- Evaluating path: @['name']
16:06:32.347 [qtp1860886124-33] DEBUG com.jayway.jsonpath.internal.path.CompiledPath -- Evaluating path: @['name']
16:06:32.351 [qtp1860886124-33] DEBUG com.jayway.jsonpath.internal.path.CompiledPath -- Evaluating path: $['price']
16:06:32.382 [qtp1860886124-33] DEBUG com.jayway.jsonpath.internal.path.CompiledPath -- Evaluating path: $['prixDeBase']
16:06:32.383 [qtp1860886124-33] DEBUG com.jayway.jsonpath.internal.path.CompiledPath -- Evaluating path: $['stock_reel']
16:06:32.385 [qtp1860886124-33] DEBUG com.jayway.jsonpath.internal.path.CompiledPath -- Evaluating path: $['attributs'][?]
16:06:32.472 [qtp1860886124-33] DEBUG com.jayway.jsonpath.internal.path.CompiledPath -- Evaluating path: $['packaging_id']
16:06:32.472 [qtp1860886124-33] DEBUG com.jayway.jsonpath.internal.path.CompiledPath -- Evaluating path: $['category_id']
16:06:32.473 [qtp1860886124-33] DEBUG com.jayway.jsonpath.internal.path.CompiledPath -- Evaluating path: $['brand_id']
16:06:32.474 [qtp1860886124-33] DEBUG com.jayway.jsonpath.internal.path.CompiledPath -- Evaluating path: $[?]
16:06:32.474 [qtp1860886124-33] DEBUG com.jayway.jsonpath.internal.path.CompiledPath -- Evaluating path: @['name']
16:06:32.474 [qtp1860886124-33] DEBUG com.jayway.jsonpath.internal.path.CompiledPath -- Evaluating path: @['name']
16:06:32.475 [qtp1860886124-33] DEBUG com.jayway.jsonpath.internal.path.CompiledPath -- Evaluating path: $['price']
16:06:32.478 [qtp1860886124-33] DEBUG com.jayway.jsonpath.internal.path.CompiledPath -- Evaluating path: $['prixDeBase']
16:06:32.478 [qtp1860886124-33] DEBUG com.jayway.jsonpath.internal.path.CompiledPath -- Evaluating path: $['stock_reel']
16:06:32.480 [qtp1860886124-33] DEBUG com.jayway.jsonpath.internal.path.CompiledPath -- Evaluating path: $['attributs'][?]
16:06:32.493 [qtp1860886124-33] DEBUG net.javacrumbs.jsonunit.difference.diff -- JSON documents are different:
Different value found in node "name", expected: <"Smartphone XYZ"> but was: <"Variante Chaussures Noires">.
16:06:32.493 [qtp1860886124-33] DEBUG net.javacrumbs.jsonunit.difference.values -- Comparing expected:
{"name":"Smartphone XYZ"}
------------
with actual:
{"product_id":"prod-456","name":"Variante Chaussures Noires","sku":"SKU-BLACK-SIZE42","price":1.2E+2,"characteristics":[{"id":"char-1","value":"42"}],"packaging":{"id":"pack-A"}}

16:06:32.524 [qtp1860886124-33] DEBUG net.javacrumbs.jsonunit.difference.diff -- JSON documents are different:
Different keys found in node "", missing: "marqueId", expected: <{"marqueId":999}> but was: <{"characteristics":[{"id":"char-1","value":"42"}],"name":"Variante Chaussures Noires","packaging":{"id":"pack-A"},"price":1.2E+2,"product_id":"prod-456","sku":"SKU-BLACK-SIZE42"}>
16:06:32.524 [qtp1860886124-33] DEBUG net.javacrumbs.jsonunit.difference.values -- Comparing expected:
{"marqueId":999}
------------
with actual:
{"product_id":"prod-456","name":"Variante Chaussures Noires","sku":"SKU-BLACK-SIZE42","price":1.2E+2,"characteristics":[{"id":"char-1","value":"42"}],"packaging":{"id":"pack-A"}}

16:06:32.528 [qtp1860886124-33] DEBUG net.javacrumbs.jsonunit.difference.diff -- JSON documents are different:
Different keys found in node "", missing: "emballageId", expected: <{"emballageId":999}> but was: <{"characteristics":[{"id":"char-1","value":"42"}],"name":"Variante Chaussures Noires","packaging":{"id":"pack-A"},"price":1.2E+2,"product_id":"prod-456","sku":"SKU-BLACK-SIZE42"}>
16:06:32.528 [qtp1860886124-33] DEBUG net.javacrumbs.jsonunit.difference.values -- Comparing expected:
{"emballageId":999}
------------
with actual:
{"product_id":"prod-456","name":"Variante Chaussures Noires","sku":"SKU-BLACK-SIZE42","price":1.2E+2,"characteristics":[{"id":"char-1","value":"42"}],"packaging":{"id":"pack-A"}}

16:06:32.530 [qtp1860886124-33] DEBUG net.javacrumbs.jsonunit.difference.diff -- JSON documents are different:
Different keys found in node "", missing: "nom", expected: <{"nom":"Smartphone ABC"}> but was: <{"characteristics":[{"id":"char-1","value":"42"}],"name":"Variante Chaussures Noires","packaging":{"id":"pack-A"},"price":1.2E+2,"product_id":"prod-456","sku":"SKU-BLACK-SIZE42"}>
16:06:32.530 [qtp1860886124-33] DEBUG net.javacrumbs.jsonunit.difference.values -- Comparing expected:
{"nom":"Smartphone ABC"}
------------
with actual:
{"product_id":"prod-456","name":"Variante Chaussures Noires","sku":"SKU-BLACK-SIZE42","price":1.2E+2,"characteristics":[{"id":"char-1","value":"42"}],"packaging":{"id":"pack-A"}}

16:06:32.550 [qtp1860886124-33] DEBUG net.javacrumbs.jsonunit.difference.diff -- JSON documents are different:
Different keys found in node "", missing: "attributs","description","emballageId","marqueId","nom","prixDeBase","stock_reel", expected: <{"attributs":[{"id":1,"valeur":"Bleu"}, {"id":2,"valeur":"128 Go"}],"description":"Un smartphone haut de gamme mis à jour","emballageId":1,"marqueId":2,"nom":"Smartphone XYZ Updated","prixDeBase":649.99,"stock_reel":80}> but was: <{"characteristics":[{"id":"char-1","value":"42"}],"name":"Variante Chaussures Noires","packaging":{"id":"pack-A"},"price":1.2E+2,"product_id":"prod-456","sku":"SKU-BLACK-SIZE42"}>
16:06:32.550 [qtp1860886124-33] DEBUG net.javacrumbs.jsonunit.difference.values -- Comparing expected:
{"nom":"Smartphone XYZ Updated","description":"Un smartphone haut de gamme mis à jour","marqueId":2,"emballageId":1,"stock_reel":80,"prixDeBase":649.99,"attributs":[{"id":1,"valeur":"Bleu"},{"id":2,"valeur":"128 Go"}]}
------------
with actual:
{"product_id":"prod-456","name":"Variante Chaussures Noires","sku":"SKU-BLACK-SIZE42","price":1.2E+2,"characteristics":[{"id":"char-1","value":"42"}],"packaging":{"id":"pack-A"}}

16:06:32.552 [qtp1860886124-33] DEBUG net.javacrumbs.jsonunit.difference.diff -- JSON documents are different:
Different keys found in node "", missing: "prixDeBase","stock_reel", expected: <{"prixDeBase":699.99,"stock_reel":50}> but was: <{"characteristics":[{"id":"char-1","value":"42"}],"name":"Variante Chaussures Noires","packaging":{"id":"pack-A"},"price":1.2E+2,"product_id":"prod-456","sku":"SKU-BLACK-SIZE42"}>
16:06:32.552 [qtp1860886124-33] DEBUG net.javacrumbs.jsonunit.difference.values -- Comparing expected:
{"prixDeBase":699.99,"stock_reel":50}
------------
with actual:
{"product_id":"prod-456","name":"Variante Chaussures Noires","sku":"SKU-BLACK-SIZE42","price":1.2E+2,"characteristics":[{"id":"char-1","value":"42"}],"packaging":{"id":"pack-A"}}

16:06:32.558 [qtp1860886124-33] ERROR WireMock -- 
                                               Request was not matched
                                               =======================

-----------------------------------------------------------------------------------------------------------------------
| Closest stub                                             | Request                                                  |
-----------------------------------------------------------------------------------------------------------------------
                                                           |
POST                                                       | POST
/variants                                                  | /variants
                                                           |
Authorization: Bearer admin-token                          | Authorization: adminToken                           <<<<< Header does not match
                                                           |
                                                           |
-----------------------------------------------------------------------------------------------------------------------

16:06:32.571 [qtp1860886124-33] DEBUG org.eclipse.jetty.server.HttpChannelState -- sendError HttpChannelState@7926e088{s=HANDLING rs=BLOCKING os=OPEN is=IDLE awp=false se=false i=true al=0}
16:06:32.572 [qtp1860886124-33] DEBUG org.eclipse.jetty.server.Server -- handled=true async=false committed=true on HttpChannelOverHttp@726aaebd{s=HttpChannelState@7926e088{s=HANDLING rs=BLOCKING os=OPEN is=IDLE awp=false se=true i=true al=0},r=1,c=false/false,a=HANDLING,uri=http://localhost:8080/variants,age=353}
16:06:32.573 [qtp1860886124-33] DEBUG org.eclipse.jetty.server.HttpChannelState -- unhandle HttpChannelState@7926e088{s=HANDLING rs=BLOCKING os=OPEN is=IDLE awp=false se=true i=true al=0}
16:06:32.573 [qtp1860886124-33] DEBUG org.eclipse.jetty.server.HttpChannelState -- nextAction(false) SEND_ERROR HttpChannelState@7926e088{s=HANDLING rs=BLOCKING os=OPEN is=IDLE awp=false se=false i=false al=0}
16:06:32.573 [qtp1860886124-33] DEBUG org.eclipse.jetty.server.HttpChannel -- action SEND_ERROR HttpChannelOverHttp@726aaebd{s=HttpChannelState@7926e088{s=HANDLING rs=BLOCKING os=OPEN is=IDLE awp=false se=false i=false al=0},r=1,c=false/false,a=HANDLING,uri=http://localhost:8080/variants,age=354}
16:06:32.573 [qtp1860886124-33] DEBUG org.eclipse.jetty.server.HttpInput -- consumeAll HttpInput@1049459323 cs=HttpChannelState@7926e088{s=HANDLING rs=BLOCKING os=OPEN is=IDLE awp=false se=false i=false al=0} cp=org.eclipse.jetty.server.BlockingContentProducer@79aff902 eof=true
16:06:32.574 [qtp1860886124-33] DEBUG org.eclipse.jetty.server.HttpChannelOverHttp -- failing all content with org.eclipse.jetty.util.StaticException: Unconsumed content HttpChannelOverHttp@726aaebd{s=HttpChannelState@7926e088{s=HANDLING rs=BLOCKING os=OPEN is=IDLE awp=false se=false i=false al=0},r=1,c=false/false,a=HANDLING,uri=http://localhost:8080/variants,age=355}
16:06:32.574 [qtp1860886124-33] DEBUG org.eclipse.jetty.server.AsyncContentProducer -- failed all content of http channel EOF=true AsyncContentProducer@3ce081d6[r=ErrorContent [org.eclipse.jetty.util.StaticException: Unconsumed content],t=ErrorContent [org.eclipse.jetty.util.StaticException: Unconsumed content],i=null,error=false,c=HttpChannelOverHttp@726aaebd{s=HttpChannelState@7926e088{s=HANDLING rs=BLOCKING os=OPEN is=IDLE awp=false se=false i=false al=0},r=1,c=false/false,a=HANDLING,uri=http://localhost:8080/variants,age=356}]
16:06:32.575 [qtp1860886124-33] DEBUG org.eclipse.jetty.server.HttpInput -- isFinished=true HttpInput@1049459323 cs=HttpChannelState@7926e088{s=HANDLING rs=BLOCKING os=OPEN is=IDLE awp=false se=false i=false al=0} cp=org.eclipse.jetty.server.BlockingContentProducer@79aff902 eof=true
16:06:32.575 [qtp1860886124-33] DEBUG org.eclipse.jetty.server.AsyncContentProducer -- isError = false AsyncContentProducer@3ce081d6[r=ErrorContent [org.eclipse.jetty.util.StaticException: Unconsumed content],t=ErrorContent [org.eclipse.jetty.util.StaticException: Unconsumed content],i=null,error=false,c=HttpChannelOverHttp@726aaebd{s=HttpChannelState@7926e088{s=HANDLING rs=BLOCKING os=OPEN is=IDLE awp=false se=false i=false al=0},r=1,c=false/false,a=HANDLING,uri=http://localhost:8080/variants,age=356}]
16:06:32.575 [qtp1860886124-33] DEBUG org.eclipse.jetty.server.HttpInput -- isError=false HttpInput@1049459323 cs=HttpChannelState@7926e088{s=HANDLING rs=BLOCKING os=OPEN is=IDLE awp=false se=false i=false al=0} cp=org.eclipse.jetty.server.BlockingContentProducer@79aff902 eof=true
16:06:32.580 [qtp1860886124-33] DEBUG org.eclipse.jetty.server.handler.ContextHandler -- scope /__admin||/not-matched @ o.e.j.s.ServletContextHandler@c7a975a{/__admin,null,AVAILABLE}
16:06:32.580 [qtp1860886124-33] DEBUG org.eclipse.jetty.server.handler.ContextHandler -- context=/__admin||/not-matched @ o.e.j.s.ServletContextHandler@c7a975a{/__admin,null,AVAILABLE}
16:06:32.580 [qtp1860886124-33] DEBUG org.eclipse.jetty.servlet.ServletHandler -- servlet /__admin|/not-matched|null|ServletPathMapping{matchValue=not-matched, pattern=/not-matched, servletName=com.github.tomakehurst.wiremock.servlet.NotMatchedServlet-1d71006f, mappingMatch=EXACT, servletPath=/not-matched, pathInfo=null} -> com.github.tomakehurst.wiremock.servlet.NotMatchedServlet-1d71006f==com.github.tomakehurst.wiremock.servlet.NotMatchedServlet@89785bef{jsp=null,order=-1,inst=false,async=true,src=EMBEDDED:null,STARTED}
16:06:32.581 [qtp1860886124-33] DEBUG org.eclipse.jetty.servlet.ServletHandler -- ServletHandler@5f2f577{STARTED} cached filter chain for ERROR: ChainEnd@6603242c(com.github.tomakehurst.wiremock.servlet.NotMatchedServlet-1d71006f==com.github.tomakehurst.wiremock.servlet.NotMatchedServlet@89785bef{jsp=null,order=-1,inst=false,async=true,src=EMBEDDED:null,STARTED})
16:06:32.581 [qtp1860886124-33] DEBUG org.eclipse.jetty.servlet.ServletHandler -- chain=ChainEnd@6603242c(com.github.tomakehurst.wiremock.servlet.NotMatchedServlet-1d71006f==com.github.tomakehurst.wiremock.servlet.NotMatchedServlet@89785bef{jsp=null,order=-1,inst=false,async=true,src=EMBEDDED:null,STARTED})
16:06:32.582 [qtp1860886124-33] DEBUG org.eclipse.jetty.servlet.ServletHolder -- Servlet.init null for com.github.tomakehurst.wiremock.servlet.NotMatchedServlet-1d71006f
16:06:32.624 [qtp1860886124-33] DEBUG org.eclipse.jetty.server.HttpOutput -- write(array HeapByteBuffer@44e43529[p=0,l=512,c=512,r=512]={<<<\n                        ...--------------\n        >>>})
16:06:32.625 [qtp1860886124-33] DEBUG org.eclipse.jetty.server.HttpOutput -- write(array) s=OPEN,api=BLOCKING,sc=false,e=null aggregated !flush DirectByteBuffer@585b8438[p=0,l=512,c=32768,r=512]={<<<\n                        ...--------------\n        >>>\x00\x00\x00\x00\x00\x00\x00\x00\x00...\x00\x00\x00\x00\x00\x00\x00}
16:06:32.625 [qtp1860886124-33] DEBUG org.eclipse.jetty.server.HttpOutput -- write(array HeapByteBuffer@6288c705[p=0,l=512,c=512,r=512]={<<<                         ...                       >>>})
16:06:32.625 [qtp1860886124-33] DEBUG org.eclipse.jetty.server.HttpOutput -- write(array) s=OPEN,api=BLOCKING,sc=false,e=null aggregated !flush DirectByteBuffer@585b8438[p=0,l=1024,c=32768,r=1024]={<<<\n                        ...                       >>>\x00\x00\x00\x00\x00\x00\x00\x00\x00...\x00\x00\x00\x00\x00\x00\x00}
16:06:32.625 [qtp1860886124-33] DEBUG org.eclipse.jetty.server.HttpOutput -- write(array HeapByteBuffer@6cd309f[p=0,l=122,c=512,r=122]={<<<|\n-----------------------...----------------------\n>>>riants   ...       })
16:06:32.625 [qtp1860886124-33] DEBUG org.eclipse.jetty.server.HttpOutput -- write(array) s=OPEN,api=BLOCKING,sc=false,e=null aggregated !flush DirectByteBuffer@585b8438[p=0,l=1146,c=32768,r=1146]={<<<\n                        ...----------------------\n>>>\x00\x00\x00\x00\x00\x00\x00\x00\x00...\x00\x00\x00\x00\x00\x00\x00}
16:06:32.626 [qtp1860886124-33] DEBUG org.eclipse.jetty.server.handler.gzip.GzipHttpOutputInterceptor -- org.eclipse.jetty.server.handler.gzip.GzipHttpOutputInterceptor@69cc9eb4 exclude by status 404
16:06:32.626 [qtp1860886124-33] DEBUG org.eclipse.jetty.server.HttpChannel -- sendResponse info=null content=DirectByteBuffer@585b8438[p=0,l=1146,c=32768,r=1146]={<<<\n                        ...----------------------\n>>>\x00\x00\x00\x00\x00\x00\x00\x00\x00...\x00\x00\x00\x00\x00\x00\x00} complete=false committing=true callback=Blocker@4c1824fc{null}
16:06:32.626 [qtp1860886124-33] DEBUG org.eclipse.jetty.server.HttpChannel -- COMMIT for /__admin/not-matched on HttpChannelOverHttp@726aaebd{s=HttpChannelState@7926e088{s=HANDLING rs=BLOCKING os=COMMITTED is=IDLE awp=false se=false i=false al=0},r=1,c=false/false,a=HANDLING,uri=http://localhost:8080/__admin/not-matched,age=407}
404 null HTTP/1.1
Content-Type: text/plain;charset=UTF-8


16:06:32.629 [qtp1860886124-33] DEBUG org.eclipse.jetty.server.HttpConnection -- generate: NEED_HEADER for SendCallback@55d34cf5[PROCESSING][i=HTTP/1.1{s=404,h=1,cl=-1},cb=org.eclipse.jetty.server.HttpChannel$SendCallback@4eee9aff] (null,[p=0,l=1146,c=32768,r=1146],false)@START
16:06:32.630 [qtp1860886124-33] DEBUG org.eclipse.jetty.http.HttpGenerator -- generateHeaders HTTP/1.1{s=404,h=1,cl=-1} last=false content=DirectByteBuffer@585b8438[p=0,l=1146,c=32768,r=1146]={<<<\n                        ...----------------------\n>>>\x00\x00\x00\x00\x00\x00\x00\x00\x00...\x00\x00\x00\x00\x00\x00\x00}
16:06:32.631 [qtp1860886124-33] DEBUG org.eclipse.jetty.http.HttpGenerator -- Content-Type: text/plain;charset=UTF-8


16:06:32.631 [qtp1860886124-33] DEBUG org.eclipse.jetty.http.HttpGenerator -- CHUNKED_CONTENT
16:06:32.631 [qtp1860886124-33] DEBUG org.eclipse.jetty.server.HttpConnection -- generate: FLUSH for SendCallback@55d34cf5[PROCESSING][i=HTTP/1.1{s=404,h=1,cl=-1},cb=org.eclipse.jetty.server.HttpChannel$SendCallback@4eee9aff] ([p=0,l=99,c=32768,r=99],[p=0,l=1146,c=32768,r=1146],false)@COMMITTED
16:06:32.631 [qtp1860886124-33] DEBUG org.eclipse.jetty.io.WriteFlusher -- write: WriteFlusher@119d2c71{IDLE}->null [DirectByteBuffer@53ba71a[p=0,l=99,c=32768,r=99]={<<<HTTP/1.1 404 Not Found\r\nC...oding: chunked\r\n\r\n47A\r\n>>>\x00\x00\x00\x00\x00\x00\x00\x00\x00...\x00\x00\x00\x00\x00\x00\x00},DirectByteBuffer@585b8438[p=0,l=1146,c=32768,r=1146]={<<<\n                        ...----------------------\n>>>\x00\x00\x00\x00\x00\x00\x00\x00\x00...\x00\x00\x00\x00\x00\x00\x00}]
16:06:32.631 [qtp1860886124-33] DEBUG org.eclipse.jetty.io.WriteFlusher -- update WriteFlusher@119d2c71{WRITING}->null:IDLE-->WRITING
16:06:32.633 [main] DEBUG org.apache.http.wire -- http-outgoing-0 << "HTTP/1.1 404 Not Found[\r][\n]"
16:06:32.633 [qtp1860886124-33] DEBUG org.eclipse.jetty.io.SocketChannelEndPoint -- flushed 99 NetworkTrafficSocketChannelEndPoint@5aae2a42[{l=/127.0.0.1:8080,r=/127.0.0.1:43010,OPEN,fill=-,flush=W,to=423/30000}{io=0/0,kio=0,kro=1}]->[HttpConnection@7451fdc6[p=HttpParser{s=END,177 of 177},g=HttpGenerator@18ada6b2{s=COMMITTED}]=>HttpChannelOverHttp@726aaebd{s=HttpChannelState@7926e088{s=HANDLING rs=BLOCKING os=COMMITTED is=IDLE awp=false se=false i=false al=0},r=1,c=false/false,a=HANDLING,uri=http://localhost:8080/__admin/not-matched,age=414}]
16:06:32.633 [main] DEBUG org.apache.http.wire -- http-outgoing-0 << "Content-Type: text/plain;charset=UTF-8[\r][\n]"
16:06:32.633 [main] DEBUG org.apache.http.wire -- http-outgoing-0 << "Transfer-Encoding: chunked[\r][\n]"
16:06:32.633 [main] DEBUG org.apache.http.wire -- http-outgoing-0 << "[\r][\n]"
16:06:32.633 [main] DEBUG org.apache.http.wire -- http-outgoing-0 << "47A[\r][\n]"
16:06:32.633 [qtp1860886124-33] DEBUG org.eclipse.jetty.io.SocketChannelEndPoint -- flushed 1146 NetworkTrafficSocketChannelEndPoint@5aae2a42[{l=/127.0.0.1:8080,r=/127.0.0.1:43010,OPEN,fill=-,flush=W,to=0/30000}{io=0/0,kio=0,kro=1}]->[HttpConnection@7451fdc6[p=HttpParser{s=END,177 of 177},g=HttpGenerator@18ada6b2{s=COMMITTED}]=>HttpChannelOverHttp@726aaebd{s=HttpChannelState@7926e088{s=HANDLING rs=BLOCKING os=COMMITTED is=IDLE awp=false se=false i=false al=0},r=1,c=false/false,a=HANDLING,uri=http://localhost:8080/__admin/not-matched,age=414}]
16:06:32.634 [qtp1860886124-33] DEBUG org.eclipse.jetty.io.WriteFlusher -- Flushed=true written=1245 remaining=0 WriteFlusher@119d2c71{WRITING}->null
16:06:32.634 [qtp1860886124-33] DEBUG org.eclipse.jetty.io.WriteFlusher -- update WriteFlusher@119d2c71{IDLE}->null:WRITING-->IDLE
16:06:32.634 [qtp1860886124-33] DEBUG org.eclipse.jetty.server.HttpConnection -- generate: DONE for SendCallback@55d34cf5[PROCESSING][i=HTTP/1.1{s=404,h=1,cl=-1},cb=org.eclipse.jetty.server.HttpChannel$SendCallback@4eee9aff] ([p=99,l=99,c=32768,r=0],[p=1146,l=1146,c=32768,r=0],false)@COMMITTED
16:06:32.635 [qtp1860886124-33] DEBUG org.eclipse.jetty.server.HttpOutput -- onWriteComplete(false,null) s=OPEN,api=BLOCKED,sc=false,e=null->s=OPEN,api=BLOCKING,sc=false,e=null c=null cb=null w=false
16:06:32.635 [qtp1860886124-33] DEBUG org.eclipse.jetty.server.HttpOutput -- close() s=CLOSING,api=BLOCKED,sc=false,e=null c=HeapByteBuffer@459fe0d[p=0,l=0,c=0,r=0]={<<<>>>} b=Blocker@4c1824fc{null}
16:06:32.635 [qtp1860886124-33] DEBUG org.eclipse.jetty.server.HttpChannel -- sendResponse info=null content=HeapByteBuffer@459fe0d[p=0,l=0,c=0,r=0]={<<<>>>} complete=true committing=false callback=Blocker@4c1824fc{null}
16:06:32.635 [qtp1860886124-33] DEBUG org.eclipse.jetty.server.HttpConnection -- generate: CONTINUE for SendCallback@55d34cf5[PROCESSING][i=null,cb=org.eclipse.jetty.server.HttpChannel$SendCallback@1a5ea765] (null,[p=0,l=0,c=0,r=0],true)@COMPLETING
16:06:32.635 [qtp1860886124-33] DEBUG org.eclipse.jetty.server.HttpConnection -- generate: NEED_CHUNK for SendCallback@55d34cf5[PROCESSING][i=null,cb=org.eclipse.jetty.server.HttpChannel$SendCallback@1a5ea765] (null,[p=0,l=0,c=0,r=0],true)@COMPLETING
16:06:32.636 [qtp1860886124-33] DEBUG org.eclipse.jetty.server.HttpConnection -- generate: FLUSH for SendCallback@55d34cf5[PROCESSING][i=null,cb=org.eclipse.jetty.server.HttpChannel$SendCallback@1a5ea765] (null,[p=0,l=0,c=0,r=0],true)@COMPLETING
16:06:32.636 [qtp1860886124-33] DEBUG org.eclipse.jetty.io.WriteFlusher -- write: WriteFlusher@119d2c71{IDLE}->null [DirectByteBuffer@4e1f40a2[p=0,l=7,c=16,r=7]={<<<\r\n0\r\n\r\n>>>\x00\x00\x00\x00\x00\x00\x00\x00\x00}]
16:06:32.636 [qtp1860886124-33] DEBUG org.eclipse.jetty.io.WriteFlusher -- update WriteFlusher@119d2c71{WRITING}->null:IDLE-->WRITING
16:06:32.636 [qtp1860886124-33] DEBUG org.eclipse.jetty.io.SocketChannelEndPoint -- flushed 7 NetworkTrafficSocketChannelEndPoint@5aae2a42[{l=/127.0.0.1:8080,r=/127.0.0.1:43010,OPEN,fill=-,flush=W,to=2/30000}{io=0/0,kio=0,kro=1}]->[HttpConnection@7451fdc6[p=HttpParser{s=END,177 of 177},g=HttpGenerator@18ada6b2{s=COMPLETING}]=>HttpChannelOverHttp@726aaebd{s=HttpChannelState@7926e088{s=HANDLING rs=BLOCKING os=COMMITTED is=IDLE awp=false se=false i=false al=0},r=1,c=false/false,a=HANDLING,uri=http://localhost:8080/__admin/not-matched,age=417}]
16:06:32.636 [main] DEBUG org.apache.http.headers -- http-outgoing-0 << HTTP/1.1 404 Not Found
16:06:32.636 [main] DEBUG org.apache.http.headers -- http-outgoing-0 << Content-Type: text/plain;charset=UTF-8
16:06:32.636 [qtp1860886124-33] DEBUG org.eclipse.jetty.io.WriteFlusher -- Flushed=true written=7 remaining=0 WriteFlusher@119d2c71{WRITING}->null
16:06:32.637 [main] DEBUG org.apache.http.headers -- http-outgoing-0 << Transfer-Encoding: chunked
16:06:32.637 [qtp1860886124-33] DEBUG org.eclipse.jetty.io.WriteFlusher -- update WriteFlusher@119d2c71{IDLE}->null:WRITING-->IDLE
16:06:32.637 [qtp1860886124-33] DEBUG org.eclipse.jetty.server.HttpConnection -- generate: DONE for SendCallback@55d34cf5[PROCESSING][i=null,cb=org.eclipse.jetty.server.HttpChannel$SendCallback@1a5ea765] (null,[p=0,l=0,c=0,r=0],true)@END
16:06:32.637 [qtp1860886124-33] DEBUG org.eclipse.jetty.server.HttpOutput -- onWriteComplete(true,null) s=CLOSING,api=BLOCKED,sc=false,e=null->s=CLOSED,api=BLOCKING,sc=false,e=null c=null cb=null w=false
16:06:32.637 [qtp1860886124-33] DEBUG org.eclipse.jetty.server.HttpChannelState -- unhandle HttpChannelState@7926e088{s=HANDLING rs=BLOCKING os=COMPLETED is=IDLE awp=false se=false i=false al=0}
16:06:32.637 [qtp1860886124-33] DEBUG org.eclipse.jetty.server.HttpChannelState -- nextAction(false) COMPLETE HttpChannelState@7926e088{s=HANDLING rs=COMPLETING os=COMPLETED is=IDLE awp=false se=false i=false al=0}
16:06:32.637 [qtp1860886124-33] DEBUG org.eclipse.jetty.server.HttpChannel -- action COMPLETE HttpChannelOverHttp@726aaebd{s=HttpChannelState@7926e088{s=HANDLING rs=COMPLETING os=COMPLETED is=IDLE awp=false se=false i=false al=0},r=1,c=false/true,a=HANDLING,uri=http://localhost:8080/variants,age=418}
16:06:32.640 [qtp1860886124-33] DEBUG org.eclipse.jetty.server.HttpOutput -- complete(org.eclipse.jetty.util.Callback$3@13d7ec3c) s=CLOSED,api=BLOCKING,sc=false,e=null s=true e=null, c=null
16:06:32.640 [qtp1860886124-33] DEBUG org.eclipse.jetty.server.HttpChannelState -- completed HttpChannelState@7926e088{s=HANDLING rs=COMPLETING os=COMPLETED is=IDLE awp=false se=false i=false al=0}
16:06:32.640 [qtp1860886124-33] DEBUG org.eclipse.jetty.server.HttpChannelState -- unhandle HttpChannelState@7926e088{s=HANDLING rs=COMPLETED os=COMPLETED is=IDLE awp=false se=false i=false al=0}
16:06:32.640 [qtp1860886124-33] DEBUG org.eclipse.jetty.server.HttpChannelState -- nextAction(false) TERMINATED HttpChannelState@7926e088{s=IDLE rs=COMPLETED os=COMPLETED is=IDLE awp=false se=false i=false al=0}
16:06:32.640 [qtp1860886124-33] DEBUG org.eclipse.jetty.server.HttpChannel -- action TERMINATED HttpChannelOverHttp@726aaebd{s=HttpChannelState@7926e088{s=IDLE rs=COMPLETED os=COMPLETED is=IDLE awp=false se=false i=false al=0},r=1,c=true/true,a=IDLE,uri=http://localhost:8080/variants,age=421}
16:06:32.641 [qtp1860886124-33] DEBUG org.eclipse.jetty.server.HttpChannel -- onCompleted for /variants written=1146
16:06:32.641 [qtp1860886124-33] DEBUG org.eclipse.jetty.server.HttpInput -- consumeAll HttpInput@1049459323 cs=HttpChannelState@7926e088{s=IDLE rs=COMPLETED os=COMPLETED is=IDLE awp=false se=false i=false al=0} cp=org.eclipse.jetty.server.BlockingContentProducer@79aff902 eof=true
16:06:32.641 [qtp1860886124-33] DEBUG org.eclipse.jetty.server.HttpChannelOverHttp -- failing all content with org.eclipse.jetty.util.StaticException: Unconsumed content HttpChannelOverHttp@726aaebd{s=HttpChannelState@7926e088{s=IDLE rs=COMPLETED os=COMPLETED is=IDLE awp=false se=false i=false al=0},r=1,c=true/true,a=IDLE,uri=http://localhost:8080/variants,age=422}
16:06:32.641 [qtp1860886124-33] DEBUG org.eclipse.jetty.server.AsyncContentProducer -- failed all content of http channel EOF=true AsyncContentProducer@3ce081d6[r=ErrorContent [org.eclipse.jetty.util.StaticException: Unconsumed content],t=ErrorContent [org.eclipse.jetty.util.StaticException: Unconsumed content],i=null,error=false,c=HttpChannelOverHttp@726aaebd{s=HttpChannelState@7926e088{s=IDLE rs=COMPLETED os=COMPLETED is=IDLE awp=false se=false i=false al=0},r=1,c=true/true,a=IDLE,uri=http://localhost:8080/variants,age=422}]
16:06:32.641 [qtp1860886124-33] DEBUG org.eclipse.jetty.server.HttpInput -- isFinished=true HttpInput@1049459323 cs=HttpChannelState@7926e088{s=IDLE rs=COMPLETED os=COMPLETED is=IDLE awp=false se=false i=false al=0} cp=org.eclipse.jetty.server.BlockingContentProducer@79aff902 eof=true
16:06:32.641 [qtp1860886124-33] DEBUG org.eclipse.jetty.server.AsyncContentProducer -- isError = false AsyncContentProducer@3ce081d6[r=ErrorContent [org.eclipse.jetty.util.StaticException: Unconsumed content],t=ErrorContent [org.eclipse.jetty.util.StaticException: Unconsumed content],i=null,error=false,c=HttpChannelOverHttp@726aaebd{s=HttpChannelState@7926e088{s=IDLE rs=COMPLETED os=COMPLETED is=IDLE awp=false se=false i=false al=0},r=1,c=true/true,a=IDLE,uri=http://localhost:8080/variants,age=422}]
16:06:32.641 [qtp1860886124-33] DEBUG org.eclipse.jetty.server.HttpInput -- isError=false HttpInput@1049459323 cs=HttpChannelState@7926e088{s=IDLE rs=COMPLETED os=COMPLETED is=IDLE awp=false se=false i=false al=0} cp=org.eclipse.jetty.server.BlockingContentProducer@79aff902 eof=true
16:06:32.641 [qtp1860886124-33] DEBUG org.eclipse.jetty.server.HttpChannelState -- recycle HttpChannelState@7926e088{s=IDLE rs=COMPLETED os=COMPLETED is=IDLE awp=false se=false i=false al=0}
16:06:32.641 [qtp1860886124-33] DEBUG org.eclipse.jetty.server.HttpInput -- recycle HttpInput@1049459323 cs=HttpChannelState@7926e088{s=IDLE rs=BLOCKING os=OPEN is=IDLE awp=false se=false i=true al=0} cp=org.eclipse.jetty.server.BlockingContentProducer@79aff902 eof=true
16:06:32.641 [qtp1860886124-33] DEBUG org.eclipse.jetty.server.BlockingContentProducer -- recycling org.eclipse.jetty.server.BlockingContentProducer@79aff902
16:06:32.641 [qtp1860886124-33] DEBUG org.eclipse.jetty.server.AsyncContentProducer -- recycling AsyncContentProducer@3ce081d6[r=ErrorContent [org.eclipse.jetty.util.StaticException: Unconsumed content],t=ErrorContent [org.eclipse.jetty.util.StaticException: Unconsumed content],i=null,error=false,c=HttpChannelOverHttp@726aaebd{s=HttpChannelState@7926e088{s=IDLE rs=BLOCKING os=OPEN is=IDLE awp=false se=false i=true al=0},r=1,c=false/false,a=IDLE,uri=http://localhost:8080/variants,age=422}]
16:06:32.642 [main] DEBUG org.apache.http.impl.execchain.MainClientExec -- Connection can be kept alive indefinitely
16:06:32.643 [qtp1860886124-33] DEBUG org.eclipse.jetty.http.HttpParser -- reset HttpParser{s=END,177 of 177}
16:06:32.644 [qtp1860886124-33] DEBUG org.eclipse.jetty.http.HttpParser -- END --> START
16:06:32.644 [qtp1860886124-33] DEBUG org.eclipse.jetty.server.HttpChannel -- !handle TERMINATED HttpChannelOverHttp@726aaebd{s=HttpChannelState@7926e088{s=IDLE rs=BLOCKING os=OPEN is=IDLE awp=false se=false i=true al=0},r=1,c=false/false,a=IDLE,uri=null,age=0}
16:06:32.644 [qtp1860886124-33] DEBUG org.eclipse.jetty.io.SocketChannelEndPoint -- filled 0 DirectByteBuffer@2fc00118[p=0,l=0,c=8192,r=0]={<<<>>>POST /var...\x00\x00\x00\x00\x00\x00\x00}
16:06:32.644 [qtp1860886124-33] DEBUG org.eclipse.jetty.io.SocketChannelEndPoint -- filled 0 DirectByteBuffer@2fc00118[p=0,l=0,c=8192,r=0]={<<<>>>POST /var...\x00\x00\x00\x00\x00\x00\x00}
16:06:32.644 [qtp1860886124-33] DEBUG org.eclipse.jetty.server.HttpConnection -- HttpConnection@7451fdc6::NetworkTrafficSocketChannelEndPoint@5aae2a42[{l=/127.0.0.1:8080,r=/127.0.0.1:43010,OPEN,fill=-,flush=-,to=7/30000}{io=0/0,kio=0,kro=1}]->[HttpConnection@7451fdc6[p=HttpParser{s=START,0 of -1},g=HttpGenerator@18ada6b2{s=START}]=>HttpChannelOverHttp@726aaebd{s=HttpChannelState@7926e088{s=IDLE rs=BLOCKING os=OPEN is=IDLE awp=false se=false i=true al=0},r=1,c=false/false,a=IDLE,uri=null,age=0}] filled 0 RetainableByteBuffer@57e49389{DirectByteBuffer@2fc00118[p=0,l=0,c=8192,r=0]={<<<>>>POST /var...\x00\x00\x00\x00\x00\x00\x00},r=1}
16:06:32.644 [qtp1860886124-33] DEBUG org.eclipse.jetty.server.HttpConnection -- HttpConnection@7451fdc6::NetworkTrafficSocketChannelEndPoint@5aae2a42[{l=/127.0.0.1:8080,r=/127.0.0.1:43010,OPEN,fill=-,flush=-,to=7/30000}{io=0/0,kio=0,kro=1}]->[HttpConnection@7451fdc6[p=HttpParser{s=START,0 of -1},g=HttpGenerator@18ada6b2{s=START}]=>HttpChannelOverHttp@726aaebd{s=HttpChannelState@7926e088{s=IDLE rs=BLOCKING os=OPEN is=IDLE awp=false se=false i=true al=0},r=1,c=false/false,a=IDLE,uri=null,age=0}] parse RetainableByteBuffer@57e49389{DirectByteBuffer@2fc00118[p=0,l=0,c=8192,r=0]={<<<>>>POST /var...\x00\x00\x00\x00\x00\x00\x00},r=1}
16:06:32.644 [qtp1860886124-33] DEBUG org.eclipse.jetty.http.HttpParser -- parseNext s=START DirectByteBuffer@2fc00118[p=0,l=0,c=8192,r=0]={<<<>>>POST /var...\x00\x00\x00\x00\x00\x00\x00}
16:06:32.644 [qtp1860886124-33] DEBUG org.eclipse.jetty.server.HttpConnection -- HttpConnection@7451fdc6::NetworkTrafficSocketChannelEndPoint@5aae2a42[{l=/127.0.0.1:8080,r=/127.0.0.1:43010,OPEN,fill=-,flush=-,to=8/30000}{io=0/0,kio=0,kro=1}]->[HttpConnection@7451fdc6[p=HttpParser{s=START,0 of -1},g=HttpGenerator@18ada6b2{s=START}]=>HttpChannelOverHttp@726aaebd{s=HttpChannelState@7926e088{s=IDLE rs=BLOCKING os=OPEN is=IDLE awp=false se=false i=true al=0},r=1,c=false/false,a=IDLE,uri=null,age=0}] parsed false HttpParser{s=START,0 of -1}
16:06:32.645 [main] DEBUG org.apache.http.wire -- http-outgoing-0 << "[\n]"
16:06:32.645 [main] DEBUG org.apache.http.wire -- http-outgoing-0 << "                                               Request was not matched[\n]"
16:06:32.645 [qtp1860886124-33] DEBUG org.eclipse.jetty.server.HttpConnection -- releaseRequestBuffer HttpConnection@7451fdc6::NetworkTrafficSocketChannelEndPoint@5aae2a42[{l=/127.0.0.1:8080,r=/127.0.0.1:43010,OPEN,fill=-,flush=-,to=8/30000}{io=0/0,kio=0,kro=1}]->[HttpConnection@7451fdc6[p=HttpParser{s=START,0 of -1},g=HttpGenerator@18ada6b2{s=START}]=>HttpChannelOverHttp@726aaebd{s=HttpChannelState@7926e088{s=IDLE rs=BLOCKING os=OPEN is=IDLE awp=false se=false i=true al=0},r=1,c=false/false,a=IDLE,uri=null,age=0}]
16:06:32.645 [main] DEBUG org.apache.http.wire -- http-outgoing-0 << "                                               =======================[\n]"
16:06:32.645 [main] DEBUG org.apache.http.wire -- http-outgoing-0 << "[\n]"
16:06:32.645 [main] DEBUG org.apache.http.wire -- http-outgoing-0 << "-----------------------------------------------------------------------------------------------------------------------[\n]"
16:06:32.645 [main] DEBUG org.apache.http.wire -- http-outgoing-0 << "| Closest stub                                             | Request                                                  |[\n]"
16:06:32.645 [qtp1860886124-33] DEBUG org.eclipse.jetty.io.AbstractConnection -- fillInterested HttpConnection@7451fdc6::NetworkTrafficSocketChannelEndPoint@5aae2a42[{l=/127.0.0.1:8080,r=/127.0.0.1:43010,OPEN,fill=-,flush=-,to=8/30000}{io=0/0,kio=0,kro=1}]->[HttpConnection@7451fdc6[p=HttpParser{s=START,0 of -1},g=HttpGenerator@18ada6b2{s=START}]=>HttpChannelOverHttp@726aaebd{s=HttpChannelState@7926e088{s=IDLE rs=BLOCKING os=OPEN is=IDLE awp=false se=false i=true al=0},r=1,c=false/false,a=IDLE,uri=null,age=0}]
16:06:32.645 [main] DEBUG org.apache.http.wire -- http-outgoing-0 << "-----------------------------------------------------------------------------------------------------------------------[\n]"
16:06:32.645 [main] DEBUG org.apache.http.wire -- http-outgoing-0 << "                                                           |[\n]"
16:06:32.645 [main] DEBUG org.apache.http.wire -- http-outgoing-0 << "POST                                                       | POST[\n]"
16:06:32.645 [main] DEBUG org.apache.http.wire -- http-outgoing-0 << "/variants                                                  | /variants[\n]"
16:06:32.645 [main] DEBUG org.apache.http.wire -- http-outgoing-0 << "                                                           |[\n]"
16:06:32.645 [main] DEBUG org.apache.http.wire -- http-outgoing-0 << "Authorization: Bearer admin-token                          | Authorization: adminToken                           <<<<< Header does not match[\n]"
16:06:32.645 [qtp1860886124-33] DEBUG org.eclipse.jetty.io.FillInterest -- interested FillInterest@3e7bf2b7{ReadCallback@4b165bfc{HttpConnection@7451fdc6::NetworkTrafficSocketChannelEndPoint@5aae2a42[{l=/127.0.0.1:8080,r=/127.0.0.1:43010,OPEN,fill=FI,flush=-,to=0/30000}{io=0/0,kio=0,kro=1}]->[HttpConnection@7451fdc6[p=HttpParser{s=START,0 of -1},g=HttpGenerator@18ada6b2{s=START}]=>HttpChannelOverHttp@726aaebd{s=HttpChannelState@7926e088{s=IDLE rs=BLOCKING os=OPEN is=IDLE awp=false se=false i=true al=0},r=1,c=false/false,a=IDLE,uri=null,age=0}]}}
16:06:32.645 [main] DEBUG org.apache.http.wire -- http-outgoing-0 << "                                                           |[\n]"
16:06:32.645 [main] DEBUG org.apache.http.wire -- http-outgoing-0 << "                                                           "
16:06:32.645 [main] DEBUG org.apache.http.wire -- http-outgoing-0 << "|[\n]"
16:06:32.645 [main] DEBUG org.apache.http.wire -- http-outgoing-0 << "-----------------------------------------------------------------------------------------------------------------------[\n]"
16:06:32.645 [qtp1860886124-33] DEBUG org.eclipse.jetty.io.SelectableChannelEndPoint -- changeInterests p=false 0->1 for NetworkTrafficSocketChannelEndPoint@5aae2a42[{l=/127.0.0.1:8080,r=/127.0.0.1:43010,OPEN,fill=FI,flush=-,to=0/30000}{io=0/1,kio=0,kro=1}]->[HttpConnection@7451fdc6[p=HttpParser{s=START,0 of -1},g=HttpGenerator@18ada6b2{s=START}]=>HttpChannelOverHttp@726aaebd{s=HttpChannelState@7926e088{s=IDLE rs=BLOCKING os=OPEN is=IDLE awp=false se=false i=true al=0},r=1,c=false/false,a=IDLE,uri=null,age=0}]
16:06:32.645 [main] DEBUG org.apache.http.wire -- http-outgoing-0 << "[\r][\n]"
16:06:32.645 [main] DEBUG org.apache.http.wire -- http-outgoing-0 << "0[\r][\n]"
16:06:32.645 [main] DEBUG org.apache.http.wire -- http-outgoing-0 << "[\r][\n]"
16:06:32.645 [qtp1860886124-33] DEBUG org.eclipse.jetty.io.ManagedSelector -- Queued change lazy=false org.eclipse.jetty.io.SelectableChannelEndPoint$$Lambda$650/0x000073d730565340@2a5fa9c8 on ManagedSelector@67ec8477{STARTED} id=1 keys=1 selected=0 updates=0
16:06:32.645 [qtp1860886124-33] DEBUG org.eclipse.jetty.io.ManagedSelector -- Wakeup on submit ManagedSelector@67ec8477{STARTED} id=1 keys=1 selected=0 updates=1
16:06:32.645 [main] DEBUG org.apache.http.impl.conn.PoolingHttpClientConnectionManager -- Connection [id: 0][route: {}->http://localhost:8080] can be kept alive indefinitely
16:06:32.645 [main] DEBUG org.apache.http.impl.conn.DefaultManagedHttpClientConnection -- http-outgoing-0: set socket timeout to 0
16:06:32.645 [qtp1860886124-33] DEBUG org.eclipse.jetty.server.HttpConnection -- HttpConnection@7451fdc6::NetworkTrafficSocketChannelEndPoint@5aae2a42[{l=/127.0.0.1:8080,r=/127.0.0.1:43010,OPEN,fill=FI,flush=-,to=0/30000}{io=0/1,kio=0,kro=1}]->[HttpConnection@7451fdc6[p=HttpParser{s=START,0 of -1},g=HttpGenerator@18ada6b2{s=START}]=>HttpChannelOverHttp@726aaebd{s=HttpChannelState@7926e088{s=IDLE rs=BLOCKING os=OPEN is=IDLE awp=false se=false i=true al=0},r=1,c=false/false,a=IDLE,uri=null,age=0}] onFillable exit HttpChannelState@7926e088{s=IDLE rs=BLOCKING os=OPEN is=IDLE awp=false se=false i=true al=0} null
16:06:32.646 [qtp1860886124-27] DEBUG org.eclipse.jetty.io.ManagedSelector -- Selector sun.nio.ch.EPollSelectorImpl@13605ab0 woken with none selected
16:06:32.646 [main] DEBUG org.apache.http.impl.conn.PoolingHttpClientConnectionManager -- Connection released: [id: 0][route: {}->http://localhost:8080][total available: 1; route allocated: 1 of 5; total allocated: 1 of 10]
16:06:32.646 [qtp1860886124-33] DEBUG org.eclipse.jetty.util.thread.QueuedThreadPool -- ran NetworkTrafficSocketChannelEndPoint@5aae2a42[{l=/127.0.0.1:8080,r=/127.0.0.1:43010,OPEN,fill=FI,flush=-,to=0/30000}{io=0/1,kio=0,kro=1}]->[HttpConnection@7451fdc6[p=HttpParser{s=START,0 of -1},g=HttpGenerator@18ada6b2{s=START}]=>HttpChannelOverHttp@726aaebd{s=HttpChannelState@7926e088{s=IDLE rs=BLOCKING os=OPEN is=IDLE awp=false se=false i=true al=0},r=1,c=false/false,a=IDLE,uri=null,age=0}]:runFillable:BLOCKING in QueuedThreadPool[qtp1860886124]@6eeade6c{STARTED,8<=8<=25,i=1,r=-1,t=56359ms,q=0}[ReservedThreadExecutor@6e28bb87{reserved=1/2,pending=0}]
16:06:32.646 [main] DEBUG org.apache.http.impl.conn.PoolingHttpClientConnectionManager -- Connection manager is shutting down
16:06:32.646 [qtp1860886124-27] DEBUG org.eclipse.jetty.io.ManagedSelector -- Selector sun.nio.ch.EPollSelectorImpl@13605ab0 woken up from select, 0/0/1 selected
16:06:32.646 [qtp1860886124-33] DEBUG org.eclipse.jetty.util.thread.QueuedThreadPool -- Evict skipped, no excess threads QueuedThreadPool[qtp1860886124]@6eeade6c{STARTED,8<=8<=25,i=2,r=-1,t=56359ms,q=0}[ReservedThreadExecutor@6e28bb87{reserved=1/2,pending=0}]
16:06:32.646 [qtp1860886124-27] DEBUG org.eclipse.jetty.io.ManagedSelector -- Selector sun.nio.ch.EPollSelectorImpl@13605ab0 processing 0 keys, 1 updates
16:06:32.646 [qtp1860886124-27] DEBUG org.eclipse.jetty.io.ManagedSelector -- updateable 1
16:06:32.646 [qtp1860886124-27] DEBUG org.eclipse.jetty.io.ManagedSelector -- update org.eclipse.jetty.io.SelectableChannelEndPoint$$Lambda$650/0x000073d730565340@2a5fa9c8
16:06:32.646 [main] DEBUG org.apache.http.impl.conn.DefaultManagedHttpClientConnection -- http-outgoing-0: Close connection
16:06:32.646 [qtp1860886124-27] DEBUG org.eclipse.jetty.io.SelectableChannelEndPoint -- Key interests updated 0 -> 1 on NetworkTrafficSocketChannelEndPoint@5aae2a42[{l=/127.0.0.1:8080,r=/127.0.0.1:43010,OPEN,fill=FI,flush=-,to=1/30000}{io=1/1,kio=1,kro=1}]->[HttpConnection@7451fdc6[p=HttpParser{s=START,0 of -1},g=HttpGenerator@18ada6b2{s=START}]=>HttpChannelOverHttp@726aaebd{s=HttpChannelState@7926e088{s=IDLE rs=BLOCKING os=OPEN is=IDLE awp=false se=false i=true al=0},r=1,c=false/false,a=IDLE,uri=null,age=0}]
16:06:32.646 [qtp1860886124-27] DEBUG org.eclipse.jetty.io.ManagedSelector -- updates 0
16:06:32.646 [qtp1860886124-27] DEBUG org.eclipse.jetty.io.ManagedSelector -- Selector sun.nio.ch.EPollSelectorImpl@13605ab0 waiting with 1 keys
16:06:32.646 [qtp1860886124-27] DEBUG org.eclipse.jetty.io.ManagedSelector -- Selector sun.nio.ch.EPollSelectorImpl@13605ab0 woken up from select, 1/1/1 selected
16:06:32.647 [qtp1860886124-27] DEBUG org.eclipse.jetty.io.ManagedSelector -- Selector sun.nio.ch.EPollSelectorImpl@13605ab0 processing 1 keys, 0 updates
16:06:32.647 [main] DEBUG org.apache.http.impl.conn.PoolingHttpClientConnectionManager -- Connection manager shut down
16:06:32.647 [qtp1860886124-27] DEBUG org.eclipse.jetty.io.ManagedSelector -- selected 1 channel=java.nio.channels.SocketChannel[connected local=/127.0.0.1:8080 remote=/127.0.0.1:43010], selector=sun.nio.ch.EPollSelectorImpl@13605ab0, interestOps=1, readyOps=1 NetworkTrafficSocketChannelEndPoint@5aae2a42[{l=/127.0.0.1:8080,r=/127.0.0.1:43010,OPEN,fill=FI,flush=-,to=1/30000}{io=1/1,kio=1,kro=1}]->[HttpConnection@7451fdc6[p=HttpParser{s=START,0 of -1},g=HttpGenerator@18ada6b2{s=START}]=>HttpChannelOverHttp@726aaebd{s=HttpChannelState@7926e088{s=IDLE rs=BLOCKING os=OPEN is=IDLE awp=false se=false i=true al=0},r=1,c=false/false,a=IDLE,uri=null,age=0}] 
16:06:32.647 [qtp1860886124-27] DEBUG org.eclipse.jetty.io.SelectableChannelEndPoint -- onSelected 1->0 r=true w=false for NetworkTrafficSocketChannelEndPoint@5aae2a42[{l=/127.0.0.1:8080,r=/127.0.0.1:43010,OPEN,fill=FI,flush=-,to=2/30000}{io=1/0,kio=1,kro=1}]->[HttpConnection@7451fdc6[p=HttpParser{s=START,0 of -1},g=HttpGenerator@18ada6b2{s=START}]=>HttpChannelOverHttp@726aaebd{s=HttpChannelState@7926e088{s=IDLE rs=BLOCKING os=OPEN is=IDLE awp=false se=false i=true al=0},r=1,c=false/false,a=IDLE,uri=null,age=0}]
16:06:32.647 [qtp1860886124-27] DEBUG org.eclipse.jetty.io.SelectableChannelEndPoint -- task NetworkTrafficSocketChannelEndPoint@5aae2a42[{l=/127.0.0.1:8080,r=/127.0.0.1:43010,OPEN,fill=FI,flush=-,to=2/30000}{io=1/0,kio=1,kro=1}]->[HttpConnection@7451fdc6[p=HttpParser{s=START,0 of -1},g=HttpGenerator@18ada6b2{s=START}]=>HttpChannelOverHttp@726aaebd{s=HttpChannelState@7926e088{s=IDLE rs=BLOCKING os=OPEN is=IDLE awp=false se=false i=true al=0},r=1,c=false/false,a=IDLE,uri=null,age=0}]:runFillable:BLOCKING
16:06:32.648 [qtp1860886124-27] DEBUG org.eclipse.jetty.util.thread.ReservedThreadExecutor -- ReservedThreadExecutor@6e28bb87{reserved=1/2,pending=0} tryExecute org.eclipse.jetty.util.thread.strategy.AdaptiveExecutionStrategy$$Lambda$481/0x000073d7302ada30@3542bff3
16:06:32.648 [qtp1860886124-27] DEBUG org.eclipse.jetty.util.thread.ReservedThreadExecutor -- ReservedThreadExecutor@6e28bb87{reserved=0/2,pending=1} startReservedThread p=1
16:06:32.648 [qtp1860886124-32] DEBUG org.eclipse.jetty.util.thread.ReservedThreadExecutor -- ReservedThread@707dfad4{RESERVED,thread=Thread[qtp1860886124-32,5,main]} task=org.eclipse.jetty.util.thread.strategy.AdaptiveExecutionStrategy$$Lambda$481/0x000073d7302ada30@3542bff3 ReservedThreadExecutor@6e28bb87{reserved=0/2,pending=1}
16:06:32.648 [qtp1860886124-27] DEBUG org.eclipse.jetty.util.thread.QueuedThreadPool -- queue ReservedThread@6b929e12{PENDING,thread=null} startThread=0
16:06:32.648 [qtp1860886124-31] DEBUG org.eclipse.jetty.util.thread.QueuedThreadPool -- run ReservedThread@6b929e12{PENDING,thread=null} in QueuedThreadPool[qtp1860886124]@6eeade6c{STARTED,8<=8<=25,i=1,r=-1,t=56357ms,q=0}[ReservedThreadExecutor@6e28bb87{reserved=0/2,pending=1}]
16:06:32.648 [qtp1860886124-32] DEBUG org.eclipse.jetty.util.thread.strategy.AdaptiveExecutionStrategy -- AdaptiveExecutionStrategy@7c28c1/SelectorProducer@baf1bb3/IDLE/p=true/QueuedThreadPool[qtp1860886124]@6eeade6c{STARTED,8<=8<=25,i=1,r=-1,t=56357ms,q=0}[ReservedThreadExecutor@6e28bb87{reserved=0/2,pending=1}][pc=0,pic=0,pec=1,epc=0]@2025-07-13T16:06:32.648447397+01:00 tryProduce true
16:06:32.648 [qtp1860886124-31] DEBUG org.eclipse.jetty.util.thread.ReservedThreadExecutor -- ReservedThread@6b929e12{PENDING,thread=Thread[qtp1860886124-31,5,main]} was=PENDING next=RESERVED size=0+1 capacity=2
16:06:32.648 [qtp1860886124-32] DEBUG org.eclipse.jetty.io.ManagedSelector -- updateable 0
16:06:32.648 [qtp1860886124-32] DEBUG org.eclipse.jetty.io.ManagedSelector -- updates 0
16:06:32.648 [qtp1860886124-31] DEBUG org.eclipse.jetty.util.thread.ReservedThreadExecutor -- ReservedThread@6b929e12{RESERVED,thread=Thread[qtp1860886124-31,5,main]} waiting ReservedThreadExecutor@6e28bb87{reserved=1/2,pending=0}
16:06:32.648 [qtp1860886124-32] DEBUG org.eclipse.jetty.io.SelectableChannelEndPoint -- Key interests updated 1 -> 0 on NetworkTrafficSocketChannelEndPoint@5aae2a42[{l=/127.0.0.1:8080,r=/127.0.0.1:43010,OPEN,fill=FI,flush=-,to=3/30000}{io=0/0,kio=0,kro=1}]->[HttpConnection@7451fdc6[p=HttpParser{s=START,0 of -1},g=HttpGenerator@18ada6b2{s=START}]=>HttpChannelOverHttp@726aaebd{s=HttpChannelState@7926e088{s=IDLE rs=BLOCKING os=OPEN is=IDLE awp=false se=false i=true al=0},r=1,c=false/false,a=IDLE,uri=null,age=0}]
16:06:32.648 [qtp1860886124-27] DEBUG org.eclipse.jetty.util.thread.strategy.AdaptiveExecutionStrategy -- ss=EXECUTE_PRODUCE_CONSUME t=NetworkTrafficSocketChannelEndPoint@5aae2a42[{l=/127.0.0.1:8080,r=/127.0.0.1:43010,OPEN,fill=FI,flush=-,to=2/30000}{io=1/0,kio=1,kro=1}]->[HttpConnection@7451fdc6[p=HttpParser{s=START,0 of -1},g=HttpGenerator@18ada6b2{s=START}]=>HttpChannelOverHttp@726aaebd{s=HttpChannelState@7926e088{s=IDLE rs=BLOCKING os=OPEN is=IDLE awp=false se=false i=true al=0},r=1,c=false/false,a=IDLE,uri=null,age=0}]:runFillable:BLOCKING/BLOCKING AdaptiveExecutionStrategy@7c28c1/SelectorProducer@baf1bb3/PRODUCING/p=false/QueuedThreadPool[qtp1860886124]@6eeade6c{STARTED,8<=8<=25,i=1,r=-1,t=56357ms,q=0}[ReservedThreadExecutor@6e28bb87{reserved=1/2,pending=0}][pc=0,pic=0,pec=1,epc=0]@2025-07-13T16:06:32.64872589+01:00
16:06:32.648 [qtp1860886124-32] DEBUG org.eclipse.jetty.io.ManagedSelector -- Selector sun.nio.ch.EPollSelectorImpl@13605ab0 waiting with 1 keys
16:06:32.648 [qtp1860886124-27] DEBUG org.eclipse.jetty.io.FillInterest -- fillable FillInterest@3e7bf2b7{ReadCallback@4b165bfc{HttpConnection@7451fdc6::NetworkTrafficSocketChannelEndPoint@5aae2a42[{l=/127.0.0.1:8080,r=/127.0.0.1:43010,OPEN,fill=FI,flush=-,to=3/30000}{io=0/0,kio=0,kro=1}]->[HttpConnection@7451fdc6[p=HttpParser{s=START,0 of -1},g=HttpGenerator@18ada6b2{s=START}]=>HttpChannelOverHttp@726aaebd{s=HttpChannelState@7926e088{s=IDLE rs=BLOCKING os=OPEN is=IDLE awp=false se=false i=true al=0},r=1,c=false/false,a=IDLE,uri=null,age=0}]}}
16:06:32.649 [qtp1860886124-27] DEBUG org.eclipse.jetty.server.HttpConnection -- HttpConnection@7451fdc6::NetworkTrafficSocketChannelEndPoint@5aae2a42[{l=/127.0.0.1:8080,r=/127.0.0.1:43010,OPEN,fill=-,flush=-,to=3/30000}{io=0/0,kio=0,kro=1}]->[HttpConnection@7451fdc6[p=HttpParser{s=START,0 of -1},g=HttpGenerator@18ada6b2{s=START}]=>HttpChannelOverHttp@726aaebd{s=HttpChannelState@7926e088{s=IDLE rs=BLOCKING os=OPEN is=IDLE awp=false se=false i=true al=0},r=1,c=false/false,a=IDLE,uri=null,age=0}] onFillable enter HttpChannelState@7926e088{s=IDLE rs=BLOCKING os=OPEN is=IDLE awp=false se=false i=true al=0} null
16:06:32.649 [main] DEBUG com.intuit.karate -- response time in milliseconds: 545
1 < 404
1 < Content-Type: text/plain;charset=UTF-8
1 < Transfer-Encoding: chunked

                                               Request was not matched
                                               =======================

-----------------------------------------------------------------------------------------------------------------------
| Closest stub                                             | Request                                                  |
-----------------------------------------------------------------------------------------------------------------------
                                                           |
POST                                                       | POST
/variants                                                  | /variants
                                                           |
Authorization: Bearer admin-token                          | Authorization: adminToken                           <<<<< Header does not match
                                                           |
                                                           |
-----------------------------------------------------------------------------------------------------------------------


16:06:32.650 [qtp1860886124-27] DEBUG org.eclipse.jetty.io.AbstractEndPoint -- shutdownInput NetworkTrafficSocketChannelEndPoint@5aae2a42[{l=/127.0.0.1:8080,r=/127.0.0.1:43010,OPEN,fill=-,flush=-,to=4/30000}{io=0/0,kio=0,kro=1}]->[HttpConnection@7451fdc6[p=HttpParser{s=START,0 of -1},g=HttpGenerator@18ada6b2{s=START}]=>HttpChannelOverHttp@726aaebd{s=HttpChannelState@7926e088{s=IDLE rs=BLOCKING os=OPEN is=IDLE awp=false se=false i=true al=0},r=1,c=false/false,a=IDLE,uri=null,age=0}]
16:06:32.650 [qtp1860886124-27] DEBUG org.eclipse.jetty.io.SocketChannelEndPoint -- filled -1 DirectByteBuffer@2fc00118[p=0,l=0,c=8192,r=0]={<<<>>>POST /var...\x00\x00\x00\x00\x00\x00\x00}
16:06:32.650 [qtp1860886124-27] DEBUG org.eclipse.jetty.http.HttpParser -- atEOF HttpParser{s=START,0 of -1}
16:06:32.650 [qtp1860886124-27] DEBUG org.eclipse.jetty.server.HttpConnection -- HttpConnection@7451fdc6::NetworkTrafficSocketChannelEndPoint@5aae2a42[{l=/127.0.0.1:8080,r=/127.0.0.1:43010,ISHUT,fill=-,flush=-,to=5/30000}{io=0/0,kio=0,kro=1}]->[HttpConnection@7451fdc6[p=HttpParser{s=START,0 of -1},g=HttpGenerator@18ada6b2{s=START}]=>HttpChannelOverHttp@726aaebd{s=HttpChannelState@7926e088{s=IDLE rs=BLOCKING os=OPEN is=IDLE awp=false se=false i=true al=0},r=1,c=false/false,a=IDLE,uri=null,age=0}] filled -1 RetainableByteBuffer@57e49389{DirectByteBuffer@2fc00118[p=0,l=0,c=8192,r=0]={<<<>>>POST /var...\x00\x00\x00\x00\x00\x00\x00},r=1}
16:06:32.651 [qtp1860886124-27] DEBUG org.eclipse.jetty.server.HttpConnection -- HttpConnection@7451fdc6::NetworkTrafficSocketChannelEndPoint@5aae2a42[{l=/127.0.0.1:8080,r=/127.0.0.1:43010,ISHUT,fill=-,flush=-,to=5/30000}{io=0/0,kio=0,kro=1}]->[HttpConnection@7451fdc6[p=HttpParser{s=START,0 of -1},g=HttpGenerator@18ada6b2{s=START}]=>HttpChannelOverHttp@726aaebd{s=HttpChannelState@7926e088{s=IDLE rs=BLOCKING os=OPEN is=IDLE awp=false se=false i=true al=0},r=1,c=false/false,a=IDLE,uri=null,age=0}] parse RetainableByteBuffer@57e49389{DirectByteBuffer@2fc00118[p=0,l=0,c=8192,r=0]={<<<>>>POST /var...\x00\x00\x00\x00\x00\x00\x00},r=1}
16:06:32.651 [qtp1860886124-27] DEBUG org.eclipse.jetty.http.HttpParser -- parseNext s=START DirectByteBuffer@2fc00118[p=0,l=0,c=8192,r=0]={<<<>>>POST /var...\x00\x00\x00\x00\x00\x00\x00}
16:06:32.651 [qtp1860886124-27] DEBUG org.eclipse.jetty.http.HttpParser -- START --> CLOSED
16:06:32.651 [qtp1860886124-27] DEBUG org.eclipse.jetty.io.AbstractEndPoint -- close NetworkTrafficSocketChannelEndPoint@5aae2a42[{l=/127.0.0.1:8080,r=/127.0.0.1:43010,ISHUT,fill=-,flush=-,to=6/30000}{io=0/0,kio=0,kro=1}]->[HttpConnection@7451fdc6[p=HttpParser{s=CLOSED,0 of -1},g=HttpGenerator@18ada6b2{s=START}]=>HttpChannelOverHttp@726aaebd{s=HttpChannelState@7926e088{s=IDLE rs=BLOCKING os=OPEN is=IDLE awp=false se=false i=true al=0},r=1,c=false/false,a=IDLE,uri=null,age=0}]
16:06:32.652 [qtp1860886124-27] DEBUG org.eclipse.jetty.io.AbstractEndPoint -- close(null) NetworkTrafficSocketChannelEndPoint@5aae2a42[{l=/127.0.0.1:8080,r=/127.0.0.1:43010,ISHUT,fill=-,flush=-,to=6/30000}{io=0/0,kio=0,kro=1}]->[HttpConnection@7451fdc6[p=HttpParser{s=CLOSED,0 of -1},g=HttpGenerator@18ada6b2{s=START}]=>HttpChannelOverHttp@726aaebd{s=HttpChannelState@7926e088{s=IDLE rs=BLOCKING os=OPEN is=IDLE awp=false se=false i=true al=0},r=1,c=false/false,a=IDLE,uri=null,age=0}]
16:06:32.652 [qtp1860886124-27] DEBUG org.eclipse.jetty.io.SelectableChannelEndPoint -- doClose NetworkTrafficSocketChannelEndPoint@5aae2a42[{l=/127.0.0.1:8080,r=/127.0.0.1:43010,CLOSED,fill=-,flush=-,to=6/30000}{io=0/0,kio=0,kro=1}]->[HttpConnection@7451fdc6[p=HttpParser{s=CLOSED,0 of -1},g=HttpGenerator@18ada6b2{s=START}]=>HttpChannelOverHttp@726aaebd{s=HttpChannelState@7926e088{s=IDLE rs=BLOCKING os=OPEN is=IDLE awp=false se=false i=true al=0},r=1,c=false/false,a=IDLE,uri=null,age=0}]
16:06:32.656 [qtp1860886124-27] DEBUG org.eclipse.jetty.io.FillInterest -- onClose FillInterest@3e7bf2b7{null}
16:06:32.656 [qtp1860886124-27] DEBUG org.eclipse.jetty.io.ManagedSelector -- Wakeup ManagedSelector@67ec8477{STARTED} id=1 keys=1 selected=0 updates=0
16:06:32.657 [qtp1860886124-27] DEBUG org.eclipse.jetty.util.thread.QueuedThreadPool -- queue org.eclipse.jetty.io.ManagedSelector$DestroyEndPoint@204c489e startThread=0
16:06:32.657 [qtp1860886124-33] DEBUG org.eclipse.jetty.util.thread.QueuedThreadPool -- run org.eclipse.jetty.io.ManagedSelector$DestroyEndPoint@204c489e in QueuedThreadPool[qtp1860886124]@6eeade6c{STARTED,8<=8<=25,i=0,r=-1,t=56348ms,q=0}[ReservedThreadExecutor@6e28bb87{reserved=1/2,pending=0}]
16:06:32.657 [qtp1860886124-27] DEBUG org.eclipse.jetty.server.HttpConnection -- HttpConnection@7451fdc6::NetworkTrafficSocketChannelEndPoint@5aae2a42[{l=null,r=null,CLOSED,fill=-,flush=-,to=12/30000}{io=0/0,kio=-1,kro=-1}]->[HttpConnection@7451fdc6[p=HttpParser{s=CLOSED,0 of -1},g=HttpGenerator@18ada6b2{s=START}]=>HttpChannelOverHttp@726aaebd{s=HttpChannelState@7926e088{s=IDLE rs=BLOCKING os=OPEN is=IDLE awp=false se=false i=true al=0},r=1,c=false/false,a=IDLE,uri=null,age=0}] parsed false HttpParser{s=CLOSED,0 of -1}
16:06:32.657 [qtp1860886124-33] DEBUG org.eclipse.jetty.io.ManagedSelector -- Destroyed NetworkTrafficSocketChannelEndPoint@5aae2a42[{l=null,r=null,CLOSED,fill=-,flush=-,to=12/30000}{io=0/0,kio=-1,kro=-1}]->[HttpConnection@7451fdc6[p=HttpParser{s=CLOSED,0 of -1},g=HttpGenerator@18ada6b2{s=START}]=>HttpChannelOverHttp@726aaebd{s=HttpChannelState@7926e088{s=IDLE rs=BLOCKING os=OPEN is=IDLE awp=false se=false i=true al=0},r=1,c=false/false,a=IDLE,uri=null,age=0}]
16:06:32.658 [qtp1860886124-27] DEBUG org.eclipse.jetty.server.HttpConnection -- releaseRequestBuffer HttpConnection@7451fdc6::NetworkTrafficSocketChannelEndPoint@5aae2a42[{l=null,r=null,CLOSED,fill=-,flush=-,to=12/30000}{io=0/0,kio=-1,kro=-1}]->[HttpConnection@7451fdc6[p=HttpParser{s=CLOSED,0 of -1},g=HttpGenerator@18ada6b2{s=START}]=>HttpChannelOverHttp@726aaebd{s=HttpChannelState@7926e088{s=IDLE rs=BLOCKING os=OPEN is=IDLE awp=false se=false i=true al=0},r=1,c=false/false,a=IDLE,uri=null,age=0}]
16:06:32.658 [qtp1860886124-33] DEBUG org.eclipse.jetty.io.AbstractConnection -- onClose HttpConnection@7451fdc6::NetworkTrafficSocketChannelEndPoint@5aae2a42[{l=null,r=null,CLOSED,fill=-,flush=-,to=12/30000}{io=0/0,kio=-1,kro=-1}]->[HttpConnection@7451fdc6[p=HttpParser{s=CLOSED,0 of -1},g=HttpGenerator@18ada6b2{s=START}]=>HttpChannelOverHttp@726aaebd{s=HttpChannelState@7926e088{s=IDLE rs=BLOCKING os=OPEN is=IDLE awp=false se=false i=true al=0},r=1,c=false/false,a=IDLE,uri=null,age=0}]
16:06:32.658 [qtp1860886124-32] DEBUG org.eclipse.jetty.io.ManagedSelector -- Selector sun.nio.ch.EPollSelectorImpl@13605ab0 woken with none selected
16:06:32.658 [qtp1860886124-32] DEBUG org.eclipse.jetty.io.ManagedSelector -- Selector sun.nio.ch.EPollSelectorImpl@13605ab0 woken up from select, 0/0/0 selected
16:06:32.658 [qtp1860886124-32] DEBUG org.eclipse.jetty.io.ManagedSelector -- Selector sun.nio.ch.EPollSelectorImpl@13605ab0 processing 0 keys, 0 updates
16:06:32.658 [qtp1860886124-32] DEBUG org.eclipse.jetty.io.ManagedSelector -- updateable 0
16:06:32.658 [qtp1860886124-32] DEBUG org.eclipse.jetty.io.ManagedSelector -- updates 0
16:06:32.658 [qtp1860886124-27] DEBUG org.eclipse.jetty.io.AbstractEndPoint -- shutdownOutput NetworkTrafficSocketChannelEndPoint@5aae2a42[{l=null,r=null,CLOSED,fill=-,flush=-,to=13/30000}{io=0/0,kio=-1,kro=-1}]->[HttpConnection@7451fdc6[p=HttpParser{s=CLOSED,0 of -1},g=HttpGenerator@18ada6b2{s=START}]=>HttpChannelOverHttp@726aaebd{s=HttpChannelState@7926e088{s=IDLE rs=BLOCKING os=OPEN is=IDLE awp=false se=false i=true al=0},r=1,c=false/false,a=IDLE,uri=null,age=0}]
16:06:32.658 [qtp1860886124-32] DEBUG org.eclipse.jetty.io.ManagedSelector -- Selector sun.nio.ch.EPollSelectorImpl@13605ab0 waiting with 0 keys
16:06:32.658 [qtp1860886124-33] DEBUG org.eclipse.jetty.util.thread.QueuedThreadPool -- ran org.eclipse.jetty.io.ManagedSelector$DestroyEndPoint@204c489e in QueuedThreadPool[qtp1860886124]@6eeade6c{STARTED,8<=8<=25,i=0,r=-1,t=56346ms,q=0}[ReservedThreadExecutor@6e28bb87{reserved=1/2,pending=0}]
16:06:32.658 [qtp1860886124-33] DEBUG org.eclipse.jetty.util.thread.QueuedThreadPool -- Evict skipped, no excess threads QueuedThreadPool[qtp1860886124]@6eeade6c{STARTED,8<=8<=25,i=1,r=-1,t=56346ms,q=0}[ReservedThreadExecutor@6e28bb87{reserved=1/2,pending=0}]
16:06:32.658 [qtp1860886124-27] DEBUG org.eclipse.jetty.server.HttpConnection -- HttpConnection@7451fdc6::NetworkTrafficSocketChannelEndPoint@5aae2a42[{l=null,r=null,CLOSED,fill=-,flush=-,to=13/30000}{io=0/0,kio=-1,kro=-1}]->[HttpConnection@7451fdc6[p=HttpParser{s=CLOSED,0 of -1},g=HttpGenerator@18ada6b2{s=START}]=>HttpChannelOverHttp@726aaebd{s=HttpChannelState@7926e088{s=IDLE rs=BLOCKING os=OPEN is=IDLE awp=false se=false i=true al=0},r=1,c=false/false,a=IDLE,uri=null,age=0}] onFillable exit HttpChannelState@7926e088{s=IDLE rs=BLOCKING os=OPEN is=IDLE awp=false se=false i=true al=0} null
16:06:32.659 [qtp1860886124-27] DEBUG org.eclipse.jetty.util.thread.QueuedThreadPool -- ran org.eclipse.jetty.io.ManagedSelector$$Lambda$482/0x000073d7302ae098@61d01788 in QueuedThreadPool[qtp1860886124]@6eeade6c{STARTED,8<=8<=25,i=1,r=-1,t=56346ms,q=0}[ReservedThreadExecutor@6e28bb87{reserved=1/2,pending=0}]
16:06:32.659 [qtp1860886124-27] DEBUG org.eclipse.jetty.util.thread.QueuedThreadPool -- Evict skipped, no excess threads QueuedThreadPool[qtp1860886124]@6eeade6c{STARTED,8<=8<=25,i=2,r=-1,t=56346ms,q=0}[ReservedThreadExecutor@6e28bb87{reserved=1/2,pending=0}]
16:06:32.668 [main] ERROR com.intuit.karate -- classpath:features/variants/createVariant.feature:15
Then status 201
status code was: 404, expected: 201, response time in milliseconds: 545, url: http://localhost:8080/variants, response: 

                                               Request was not matched
                                               =======================

-----------------------------------------------------------------------------------------------------------------------
| Closest stub                                             | Request                                                  |
-----------------------------------------------------------------------------------------------------------------------
                                                           |
POST                                                       | POST
/variants                                                  | /variants
                                                           |
Authorization: Bearer admin-token                          | Authorization: adminToken                           <<<<< Header does not match
                                                           |
                                                           |
-----------------------------------------------------------------------------------------------------------------------

classpath:features/variants/createVariant.feature:15
]]></system-out>
    <system-err><![CDATA[SLF4J(W): Class path contains multiple SLF4J providers.
SLF4J(W): Found provider [ch.qos.logback.classic.spi.LogbackServiceProvider@15c43bd9]
SLF4J(W): Found provider [org.slf4j.simple.SimpleServiceProvider@3d74bf60]
SLF4J(W): See https://www.slf4j.org/codes.html#multiple_bindings for an explanation.
SLF4J(I): Actual provider is of type [ch.qos.logback.classic.spi.LogbackServiceProvider@15c43bd9]
]]></system-err>
  </testcase>
  <testcase name="testAllFeatures[1][2]" classname="com.exemple.qa.runners.AllKarateTestsRunner" time="0.342">
    <failure message="status code was: 404, expected: 403, response time in milliseconds: 61, url: http://localhost:8080/variants, response: &#10;&#10;                                               Request was not matched&#10;                                               =======================&#10;&#10;-----------------------------------------------------------------------------------------------------------------------&#10;| Closest stub                                             | Request                                                  |&#10;-----------------------------------------------------------------------------------------------------------------------&#10;                                                           |&#10;POST                                                       | POST&#10;/variants                                                  | /variants&#10;                                                           |&#10;Authorization: Bearer admin-token                          | Authorization: userNoPermissionToken                &lt;&lt;&lt;&lt;&lt; Header does not match&#10;                                                           |&#10;                                                           |&#10;-----------------------------------------------------------------------------------------------------------------------&#10;&#10;classpath:features/variants/createVariant.feature:27" type="org.opentest4j.AssertionFailedError"><![CDATA[org.opentest4j.AssertionFailedError: 
status code was: 404, expected: 403, response time in milliseconds: 61, url: http://localhost:8080/variants, response: 

                                               Request was not matched
                                               =======================

-----------------------------------------------------------------------------------------------------------------------
| Closest stub                                             | Request                                                  |
-----------------------------------------------------------------------------------------------------------------------
                                                           |
POST                                                       | POST
/variants                                                  | /variants
                                                           |
Authorization: Bearer admin-token                          | Authorization: userNoPermissionToken                <<<<< Header does not match
                                                           |
                                                           |
-----------------------------------------------------------------------------------------------------------------------

classpath:features/variants/createVariant.feature:27
]]></failure>
    <system-out><![CDATA[16:06:32.713 [main] DEBUG com.intuit.karate.core.ScenarioEngine -- over-writing existing variable 'adminToken' with new value: 'Bearer admin-token'
16:06:32.715 [main] DEBUG com.intuit.karate.core.ScenarioEngine -- over-writing existing variable 'userNoPermissionToken' with new value: 'Bearer user-no-permission'
16:06:32.718 [main] DEBUG com.jayway.jsonpath.internal.path.CompiledPath -- Evaluating path: $
16:06:32.718 [main] DEBUG com.jayway.jsonpath.internal.path.CompiledPath -- Evaluating path: $
16:06:32.720 [main] DEBUG org.apache.http.client.protocol.RequestAddCookies -- CookieSpec selected: karate
16:06:32.720 [main] DEBUG org.apache.http.client.protocol.RequestAuthCache -- Auth cache not set in the context
16:06:32.721 [main] DEBUG com.intuit.karate -- request:
1 > POST http://localhost:8080/variants
1 > Authorization: userNoPermissionToken
1 > Content-Type: application/json; charset=UTF-8
1 > Content-Length: 59
1 > Host: localhost:8080
1 > Connection: Keep-Alive
1 > User-Agent: Apache-HttpClient/4.5.14 (Java/17.0.15)
1 > Accept-Encoding: gzip,deflate
{"product_id":"prod-456","name":"Variant Test","price":100}

16:06:32.721 [main] DEBUG org.apache.http.impl.conn.PoolingHttpClientConnectionManager -- Connection request: [route: {}->http://localhost:8080][total available: 0; route allocated: 0 of 5; total allocated: 0 of 10]
16:06:32.721 [main] DEBUG org.apache.http.impl.conn.PoolingHttpClientConnectionManager -- Connection leased: [id: 1][route: {}->http://localhost:8080][total available: 0; route allocated: 1 of 5; total allocated: 1 of 10]
16:06:32.721 [main] DEBUG org.apache.http.impl.execchain.MainClientExec -- Opening connection {}->http://localhost:8080
16:06:32.721 [main] DEBUG org.apache.http.impl.conn.DefaultHttpClientConnectionOperator -- Connecting to localhost/127.0.0.1:8080
16:06:32.721 [main] DEBUG org.apache.http.impl.conn.DefaultHttpClientConnectionOperator -- Connection established 127.0.0.1:43024<->127.0.0.1:8080
16:06:32.721 [main] DEBUG org.apache.http.impl.conn.DefaultManagedHttpClientConnection -- http-outgoing-1: set socket timeout to 30000
16:06:32.722 [main] DEBUG org.apache.http.impl.execchain.MainClientExec -- Executing request POST /variants HTTP/1.1
16:06:32.722 [main] DEBUG org.apache.http.impl.execchain.MainClientExec -- Proxy auth state: UNCHALLENGED
16:06:32.722 [main] DEBUG org.apache.http.headers -- http-outgoing-1 >> POST /variants HTTP/1.1
16:06:32.722 [qtp1860886124-29-acceptor-1@5d39f2d8-NetworkTrafficServerConnector@292d1c71{HTTP/1.1, (http/1.1, h2c)}{0.0.0.0:8080}] DEBUG org.eclipse.jetty.io.ManagedSelector -- Queued change lazy=false Accept@27e0e85f[java.nio.channels.SocketChannel[connected local=/127.0.0.1:8080 remote=/127.0.0.1:43024]] on ManagedSelector@588ffeb{STARTED} id=0 keys=0 selected=0 updates=0
16:06:32.722 [main] DEBUG org.apache.http.headers -- http-outgoing-1 >> Authorization: userNoPermissionToken
16:06:32.722 [main] DEBUG org.apache.http.headers -- http-outgoing-1 >> Content-Type: application/json; charset=UTF-8
16:06:32.722 [main] DEBUG org.apache.http.headers -- http-outgoing-1 >> Content-Length: 59
16:06:32.722 [main] DEBUG org.apache.http.headers -- http-outgoing-1 >> Host: localhost:8080
16:06:32.722 [qtp1860886124-29-acceptor-1@5d39f2d8-NetworkTrafficServerConnector@292d1c71{HTTP/1.1, (http/1.1, h2c)}{0.0.0.0:8080}] DEBUG org.eclipse.jetty.io.ManagedSelector -- Wakeup on submit ManagedSelector@588ffeb{STARTED} id=0 keys=0 selected=0 updates=1
16:06:32.722 [main] DEBUG org.apache.http.headers -- http-outgoing-1 >> Connection: Keep-Alive
16:06:32.722 [main] DEBUG org.apache.http.headers -- http-outgoing-1 >> User-Agent: Apache-HttpClient/4.5.14 (Java/17.0.15)
16:06:32.722 [main] DEBUG org.apache.http.headers -- http-outgoing-1 >> Accept-Encoding: gzip,deflate
16:06:32.722 [main] DEBUG org.apache.http.wire -- http-outgoing-1 >> "POST /variants HTTP/1.1[\r][\n]"
16:06:32.722 [qtp1860886124-26] DEBUG org.eclipse.jetty.io.ManagedSelector -- Selector sun.nio.ch.EPollSelectorImpl@1f751e5c woken with none selected
16:06:32.722 [main] DEBUG org.apache.http.wire -- http-outgoing-1 >> "Authorization: userNoPermissionToken[\r][\n]"
16:06:32.722 [qtp1860886124-26] DEBUG org.eclipse.jetty.io.ManagedSelector -- Selector sun.nio.ch.EPollSelectorImpl@1f751e5c woken up from select, 0/0/0 selected
16:06:32.722 [main] DEBUG org.apache.http.wire -- http-outgoing-1 >> "Content-Type: application/json; charset=UTF-8[\r][\n]"
16:06:32.722 [qtp1860886124-26] DEBUG org.eclipse.jetty.io.ManagedSelector -- Selector sun.nio.ch.EPollSelectorImpl@1f751e5c processing 0 keys, 1 updates
16:06:32.722 [main] DEBUG org.apache.http.wire -- http-outgoing-1 >> "Content-Length: 59[\r][\n]"
16:06:32.722 [qtp1860886124-26] DEBUG org.eclipse.jetty.io.ManagedSelector -- updateable 1
16:06:32.722 [main] DEBUG org.apache.http.wire -- http-outgoing-1 >> "Host: localhost:8080[\r][\n]"
16:06:32.722 [main] DEBUG org.apache.http.wire -- http-outgoing-1 >> "Connection: Keep-Alive[\r][\n]"
16:06:32.722 [main] DEBUG org.apache.http.wire -- http-outgoing-1 >> "User-Agent: Apache-HttpClient/4.5.14 (Java/17.0.15)[\r][\n]"
16:06:32.722 [main] DEBUG org.apache.http.wire -- http-outgoing-1 >> "Accept-Encoding: gzip,deflate[\r][\n]"
16:06:32.722 [main] DEBUG org.apache.http.wire -- http-outgoing-1 >> "[\r][\n]"
16:06:32.722 [qtp1860886124-26] DEBUG org.eclipse.jetty.io.ManagedSelector -- update Accept@27e0e85f[java.nio.channels.SocketChannel[connected local=/127.0.0.1:8080 remote=/127.0.0.1:43024]]
16:06:32.722 [main] DEBUG org.apache.http.wire -- http-outgoing-1 >> "{"product_id":"prod-456","name":"Variant Test","price":100}"
16:06:32.722 [qtp1860886124-26] DEBUG org.eclipse.jetty.util.thread.QueuedThreadPool -- queue Accept@27e0e85f[java.nio.channels.SocketChannel[connected local=/127.0.0.1:8080 remote=/127.0.0.1:43024]] startThread=0
16:06:32.722 [qtp1860886124-26] DEBUG org.eclipse.jetty.io.ManagedSelector -- updates 0
16:06:32.722 [qtp1860886124-26] DEBUG org.eclipse.jetty.io.ManagedSelector -- Selector sun.nio.ch.EPollSelectorImpl@1f751e5c waiting with 1 keys
16:06:32.722 [qtp1860886124-33] DEBUG org.eclipse.jetty.util.thread.QueuedThreadPool -- run Accept@27e0e85f[java.nio.channels.SocketChannel[connected local=/127.0.0.1:8080 remote=/127.0.0.1:43024]] in QueuedThreadPool[qtp1860886124]@6eeade6c{STARTED,8<=8<=25,i=1,r=-1,t=56282ms,q=0}[ReservedThreadExecutor@6e28bb87{reserved=1/2,pending=0}]
16:06:32.723 [qtp1860886124-33] DEBUG org.eclipse.jetty.io.IdleTimeout -- Setting idle timeout 0 -> 30000 on NetworkTrafficSocketChannelEndPoint@24d49b85[{l=/127.0.0.1:8080,r=/127.0.0.1:43024,OPEN,fill=-,flush=-,to=0/30000}{io=0/0,kio=0,kro=0}]->[<null>]
16:06:32.723 [qtp1860886124-33] DEBUG org.eclipse.jetty.io.IdleTimeout -- NetworkTrafficSocketChannelEndPoint@24d49b85[{l=/127.0.0.1:8080,r=/127.0.0.1:43024,OPEN,fill=-,flush=-,to=0/30000}{io=0/0,kio=0,kro=0}]->[<null>] idle timeout check, elapsed: 0 ms, remaining: 30000 ms
16:06:32.723 [qtp1860886124-33] DEBUG org.eclipse.jetty.server.HttpChannel -- new HttpChannelOverHttp@7bd8d962{s=HttpChannelState@2b6bbccc{s=IDLE rs=BLOCKING os=OPEN is=IDLE awp=false se=false i=true al=0},r=0,c=false/false,a=IDLE,uri=null,age=0} -> NetworkTrafficSocketChannelEndPoint@24d49b85[{l=/127.0.0.1:8080,r=/127.0.0.1:43024,OPEN,fill=-,flush=-,to=0/30000}{io=0/0,kio=0,kro=0}]->[<null>],null,HttpChannelState@2b6bbccc{s=IDLE rs=BLOCKING os=OPEN is=IDLE awp=false se=false i=true al=0}
16:06:32.723 [qtp1860886124-33] DEBUG org.eclipse.jetty.server.HttpConnection -- New HTTP Connection HttpConnection@34d67619::NetworkTrafficSocketChannelEndPoint@24d49b85[{l=/127.0.0.1:8080,r=/127.0.0.1:43024,OPEN,fill=-,flush=-,to=0/30000}{io=0/0,kio=0,kro=0}]->[<null>]
16:06:32.724 [qtp1860886124-33] DEBUG org.eclipse.jetty.io.ManagedSelector -- Queued change lazy=true org.eclipse.jetty.io.ManagedSelector$$Lambda$656/0x000073d730584d20@345ecbb5 on ManagedSelector@588ffeb{STARTED} id=0 keys=1 selected=0 updates=0
16:06:32.724 [qtp1860886124-33] DEBUG org.eclipse.jetty.io.AbstractEndPoint -- onOpen NetworkTrafficSocketChannelEndPoint@24d49b85[{l=/127.0.0.1:8080,r=/127.0.0.1:43024,OPEN,fill=-,flush=-,to=1/30000}{io=0/0,kio=0,kro=0}]->[HttpConnection@34d67619[p=HttpParser{s=START,0 of -1},g=HttpGenerator@9f00795{s=START}]=>HttpChannelOverHttp@7bd8d962{s=HttpChannelState@2b6bbccc{s=IDLE rs=BLOCKING os=OPEN is=IDLE awp=false se=false i=true al=0},r=0,c=false/false,a=IDLE,uri=null,age=0}]
16:06:32.724 [qtp1860886124-33] DEBUG org.eclipse.jetty.io.AbstractConnection -- onOpen HttpConnection@34d67619::NetworkTrafficSocketChannelEndPoint@24d49b85[{l=/127.0.0.1:8080,r=/127.0.0.1:43024,OPEN,fill=-,flush=-,to=1/30000}{io=0/0,kio=0,kro=0}]->[HttpConnection@34d67619[p=HttpParser{s=START,0 of -1},g=HttpGenerator@9f00795{s=START}]=>HttpChannelOverHttp@7bd8d962{s=HttpChannelState@2b6bbccc{s=IDLE rs=BLOCKING os=OPEN is=IDLE awp=false se=false i=true al=0},r=0,c=false/false,a=IDLE,uri=null,age=0}]
16:06:32.724 [qtp1860886124-33] DEBUG org.eclipse.jetty.io.AbstractConnection -- fillInterested HttpConnection@34d67619::NetworkTrafficSocketChannelEndPoint@24d49b85[{l=/127.0.0.1:8080,r=/127.0.0.1:43024,OPEN,fill=-,flush=-,to=1/30000}{io=0/0,kio=0,kro=0}]->[HttpConnection@34d67619[p=HttpParser{s=START,0 of -1},g=HttpGenerator@9f00795{s=START}]=>HttpChannelOverHttp@7bd8d962{s=HttpChannelState@2b6bbccc{s=IDLE rs=BLOCKING os=OPEN is=IDLE awp=false se=false i=true al=0},r=0,c=false/false,a=IDLE,uri=null,age=0}]
16:06:32.724 [qtp1860886124-33] DEBUG org.eclipse.jetty.io.FillInterest -- interested FillInterest@7f0b57bb{ReadCallback@78ea80fd{HttpConnection@34d67619::NetworkTrafficSocketChannelEndPoint@24d49b85[{l=/127.0.0.1:8080,r=/127.0.0.1:43024,OPEN,fill=FI,flush=-,to=0/30000}{io=0/0,kio=0,kro=0}]->[HttpConnection@34d67619[p=HttpParser{s=START,0 of -1},g=HttpGenerator@9f00795{s=START}]=>HttpChannelOverHttp@7bd8d962{s=HttpChannelState@2b6bbccc{s=IDLE rs=BLOCKING os=OPEN is=IDLE awp=false se=false i=true al=0},r=0,c=false/false,a=IDLE,uri=null,age=0}]}}
16:06:32.724 [qtp1860886124-33] DEBUG org.eclipse.jetty.io.SelectableChannelEndPoint -- changeInterests p=false 0->1 for NetworkTrafficSocketChannelEndPoint@24d49b85[{l=/127.0.0.1:8080,r=/127.0.0.1:43024,OPEN,fill=FI,flush=-,to=0/30000}{io=0/1,kio=0,kro=0}]->[HttpConnection@34d67619[p=HttpParser{s=START,0 of -1},g=HttpGenerator@9f00795{s=START}]=>HttpChannelOverHttp@7bd8d962{s=HttpChannelState@2b6bbccc{s=IDLE rs=BLOCKING os=OPEN is=IDLE awp=false se=false i=true al=0},r=0,c=false/false,a=IDLE,uri=null,age=0}]
16:06:32.725 [qtp1860886124-33] DEBUG org.eclipse.jetty.io.ManagedSelector -- Queued change lazy=false org.eclipse.jetty.io.SelectableChannelEndPoint$$Lambda$650/0x000073d730565340@3aabff36 on ManagedSelector@588ffeb{STARTED} id=0 keys=1 selected=0 updates=1
16:06:32.725 [qtp1860886124-33] DEBUG org.eclipse.jetty.io.ManagedSelector -- Wakeup on submit ManagedSelector@588ffeb{STARTED} id=0 keys=1 selected=0 updates=2
16:06:32.725 [qtp1860886124-26] DEBUG org.eclipse.jetty.io.ManagedSelector -- Selector sun.nio.ch.EPollSelectorImpl@1f751e5c woken with none selected
16:06:32.725 [qtp1860886124-26] DEBUG org.eclipse.jetty.io.ManagedSelector -- Selector sun.nio.ch.EPollSelectorImpl@1f751e5c woken up from select, 0/0/1 selected
16:06:32.725 [qtp1860886124-26] DEBUG org.eclipse.jetty.io.ManagedSelector -- Selector sun.nio.ch.EPollSelectorImpl@1f751e5c processing 0 keys, 2 updates
16:06:32.725 [qtp1860886124-26] DEBUG org.eclipse.jetty.io.ManagedSelector -- updateable 2
16:06:32.725 [qtp1860886124-26] DEBUG org.eclipse.jetty.io.ManagedSelector -- update org.eclipse.jetty.io.ManagedSelector$$Lambda$656/0x000073d730584d20@345ecbb5
16:06:32.725 [qtp1860886124-33] DEBUG org.eclipse.jetty.io.ManagedSelector -- Created NetworkTrafficSocketChannelEndPoint@24d49b85[{l=/127.0.0.1:8080,r=/127.0.0.1:43024,OPEN,fill=FI,flush=-,to=0/30000}{io=0/1,kio=0,kro=0}]->[HttpConnection@34d67619[p=HttpParser{s=START,0 of -1},g=HttpGenerator@9f00795{s=START}]=>HttpChannelOverHttp@7bd8d962{s=HttpChannelState@2b6bbccc{s=IDLE rs=BLOCKING os=OPEN is=IDLE awp=false se=false i=true al=0},r=0,c=false/false,a=IDLE,uri=null,age=0}]
16:06:32.725 [qtp1860886124-26] DEBUG org.eclipse.jetty.io.ManagedSelector -- update org.eclipse.jetty.io.SelectableChannelEndPoint$$Lambda$650/0x000073d730565340@3aabff36
16:06:32.725 [qtp1860886124-33] DEBUG org.eclipse.jetty.util.thread.QueuedThreadPool -- ran Accept@27e0e85f[java.nio.channels.SocketChannel[connected local=/127.0.0.1:8080 remote=/127.0.0.1:43024]] in QueuedThreadPool[qtp1860886124]@6eeade6c{STARTED,8<=8<=25,i=1,r=-1,t=56280ms,q=0}[ReservedThreadExecutor@6e28bb87{reserved=1/2,pending=0}]
16:06:32.725 [qtp1860886124-33] DEBUG org.eclipse.jetty.util.thread.QueuedThreadPool -- Evict skipped, no excess threads QueuedThreadPool[qtp1860886124]@6eeade6c{STARTED,8<=8<=25,i=2,r=-1,t=56279ms,q=0}[ReservedThreadExecutor@6e28bb87{reserved=1/2,pending=0}]
16:06:32.725 [qtp1860886124-26] DEBUG org.eclipse.jetty.io.SelectableChannelEndPoint -- Key interests updated 0 -> 1 on NetworkTrafficSocketChannelEndPoint@24d49b85[{l=/127.0.0.1:8080,r=/127.0.0.1:43024,OPEN,fill=FI,flush=-,to=0/30000}{io=1/1,kio=1,kro=0}]->[HttpConnection@34d67619[p=HttpParser{s=START,0 of -1},g=HttpGenerator@9f00795{s=START}]=>HttpChannelOverHttp@7bd8d962{s=HttpChannelState@2b6bbccc{s=IDLE rs=BLOCKING os=OPEN is=IDLE awp=false se=false i=true al=0},r=0,c=false/false,a=IDLE,uri=null,age=0}]
16:06:32.725 [qtp1860886124-26] DEBUG org.eclipse.jetty.io.ManagedSelector -- updates 0
16:06:32.725 [qtp1860886124-26] DEBUG org.eclipse.jetty.io.ManagedSelector -- Selector sun.nio.ch.EPollSelectorImpl@1f751e5c waiting with 1 keys
16:06:32.725 [qtp1860886124-26] DEBUG org.eclipse.jetty.io.ManagedSelector -- Selector sun.nio.ch.EPollSelectorImpl@1f751e5c woken up from select, 1/1/1 selected
16:06:32.725 [qtp1860886124-26] DEBUG org.eclipse.jetty.io.ManagedSelector -- Selector sun.nio.ch.EPollSelectorImpl@1f751e5c processing 1 keys, 0 updates
16:06:32.725 [qtp1860886124-26] DEBUG org.eclipse.jetty.io.ManagedSelector -- selected 1 channel=java.nio.channels.SocketChannel[connected local=/127.0.0.1:8080 remote=/127.0.0.1:43024], selector=sun.nio.ch.EPollSelectorImpl@1f751e5c, interestOps=1, readyOps=1 NetworkTrafficSocketChannelEndPoint@24d49b85[{l=/127.0.0.1:8080,r=/127.0.0.1:43024,OPEN,fill=FI,flush=-,to=1/30000}{io=1/1,kio=1,kro=1}]->[HttpConnection@34d67619[p=HttpParser{s=START,0 of -1},g=HttpGenerator@9f00795{s=START}]=>HttpChannelOverHttp@7bd8d962{s=HttpChannelState@2b6bbccc{s=IDLE rs=BLOCKING os=OPEN is=IDLE awp=false se=false i=true al=0},r=0,c=false/false,a=IDLE,uri=null,age=0}] 
16:06:32.726 [qtp1860886124-26] DEBUG org.eclipse.jetty.io.SelectableChannelEndPoint -- onSelected 1->0 r=true w=false for NetworkTrafficSocketChannelEndPoint@24d49b85[{l=/127.0.0.1:8080,r=/127.0.0.1:43024,OPEN,fill=FI,flush=-,to=1/30000}{io=1/0,kio=1,kro=1}]->[HttpConnection@34d67619[p=HttpParser{s=START,0 of -1},g=HttpGenerator@9f00795{s=START}]=>HttpChannelOverHttp@7bd8d962{s=HttpChannelState@2b6bbccc{s=IDLE rs=BLOCKING os=OPEN is=IDLE awp=false se=false i=true al=0},r=0,c=false/false,a=IDLE,uri=null,age=0}]
16:06:32.726 [qtp1860886124-26] DEBUG org.eclipse.jetty.io.SelectableChannelEndPoint -- task NetworkTrafficSocketChannelEndPoint@24d49b85[{l=/127.0.0.1:8080,r=/127.0.0.1:43024,OPEN,fill=FI,flush=-,to=1/30000}{io=1/0,kio=1,kro=1}]->[HttpConnection@34d67619[p=HttpParser{s=START,0 of -1},g=HttpGenerator@9f00795{s=START}]=>HttpChannelOverHttp@7bd8d962{s=HttpChannelState@2b6bbccc{s=IDLE rs=BLOCKING os=OPEN is=IDLE awp=false se=false i=true al=0},r=0,c=false/false,a=IDLE,uri=null,age=0}]:runFillable:BLOCKING
16:06:32.726 [qtp1860886124-26] DEBUG org.eclipse.jetty.util.thread.ReservedThreadExecutor -- ReservedThreadExecutor@6e28bb87{reserved=1/2,pending=0} tryExecute org.eclipse.jetty.util.thread.strategy.AdaptiveExecutionStrategy$$Lambda$481/0x000073d7302ada30@34d5c37
16:06:32.726 [qtp1860886124-26] DEBUG org.eclipse.jetty.util.thread.ReservedThreadExecutor -- ReservedThreadExecutor@6e28bb87{reserved=0/2,pending=1} startReservedThread p=1
16:06:32.726 [qtp1860886124-26] DEBUG org.eclipse.jetty.util.thread.QueuedThreadPool -- queue ReservedThread@23327ae6{PENDING,thread=null} startThread=0
16:06:32.726 [qtp1860886124-31] DEBUG org.eclipse.jetty.util.thread.ReservedThreadExecutor -- ReservedThread@6b929e12{RESERVED,thread=Thread[qtp1860886124-31,5,main]} task=org.eclipse.jetty.util.thread.strategy.AdaptiveExecutionStrategy$$Lambda$481/0x000073d7302ada30@34d5c37 ReservedThreadExecutor@6e28bb87{reserved=0/2,pending=1}
16:06:32.726 [qtp1860886124-27] DEBUG org.eclipse.jetty.util.thread.QueuedThreadPool -- run ReservedThread@23327ae6{PENDING,thread=null} in QueuedThreadPool[qtp1860886124]@6eeade6c{STARTED,8<=8<=25,i=1,r=-1,t=56278ms,q=0}[ReservedThreadExecutor@6e28bb87{reserved=0/2,pending=1}]
16:06:32.726 [qtp1860886124-27] DEBUG org.eclipse.jetty.util.thread.ReservedThreadExecutor -- ReservedThread@23327ae6{PENDING,thread=Thread[qtp1860886124-27,5,main]} was=PENDING next=RESERVED size=0+1 capacity=2
16:06:32.726 [qtp1860886124-27] DEBUG org.eclipse.jetty.util.thread.ReservedThreadExecutor -- ReservedThread@23327ae6{RESERVED,thread=Thread[qtp1860886124-27,5,main]} waiting ReservedThreadExecutor@6e28bb87{reserved=1/2,pending=0}
16:06:32.726 [qtp1860886124-31] DEBUG org.eclipse.jetty.util.thread.strategy.AdaptiveExecutionStrategy -- AdaptiveExecutionStrategy@2d84cb86/SelectorProducer@71a3a190/IDLE/p=true/QueuedThreadPool[qtp1860886124]@6eeade6c{STARTED,8<=8<=25,i=1,r=-1,t=56278ms,q=0}[ReservedThreadExecutor@6e28bb87{reserved=0/2,pending=1}][pc=0,pic=0,pec=0,epc=0]@2025-07-13T16:06:32.726936735+01:00 tryProduce true
16:06:32.726 [qtp1860886124-26] DEBUG org.eclipse.jetty.util.thread.strategy.AdaptiveExecutionStrategy -- ss=EXECUTE_PRODUCE_CONSUME t=NetworkTrafficSocketChannelEndPoint@24d49b85[{l=/127.0.0.1:8080,r=/127.0.0.1:43024,OPEN,fill=FI,flush=-,to=1/30000}{io=1/0,kio=1,kro=1}]->[HttpConnection@34d67619[p=HttpParser{s=START,0 of -1},g=HttpGenerator@9f00795{s=START}]=>HttpChannelOverHttp@7bd8d962{s=HttpChannelState@2b6bbccc{s=IDLE rs=BLOCKING os=OPEN is=IDLE awp=false se=false i=true al=0},r=0,c=false/false,a=IDLE,uri=null,age=0}]:runFillable:BLOCKING/BLOCKING AdaptiveExecutionStrategy@2d84cb86/SelectorProducer@71a3a190/IDLE/p=true/QueuedThreadPool[qtp1860886124]@6eeade6c{STARTED,8<=8<=25,i=1,r=-1,t=56278ms,q=0}[ReservedThreadExecutor@6e28bb87{reserved=1/2,pending=0}][pc=0,pic=0,pec=0,epc=0]@2025-07-13T16:06:32.727167548+01:00
16:06:32.727 [qtp1860886124-31] DEBUG org.eclipse.jetty.io.ManagedSelector -- updateable 0
16:06:32.727 [qtp1860886124-31] DEBUG org.eclipse.jetty.io.ManagedSelector -- updates 0
16:06:32.727 [qtp1860886124-26] DEBUG org.eclipse.jetty.io.FillInterest -- fillable FillInterest@7f0b57bb{ReadCallback@78ea80fd{HttpConnection@34d67619::NetworkTrafficSocketChannelEndPoint@24d49b85[{l=/127.0.0.1:8080,r=/127.0.0.1:43024,OPEN,fill=FI,flush=-,to=2/30000}{io=0/0,kio=0,kro=1}]->[HttpConnection@34d67619[p=HttpParser{s=START,0 of -1},g=HttpGenerator@9f00795{s=START}]=>HttpChannelOverHttp@7bd8d962{s=HttpChannelState@2b6bbccc{s=IDLE rs=BLOCKING os=OPEN is=IDLE awp=false se=false i=true al=0},r=0,c=false/false,a=IDLE,uri=null,age=0}]}}
16:06:32.727 [qtp1860886124-31] DEBUG org.eclipse.jetty.io.SelectableChannelEndPoint -- Key interests updated 1 -> 0 on NetworkTrafficSocketChannelEndPoint@24d49b85[{l=/127.0.0.1:8080,r=/127.0.0.1:43024,OPEN,fill=FI,flush=-,to=2/30000}{io=0/0,kio=0,kro=1}]->[HttpConnection@34d67619[p=HttpParser{s=START,0 of -1},g=HttpGenerator@9f00795{s=START}]=>HttpChannelOverHttp@7bd8d962{s=HttpChannelState@2b6bbccc{s=IDLE rs=BLOCKING os=OPEN is=IDLE awp=false se=false i=true al=0},r=0,c=false/false,a=IDLE,uri=null,age=0}]
16:06:32.727 [qtp1860886124-31] DEBUG org.eclipse.jetty.io.ManagedSelector -- Selector sun.nio.ch.EPollSelectorImpl@1f751e5c waiting with 1 keys
16:06:32.727 [qtp1860886124-26] DEBUG org.eclipse.jetty.server.HttpConnection -- HttpConnection@34d67619::NetworkTrafficSocketChannelEndPoint@24d49b85[{l=/127.0.0.1:8080,r=/127.0.0.1:43024,OPEN,fill=-,flush=-,to=2/30000}{io=0/0,kio=0,kro=1}]->[HttpConnection@34d67619[p=HttpParser{s=START,0 of -1},g=HttpGenerator@9f00795{s=START}]=>HttpChannelOverHttp@7bd8d962{s=HttpChannelState@2b6bbccc{s=IDLE rs=BLOCKING os=OPEN is=IDLE awp=false se=false i=true al=0},r=0,c=false/false,a=IDLE,uri=null,age=0}] onFillable enter HttpChannelState@2b6bbccc{s=IDLE rs=BLOCKING os=OPEN is=IDLE awp=false se=false i=true al=0} null
16:06:32.727 [qtp1860886124-26] DEBUG org.eclipse.jetty.io.SocketChannelEndPoint -- filled 321 DirectByteBuffer@2fc00118[p=0,l=321,c=8192,r=321]={<<<POST /variants HTTP/1.1\r\n...iant Test","price":100}>>>KU-BLACK-...\x00\x00\x00\x00\x00\x00\x00}
16:06:32.727 [qtp1860886124-26] DEBUG org.eclipse.jetty.server.HttpConnection -- HttpConnection@34d67619::NetworkTrafficSocketChannelEndPoint@24d49b85[{l=/127.0.0.1:8080,r=/127.0.0.1:43024,OPEN,fill=-,flush=-,to=0/30000}{io=0/0,kio=0,kro=1}]->[HttpConnection@34d67619[p=HttpParser{s=START,0 of -1},g=HttpGenerator@9f00795{s=START}]=>HttpChannelOverHttp@7bd8d962{s=HttpChannelState@2b6bbccc{s=IDLE rs=BLOCKING os=OPEN is=IDLE awp=false se=false i=true al=0},r=0,c=false/false,a=IDLE,uri=null,age=0}] filled 321 RetainableByteBuffer@57e49389{DirectByteBuffer@2fc00118[p=0,l=321,c=8192,r=321]={<<<POST /variants HTTP/1.1\r\n...iant Test","price":100}>>>KU-BLACK-...\x00\x00\x00\x00\x00\x00\x00},r=1}
16:06:32.728 [qtp1860886124-26] DEBUG org.eclipse.jetty.server.HttpConnection -- HttpConnection@34d67619::NetworkTrafficSocketChannelEndPoint@24d49b85[{l=/127.0.0.1:8080,r=/127.0.0.1:43024,OPEN,fill=-,flush=-,to=0/30000}{io=0/0,kio=0,kro=1}]->[HttpConnection@34d67619[p=HttpParser{s=START,0 of -1},g=HttpGenerator@9f00795{s=START}]=>HttpChannelOverHttp@7bd8d962{s=HttpChannelState@2b6bbccc{s=IDLE rs=BLOCKING os=OPEN is=IDLE awp=false se=false i=true al=0},r=0,c=false/false,a=IDLE,uri=null,age=0}] parse RetainableByteBuffer@57e49389{DirectByteBuffer@2fc00118[p=0,l=321,c=8192,r=321]={<<<POST /variants HTTP/1.1\r\n...iant Test","price":100}>>>KU-BLACK-...\x00\x00\x00\x00\x00\x00\x00},r=1}
16:06:32.728 [qtp1860886124-26] DEBUG org.eclipse.jetty.http.HttpParser -- parseNext s=START DirectByteBuffer@2fc00118[p=0,l=321,c=8192,r=321]={<<<POST /variants HTTP/1.1\r\n...iant Test","price":100}>>>KU-BLACK-...\x00\x00\x00\x00\x00\x00\x00}
16:06:32.728 [qtp1860886124-26] DEBUG org.eclipse.jetty.http.HttpParser -- START --> SPACE1
16:06:32.728 [qtp1860886124-26] DEBUG org.eclipse.jetty.http.HttpParser -- SPACE1 --> URI
16:06:32.728 [qtp1860886124-26] DEBUG org.eclipse.jetty.http.HttpParser -- URI --> SPACE2
16:06:32.728 [qtp1860886124-26] DEBUG org.eclipse.jetty.http.HttpParser -- SPACE2 --> REQUEST_VERSION
16:06:32.728 [qtp1860886124-26] DEBUG org.eclipse.jetty.http.HttpParser -- REQUEST_VERSION --> HEADER
16:06:32.728 [qtp1860886124-26] DEBUG org.eclipse.jetty.http.HttpParser -- HEADER:Authorization --> VALUE
16:06:32.728 [qtp1860886124-26] DEBUG org.eclipse.jetty.http.HttpParser -- HEADER:Authorization --> IN_VALUE
16:06:32.728 [qtp1860886124-26] DEBUG org.eclipse.jetty.http.HttpParser -- HEADER:Authorization --> FIELD
16:06:32.728 [qtp1860886124-26] DEBUG org.eclipse.jetty.http.HttpParser -- parsedHeader(Authorization: userNoPermissionToken) header=Authorization, headerString=[Authorization], valueString=[userNoPermissionToken]
16:06:32.728 [qtp1860886124-26] DEBUG org.eclipse.jetty.http.HttpParser -- HEADER:Content-Type: application/json; charset=UTF-8 --> IN_VALUE
16:06:32.728 [qtp1860886124-26] DEBUG org.eclipse.jetty.http.HttpParser -- HEADER:Content-Type: application/json; charset=UTF-8 --> FIELD
16:06:32.728 [qtp1860886124-26] DEBUG org.eclipse.jetty.http.HttpParser -- parsedHeader(Content-Type: application/json; charset=UTF-8) header=Content-Type, headerString=[Content-Type], valueString=[application/json; charset=UTF-8]
16:06:32.728 [qtp1860886124-26] DEBUG org.eclipse.jetty.http.HttpParser -- HEADER:Content-Length --> VALUE
16:06:32.728 [qtp1860886124-26] DEBUG org.eclipse.jetty.http.HttpParser -- HEADER:Content-Length --> IN_VALUE
16:06:32.728 [qtp1860886124-26] DEBUG org.eclipse.jetty.http.HttpParser -- HEADER:Content-Length --> FIELD
16:06:32.728 [qtp1860886124-26] DEBUG org.eclipse.jetty.http.HttpParser -- parsedHeader(null) header=Content-Length, headerString=[Content-Length], valueString=[59]
16:06:32.728 [qtp1860886124-26] DEBUG org.eclipse.jetty.http.HttpParser -- HEADER:Host --> VALUE
16:06:32.728 [qtp1860886124-26] DEBUG org.eclipse.jetty.http.HttpParser -- HEADER:Host --> IN_VALUE
16:06:32.728 [qtp1860886124-26] DEBUG org.eclipse.jetty.http.HttpParser -- HEADER:Host --> FIELD
16:06:32.728 [qtp1860886124-26] DEBUG org.eclipse.jetty.http.HttpParser -- parsedHeader(Host: localhost:8080) header=Host, headerString=[Host], valueString=[localhost:8080]
16:06:32.728 [qtp1860886124-26] DEBUG org.eclipse.jetty.http.HttpParser -- HEADER:Connection: keep-alive --> IN_VALUE
16:06:32.728 [qtp1860886124-26] DEBUG org.eclipse.jetty.http.HttpParser -- HEADER:Connection: keep-alive --> FIELD
16:06:32.728 [qtp1860886124-26] DEBUG org.eclipse.jetty.http.HttpParser -- parsedHeader(Connection: keep-alive) header=Connection, headerString=[Connection], valueString=[keep-alive]
16:06:32.728 [qtp1860886124-26] DEBUG org.eclipse.jetty.http.HttpParser -- HEADER:User-Agent --> VALUE
16:06:32.728 [qtp1860886124-26] DEBUG org.eclipse.jetty.http.HttpParser -- HEADER:User-Agent --> IN_VALUE
16:06:32.729 [qtp1860886124-26] DEBUG org.eclipse.jetty.http.HttpParser -- HEADER:User-Agent --> FIELD
16:06:32.729 [qtp1860886124-26] DEBUG org.eclipse.jetty.http.HttpParser -- parsedHeader(User-Agent: Apache-HttpClient/4.5.14 (Java/17.0.15)) header=User-Agent, headerString=[User-Agent], valueString=[Apache-HttpClient/4.5.14 (Java/17.0.15)]
16:06:32.729 [qtp1860886124-26] DEBUG org.eclipse.jetty.http.HttpParser -- HEADER:Accept-Encoding --> IN_VALUE
16:06:32.729 [qtp1860886124-26] DEBUG org.eclipse.jetty.http.HttpParser -- HEADER:Accept-Encoding --> FIELD
16:06:32.729 [qtp1860886124-26] DEBUG org.eclipse.jetty.http.HttpParser -- parsedHeader(Accept-Encoding: gzip,deflate) header=Accept-Encoding, headerString=[Accept-Encoding], valueString=[gzip,deflate]
16:06:32.729 [qtp1860886124-26] DEBUG org.eclipse.jetty.http.HttpParser -- HEADER --> CONTENT
16:06:32.729 [qtp1860886124-26] DEBUG org.eclipse.jetty.server.HttpInput -- reopen HttpInput@1479221276 cs=HttpChannelState@2b6bbccc{s=IDLE rs=BLOCKING os=OPEN is=IDLE awp=false se=false i=true al=0} cp=org.eclipse.jetty.server.BlockingContentProducer@5933de0 eof=false
16:06:32.729 [qtp1860886124-26] DEBUG org.eclipse.jetty.server.BlockingContentProducer -- reopening org.eclipse.jetty.server.BlockingContentProducer@5933de0
16:06:32.729 [qtp1860886124-26] DEBUG org.eclipse.jetty.server.AsyncContentProducer -- reopening AsyncContentProducer@6c566581[r=null,t=null,i=null,error=false,c=HttpChannelOverHttp@7bd8d962{s=HttpChannelState@2b6bbccc{s=IDLE rs=BLOCKING os=OPEN is=IDLE awp=false se=false i=true al=0},r=1,c=false/false,a=IDLE,uri=null,age=0}]
16:06:32.729 [qtp1860886124-26] DEBUG org.eclipse.jetty.server.HttpChannel -- REQUEST for /variants on HttpChannelOverHttp@7bd8d962{s=HttpChannelState@2b6bbccc{s=IDLE rs=BLOCKING os=OPEN is=IDLE awp=false se=false i=true al=0},r=1,c=false/false,a=IDLE,uri=http://localhost:8080/variants,age=0}
POST /variants HTTP/1.1
Authorization: userNoPermissionToken
Content-Type: application/json; charset=UTF-8
Content-Length: 59
Host: localhost:8080
Connection: keep-alive
User-Agent: Apache-HttpClient/4.5.14 (Java/17.0.15)
Accept-Encoding: gzip,deflate


16:06:32.729 [qtp1860886124-26] DEBUG org.eclipse.jetty.server.HttpConnection -- HttpConnection@34d67619::NetworkTrafficSocketChannelEndPoint@24d49b85[{l=/127.0.0.1:8080,r=/127.0.0.1:43024,OPEN,fill=-,flush=-,to=1/30000}{io=0/0,kio=0,kro=1}]->[HttpConnection@34d67619[p=HttpParser{s=CONTENT,0 of 59},g=HttpGenerator@9f00795{s=START}]=>HttpChannelOverHttp@7bd8d962{s=HttpChannelState@2b6bbccc{s=IDLE rs=BLOCKING os=OPEN is=IDLE awp=false se=false i=true al=0},r=1,c=false/false,a=IDLE,uri=http://localhost:8080/variants,age=0}] parsed true HttpParser{s=CONTENT,0 of 59}
16:06:32.729 [qtp1860886124-26] DEBUG org.eclipse.jetty.server.HttpChannel -- handle http://localhost:8080/variants HttpChannelOverHttp@7bd8d962{s=HttpChannelState@2b6bbccc{s=IDLE rs=BLOCKING os=OPEN is=IDLE awp=false se=false i=true al=0},r=1,c=false/false,a=IDLE,uri=http://localhost:8080/variants,age=0} 
16:06:32.729 [qtp1860886124-26] DEBUG org.eclipse.jetty.server.HttpChannelState -- handling HttpChannelState@2b6bbccc{s=IDLE rs=BLOCKING os=OPEN is=IDLE awp=false se=false i=true al=0}
16:06:32.729 [qtp1860886124-26] DEBUG org.eclipse.jetty.server.HttpChannel -- action DISPATCH HttpChannelOverHttp@7bd8d962{s=HttpChannelState@2b6bbccc{s=HANDLING rs=BLOCKING os=OPEN is=IDLE awp=false se=false i=true al=0},r=1,c=false/false,a=HANDLING,uri=http://localhost:8080/variants,age=0}
16:06:32.729 [qtp1860886124-26] DEBUG org.eclipse.jetty.server.Server -- REQUEST POST /variants ?null on HttpChannelOverHttp@7bd8d962{s=HttpChannelState@2b6bbccc{s=HANDLING rs=BLOCKING os=OPEN is=IDLE awp=false se=false i=true al=0},r=1,c=false/false,a=HANDLING,uri=http://localhost:8080/variants,age=0}
16:06:32.729 [qtp1860886124-26] DEBUG org.eclipse.jetty.server.handler.ContextHandler -- scope null||/variants @ o.e.j.s.ServletContextHandler@c7a975a{/__admin,null,AVAILABLE}
16:06:32.730 [qtp1860886124-26] DEBUG org.eclipse.jetty.server.handler.gzip.GzipHandler -- GzipHandler@6de54b40{STARTED,min=32,inflate=-1} handle Request(POST http://localhost:8080/variants)@5c03d7a7 in null
16:06:32.730 [qtp1860886124-26] DEBUG org.eclipse.jetty.server.handler.ContextHandler -- scope null||/variants @ o.e.j.s.ServletContextHandler@6e521c1e{/,null,AVAILABLE}
16:06:32.730 [qtp1860886124-26] DEBUG org.eclipse.jetty.server.handler.ContextHandler -- context=||/variants @ o.e.j.s.ServletContextHandler@6e521c1e{/,null,AVAILABLE}
16:06:32.730 [qtp1860886124-26] DEBUG org.eclipse.jetty.servlet.ServletHandler -- servlet |/variants|null|ServletPathMapping{matchValue=, pattern=/, servletName=com.github.tomakehurst.wiremock.servlet.WireMockHandlerDispatchingServlet-439a8f59, mappingMatch=DEFAULT, servletPath=/variants, pathInfo=null} -> com.github.tomakehurst.wiremock.servlet.WireMockHandlerDispatchingServlet-439a8f59==com.github.tomakehurst.wiremock.servlet.WireMockHandlerDispatchingServlet@68bafea7{jsp=null,order=1,inst=true,async=true,src=EMBEDDED:null,STARTED}
16:06:32.730 [qtp1860886124-26] DEBUG org.eclipse.jetty.servlet.ServletHandler -- chain=ChainEnd@7d47ecae(com.github.tomakehurst.wiremock.servlet.WireMockHandlerDispatchingServlet-439a8f59==com.github.tomakehurst.wiremock.servlet.WireMockHandlerDispatchingServlet@68bafea7{jsp=null,order=1,inst=true,async=true,src=EMBEDDED:null,STARTED})
16:06:32.730 [qtp1860886124-26] DEBUG org.eclipse.jetty.server.AsyncContentProducer -- checkMinDataRate [m=0,t=-9223372036854775808] AsyncContentProducer@6c566581[r=null,t=null,i=null,error=false,c=HttpChannelOverHttp@7bd8d962{s=HttpChannelState@2b6bbccc{s=HANDLING rs=BLOCKING os=OPEN is=IDLE awp=false se=false i=true al=0},r=1,c=false/false,a=HANDLING,uri=http://localhost:8080/variants,age=1}]
16:06:32.730 [qtp1860886124-26] DEBUG org.eclipse.jetty.server.AsyncContentProducer -- nextTransformedContent AsyncContentProducer@6c566581[r=null,t=null,i=null,error=false,c=HttpChannelOverHttp@7bd8d962{s=HttpChannelState@2b6bbccc{s=HANDLING rs=BLOCKING os=OPEN is=IDLE awp=false se=false i=true al=0},r=1,c=false/false,a=HANDLING,uri=http://localhost:8080/variants,age=1}]
16:06:32.731 [qtp1860886124-26] DEBUG org.eclipse.jetty.server.AsyncContentProducer -- producing new raw content AsyncContentProducer@6c566581[r=null,t=null,i=null,error=false,c=HttpChannelOverHttp@7bd8d962{s=HttpChannelState@2b6bbccc{s=HANDLING rs=BLOCKING os=OPEN is=IDLE awp=false se=false i=true al=0},r=1,c=false/false,a=HANDLING,uri=http://localhost:8080/variants,age=2}]
16:06:32.731 [qtp1860886124-26] DEBUG org.eclipse.jetty.server.HttpChannelOverHttp -- produceContent has no content, parsing and filling
16:06:32.731 [qtp1860886124-26] DEBUG org.eclipse.jetty.server.HttpConnection -- HttpConnection@34d67619::NetworkTrafficSocketChannelEndPoint@24d49b85[{l=/127.0.0.1:8080,r=/127.0.0.1:43024,OPEN,fill=-,flush=-,to=3/30000}{io=0/0,kio=0,kro=1}]->[HttpConnection@34d67619[p=HttpParser{s=CONTENT,0 of 59},g=HttpGenerator@9f00795{s=START}]=>HttpChannelOverHttp@7bd8d962{s=HttpChannelState@2b6bbccc{s=HANDLING rs=BLOCKING os=OPEN is=IDLE awp=false se=false i=true al=0},r=1,c=false/false,a=HANDLING,uri=http://localhost:8080/variants,age=2}] parse RetainableByteBuffer@57e49389{DirectByteBuffer@2fc00118[p=262,l=321,c=8192,r=59]={POST /var...ate\r\n\r\n<<<{"product_id":"prod-456",...iant Test","price":100}>>>KU-BLACK-...\x00\x00\x00\x00\x00\x00\x00},r=1}
16:06:32.731 [qtp1860886124-26] DEBUG org.eclipse.jetty.http.HttpParser -- parseNext s=CONTENT DirectByteBuffer@2fc00118[p=262,l=321,c=8192,r=59]={POST /var...ate\r\n\r\n<<<{"product_id":"prod-456",...iant Test","price":100}>>>KU-BLACK-...\x00\x00\x00\x00\x00\x00\x00}
16:06:32.731 [qtp1860886124-26] DEBUG org.eclipse.jetty.server.HttpChannel -- onContent HttpChannelOverHttp@7bd8d962{s=HttpChannelState@2b6bbccc{s=HANDLING rs=BLOCKING os=OPEN is=IDLE awp=false se=false i=true al=0},r=1,c=false/false,a=HANDLING,uri=http://localhost:8080/variants,age=2} Content@5da937fb{DirectByteBufferR@41c96d93[p=262,l=321,c=8192,r=59]={POST /var...ate\r\n\r\n<<<{"product_id":"prod-456",...iant Test","price":100}>>>KU-BLACK-...\x00\x00\x00\x00\x00\x00\x00},spc=false,eof=false,err=null}
16:06:32.731 [qtp1860886124-26] DEBUG org.eclipse.jetty.server.HttpConnection -- HttpConnection@34d67619::NetworkTrafficSocketChannelEndPoint@24d49b85[{l=/127.0.0.1:8080,r=/127.0.0.1:43024,OPEN,fill=-,flush=-,to=3/30000}{io=0/0,kio=0,kro=1}]->[HttpConnection@34d67619[p=HttpParser{s=CONTENT,59 of 59},g=HttpGenerator@9f00795{s=START}]=>HttpChannelOverHttp@7bd8d962{s=HttpChannelState@2b6bbccc{s=HANDLING rs=BLOCKING os=OPEN is=IDLE awp=false se=false i=true al=0},r=1,c=false/false,a=HANDLING,uri=http://localhost:8080/variants,age=2}] parsed true HttpParser{s=CONTENT,59 of 59}
16:06:32.731 [qtp1860886124-26] DEBUG org.eclipse.jetty.server.HttpChannelOverHttp -- produceContent produced Content@5da937fb{DirectByteBufferR@41c96d93[p=262,l=321,c=8192,r=59]={POST /var...ate\r\n\r\n<<<{"product_id":"prod-456",...iant Test","price":100}>>>KU-BLACK-...\x00\x00\x00\x00\x00\x00\x00},spc=false,eof=false,err=null}
16:06:32.731 [qtp1860886124-26] DEBUG org.eclipse.jetty.server.AsyncContentProducer -- produceRawContent updated rawContentArrived to 59 and firstByteTimeStamp to 10124327153035 AsyncContentProducer@6c566581[r=null,t=null,i=null,error=false,c=HttpChannelOverHttp@7bd8d962{s=HttpChannelState@2b6bbccc{s=HANDLING rs=BLOCKING os=OPEN is=IDLE awp=false se=false i=true al=0},r=1,c=false/false,a=HANDLING,uri=http://localhost:8080/variants,age=2}]
16:06:32.731 [qtp1860886124-26] DEBUG org.eclipse.jetty.server.AsyncContentProducer -- produceRawContent produced Content@5da937fb{DirectByteBufferR@41c96d93[p=262,l=321,c=8192,r=59]={POST /var...ate\r\n\r\n<<<{"product_id":"prod-456",...iant Test","price":100}>>>KU-BLACK-...\x00\x00\x00\x00\x00\x00\x00},spc=false,eof=false,err=null} AsyncContentProducer@6c566581[r=null,t=null,i=null,error=false,c=HttpChannelOverHttp@7bd8d962{s=HttpChannelState@2b6bbccc{s=HANDLING rs=BLOCKING os=OPEN is=IDLE awp=false se=false i=true al=0},r=1,c=false/false,a=HANDLING,uri=http://localhost:8080/variants,age=2}]
16:06:32.731 [qtp1860886124-26] DEBUG org.eclipse.jetty.server.AsyncContentProducer -- transforming raw content AsyncContentProducer@6c566581[r=Content@5da937fb{DirectByteBufferR@41c96d93[p=262,l=321,c=8192,r=59]={POST /var...ate\r\n\r\n<<<{"product_id":"prod-456",...iant Test","price":100}>>>KU-BLACK-...\x00\x00\x00\x00\x00\x00\x00},spc=false,eof=false,err=null},t=null,i=null,error=false,c=HttpChannelOverHttp@7bd8d962{s=HttpChannelState@2b6bbccc{s=HANDLING rs=BLOCKING os=OPEN is=IDLE awp=false se=false i=true al=0},r=1,c=false/false,a=HANDLING,uri=http://localhost:8080/variants,age=2}]
16:06:32.731 [qtp1860886124-26] DEBUG org.eclipse.jetty.server.AsyncContentProducer -- no interceptor, transformed content is raw content AsyncContentProducer@6c566581[r=Content@5da937fb{DirectByteBufferR@41c96d93[p=262,l=321,c=8192,r=59]={POST /var...ate\r\n\r\n<<<{"product_id":"prod-456",...iant Test","price":100}>>>KU-BLACK-...\x00\x00\x00\x00\x00\x00\x00},spc=false,eof=false,err=null},t=null,i=null,error=false,c=HttpChannelOverHttp@7bd8d962{s=HttpChannelState@2b6bbccc{s=HANDLING rs=BLOCKING os=OPEN is=IDLE awp=false se=false i=true al=0},r=1,c=false/false,a=HANDLING,uri=http://localhost:8080/variants,age=2}]
16:06:32.732 [qtp1860886124-26] DEBUG org.eclipse.jetty.server.AsyncContentProducer -- transformed content not yet depleted, returning it AsyncContentProducer@6c566581[r=Content@5da937fb{DirectByteBufferR@41c96d93[p=262,l=321,c=8192,r=59]={POST /var...ate\r\n\r\n<<<{"product_id":"prod-456",...iant Test","price":100}>>>KU-BLACK-...\x00\x00\x00\x00\x00\x00\x00},spc=false,eof=false,err=null},t=Content@5da937fb{DirectByteBufferR@41c96d93[p=262,l=321,c=8192,r=59]={POST /var...ate\r\n\r\n<<<{"product_id":"prod-456",...iant Test","price":100}>>>KU-BLACK-...\x00\x00\x00\x00\x00\x00\x00},spc=false,eof=false,err=null},i=null,error=false,c=HttpChannelOverHttp@7bd8d962{s=HttpChannelState@2b6bbccc{s=HANDLING rs=BLOCKING os=OPEN is=IDLE awp=false se=false i=true al=0},r=1,c=false/false,a=HANDLING,uri=http://localhost:8080/variants,age=3}]
16:06:32.732 [qtp1860886124-26] DEBUG org.eclipse.jetty.server.AsyncContentProducer -- nextContent = Content@5da937fb{DirectByteBufferR@41c96d93[p=262,l=321,c=8192,r=59]={POST /var...ate\r\n\r\n<<<{"product_id":"prod-456",...iant Test","price":100}>>>KU-BLACK-...\x00\x00\x00\x00\x00\x00\x00},spc=false,eof=false,err=null} AsyncContentProducer@6c566581[r=Content@5da937fb{DirectByteBufferR@41c96d93[p=262,l=321,c=8192,r=59]={POST /var...ate\r\n\r\n<<<{"product_id":"prod-456",...iant Test","price":100}>>>KU-BLACK-...\x00\x00\x00\x00\x00\x00\x00},spc=false,eof=false,err=null},t=Content@5da937fb{DirectByteBufferR@41c96d93[p=262,l=321,c=8192,r=59]={POST /var...ate\r\n\r\n<<<{"product_id":"prod-456",...iant Test","price":100}>>>KU-BLACK-...\x00\x00\x00\x00\x00\x00\x00},spc=false,eof=false,err=null},i=null,error=false,c=HttpChannelOverHttp@7bd8d962{s=HttpChannelState@2b6bbccc{s=HANDLING rs=BLOCKING os=OPEN is=IDLE awp=false se=false i=true al=0},r=1,c=false/false,a=HANDLING,uri=http://localhost:8080/variants,age=3}]
16:06:32.732 [qtp1860886124-26] DEBUG org.eclipse.jetty.server.HttpChannelState -- onReadIdle HttpChannelState@2b6bbccc{s=HANDLING rs=BLOCKING os=OPEN is=IDLE awp=false se=false i=true al=0}
16:06:32.732 [qtp1860886124-26] DEBUG org.eclipse.jetty.server.BlockingContentProducer -- nextContent async producer returned Content@5da937fb{DirectByteBufferR@41c96d93[p=262,l=321,c=8192,r=59]={POST /var...ate\r\n\r\n<<<{"product_id":"prod-456",...iant Test","price":100}>>>KU-BLACK-...\x00\x00\x00\x00\x00\x00\x00},spc=false,eof=false,err=null}
16:06:32.732 [qtp1860886124-26] DEBUG org.eclipse.jetty.server.HttpInput -- read produced 59 byte(s) HttpInput@1479221276 cs=HttpChannelState@2b6bbccc{s=HANDLING rs=BLOCKING os=OPEN is=IDLE awp=false se=false i=true al=0} cp=org.eclipse.jetty.server.BlockingContentProducer@5933de0 eof=false
16:06:32.732 [qtp1860886124-26] DEBUG org.eclipse.jetty.server.AsyncContentProducer -- reclaim Content@5da937fb{DirectByteBufferR@41c96d93[p=321,l=321,c=8192,r=0]={POST /var...e":100}<<<>>>KU-BLACK-...\x00\x00\x00\x00\x00\x00\x00},spc=false,eof=false,err=null} AsyncContentProducer@6c566581[r=Content@5da937fb{DirectByteBufferR@41c96d93[p=321,l=321,c=8192,r=0]={POST /var...e":100}<<<>>>KU-BLACK-...\x00\x00\x00\x00\x00\x00\x00},spc=false,eof=false,err=null},t=Content@5da937fb{DirectByteBufferR@41c96d93[p=321,l=321,c=8192,r=0]={POST /var...e":100}<<<>>>KU-BLACK-...\x00\x00\x00\x00\x00\x00\x00},spc=false,eof=false,err=null},i=null,error=false,c=HttpChannelOverHttp@7bd8d962{s=HttpChannelState@2b6bbccc{s=HANDLING rs=BLOCKING os=OPEN is=IDLE awp=false se=false i=true al=0},r=1,c=false/false,a=HANDLING,uri=http://localhost:8080/variants,age=3}]
16:06:32.732 [qtp1860886124-26] DEBUG org.eclipse.jetty.server.AsyncContentProducer -- checkMinDataRate [m=0,t=10124327153035] AsyncContentProducer@6c566581[r=null,t=null,i=null,error=false,c=HttpChannelOverHttp@7bd8d962{s=HttpChannelState@2b6bbccc{s=HANDLING rs=BLOCKING os=OPEN is=IDLE awp=false se=false i=true al=0},r=1,c=false/false,a=HANDLING,uri=http://localhost:8080/variants,age=3}]
16:06:32.732 [qtp1860886124-26] DEBUG org.eclipse.jetty.server.AsyncContentProducer -- nextTransformedContent AsyncContentProducer@6c566581[r=null,t=null,i=null,error=false,c=HttpChannelOverHttp@7bd8d962{s=HttpChannelState@2b6bbccc{s=HANDLING rs=BLOCKING os=OPEN is=IDLE awp=false se=false i=true al=0},r=1,c=false/false,a=HANDLING,uri=http://localhost:8080/variants,age=3}]
16:06:32.732 [qtp1860886124-26] DEBUG org.eclipse.jetty.server.AsyncContentProducer -- producing new raw content AsyncContentProducer@6c566581[r=null,t=null,i=null,error=false,c=HttpChannelOverHttp@7bd8d962{s=HttpChannelState@2b6bbccc{s=HANDLING rs=BLOCKING os=OPEN is=IDLE awp=false se=false i=true al=0},r=1,c=false/false,a=HANDLING,uri=http://localhost:8080/variants,age=3}]
16:06:32.732 [qtp1860886124-26] DEBUG org.eclipse.jetty.server.HttpChannelOverHttp -- produceContent has no content, parsing and filling
16:06:32.732 [qtp1860886124-26] DEBUG org.eclipse.jetty.server.HttpConnection -- HttpConnection@34d67619::NetworkTrafficSocketChannelEndPoint@24d49b85[{l=/127.0.0.1:8080,r=/127.0.0.1:43024,OPEN,fill=-,flush=-,to=5/30000}{io=0/0,kio=0,kro=1}]->[HttpConnection@34d67619[p=HttpParser{s=CONTENT,59 of 59},g=HttpGenerator@9f00795{s=START}]=>HttpChannelOverHttp@7bd8d962{s=HttpChannelState@2b6bbccc{s=HANDLING rs=BLOCKING os=OPEN is=IDLE awp=false se=false i=true al=0},r=1,c=false/false,a=HANDLING,uri=http://localhost:8080/variants,age=3}] parse RetainableByteBuffer@57e49389{DirectByteBuffer@2fc00118[p=321,l=321,c=8192,r=0]={POST /var...e":100}<<<>>>KU-BLACK-...\x00\x00\x00\x00\x00\x00\x00},r=1}
16:06:32.733 [qtp1860886124-26] DEBUG org.eclipse.jetty.http.HttpParser -- parseNext s=CONTENT DirectByteBuffer@2fc00118[p=321,l=321,c=8192,r=0]={POST /var...e":100}<<<>>>KU-BLACK-...\x00\x00\x00\x00\x00\x00\x00}
16:06:32.733 [qtp1860886124-26] DEBUG org.eclipse.jetty.http.HttpParser -- CONTENT --> CONTENT_END
16:06:32.733 [qtp1860886124-26] DEBUG org.eclipse.jetty.server.HttpChannel -- onContentComplete HttpChannelOverHttp@7bd8d962{s=HttpChannelState@2b6bbccc{s=HANDLING rs=BLOCKING os=OPEN is=IDLE awp=false se=false i=true al=0},r=1,c=false/false,a=HANDLING,uri=http://localhost:8080/variants,age=4}
16:06:32.733 [qtp1860886124-26] DEBUG org.eclipse.jetty.http.HttpParser -- CONTENT_END --> END
16:06:32.733 [qtp1860886124-26] DEBUG org.eclipse.jetty.server.HttpChannel -- onRequestComplete HttpChannelOverHttp@7bd8d962{s=HttpChannelState@2b6bbccc{s=HANDLING rs=BLOCKING os=OPEN is=IDLE awp=false se=false i=true al=0},r=1,c=false/false,a=HANDLING,uri=http://localhost:8080/variants,age=4}
16:06:32.733 [qtp1860886124-26] DEBUG org.eclipse.jetty.server.HttpChannelOverHttp -- received EOF, content = null
16:06:32.733 [qtp1860886124-26] DEBUG org.eclipse.jetty.server.HttpConnection -- HttpConnection@34d67619::NetworkTrafficSocketChannelEndPoint@24d49b85[{l=/127.0.0.1:8080,r=/127.0.0.1:43024,OPEN,fill=-,flush=-,to=5/30000}{io=0/0,kio=0,kro=1}]->[HttpConnection@34d67619[p=HttpParser{s=END,59 of 59},g=HttpGenerator@9f00795{s=START}]=>HttpChannelOverHttp@7bd8d962{s=HttpChannelState@2b6bbccc{s=HANDLING rs=BLOCKING os=OPEN is=IDLE awp=false se=false i=true al=0},r=1,c=false/false,a=HANDLING,uri=http://localhost:8080/variants,age=4}] parsed false HttpParser{s=END,59 of 59}
16:06:32.733 [qtp1860886124-26] DEBUG org.eclipse.jetty.server.HttpConnection -- releaseRequestBuffer HttpConnection@34d67619::NetworkTrafficSocketChannelEndPoint@24d49b85[{l=/127.0.0.1:8080,r=/127.0.0.1:43024,OPEN,fill=-,flush=-,to=5/30000}{io=0/0,kio=0,kro=1}]->[HttpConnection@34d67619[p=HttpParser{s=END,59 of 59},g=HttpGenerator@9f00795{s=START}]=>HttpChannelOverHttp@7bd8d962{s=HttpChannelState@2b6bbccc{s=HANDLING rs=BLOCKING os=OPEN is=IDLE awp=false se=false i=true al=0},r=1,c=false/false,a=HANDLING,uri=http://localhost:8080/variants,age=4}]
16:06:32.733 [qtp1860886124-26] DEBUG org.eclipse.jetty.server.HttpChannelOverHttp -- produceContent produced EofContent
16:06:32.733 [qtp1860886124-26] DEBUG org.eclipse.jetty.server.AsyncContentProducer -- produceRawContent updated rawContentArrived to 59 and firstByteTimeStamp to 10124327153035 AsyncContentProducer@6c566581[r=null,t=null,i=null,error=false,c=HttpChannelOverHttp@7bd8d962{s=HttpChannelState@2b6bbccc{s=HANDLING rs=BLOCKING os=OPEN is=IDLE awp=false se=false i=true al=0},r=1,c=false/false,a=HANDLING,uri=http://localhost:8080/variants,age=4}]
16:06:32.733 [qtp1860886124-26] DEBUG org.eclipse.jetty.server.AsyncContentProducer -- produceRawContent produced EofContent AsyncContentProducer@6c566581[r=null,t=null,i=null,error=false,c=HttpChannelOverHttp@7bd8d962{s=HttpChannelState@2b6bbccc{s=HANDLING rs=BLOCKING os=OPEN is=IDLE awp=false se=false i=true al=0},r=1,c=false/false,a=HANDLING,uri=http://localhost:8080/variants,age=4}]
16:06:32.733 [qtp1860886124-26] DEBUG org.eclipse.jetty.server.AsyncContentProducer -- transforming raw content AsyncContentProducer@6c566581[r=EofContent,t=null,i=null,error=false,c=HttpChannelOverHttp@7bd8d962{s=HttpChannelState@2b6bbccc{s=HANDLING rs=BLOCKING os=OPEN is=IDLE awp=false se=false i=true al=0},r=1,c=false/false,a=HANDLING,uri=http://localhost:8080/variants,age=4}]
16:06:32.733 [qtp1860886124-26] DEBUG org.eclipse.jetty.server.AsyncContentProducer -- no interceptor, transformed content is raw content AsyncContentProducer@6c566581[r=EofContent,t=null,i=null,error=false,c=HttpChannelOverHttp@7bd8d962{s=HttpChannelState@2b6bbccc{s=HANDLING rs=BLOCKING os=OPEN is=IDLE awp=false se=false i=true al=0},r=1,c=false/false,a=HANDLING,uri=http://localhost:8080/variants,age=4}]
16:06:32.733 [qtp1860886124-26] DEBUG org.eclipse.jetty.server.AsyncContentProducer -- transformed content not yet depleted, returning it AsyncContentProducer@6c566581[r=EofContent,t=EofContent,i=null,error=false,c=HttpChannelOverHttp@7bd8d962{s=HttpChannelState@2b6bbccc{s=HANDLING rs=BLOCKING os=OPEN is=IDLE awp=false se=false i=true al=0},r=1,c=false/false,a=HANDLING,uri=http://localhost:8080/variants,age=4}]
16:06:32.733 [qtp1860886124-26] DEBUG org.eclipse.jetty.server.AsyncContentProducer -- nextContent = EofContent AsyncContentProducer@6c566581[r=EofContent,t=EofContent,i=null,error=false,c=HttpChannelOverHttp@7bd8d962{s=HttpChannelState@2b6bbccc{s=HANDLING rs=BLOCKING os=OPEN is=IDLE awp=false se=false i=true al=0},r=1,c=false/false,a=HANDLING,uri=http://localhost:8080/variants,age=4}]
16:06:32.733 [qtp1860886124-26] DEBUG org.eclipse.jetty.server.HttpChannelState -- onReadIdle HttpChannelState@2b6bbccc{s=HANDLING rs=BLOCKING os=OPEN is=IDLE awp=false se=false i=true al=0}
16:06:32.733 [qtp1860886124-26] DEBUG org.eclipse.jetty.server.BlockingContentProducer -- nextContent async producer returned EofContent
16:06:32.733 [qtp1860886124-26] DEBUG org.eclipse.jetty.server.HttpInput -- read error=null HttpInput@1479221276 cs=HttpChannelState@2b6bbccc{s=HANDLING rs=BLOCKING os=OPEN is=IDLE awp=false se=false i=true al=0} cp=org.eclipse.jetty.server.BlockingContentProducer@5933de0 eof=false
16:06:32.733 [qtp1860886124-26] DEBUG org.eclipse.jetty.server.HttpInput -- read at EOF, setting consumed EOF to true HttpInput@1479221276 cs=HttpChannelState@2b6bbccc{s=HANDLING rs=BLOCKING os=OPEN is=IDLE awp=false se=false i=true al=0} cp=org.eclipse.jetty.server.BlockingContentProducer@5933de0 eof=false
16:06:32.733 [qtp1860886124-26] DEBUG org.eclipse.jetty.server.BlockingContentProducer -- onContentProducible releasing semaphore LockedSemaphore permits=0 unready=false
16:06:32.735 [qtp1860886124-26] DEBUG com.jayway.jsonpath.internal.path.CompiledPath -- Evaluating path: $['packaging_id']
16:06:32.735 [qtp1860886124-26] DEBUG com.jayway.jsonpath.internal.path.CompiledPath -- Evaluating path: $['category_id']
16:06:32.735 [qtp1860886124-26] DEBUG com.jayway.jsonpath.internal.path.CompiledPath -- Evaluating path: $['brand_id']
16:06:32.736 [qtp1860886124-26] DEBUG com.jayway.jsonpath.internal.path.CompiledPath -- Evaluating path: $[?]
16:06:32.736 [qtp1860886124-26] DEBUG com.jayway.jsonpath.internal.path.CompiledPath -- Evaluating path: @['name']
16:06:32.736 [qtp1860886124-26] DEBUG com.jayway.jsonpath.internal.path.CompiledPath -- Evaluating path: @['name']
16:06:32.737 [qtp1860886124-26] DEBUG com.jayway.jsonpath.internal.path.CompiledPath -- Evaluating path: $['price']
16:06:32.741 [qtp1860886124-26] DEBUG com.jayway.jsonpath.internal.path.CompiledPath -- Evaluating path: $['prixDeBase']
16:06:32.742 [qtp1860886124-26] DEBUG com.jayway.jsonpath.internal.path.CompiledPath -- Evaluating path: $['stock_reel']
16:06:32.743 [qtp1860886124-26] DEBUG com.jayway.jsonpath.internal.path.CompiledPath -- Evaluating path: $['attributs'][?]
16:06:32.747 [qtp1860886124-26] DEBUG net.javacrumbs.jsonunit.difference.diff -- JSON documents are different:
Different value found in node "name", expected: <"Variant Test"> but was: <"Variante Chaussures Noires">.
Different value found in node "price", expected: <100> but was: <1.2E+2>.
16:06:32.747 [qtp1860886124-26] DEBUG net.javacrumbs.jsonunit.difference.values -- Comparing expected:
{"product_id":"prod-456","name":"Variant Test","price":100}
------------
with actual:
{"product_id":"prod-456","name":"Variante Chaussures Noires","sku":"SKU-BLACK-SIZE42","price":1.2E+2,"characteristics":[{"id":"char-1","value":"42"}],"packaging":{"id":"pack-A"}}

16:06:32.748 [qtp1860886124-26] DEBUG com.jayway.jsonpath.internal.path.CompiledPath -- Evaluating path: $['packaging_id']
16:06:32.748 [qtp1860886124-26] DEBUG com.jayway.jsonpath.internal.path.CompiledPath -- Evaluating path: $['category_id']
16:06:32.749 [qtp1860886124-26] DEBUG com.jayway.jsonpath.internal.path.CompiledPath -- Evaluating path: $['brand_id']
16:06:32.749 [qtp1860886124-26] DEBUG com.jayway.jsonpath.internal.path.CompiledPath -- Evaluating path: $[?]
16:06:32.749 [qtp1860886124-26] DEBUG com.jayway.jsonpath.internal.path.CompiledPath -- Evaluating path: @['name']
16:06:32.749 [qtp1860886124-26] DEBUG com.jayway.jsonpath.internal.path.CompiledPath -- Evaluating path: @['name']
16:06:32.750 [qtp1860886124-26] DEBUG com.jayway.jsonpath.internal.path.CompiledPath -- Evaluating path: $['price']
16:06:32.755 [qtp1860886124-26] DEBUG com.jayway.jsonpath.internal.path.CompiledPath -- Evaluating path: $['prixDeBase']
16:06:32.755 [qtp1860886124-26] DEBUG com.jayway.jsonpath.internal.path.CompiledPath -- Evaluating path: $['stock_reel']
16:06:32.757 [qtp1860886124-26] DEBUG com.jayway.jsonpath.internal.path.CompiledPath -- Evaluating path: $['attributs'][?]
16:06:32.763 [qtp1860886124-26] DEBUG net.javacrumbs.jsonunit.difference.diff -- JSON documents are different:
Different value found in node "name", expected: <"Smartphone XYZ"> but was: <"Variant Test">.
16:06:32.763 [qtp1860886124-26] DEBUG net.javacrumbs.jsonunit.difference.values -- Comparing expected:
{"name":"Smartphone XYZ"}
------------
with actual:
{"product_id":"prod-456","name":"Variant Test","price":100}

16:06:32.766 [qtp1860886124-26] DEBUG net.javacrumbs.jsonunit.difference.diff -- JSON documents are different:
Different keys found in node "", missing: "marqueId", expected: <{"marqueId":999}> but was: <{"name":"Variant Test","price":100,"product_id":"prod-456"}>
16:06:32.766 [qtp1860886124-26] DEBUG net.javacrumbs.jsonunit.difference.values -- Comparing expected:
{"marqueId":999}
------------
with actual:
{"product_id":"prod-456","name":"Variant Test","price":100}

16:06:32.767 [qtp1860886124-26] DEBUG net.javacrumbs.jsonunit.difference.diff -- JSON documents are different:
Different keys found in node "", missing: "emballageId", expected: <{"emballageId":999}> but was: <{"name":"Variant Test","price":100,"product_id":"prod-456"}>
16:06:32.767 [qtp1860886124-26] DEBUG net.javacrumbs.jsonunit.difference.values -- Comparing expected:
{"emballageId":999}
------------
with actual:
{"product_id":"prod-456","name":"Variant Test","price":100}

16:06:32.769 [qtp1860886124-26] DEBUG net.javacrumbs.jsonunit.difference.diff -- JSON documents are different:
Different keys found in node "", missing: "nom", expected: <{"nom":"Smartphone ABC"}> but was: <{"name":"Variant Test","price":100,"product_id":"prod-456"}>
16:06:32.769 [qtp1860886124-26] DEBUG net.javacrumbs.jsonunit.difference.values -- Comparing expected:
{"nom":"Smartphone ABC"}
------------
with actual:
{"product_id":"prod-456","name":"Variant Test","price":100}

16:06:32.771 [qtp1860886124-26] DEBUG net.javacrumbs.jsonunit.difference.diff -- JSON documents are different:
Different keys found in node "", missing: "attributs","description","emballageId","marqueId","nom","prixDeBase","stock_reel", expected: <{"attributs":[{"id":1,"valeur":"Bleu"}, {"id":2,"valeur":"128 Go"}],"description":"Un smartphone haut de gamme mis à jour","emballageId":1,"marqueId":2,"nom":"Smartphone XYZ Updated","prixDeBase":649.99,"stock_reel":80}> but was: <{"name":"Variant Test","price":100,"product_id":"prod-456"}>
16:06:32.771 [qtp1860886124-26] DEBUG net.javacrumbs.jsonunit.difference.values -- Comparing expected:
{"nom":"Smartphone XYZ Updated","description":"Un smartphone haut de gamme mis à jour","marqueId":2,"emballageId":1,"stock_reel":80,"prixDeBase":649.99,"attributs":[{"id":1,"valeur":"Bleu"},{"id":2,"valeur":"128 Go"}]}
------------
with actual:
{"product_id":"prod-456","name":"Variant Test","price":100}

16:06:32.772 [qtp1860886124-26] DEBUG net.javacrumbs.jsonunit.difference.diff -- JSON documents are different:
Different keys found in node "", missing: "prixDeBase","stock_reel", expected: <{"prixDeBase":699.99,"stock_reel":50}> but was: <{"name":"Variant Test","price":100,"product_id":"prod-456"}>
16:06:32.772 [qtp1860886124-26] DEBUG net.javacrumbs.jsonunit.difference.values -- Comparing expected:
{"prixDeBase":699.99,"stock_reel":50}
------------
with actual:
{"product_id":"prod-456","name":"Variant Test","price":100}

16:06:32.774 [qtp1860886124-26] ERROR WireMock -- 
                                               Request was not matched
                                               =======================

-----------------------------------------------------------------------------------------------------------------------
| Closest stub                                             | Request                                                  |
-----------------------------------------------------------------------------------------------------------------------
                                                           |
POST                                                       | POST
/variants                                                  | /variants
                                                           |
Authorization: Bearer admin-token                          | Authorization: userNoPermissionToken                <<<<< Header does not match
                                                           |
                                                           |
-----------------------------------------------------------------------------------------------------------------------

16:06:32.775 [qtp1860886124-26] DEBUG org.eclipse.jetty.server.HttpChannelState -- sendError HttpChannelState@2b6bbccc{s=HANDLING rs=BLOCKING os=OPEN is=IDLE awp=false se=false i=true al=0}
16:06:32.775 [qtp1860886124-26] DEBUG org.eclipse.jetty.server.Server -- handled=true async=false committed=true on HttpChannelOverHttp@7bd8d962{s=HttpChannelState@2b6bbccc{s=HANDLING rs=BLOCKING os=OPEN is=IDLE awp=false se=true i=true al=0},r=1,c=false/false,a=HANDLING,uri=http://localhost:8080/variants,age=46}
16:06:32.775 [qtp1860886124-26] DEBUG org.eclipse.jetty.server.HttpChannelState -- unhandle HttpChannelState@2b6bbccc{s=HANDLING rs=BLOCKING os=OPEN is=IDLE awp=false se=true i=true al=0}
16:06:32.776 [qtp1860886124-26] DEBUG org.eclipse.jetty.server.HttpChannelState -- nextAction(false) SEND_ERROR HttpChannelState@2b6bbccc{s=HANDLING rs=BLOCKING os=OPEN is=IDLE awp=false se=false i=false al=0}
16:06:32.776 [qtp1860886124-26] DEBUG org.eclipse.jetty.server.HttpChannel -- action SEND_ERROR HttpChannelOverHttp@7bd8d962{s=HttpChannelState@2b6bbccc{s=HANDLING rs=BLOCKING os=OPEN is=IDLE awp=false se=false i=false al=0},r=1,c=false/false,a=HANDLING,uri=http://localhost:8080/variants,age=47}
16:06:32.776 [qtp1860886124-26] DEBUG org.eclipse.jetty.server.HttpInput -- consumeAll HttpInput@1479221276 cs=HttpChannelState@2b6bbccc{s=HANDLING rs=BLOCKING os=OPEN is=IDLE awp=false se=false i=false al=0} cp=org.eclipse.jetty.server.BlockingContentProducer@5933de0 eof=true
16:06:32.776 [qtp1860886124-26] DEBUG org.eclipse.jetty.server.HttpChannelOverHttp -- failing all content with org.eclipse.jetty.util.StaticException: Unconsumed content HttpChannelOverHttp@7bd8d962{s=HttpChannelState@2b6bbccc{s=HANDLING rs=BLOCKING os=OPEN is=IDLE awp=false se=false i=false al=0},r=1,c=false/false,a=HANDLING,uri=http://localhost:8080/variants,age=47}
16:06:32.776 [qtp1860886124-26] DEBUG org.eclipse.jetty.server.AsyncContentProducer -- failed all content of http channel EOF=true AsyncContentProducer@6c566581[r=ErrorContent [org.eclipse.jetty.util.StaticException: Unconsumed content],t=ErrorContent [org.eclipse.jetty.util.StaticException: Unconsumed content],i=null,error=false,c=HttpChannelOverHttp@7bd8d962{s=HttpChannelState@2b6bbccc{s=HANDLING rs=BLOCKING os=OPEN is=IDLE awp=false se=false i=false al=0},r=1,c=false/false,a=HANDLING,uri=http://localhost:8080/variants,age=47}]
16:06:32.776 [qtp1860886124-26] DEBUG org.eclipse.jetty.server.HttpInput -- isFinished=true HttpInput@1479221276 cs=HttpChannelState@2b6bbccc{s=HANDLING rs=BLOCKING os=OPEN is=IDLE awp=false se=false i=false al=0} cp=org.eclipse.jetty.server.BlockingContentProducer@5933de0 eof=true
16:06:32.776 [qtp1860886124-26] DEBUG org.eclipse.jetty.server.AsyncContentProducer -- isError = false AsyncContentProducer@6c566581[r=ErrorContent [org.eclipse.jetty.util.StaticException: Unconsumed content],t=ErrorContent [org.eclipse.jetty.util.StaticException: Unconsumed content],i=null,error=false,c=HttpChannelOverHttp@7bd8d962{s=HttpChannelState@2b6bbccc{s=HANDLING rs=BLOCKING os=OPEN is=IDLE awp=false se=false i=false al=0},r=1,c=false/false,a=HANDLING,uri=http://localhost:8080/variants,age=47}]
16:06:32.776 [qtp1860886124-26] DEBUG org.eclipse.jetty.server.HttpInput -- isError=false HttpInput@1479221276 cs=HttpChannelState@2b6bbccc{s=HANDLING rs=BLOCKING os=OPEN is=IDLE awp=false se=false i=false al=0} cp=org.eclipse.jetty.server.BlockingContentProducer@5933de0 eof=true
16:06:32.777 [qtp1860886124-26] DEBUG org.eclipse.jetty.server.handler.ContextHandler -- scope /__admin||/not-matched @ o.e.j.s.ServletContextHandler@c7a975a{/__admin,null,AVAILABLE}
16:06:32.777 [qtp1860886124-26] DEBUG org.eclipse.jetty.server.handler.ContextHandler -- context=/__admin||/not-matched @ o.e.j.s.ServletContextHandler@c7a975a{/__admin,null,AVAILABLE}
16:06:32.777 [qtp1860886124-26] DEBUG org.eclipse.jetty.servlet.ServletHandler -- servlet /__admin|/not-matched|null|ServletPathMapping{matchValue=not-matched, pattern=/not-matched, servletName=com.github.tomakehurst.wiremock.servlet.NotMatchedServlet-1d71006f, mappingMatch=EXACT, servletPath=/not-matched, pathInfo=null} -> com.github.tomakehurst.wiremock.servlet.NotMatchedServlet-1d71006f==com.github.tomakehurst.wiremock.servlet.NotMatchedServlet@89785bef{jsp=null,order=-1,inst=true,async=true,src=EMBEDDED:null,STARTED}
16:06:32.777 [qtp1860886124-26] DEBUG org.eclipse.jetty.servlet.ServletHandler -- chain=ChainEnd@6603242c(com.github.tomakehurst.wiremock.servlet.NotMatchedServlet-1d71006f==com.github.tomakehurst.wiremock.servlet.NotMatchedServlet@89785bef{jsp=null,order=-1,inst=true,async=true,src=EMBEDDED:null,STARTED})
16:06:32.778 [qtp1860886124-26] DEBUG org.eclipse.jetty.server.HttpOutput -- write(array HeapByteBuffer@1eec6246[p=0,l=512,c=512,r=512]={<<<\n                        ...--------------\n        >>>})
16:06:32.778 [qtp1860886124-26] DEBUG org.eclipse.jetty.server.HttpOutput -- write(array) s=OPEN,api=BLOCKING,sc=false,e=null aggregated !flush DirectByteBuffer@53ba71a[p=0,l=512,c=32768,r=512]={<<<\n                        ...--------------\n        >>>\x00\x00\x00\x00\x00\x00\x00\x00\x00...\x00\x00\x00\x00\x00\x00\x00}
16:06:32.778 [qtp1860886124-26] DEBUG org.eclipse.jetty.server.HttpOutput -- write(array HeapByteBuffer@5c1020d3[p=0,l=512,c=512,r=512]={<<<                         ...                       >>>})
16:06:32.778 [qtp1860886124-26] DEBUG org.eclipse.jetty.server.HttpOutput -- write(array) s=OPEN,api=BLOCKING,sc=false,e=null aggregated !flush DirectByteBuffer@53ba71a[p=0,l=1024,c=32768,r=1024]={<<<\n                        ...                       >>>\x00\x00\x00\x00\x00\x00\x00\x00\x00...\x00\x00\x00\x00\x00\x00\x00}
16:06:32.778 [qtp1860886124-26] DEBUG org.eclipse.jetty.server.HttpOutput -- write(array HeapByteBuffer@4892c245[p=0,l=122,c=512,r=122]={<<<|\n-----------------------...----------------------\n>>>riants   ...       })
16:06:32.778 [qtp1860886124-26] DEBUG org.eclipse.jetty.server.HttpOutput -- write(array) s=OPEN,api=BLOCKING,sc=false,e=null aggregated !flush DirectByteBuffer@53ba71a[p=0,l=1146,c=32768,r=1146]={<<<\n                        ...----------------------\n>>>\x00\x00\x00\x00\x00\x00\x00\x00\x00...\x00\x00\x00\x00\x00\x00\x00}
16:06:32.778 [qtp1860886124-26] DEBUG org.eclipse.jetty.server.handler.gzip.GzipHttpOutputInterceptor -- org.eclipse.jetty.server.handler.gzip.GzipHttpOutputInterceptor@42bd9b31 exclude by status 404
16:06:32.778 [qtp1860886124-26] DEBUG org.eclipse.jetty.server.HttpChannel -- sendResponse info=null content=DirectByteBuffer@53ba71a[p=0,l=1146,c=32768,r=1146]={<<<\n                        ...----------------------\n>>>\x00\x00\x00\x00\x00\x00\x00\x00\x00...\x00\x00\x00\x00\x00\x00\x00} complete=false committing=true callback=Blocker@3fbe2f72{null}
16:06:32.778 [qtp1860886124-26] DEBUG org.eclipse.jetty.server.HttpChannel -- COMMIT for /__admin/not-matched on HttpChannelOverHttp@7bd8d962{s=HttpChannelState@2b6bbccc{s=HANDLING rs=BLOCKING os=COMMITTED is=IDLE awp=false se=false i=false al=0},r=1,c=false/false,a=HANDLING,uri=http://localhost:8080/__admin/not-matched,age=49}
404 null HTTP/1.1
Content-Type: text/plain;charset=UTF-8


16:06:32.779 [qtp1860886124-26] DEBUG org.eclipse.jetty.server.HttpConnection -- generate: NEED_HEADER for SendCallback@62f586ee[PROCESSING][i=HTTP/1.1{s=404,h=1,cl=-1},cb=org.eclipse.jetty.server.HttpChannel$SendCallback@3cabe01f] (null,[p=0,l=1146,c=32768,r=1146],false)@START
16:06:32.779 [qtp1860886124-26] DEBUG org.eclipse.jetty.http.HttpGenerator -- generateHeaders HTTP/1.1{s=404,h=1,cl=-1} last=false content=DirectByteBuffer@53ba71a[p=0,l=1146,c=32768,r=1146]={<<<\n                        ...----------------------\n>>>\x00\x00\x00\x00\x00\x00\x00\x00\x00...\x00\x00\x00\x00\x00\x00\x00}
16:06:32.779 [qtp1860886124-26] DEBUG org.eclipse.jetty.http.HttpGenerator -- Content-Type: text/plain;charset=UTF-8


16:06:32.779 [qtp1860886124-26] DEBUG org.eclipse.jetty.http.HttpGenerator -- CHUNKED_CONTENT
16:06:32.779 [qtp1860886124-26] DEBUG org.eclipse.jetty.server.HttpConnection -- generate: FLUSH for SendCallback@62f586ee[PROCESSING][i=HTTP/1.1{s=404,h=1,cl=-1},cb=org.eclipse.jetty.server.HttpChannel$SendCallback@3cabe01f] ([p=0,l=99,c=32768,r=99],[p=0,l=1146,c=32768,r=1146],false)@COMMITTED
16:06:32.779 [qtp1860886124-26] DEBUG org.eclipse.jetty.io.WriteFlusher -- write: WriteFlusher@12e180a8{IDLE}->null [DirectByteBuffer@585b8438[p=0,l=99,c=32768,r=99]={<<<HTTP/1.1 404 Not Found\r\nC...oding: chunked\r\n\r\n47A\r\n>>>         ...\x00\x00\x00\x00\x00\x00\x00},DirectByteBuffer@53ba71a[p=0,l=1146,c=32768,r=1146]={<<<\n                        ...----------------------\n>>>\x00\x00\x00\x00\x00\x00\x00\x00\x00...\x00\x00\x00\x00\x00\x00\x00}]
16:06:32.779 [qtp1860886124-26] DEBUG org.eclipse.jetty.io.WriteFlusher -- update WriteFlusher@12e180a8{WRITING}->null:IDLE-->WRITING
16:06:32.780 [main] DEBUG org.apache.http.wire -- http-outgoing-1 << "HTTP/1.1 404 Not Found[\r][\n]"
16:06:32.780 [qtp1860886124-26] DEBUG org.eclipse.jetty.io.SocketChannelEndPoint -- flushed 99 NetworkTrafficSocketChannelEndPoint@24d49b85[{l=/127.0.0.1:8080,r=/127.0.0.1:43024,OPEN,fill=-,flush=W,to=52/30000}{io=0/0,kio=0,kro=1}]->[HttpConnection@34d67619[p=HttpParser{s=END,59 of 59},g=HttpGenerator@9f00795{s=COMMITTED}]=>HttpChannelOverHttp@7bd8d962{s=HttpChannelState@2b6bbccc{s=HANDLING rs=BLOCKING os=COMMITTED is=IDLE awp=false se=false i=false al=0},r=1,c=false/false,a=HANDLING,uri=http://localhost:8080/__admin/not-matched,age=51}]
16:06:32.780 [main] DEBUG org.apache.http.wire -- http-outgoing-1 << "Content-Type: text/plain;charset=UTF-8[\r][\n]"
16:06:32.780 [main] DEBUG org.apache.http.wire -- http-outgoing-1 << "Transfer-Encoding: chunked[\r][\n]"
16:06:32.780 [main] DEBUG org.apache.http.wire -- http-outgoing-1 << "[\r][\n]"
16:06:32.780 [main] DEBUG org.apache.http.wire -- http-outgoing-1 << "47A[\r][\n]"
16:06:32.780 [qtp1860886124-26] DEBUG org.eclipse.jetty.io.SocketChannelEndPoint -- flushed 1146 NetworkTrafficSocketChannelEndPoint@24d49b85[{l=/127.0.0.1:8080,r=/127.0.0.1:43024,OPEN,fill=-,flush=W,to=0/30000}{io=0/0,kio=0,kro=1}]->[HttpConnection@34d67619[p=HttpParser{s=END,59 of 59},g=HttpGenerator@9f00795{s=COMMITTED}]=>HttpChannelOverHttp@7bd8d962{s=HttpChannelState@2b6bbccc{s=HANDLING rs=BLOCKING os=COMMITTED is=IDLE awp=false se=false i=false al=0},r=1,c=false/false,a=HANDLING,uri=http://localhost:8080/__admin/not-matched,age=51}]
16:06:32.780 [qtp1860886124-26] DEBUG org.eclipse.jetty.io.WriteFlusher -- Flushed=true written=1245 remaining=0 WriteFlusher@12e180a8{WRITING}->null
16:06:32.780 [qtp1860886124-26] DEBUG org.eclipse.jetty.io.WriteFlusher -- update WriteFlusher@12e180a8{IDLE}->null:WRITING-->IDLE
16:06:32.780 [main] DEBUG org.apache.http.headers -- http-outgoing-1 << HTTP/1.1 404 Not Found
16:06:32.780 [qtp1860886124-26] DEBUG org.eclipse.jetty.server.HttpConnection -- generate: DONE for SendCallback@62f586ee[PROCESSING][i=HTTP/1.1{s=404,h=1,cl=-1},cb=org.eclipse.jetty.server.HttpChannel$SendCallback@3cabe01f] ([p=99,l=99,c=32768,r=0],[p=1146,l=1146,c=32768,r=0],false)@COMMITTED
16:06:32.780 [main] DEBUG org.apache.http.headers -- http-outgoing-1 << Content-Type: text/plain;charset=UTF-8
16:06:32.780 [main] DEBUG org.apache.http.headers -- http-outgoing-1 << Transfer-Encoding: chunked
16:06:32.780 [qtp1860886124-26] DEBUG org.eclipse.jetty.server.HttpOutput -- onWriteComplete(false,null) s=OPEN,api=BLOCKED,sc=false,e=null->s=OPEN,api=BLOCKING,sc=false,e=null c=null cb=null w=false
16:06:32.780 [qtp1860886124-26] DEBUG org.eclipse.jetty.server.HttpOutput -- close() s=CLOSING,api=BLOCKED,sc=false,e=null c=HeapByteBuffer@459fe0d[p=0,l=0,c=0,r=0]={<<<>>>} b=Blocker@3fbe2f72{null}
16:06:32.780 [qtp1860886124-26] DEBUG org.eclipse.jetty.server.HttpChannel -- sendResponse info=null content=HeapByteBuffer@459fe0d[p=0,l=0,c=0,r=0]={<<<>>>} complete=true committing=false callback=Blocker@3fbe2f72{null}
16:06:32.780 [main] DEBUG org.apache.http.impl.execchain.MainClientExec -- Connection can be kept alive indefinitely
16:06:32.780 [qtp1860886124-26] DEBUG org.eclipse.jetty.server.HttpConnection -- generate: CONTINUE for SendCallback@62f586ee[PROCESSING][i=null,cb=org.eclipse.jetty.server.HttpChannel$SendCallback@5ceae839] (null,[p=0,l=0,c=0,r=0],true)@COMPLETING
16:06:32.780 [qtp1860886124-26] DEBUG org.eclipse.jetty.server.HttpConnection -- generate: NEED_CHUNK for SendCallback@62f586ee[PROCESSING][i=null,cb=org.eclipse.jetty.server.HttpChannel$SendCallback@5ceae839] (null,[p=0,l=0,c=0,r=0],true)@COMPLETING
16:06:32.780 [qtp1860886124-26] DEBUG org.eclipse.jetty.server.HttpConnection -- generate: FLUSH for SendCallback@62f586ee[PROCESSING][i=null,cb=org.eclipse.jetty.server.HttpChannel$SendCallback@5ceae839] (null,[p=0,l=0,c=0,r=0],true)@COMPLETING
16:06:32.781 [qtp1860886124-26] DEBUG org.eclipse.jetty.io.WriteFlusher -- write: WriteFlusher@12e180a8{IDLE}->null [DirectByteBuffer@4e1f40a2[p=0,l=7,c=16,r=7]={<<<\r\n0\r\n\r\n>>>\x00\x00\x00\x00\x00\x00\x00\x00\x00}]
16:06:32.781 [qtp1860886124-26] DEBUG org.eclipse.jetty.io.WriteFlusher -- update WriteFlusher@12e180a8{WRITING}->null:IDLE-->WRITING
16:06:32.781 [main] DEBUG org.apache.http.wire -- http-outgoing-1 << "[\n]"
16:06:32.781 [main] DEBUG org.apache.http.wire -- http-outgoing-1 << "                                               Request was not matched[\n]"
16:06:32.781 [main] DEBUG org.apache.http.wire -- http-outgoing-1 << "                                               =======================[\n]"
16:06:32.781 [main] DEBUG org.apache.http.wire -- http-outgoing-1 << "[\n]"
16:06:32.781 [main] DEBUG org.apache.http.wire -- http-outgoing-1 << "-----------------------------------------------------------------------------------------------------------------------[\n]"
16:06:32.781 [main] DEBUG org.apache.http.wire -- http-outgoing-1 << "| Closest stub                                             | Request                                                  |[\n]"
16:06:32.781 [qtp1860886124-26] DEBUG org.eclipse.jetty.io.SocketChannelEndPoint -- flushed 7 NetworkTrafficSocketChannelEndPoint@24d49b85[{l=/127.0.0.1:8080,r=/127.0.0.1:43024,OPEN,fill=-,flush=W,to=0/30000}{io=0/0,kio=0,kro=1}]->[HttpConnection@34d67619[p=HttpParser{s=END,59 of 59},g=HttpGenerator@9f00795{s=COMPLETING}]=>HttpChannelOverHttp@7bd8d962{s=HttpChannelState@2b6bbccc{s=HANDLING rs=BLOCKING os=COMMITTED is=IDLE awp=false se=false i=false al=0},r=1,c=false/false,a=HANDLING,uri=http://localhost:8080/__admin/not-matched,age=52}]
16:06:32.781 [qtp1860886124-26] DEBUG org.eclipse.jetty.io.WriteFlusher -- Flushed=true written=7 remaining=0 WriteFlusher@12e180a8{WRITING}->null
16:06:32.781 [main] DEBUG org.apache.http.wire -- http-outgoing-1 << "-----------------------------------------------------------------------------------------------------------------------[\n]"
16:06:32.781 [qtp1860886124-26] DEBUG org.eclipse.jetty.io.WriteFlusher -- update WriteFlusher@12e180a8{IDLE}->null:WRITING-->IDLE
16:06:32.781 [main] DEBUG org.apache.http.wire -- http-outgoing-1 << "                                                           |[\n]"
16:06:32.781 [qtp1860886124-26] DEBUG org.eclipse.jetty.server.HttpConnection -- generate: DONE for SendCallback@62f586ee[PROCESSING][i=null,cb=org.eclipse.jetty.server.HttpChannel$SendCallback@5ceae839] (null,[p=0,l=0,c=0,r=0],true)@END
16:06:32.781 [main] DEBUG org.apache.http.wire -- http-outgoing-1 << "POST                                                       | POST[\n]"
16:06:32.781 [main] DEBUG org.apache.http.wire -- http-outgoing-1 << "/variants                                                  | /variants[\n]"
16:06:32.781 [main] DEBUG org.apache.http.wire -- http-outgoing-1 << "                                                           |[\n]"
16:06:32.781 [qtp1860886124-26] DEBUG org.eclipse.jetty.server.HttpOutput -- onWriteComplete(true,null) s=CLOSING,api=BLOCKED,sc=false,e=null->s=CLOSED,api=BLOCKING,sc=false,e=null c=null cb=null w=false
16:06:32.781 [main] DEBUG org.apache.http.wire -- http-outgoing-1 << "Authorization: Bearer admin-token                          | Authorization: userNoPermissionToken                <<<<< Header does not match[\n]"
16:06:32.781 [qtp1860886124-26] DEBUG org.eclipse.jetty.server.HttpChannelState -- unhandle HttpChannelState@2b6bbccc{s=HANDLING rs=BLOCKING os=COMPLETED is=IDLE awp=false se=false i=false al=0}
16:06:32.781 [main] DEBUG org.apache.http.wire -- http-outgoing-1 << "                                                           |[\n]"
16:06:32.781 [qtp1860886124-26] DEBUG org.eclipse.jetty.server.HttpChannelState -- nextAction(false) COMPLETE HttpChannelState@2b6bbccc{s=HANDLING rs=COMPLETING os=COMPLETED is=IDLE awp=false se=false i=false al=0}
16:06:32.781 [main] DEBUG org.apache.http.wire -- http-outgoing-1 << "                                                           "
16:06:32.781 [qtp1860886124-26] DEBUG org.eclipse.jetty.server.HttpChannel -- action COMPLETE HttpChannelOverHttp@7bd8d962{s=HttpChannelState@2b6bbccc{s=HANDLING rs=COMPLETING os=COMPLETED is=IDLE awp=false se=false i=false al=0},r=1,c=false/true,a=HANDLING,uri=http://localhost:8080/variants,age=52}
16:06:32.781 [main] DEBUG org.apache.http.wire -- http-outgoing-1 << "|[\n]"
16:06:32.781 [qtp1860886124-26] DEBUG org.eclipse.jetty.server.HttpOutput -- complete(org.eclipse.jetty.util.Callback$3@12e6d7bc) s=CLOSED,api=BLOCKING,sc=false,e=null s=true e=null, c=null
16:06:32.781 [main] DEBUG org.apache.http.wire -- http-outgoing-1 << "-----------------------------------------------------------------------------------------------------------------------[\n]"
16:06:32.781 [qtp1860886124-26] DEBUG org.eclipse.jetty.server.HttpChannelState -- completed HttpChannelState@2b6bbccc{s=HANDLING rs=COMPLETING os=COMPLETED is=IDLE awp=false se=false i=false al=0}
16:06:32.781 [main] DEBUG org.apache.http.wire -- http-outgoing-1 << "[\r][\n]"
16:06:32.781 [qtp1860886124-26] DEBUG org.eclipse.jetty.server.HttpChannelState -- unhandle HttpChannelState@2b6bbccc{s=HANDLING rs=COMPLETED os=COMPLETED is=IDLE awp=false se=false i=false al=0}
16:06:32.781 [main] DEBUG org.apache.http.wire -- http-outgoing-1 << "0[\r][\n]"
16:06:32.781 [main] DEBUG org.apache.http.wire -- http-outgoing-1 << "[\r][\n]"
16:06:32.781 [qtp1860886124-26] DEBUG org.eclipse.jetty.server.HttpChannelState -- nextAction(false) TERMINATED HttpChannelState@2b6bbccc{s=IDLE rs=COMPLETED os=COMPLETED is=IDLE awp=false se=false i=false al=0}
16:06:32.781 [qtp1860886124-26] DEBUG org.eclipse.jetty.server.HttpChannel -- action TERMINATED HttpChannelOverHttp@7bd8d962{s=HttpChannelState@2b6bbccc{s=IDLE rs=COMPLETED os=COMPLETED is=IDLE awp=false se=false i=false al=0},r=1,c=true/true,a=IDLE,uri=http://localhost:8080/variants,age=52}
16:06:32.781 [main] DEBUG org.apache.http.impl.conn.PoolingHttpClientConnectionManager -- Connection [id: 1][route: {}->http://localhost:8080] can be kept alive indefinitely
16:06:32.781 [qtp1860886124-26] DEBUG org.eclipse.jetty.server.HttpChannel -- onCompleted for /variants written=1146
16:06:32.782 [main] DEBUG org.apache.http.impl.conn.DefaultManagedHttpClientConnection -- http-outgoing-1: set socket timeout to 0
16:06:32.782 [qtp1860886124-26] DEBUG org.eclipse.jetty.server.HttpInput -- consumeAll HttpInput@1479221276 cs=HttpChannelState@2b6bbccc{s=IDLE rs=COMPLETED os=COMPLETED is=IDLE awp=false se=false i=false al=0} cp=org.eclipse.jetty.server.BlockingContentProducer@5933de0 eof=true
16:06:32.782 [main] DEBUG org.apache.http.impl.conn.PoolingHttpClientConnectionManager -- Connection released: [id: 1][route: {}->http://localhost:8080][total available: 1; route allocated: 1 of 5; total allocated: 1 of 10]
16:06:32.782 [main] DEBUG org.apache.http.impl.conn.PoolingHttpClientConnectionManager -- Connection manager is shutting down
16:06:32.782 [qtp1860886124-26] DEBUG org.eclipse.jetty.server.HttpChannelOverHttp -- failing all content with org.eclipse.jetty.util.StaticException: Unconsumed content HttpChannelOverHttp@7bd8d962{s=HttpChannelState@2b6bbccc{s=IDLE rs=COMPLETED os=COMPLETED is=IDLE awp=false se=false i=false al=0},r=1,c=true/true,a=IDLE,uri=http://localhost:8080/variants,age=53}
16:06:32.782 [main] DEBUG org.apache.http.impl.conn.DefaultManagedHttpClientConnection -- http-outgoing-1: Close connection
16:06:32.782 [qtp1860886124-26] DEBUG org.eclipse.jetty.server.AsyncContentProducer -- failed all content of http channel EOF=true AsyncContentProducer@6c566581[r=ErrorContent [org.eclipse.jetty.util.StaticException: Unconsumed content],t=ErrorContent [org.eclipse.jetty.util.StaticException: Unconsumed content],i=null,error=false,c=HttpChannelOverHttp@7bd8d962{s=HttpChannelState@2b6bbccc{s=IDLE rs=COMPLETED os=COMPLETED is=IDLE awp=false se=false i=false al=0},r=1,c=true/true,a=IDLE,uri=http://localhost:8080/variants,age=53}]
16:06:32.782 [qtp1860886124-26] DEBUG org.eclipse.jetty.server.HttpInput -- isFinished=true HttpInput@1479221276 cs=HttpChannelState@2b6bbccc{s=IDLE rs=COMPLETED os=COMPLETED is=IDLE awp=false se=false i=false al=0} cp=org.eclipse.jetty.server.BlockingContentProducer@5933de0 eof=true
16:06:32.782 [main] DEBUG org.apache.http.impl.conn.PoolingHttpClientConnectionManager -- Connection manager shut down
16:06:32.782 [qtp1860886124-26] DEBUG org.eclipse.jetty.server.AsyncContentProducer -- isError = false AsyncContentProducer@6c566581[r=ErrorContent [org.eclipse.jetty.util.StaticException: Unconsumed content],t=ErrorContent [org.eclipse.jetty.util.StaticException: Unconsumed content],i=null,error=false,c=HttpChannelOverHttp@7bd8d962{s=HttpChannelState@2b6bbccc{s=IDLE rs=COMPLETED os=COMPLETED is=IDLE awp=false se=false i=false al=0},r=1,c=true/true,a=IDLE,uri=http://localhost:8080/variants,age=53}]
16:06:32.782 [qtp1860886124-26] DEBUG org.eclipse.jetty.server.HttpInput -- isError=false HttpInput@1479221276 cs=HttpChannelState@2b6bbccc{s=IDLE rs=COMPLETED os=COMPLETED is=IDLE awp=false se=false i=false al=0} cp=org.eclipse.jetty.server.BlockingContentProducer@5933de0 eof=true
16:06:32.782 [qtp1860886124-26] DEBUG org.eclipse.jetty.server.HttpChannelState -- recycle HttpChannelState@2b6bbccc{s=IDLE rs=COMPLETED os=COMPLETED is=IDLE awp=false se=false i=false al=0}
16:06:32.782 [main] DEBUG com.intuit.karate -- response time in milliseconds: 61
1 < 404
1 < Content-Type: text/plain;charset=UTF-8
1 < Transfer-Encoding: chunked

                                               Request was not matched
                                               =======================

-----------------------------------------------------------------------------------------------------------------------
| Closest stub                                             | Request                                                  |
-----------------------------------------------------------------------------------------------------------------------
                                                           |
POST                                                       | POST
/variants                                                  | /variants
                                                           |
Authorization: Bearer admin-token                          | Authorization: userNoPermissionToken                <<<<< Header does not match
                                                           |
                                                           |
-----------------------------------------------------------------------------------------------------------------------


16:06:32.782 [qtp1860886124-26] DEBUG org.eclipse.jetty.server.HttpInput -- recycle HttpInput@1479221276 cs=HttpChannelState@2b6bbccc{s=IDLE rs=BLOCKING os=OPEN is=IDLE awp=false se=false i=true al=0} cp=org.eclipse.jetty.server.BlockingContentProducer@5933de0 eof=true
16:06:32.782 [qtp1860886124-26] DEBUG org.eclipse.jetty.server.BlockingContentProducer -- recycling org.eclipse.jetty.server.BlockingContentProducer@5933de0
16:06:32.782 [qtp1860886124-26] DEBUG org.eclipse.jetty.server.AsyncContentProducer -- recycling AsyncContentProducer@6c566581[r=ErrorContent [org.eclipse.jetty.util.StaticException: Unconsumed content],t=ErrorContent [org.eclipse.jetty.util.StaticException: Unconsumed content],i=null,error=false,c=HttpChannelOverHttp@7bd8d962{s=HttpChannelState@2b6bbccc{s=IDLE rs=BLOCKING os=OPEN is=IDLE awp=false se=false i=true al=0},r=1,c=false/false,a=IDLE,uri=http://localhost:8080/variants,age=53}]
16:06:32.783 [qtp1860886124-26] DEBUG org.eclipse.jetty.http.HttpParser -- reset HttpParser{s=END,59 of 59}
16:06:32.783 [qtp1860886124-26] DEBUG org.eclipse.jetty.http.HttpParser -- END --> START
16:06:32.783 [qtp1860886124-26] DEBUG org.eclipse.jetty.server.HttpChannel -- !handle TERMINATED HttpChannelOverHttp@7bd8d962{s=HttpChannelState@2b6bbccc{s=IDLE rs=BLOCKING os=OPEN is=IDLE awp=false se=false i=true al=0},r=1,c=false/false,a=IDLE,uri=null,age=0}
16:06:32.783 [qtp1860886124-26] DEBUG org.eclipse.jetty.io.AbstractEndPoint -- shutdownInput NetworkTrafficSocketChannelEndPoint@24d49b85[{l=/127.0.0.1:8080,r=/127.0.0.1:43024,OPEN,fill=-,flush=-,to=2/30000}{io=0/0,kio=0,kro=1}]->[HttpConnection@34d67619[p=HttpParser{s=START,0 of -1},g=HttpGenerator@9f00795{s=START}]=>HttpChannelOverHttp@7bd8d962{s=HttpChannelState@2b6bbccc{s=IDLE rs=BLOCKING os=OPEN is=IDLE awp=false se=false i=true al=0},r=1,c=false/false,a=IDLE,uri=null,age=0}]
16:06:32.783 [qtp1860886124-26] DEBUG org.eclipse.jetty.io.SocketChannelEndPoint -- filled -1 DirectByteBuffer@2fc00118[p=0,l=0,c=8192,r=0]={<<<>>>POST /var...\x00\x00\x00\x00\x00\x00\x00}
16:06:32.783 [qtp1860886124-26] DEBUG org.eclipse.jetty.http.HttpParser -- atEOF HttpParser{s=START,0 of -1}
16:06:32.783 [qtp1860886124-26] DEBUG org.eclipse.jetty.server.HttpConnection -- HttpConnection@34d67619::NetworkTrafficSocketChannelEndPoint@24d49b85[{l=/127.0.0.1:8080,r=/127.0.0.1:43024,ISHUT,fill=-,flush=-,to=2/30000}{io=0/0,kio=0,kro=1}]->[HttpConnection@34d67619[p=HttpParser{s=START,0 of -1},g=HttpGenerator@9f00795{s=START}]=>HttpChannelOverHttp@7bd8d962{s=HttpChannelState@2b6bbccc{s=IDLE rs=BLOCKING os=OPEN is=IDLE awp=false se=false i=true al=0},r=1,c=false/false,a=IDLE,uri=null,age=0}] filled -1 RetainableByteBuffer@57e49389{DirectByteBuffer@2fc00118[p=0,l=0,c=8192,r=0]={<<<>>>POST /var...\x00\x00\x00\x00\x00\x00\x00},r=1}
16:06:32.783 [qtp1860886124-26] DEBUG org.eclipse.jetty.server.HttpConnection -- HttpConnection@34d67619::NetworkTrafficSocketChannelEndPoint@24d49b85[{l=/127.0.0.1:8080,r=/127.0.0.1:43024,ISHUT,fill=-,flush=-,to=2/30000}{io=0/0,kio=0,kro=1}]->[HttpConnection@34d67619[p=HttpParser{s=START,0 of -1},g=HttpGenerator@9f00795{s=START}]=>HttpChannelOverHttp@7bd8d962{s=HttpChannelState@2b6bbccc{s=IDLE rs=BLOCKING os=OPEN is=IDLE awp=false se=false i=true al=0},r=1,c=false/false,a=IDLE,uri=null,age=0}] parse RetainableByteBuffer@57e49389{DirectByteBuffer@2fc00118[p=0,l=0,c=8192,r=0]={<<<>>>POST /var...\x00\x00\x00\x00\x00\x00\x00},r=1}
16:06:32.784 [qtp1860886124-26] DEBUG org.eclipse.jetty.http.HttpParser -- parseNext s=START DirectByteBuffer@2fc00118[p=0,l=0,c=8192,r=0]={<<<>>>POST /var...\x00\x00\x00\x00\x00\x00\x00}
16:06:32.784 [qtp1860886124-26] DEBUG org.eclipse.jetty.http.HttpParser -- START --> CLOSED
16:06:32.784 [qtp1860886124-26] DEBUG org.eclipse.jetty.io.AbstractEndPoint -- close NetworkTrafficSocketChannelEndPoint@24d49b85[{l=/127.0.0.1:8080,r=/127.0.0.1:43024,ISHUT,fill=-,flush=-,to=2/30000}{io=0/0,kio=0,kro=1}]->[HttpConnection@34d67619[p=HttpParser{s=CLOSED,0 of -1},g=HttpGenerator@9f00795{s=START}]=>HttpChannelOverHttp@7bd8d962{s=HttpChannelState@2b6bbccc{s=IDLE rs=BLOCKING os=OPEN is=IDLE awp=false se=false i=true al=0},r=1,c=false/false,a=IDLE,uri=null,age=0}]
16:06:32.784 [qtp1860886124-26] DEBUG org.eclipse.jetty.io.AbstractEndPoint -- close(null) NetworkTrafficSocketChannelEndPoint@24d49b85[{l=/127.0.0.1:8080,r=/127.0.0.1:43024,ISHUT,fill=-,flush=-,to=2/30000}{io=0/0,kio=0,kro=1}]->[HttpConnection@34d67619[p=HttpParser{s=CLOSED,0 of -1},g=HttpGenerator@9f00795{s=START}]=>HttpChannelOverHttp@7bd8d962{s=HttpChannelState@2b6bbccc{s=IDLE rs=BLOCKING os=OPEN is=IDLE awp=false se=false i=true al=0},r=1,c=false/false,a=IDLE,uri=null,age=0}]
16:06:32.784 [qtp1860886124-26] DEBUG org.eclipse.jetty.io.SelectableChannelEndPoint -- doClose NetworkTrafficSocketChannelEndPoint@24d49b85[{l=/127.0.0.1:8080,r=/127.0.0.1:43024,CLOSED,fill=-,flush=-,to=3/30000}{io=0/0,kio=0,kro=1}]->[HttpConnection@34d67619[p=HttpParser{s=CLOSED,0 of -1},g=HttpGenerator@9f00795{s=START}]=>HttpChannelOverHttp@7bd8d962{s=HttpChannelState@2b6bbccc{s=IDLE rs=BLOCKING os=OPEN is=IDLE awp=false se=false i=true al=0},r=1,c=false/false,a=IDLE,uri=null,age=0}]
16:06:32.784 [qtp1860886124-26] DEBUG org.eclipse.jetty.io.FillInterest -- onClose FillInterest@7f0b57bb{null}
16:06:32.784 [qtp1860886124-26] DEBUG org.eclipse.jetty.io.ManagedSelector -- Wakeup ManagedSelector@588ffeb{STARTED} id=0 keys=1 selected=0 updates=0
16:06:32.784 [qtp1860886124-26] DEBUG org.eclipse.jetty.util.thread.QueuedThreadPool -- queue org.eclipse.jetty.io.ManagedSelector$DestroyEndPoint@71ae76e7 startThread=0
16:06:32.784 [qtp1860886124-31] DEBUG org.eclipse.jetty.io.ManagedSelector -- Selector sun.nio.ch.EPollSelectorImpl@1f751e5c woken with none selected
16:06:32.784 [qtp1860886124-31] DEBUG org.eclipse.jetty.io.ManagedSelector -- Selector sun.nio.ch.EPollSelectorImpl@1f751e5c woken up from select, 0/0/0 selected
16:06:32.785 [qtp1860886124-31] DEBUG org.eclipse.jetty.io.ManagedSelector -- Selector sun.nio.ch.EPollSelectorImpl@1f751e5c processing 0 keys, 0 updates
16:06:32.785 [qtp1860886124-31] DEBUG org.eclipse.jetty.io.ManagedSelector -- updateable 0
16:06:32.785 [qtp1860886124-31] DEBUG org.eclipse.jetty.io.ManagedSelector -- updates 0
16:06:32.785 [qtp1860886124-31] DEBUG org.eclipse.jetty.io.ManagedSelector -- Selector sun.nio.ch.EPollSelectorImpl@1f751e5c waiting with 0 keys
16:06:32.784 [qtp1860886124-26] DEBUG org.eclipse.jetty.server.HttpConnection -- HttpConnection@34d67619::NetworkTrafficSocketChannelEndPoint@24d49b85[{l=null,r=null,CLOSED,fill=-,flush=-,to=3/30000}{io=0/0,kio=-1,kro=-1}]->[HttpConnection@34d67619[p=HttpParser{s=CLOSED,0 of -1},g=HttpGenerator@9f00795{s=START}]=>HttpChannelOverHttp@7bd8d962{s=HttpChannelState@2b6bbccc{s=IDLE rs=BLOCKING os=OPEN is=IDLE awp=false se=false i=true al=0},r=1,c=false/false,a=IDLE,uri=null,age=0}] parsed false HttpParser{s=CLOSED,0 of -1}
16:06:32.784 [qtp1860886124-33] DEBUG org.eclipse.jetty.util.thread.QueuedThreadPool -- run org.eclipse.jetty.io.ManagedSelector$DestroyEndPoint@71ae76e7 in QueuedThreadPool[qtp1860886124]@6eeade6c{STARTED,8<=8<=25,i=0,r=-1,t=56220ms,q=0}[ReservedThreadExecutor@6e28bb87{reserved=1/2,pending=0}]
16:06:32.785 [qtp1860886124-26] DEBUG org.eclipse.jetty.server.HttpConnection -- releaseRequestBuffer HttpConnection@34d67619::NetworkTrafficSocketChannelEndPoint@24d49b85[{l=null,r=null,CLOSED,fill=-,flush=-,to=4/30000}{io=0/0,kio=-1,kro=-1}]->[HttpConnection@34d67619[p=HttpParser{s=CLOSED,0 of -1},g=HttpGenerator@9f00795{s=START}]=>HttpChannelOverHttp@7bd8d962{s=HttpChannelState@2b6bbccc{s=IDLE rs=BLOCKING os=OPEN is=IDLE awp=false se=false i=true al=0},r=1,c=false/false,a=IDLE,uri=null,age=0}]
16:06:32.785 [qtp1860886124-33] DEBUG org.eclipse.jetty.io.ManagedSelector -- Destroyed NetworkTrafficSocketChannelEndPoint@24d49b85[{l=null,r=null,CLOSED,fill=-,flush=-,to=4/30000}{io=0/0,kio=-1,kro=-1}]->[HttpConnection@34d67619[p=HttpParser{s=CLOSED,0 of -1},g=HttpGenerator@9f00795{s=START}]=>HttpChannelOverHttp@7bd8d962{s=HttpChannelState@2b6bbccc{s=IDLE rs=BLOCKING os=OPEN is=IDLE awp=false se=false i=true al=0},r=1,c=false/false,a=IDLE,uri=null,age=0}]
16:06:32.785 [qtp1860886124-26] DEBUG org.eclipse.jetty.io.AbstractEndPoint -- shutdownOutput NetworkTrafficSocketChannelEndPoint@24d49b85[{l=null,r=null,CLOSED,fill=-,flush=-,to=4/30000}{io=0/0,kio=-1,kro=-1}]->[HttpConnection@34d67619[p=HttpParser{s=CLOSED,0 of -1},g=HttpGenerator@9f00795{s=START}]=>HttpChannelOverHttp@7bd8d962{s=HttpChannelState@2b6bbccc{s=IDLE rs=BLOCKING os=OPEN is=IDLE awp=false se=false i=true al=0},r=1,c=false/false,a=IDLE,uri=null,age=0}]
16:06:32.785 [qtp1860886124-33] DEBUG org.eclipse.jetty.io.AbstractConnection -- onClose HttpConnection@34d67619::NetworkTrafficSocketChannelEndPoint@24d49b85[{l=null,r=null,CLOSED,fill=-,flush=-,to=4/30000}{io=0/0,kio=-1,kro=-1}]->[HttpConnection@34d67619[p=HttpParser{s=CLOSED,0 of -1},g=HttpGenerator@9f00795{s=START}]=>HttpChannelOverHttp@7bd8d962{s=HttpChannelState@2b6bbccc{s=IDLE rs=BLOCKING os=OPEN is=IDLE awp=false se=false i=true al=0},r=1,c=false/false,a=IDLE,uri=null,age=0}]
16:06:32.786 [qtp1860886124-33] DEBUG org.eclipse.jetty.util.thread.QueuedThreadPool -- ran org.eclipse.jetty.io.ManagedSelector$DestroyEndPoint@71ae76e7 in QueuedThreadPool[qtp1860886124]@6eeade6c{STARTED,8<=8<=25,i=0,r=-1,t=56219ms,q=0}[ReservedThreadExecutor@6e28bb87{reserved=1/2,pending=0}]
16:06:32.785 [qtp1860886124-26] DEBUG org.eclipse.jetty.server.HttpConnection -- HttpConnection@34d67619::NetworkTrafficSocketChannelEndPoint@24d49b85[{l=null,r=null,CLOSED,fill=-,flush=-,to=4/30000}{io=0/0,kio=-1,kro=-1}]->[HttpConnection@34d67619[p=HttpParser{s=CLOSED,0 of -1},g=HttpGenerator@9f00795{s=START}]=>HttpChannelOverHttp@7bd8d962{s=HttpChannelState@2b6bbccc{s=IDLE rs=BLOCKING os=OPEN is=IDLE awp=false se=false i=true al=0},r=1,c=false/false,a=IDLE,uri=null,age=0}] onFillable exit HttpChannelState@2b6bbccc{s=IDLE rs=BLOCKING os=OPEN is=IDLE awp=false se=false i=true al=0} null
16:06:32.786 [qtp1860886124-33] DEBUG org.eclipse.jetty.util.thread.QueuedThreadPool -- Evict skipped, no excess threads QueuedThreadPool[qtp1860886124]@6eeade6c{STARTED,8<=8<=25,i=1,r=-1,t=56219ms,q=0}[ReservedThreadExecutor@6e28bb87{reserved=1/2,pending=0}]
16:06:32.786 [qtp1860886124-26] DEBUG org.eclipse.jetty.util.thread.QueuedThreadPool -- ran org.eclipse.jetty.io.ManagedSelector$$Lambda$482/0x000073d7302ae098@6443b128 in QueuedThreadPool[qtp1860886124]@6eeade6c{STARTED,8<=8<=25,i=1,r=-1,t=56219ms,q=0}[ReservedThreadExecutor@6e28bb87{reserved=1/2,pending=0}]
16:06:32.786 [qtp1860886124-26] DEBUG org.eclipse.jetty.util.thread.QueuedThreadPool -- Evict skipped, no excess threads QueuedThreadPool[qtp1860886124]@6eeade6c{STARTED,8<=8<=25,i=2,r=-1,t=56219ms,q=0}[ReservedThreadExecutor@6e28bb87{reserved=1/2,pending=0}]
16:06:32.786 [main] ERROR com.intuit.karate -- classpath:features/variants/createVariant.feature:27
Then status 403
status code was: 404, expected: 403, response time in milliseconds: 61, url: http://localhost:8080/variants, response: 

                                               Request was not matched
                                               =======================

-----------------------------------------------------------------------------------------------------------------------
| Closest stub                                             | Request                                                  |
-----------------------------------------------------------------------------------------------------------------------
                                                           |
POST                                                       | POST
/variants                                                  | /variants
                                                           |
Authorization: Bearer admin-token                          | Authorization: userNoPermissionToken                <<<<< Header does not match
                                                           |
                                                           |
-----------------------------------------------------------------------------------------------------------------------

classpath:features/variants/createVariant.feature:27
]]></system-out>
  </testcase>
  <testcase name="testAllFeatures[1][3]" classname="com.exemple.qa.runners.AllKarateTestsRunner" time="0.338">
    <failure message="status code was: 404, expected: 400, response time in milliseconds: 66, url: http://localhost:8080/variants, response: &#10;&#10;                                               Request was not matched&#10;                                               =======================&#10;&#10;-----------------------------------------------------------------------------------------------------------------------&#10;| Closest stub                                             | Request                                                  |&#10;-----------------------------------------------------------------------------------------------------------------------&#10;                                                           |&#10;POST                                                       | POST&#10;/variants                                                  | /variants&#10;                                                           |&#10;Authorization: Bearer admin-token                          | Authorization: adminToken                           &lt;&lt;&lt;&lt;&lt; Header does not match&#10;                                                           |&#10;                                                           |&#10;-----------------------------------------------------------------------------------------------------------------------&#10;&#10;classpath:features/variants/createVariant.feature:36" type="org.opentest4j.AssertionFailedError"><![CDATA[org.opentest4j.AssertionFailedError: 
status code was: 404, expected: 400, response time in milliseconds: 66, url: http://localhost:8080/variants, response: 

                                               Request was not matched
                                               =======================

-----------------------------------------------------------------------------------------------------------------------
| Closest stub                                             | Request                                                  |
-----------------------------------------------------------------------------------------------------------------------
                                                           |
POST                                                       | POST
/variants                                                  | /variants
                                                           |
Authorization: Bearer admin-token                          | Authorization: adminToken                           <<<<< Header does not match
                                                           |
                                                           |
-----------------------------------------------------------------------------------------------------------------------

classpath:features/variants/createVariant.feature:36
]]></failure>
    <system-out><![CDATA[16:06:32.806 [main] DEBUG com.intuit.karate.core.ScenarioEngine -- over-writing existing variable 'adminToken' with new value: 'Bearer admin-token'
16:06:32.808 [main] DEBUG com.intuit.karate.core.ScenarioEngine -- over-writing existing variable 'userNoPermissionToken' with new value: 'Bearer user-no-permission'
16:06:32.810 [main] DEBUG com.jayway.jsonpath.internal.path.CompiledPath -- Evaluating path: $
16:06:32.810 [main] DEBUG com.jayway.jsonpath.internal.path.CompiledPath -- Evaluating path: $
16:06:32.812 [main] DEBUG org.apache.http.client.protocol.RequestAddCookies -- CookieSpec selected: karate
16:06:32.813 [main] DEBUG org.apache.http.client.protocol.RequestAuthCache -- Auth cache not set in the context
16:06:32.813 [main] DEBUG com.intuit.karate -- request:
1 > POST http://localhost:8080/variants
1 > Authorization: adminToken
1 > Content-Type: application/json; charset=UTF-8
1 > Content-Length: 90
1 > Host: localhost:8080
1 > Connection: Keep-Alive
1 > User-Agent: Apache-HttpClient/4.5.14 (Java/17.0.15)
1 > Accept-Encoding: gzip,deflate
{"product_id":"prod-456","name":"Variant Test","price":100,"characteristics_invalid":true}

16:06:32.813 [main] DEBUG org.apache.http.impl.conn.PoolingHttpClientConnectionManager -- Connection request: [route: {}->http://localhost:8080][total available: 0; route allocated: 0 of 5; total allocated: 0 of 10]
16:06:32.813 [main] DEBUG org.apache.http.impl.conn.PoolingHttpClientConnectionManager -- Connection leased: [id: 2][route: {}->http://localhost:8080][total available: 0; route allocated: 1 of 5; total allocated: 1 of 10]
16:06:32.813 [main] DEBUG org.apache.http.impl.execchain.MainClientExec -- Opening connection {}->http://localhost:8080
16:06:32.814 [main] DEBUG org.apache.http.impl.conn.DefaultHttpClientConnectionOperator -- Connecting to localhost/127.0.0.1:8080
16:06:32.814 [main] DEBUG org.apache.http.impl.conn.DefaultHttpClientConnectionOperator -- Connection established 127.0.0.1:43028<->127.0.0.1:8080
16:06:32.814 [main] DEBUG org.apache.http.impl.conn.DefaultManagedHttpClientConnection -- http-outgoing-2: set socket timeout to 30000
16:06:32.814 [main] DEBUG org.apache.http.impl.execchain.MainClientExec -- Executing request POST /variants HTTP/1.1
16:06:32.814 [main] DEBUG org.apache.http.impl.execchain.MainClientExec -- Proxy auth state: UNCHALLENGED
16:06:32.814 [qtp1860886124-30-acceptor-2@6ad6fa53-NetworkTrafficServerConnector@292d1c71{HTTP/1.1, (http/1.1, h2c)}{0.0.0.0:8080}] DEBUG org.eclipse.jetty.io.ManagedSelector -- Queued change lazy=false Accept@3cea01ab[java.nio.channels.SocketChannel[connected local=/127.0.0.1:8080 remote=/127.0.0.1:43028]] on ManagedSelector@67ec8477{STARTED} id=1 keys=0 selected=0 updates=0
16:06:32.814 [qtp1860886124-30-acceptor-2@6ad6fa53-NetworkTrafficServerConnector@292d1c71{HTTP/1.1, (http/1.1, h2c)}{0.0.0.0:8080}] DEBUG org.eclipse.jetty.io.ManagedSelector -- Wakeup on submit ManagedSelector@67ec8477{STARTED} id=1 keys=0 selected=0 updates=1
16:06:32.814 [qtp1860886124-32] DEBUG org.eclipse.jetty.io.ManagedSelector -- Selector sun.nio.ch.EPollSelectorImpl@13605ab0 woken with none selected
16:06:32.815 [main] DEBUG org.apache.http.headers -- http-outgoing-2 >> POST /variants HTTP/1.1
16:06:32.815 [main] DEBUG org.apache.http.headers -- http-outgoing-2 >> Authorization: adminToken
16:06:32.815 [qtp1860886124-32] DEBUG org.eclipse.jetty.io.ManagedSelector -- Selector sun.nio.ch.EPollSelectorImpl@13605ab0 woken up from select, 0/0/0 selected
16:06:32.815 [main] DEBUG org.apache.http.headers -- http-outgoing-2 >> Content-Type: application/json; charset=UTF-8
16:06:32.815 [main] DEBUG org.apache.http.headers -- http-outgoing-2 >> Content-Length: 90
16:06:32.815 [main] DEBUG org.apache.http.headers -- http-outgoing-2 >> Host: localhost:8080
16:06:32.815 [qtp1860886124-32] DEBUG org.eclipse.jetty.io.ManagedSelector -- Selector sun.nio.ch.EPollSelectorImpl@13605ab0 processing 0 keys, 1 updates
16:06:32.815 [main] DEBUG org.apache.http.headers -- http-outgoing-2 >> Connection: Keep-Alive
16:06:32.815 [qtp1860886124-32] DEBUG org.eclipse.jetty.io.ManagedSelector -- updateable 1
16:06:32.815 [main] DEBUG org.apache.http.headers -- http-outgoing-2 >> User-Agent: Apache-HttpClient/4.5.14 (Java/17.0.15)
16:06:32.815 [main] DEBUG org.apache.http.headers -- http-outgoing-2 >> Accept-Encoding: gzip,deflate
16:06:32.815 [qtp1860886124-32] DEBUG org.eclipse.jetty.io.ManagedSelector -- update Accept@3cea01ab[java.nio.channels.SocketChannel[connected local=/127.0.0.1:8080 remote=/127.0.0.1:43028]]
16:06:32.815 [main] DEBUG org.apache.http.wire -- http-outgoing-2 >> "POST /variants HTTP/1.1[\r][\n]"
16:06:32.815 [qtp1860886124-32] DEBUG org.eclipse.jetty.util.thread.QueuedThreadPool -- queue Accept@3cea01ab[java.nio.channels.SocketChannel[connected local=/127.0.0.1:8080 remote=/127.0.0.1:43028]] startThread=0
16:06:32.815 [qtp1860886124-32] DEBUG org.eclipse.jetty.io.ManagedSelector -- updates 0
16:06:32.815 [qtp1860886124-32] DEBUG org.eclipse.jetty.io.ManagedSelector -- Selector sun.nio.ch.EPollSelectorImpl@13605ab0 waiting with 1 keys
16:06:32.815 [qtp1860886124-33] DEBUG org.eclipse.jetty.util.thread.QueuedThreadPool -- run Accept@3cea01ab[java.nio.channels.SocketChannel[connected local=/127.0.0.1:8080 remote=/127.0.0.1:43028]] in QueuedThreadPool[qtp1860886124]@6eeade6c{STARTED,8<=8<=25,i=1,r=-1,t=56190ms,q=0}[ReservedThreadExecutor@6e28bb87{reserved=1/2,pending=0}]
16:06:32.815 [main] DEBUG org.apache.http.wire -- http-outgoing-2 >> "Authorization: adminToken[\r][\n]"
16:06:32.815 [main] DEBUG org.apache.http.wire -- http-outgoing-2 >> "Content-Type: application/json; charset=UTF-8[\r][\n]"
16:06:32.815 [qtp1860886124-33] DEBUG org.eclipse.jetty.io.IdleTimeout -- Setting idle timeout 0 -> 30000 on NetworkTrafficSocketChannelEndPoint@33ee8b59[{l=/127.0.0.1:8080,r=/127.0.0.1:43028,OPEN,fill=-,flush=-,to=0/30000}{io=0/0,kio=0,kro=0}]->[<null>]
16:06:32.815 [main] DEBUG org.apache.http.wire -- http-outgoing-2 >> "Content-Length: 90[\r][\n]"
16:06:32.816 [main] DEBUG org.apache.http.wire -- http-outgoing-2 >> "Host: localhost:8080[\r][\n]"
16:06:32.816 [main] DEBUG org.apache.http.wire -- http-outgoing-2 >> "Connection: Keep-Alive[\r][\n]"
16:06:32.816 [main] DEBUG org.apache.http.wire -- http-outgoing-2 >> "User-Agent: Apache-HttpClient/4.5.14 (Java/17.0.15)[\r][\n]"
16:06:32.815 [qtp1860886124-33] DEBUG org.eclipse.jetty.io.IdleTimeout -- NetworkTrafficSocketChannelEndPoint@33ee8b59[{l=/127.0.0.1:8080,r=/127.0.0.1:43028,OPEN,fill=-,flush=-,to=0/30000}{io=0/0,kio=0,kro=0}]->[<null>] idle timeout check, elapsed: 0 ms, remaining: 30000 ms
16:06:32.816 [main] DEBUG org.apache.http.wire -- http-outgoing-2 >> "Accept-Encoding: gzip,deflate[\r][\n]"
16:06:32.816 [main] DEBUG org.apache.http.wire -- http-outgoing-2 >> "[\r][\n]"
16:06:32.816 [main] DEBUG org.apache.http.wire -- http-outgoing-2 >> "{"product_id":"prod-456","name":"Variant Test","price":100,"characteristics_invalid":true}"
16:06:32.816 [qtp1860886124-33] DEBUG org.eclipse.jetty.server.HttpChannel -- new HttpChannelOverHttp@167db410{s=HttpChannelState@3a3c334a{s=IDLE rs=BLOCKING os=OPEN is=IDLE awp=false se=false i=true al=0},r=0,c=false/false,a=IDLE,uri=null,age=0} -> NetworkTrafficSocketChannelEndPoint@33ee8b59[{l=/127.0.0.1:8080,r=/127.0.0.1:43028,OPEN,fill=-,flush=-,to=0/30000}{io=0/0,kio=0,kro=0}]->[<null>],null,HttpChannelState@3a3c334a{s=IDLE rs=BLOCKING os=OPEN is=IDLE awp=false se=false i=true al=0}
16:06:32.816 [qtp1860886124-33] DEBUG org.eclipse.jetty.server.HttpConnection -- New HTTP Connection HttpConnection@5f8b3974::NetworkTrafficSocketChannelEndPoint@33ee8b59[{l=/127.0.0.1:8080,r=/127.0.0.1:43028,OPEN,fill=-,flush=-,to=0/30000}{io=0/0,kio=0,kro=0}]->[<null>]
16:06:32.816 [qtp1860886124-33] DEBUG org.eclipse.jetty.io.ManagedSelector -- Queued change lazy=true org.eclipse.jetty.io.ManagedSelector$$Lambda$656/0x000073d730584d20@1878c59f on ManagedSelector@67ec8477{STARTED} id=1 keys=1 selected=0 updates=0
16:06:32.816 [qtp1860886124-33] DEBUG org.eclipse.jetty.io.AbstractEndPoint -- onOpen NetworkTrafficSocketChannelEndPoint@33ee8b59[{l=/127.0.0.1:8080,r=/127.0.0.1:43028,OPEN,fill=-,flush=-,to=1/30000}{io=0/0,kio=0,kro=0}]->[HttpConnection@5f8b3974[p=HttpParser{s=START,0 of -1},g=HttpGenerator@635e2fb4{s=START}]=>HttpChannelOverHttp@167db410{s=HttpChannelState@3a3c334a{s=IDLE rs=BLOCKING os=OPEN is=IDLE awp=false se=false i=true al=0},r=0,c=false/false,a=IDLE,uri=null,age=0}]
16:06:32.817 [qtp1860886124-33] DEBUG org.eclipse.jetty.io.AbstractConnection -- onOpen HttpConnection@5f8b3974::NetworkTrafficSocketChannelEndPoint@33ee8b59[{l=/127.0.0.1:8080,r=/127.0.0.1:43028,OPEN,fill=-,flush=-,to=1/30000}{io=0/0,kio=0,kro=0}]->[HttpConnection@5f8b3974[p=HttpParser{s=START,0 of -1},g=HttpGenerator@635e2fb4{s=START}]=>HttpChannelOverHttp@167db410{s=HttpChannelState@3a3c334a{s=IDLE rs=BLOCKING os=OPEN is=IDLE awp=false se=false i=true al=0},r=0,c=false/false,a=IDLE,uri=null,age=0}]
16:06:32.817 [qtp1860886124-33] DEBUG org.eclipse.jetty.io.AbstractConnection -- fillInterested HttpConnection@5f8b3974::NetworkTrafficSocketChannelEndPoint@33ee8b59[{l=/127.0.0.1:8080,r=/127.0.0.1:43028,OPEN,fill=-,flush=-,to=1/30000}{io=0/0,kio=0,kro=0}]->[HttpConnection@5f8b3974[p=HttpParser{s=START,0 of -1},g=HttpGenerator@635e2fb4{s=START}]=>HttpChannelOverHttp@167db410{s=HttpChannelState@3a3c334a{s=IDLE rs=BLOCKING os=OPEN is=IDLE awp=false se=false i=true al=0},r=0,c=false/false,a=IDLE,uri=null,age=0}]
16:06:32.817 [qtp1860886124-33] DEBUG org.eclipse.jetty.io.FillInterest -- interested FillInterest@38a3f6f6{ReadCallback@3ee5380f{HttpConnection@5f8b3974::NetworkTrafficSocketChannelEndPoint@33ee8b59[{l=/127.0.0.1:8080,r=/127.0.0.1:43028,OPEN,fill=FI,flush=-,to=0/30000}{io=0/0,kio=0,kro=0}]->[HttpConnection@5f8b3974[p=HttpParser{s=START,0 of -1},g=HttpGenerator@635e2fb4{s=START}]=>HttpChannelOverHttp@167db410{s=HttpChannelState@3a3c334a{s=IDLE rs=BLOCKING os=OPEN is=IDLE awp=false se=false i=true al=0},r=0,c=false/false,a=IDLE,uri=null,age=0}]}}
16:06:32.817 [qtp1860886124-33] DEBUG org.eclipse.jetty.io.SelectableChannelEndPoint -- changeInterests p=false 0->1 for NetworkTrafficSocketChannelEndPoint@33ee8b59[{l=/127.0.0.1:8080,r=/127.0.0.1:43028,OPEN,fill=FI,flush=-,to=0/30000}{io=0/1,kio=0,kro=0}]->[HttpConnection@5f8b3974[p=HttpParser{s=START,0 of -1},g=HttpGenerator@635e2fb4{s=START}]=>HttpChannelOverHttp@167db410{s=HttpChannelState@3a3c334a{s=IDLE rs=BLOCKING os=OPEN is=IDLE awp=false se=false i=true al=0},r=0,c=false/false,a=IDLE,uri=null,age=0}]
16:06:32.818 [qtp1860886124-33] DEBUG org.eclipse.jetty.io.ManagedSelector -- Queued change lazy=false org.eclipse.jetty.io.SelectableChannelEndPoint$$Lambda$650/0x000073d730565340@606f4671 on ManagedSelector@67ec8477{STARTED} id=1 keys=1 selected=0 updates=1
16:06:32.818 [qtp1860886124-33] DEBUG org.eclipse.jetty.io.ManagedSelector -- Wakeup on submit ManagedSelector@67ec8477{STARTED} id=1 keys=1 selected=0 updates=2
16:06:32.818 [qtp1860886124-32] DEBUG org.eclipse.jetty.io.ManagedSelector -- Selector sun.nio.ch.EPollSelectorImpl@13605ab0 woken with none selected
16:06:32.818 [qtp1860886124-32] DEBUG org.eclipse.jetty.io.ManagedSelector -- Selector sun.nio.ch.EPollSelectorImpl@13605ab0 woken up from select, 0/0/1 selected
16:06:32.818 [qtp1860886124-32] DEBUG org.eclipse.jetty.io.ManagedSelector -- Selector sun.nio.ch.EPollSelectorImpl@13605ab0 processing 0 keys, 2 updates
16:06:32.818 [qtp1860886124-33] DEBUG org.eclipse.jetty.io.ManagedSelector -- Created NetworkTrafficSocketChannelEndPoint@33ee8b59[{l=/127.0.0.1:8080,r=/127.0.0.1:43028,OPEN,fill=FI,flush=-,to=0/30000}{io=0/1,kio=0,kro=0}]->[HttpConnection@5f8b3974[p=HttpParser{s=START,0 of -1},g=HttpGenerator@635e2fb4{s=START}]=>HttpChannelOverHttp@167db410{s=HttpChannelState@3a3c334a{s=IDLE rs=BLOCKING os=OPEN is=IDLE awp=false se=false i=true al=0},r=0,c=false/false,a=IDLE,uri=null,age=0}]
16:06:32.818 [qtp1860886124-32] DEBUG org.eclipse.jetty.io.ManagedSelector -- updateable 2
16:06:32.818 [qtp1860886124-32] DEBUG org.eclipse.jetty.io.ManagedSelector -- update org.eclipse.jetty.io.ManagedSelector$$Lambda$656/0x000073d730584d20@1878c59f
16:06:32.818 [qtp1860886124-32] DEBUG org.eclipse.jetty.io.ManagedSelector -- update org.eclipse.jetty.io.SelectableChannelEndPoint$$Lambda$650/0x000073d730565340@606f4671
16:06:32.818 [qtp1860886124-33] DEBUG org.eclipse.jetty.util.thread.QueuedThreadPool -- ran Accept@3cea01ab[java.nio.channels.SocketChannel[connected local=/127.0.0.1:8080 remote=/127.0.0.1:43028]] in QueuedThreadPool[qtp1860886124]@6eeade6c{STARTED,8<=8<=25,i=1,r=-1,t=56187ms,q=0}[ReservedThreadExecutor@6e28bb87{reserved=1/2,pending=0}]
16:06:32.818 [qtp1860886124-33] DEBUG org.eclipse.jetty.util.thread.QueuedThreadPool -- Evict skipped, no excess threads QueuedThreadPool[qtp1860886124]@6eeade6c{STARTED,8<=8<=25,i=2,r=-1,t=56186ms,q=0}[ReservedThreadExecutor@6e28bb87{reserved=1/2,pending=0}]
16:06:32.818 [qtp1860886124-32] DEBUG org.eclipse.jetty.io.SelectableChannelEndPoint -- Key interests updated 0 -> 1 on NetworkTrafficSocketChannelEndPoint@33ee8b59[{l=/127.0.0.1:8080,r=/127.0.0.1:43028,OPEN,fill=FI,flush=-,to=1/30000}{io=1/1,kio=1,kro=0}]->[HttpConnection@5f8b3974[p=HttpParser{s=START,0 of -1},g=HttpGenerator@635e2fb4{s=START}]=>HttpChannelOverHttp@167db410{s=HttpChannelState@3a3c334a{s=IDLE rs=BLOCKING os=OPEN is=IDLE awp=false se=false i=true al=0},r=0,c=false/false,a=IDLE,uri=null,age=0}]
16:06:32.819 [qtp1860886124-32] DEBUG org.eclipse.jetty.io.ManagedSelector -- updates 0
16:06:32.819 [qtp1860886124-32] DEBUG org.eclipse.jetty.io.ManagedSelector -- Selector sun.nio.ch.EPollSelectorImpl@13605ab0 waiting with 1 keys
16:06:32.819 [qtp1860886124-32] DEBUG org.eclipse.jetty.io.ManagedSelector -- Selector sun.nio.ch.EPollSelectorImpl@13605ab0 woken up from select, 1/1/1 selected
16:06:32.819 [qtp1860886124-32] DEBUG org.eclipse.jetty.io.ManagedSelector -- Selector sun.nio.ch.EPollSelectorImpl@13605ab0 processing 1 keys, 0 updates
16:06:32.819 [qtp1860886124-32] DEBUG org.eclipse.jetty.io.ManagedSelector -- selected 1 channel=java.nio.channels.SocketChannel[connected local=/127.0.0.1:8080 remote=/127.0.0.1:43028], selector=sun.nio.ch.EPollSelectorImpl@13605ab0, interestOps=1, readyOps=1 NetworkTrafficSocketChannelEndPoint@33ee8b59[{l=/127.0.0.1:8080,r=/127.0.0.1:43028,OPEN,fill=FI,flush=-,to=1/30000}{io=1/1,kio=1,kro=1}]->[HttpConnection@5f8b3974[p=HttpParser{s=START,0 of -1},g=HttpGenerator@635e2fb4{s=START}]=>HttpChannelOverHttp@167db410{s=HttpChannelState@3a3c334a{s=IDLE rs=BLOCKING os=OPEN is=IDLE awp=false se=false i=true al=0},r=0,c=false/false,a=IDLE,uri=null,age=0}] 
16:06:32.819 [qtp1860886124-32] DEBUG org.eclipse.jetty.io.SelectableChannelEndPoint -- onSelected 1->0 r=true w=false for NetworkTrafficSocketChannelEndPoint@33ee8b59[{l=/127.0.0.1:8080,r=/127.0.0.1:43028,OPEN,fill=FI,flush=-,to=2/30000}{io=1/0,kio=1,kro=1}]->[HttpConnection@5f8b3974[p=HttpParser{s=START,0 of -1},g=HttpGenerator@635e2fb4{s=START}]=>HttpChannelOverHttp@167db410{s=HttpChannelState@3a3c334a{s=IDLE rs=BLOCKING os=OPEN is=IDLE awp=false se=false i=true al=0},r=0,c=false/false,a=IDLE,uri=null,age=0}]
16:06:32.820 [qtp1860886124-32] DEBUG org.eclipse.jetty.io.SelectableChannelEndPoint -- task NetworkTrafficSocketChannelEndPoint@33ee8b59[{l=/127.0.0.1:8080,r=/127.0.0.1:43028,OPEN,fill=FI,flush=-,to=2/30000}{io=1/0,kio=1,kro=1}]->[HttpConnection@5f8b3974[p=HttpParser{s=START,0 of -1},g=HttpGenerator@635e2fb4{s=START}]=>HttpChannelOverHttp@167db410{s=HttpChannelState@3a3c334a{s=IDLE rs=BLOCKING os=OPEN is=IDLE awp=false se=false i=true al=0},r=0,c=false/false,a=IDLE,uri=null,age=0}]:runFillable:BLOCKING
16:06:32.820 [qtp1860886124-32] DEBUG org.eclipse.jetty.util.thread.ReservedThreadExecutor -- ReservedThreadExecutor@6e28bb87{reserved=1/2,pending=0} tryExecute org.eclipse.jetty.util.thread.strategy.AdaptiveExecutionStrategy$$Lambda$481/0x000073d7302ada30@3542bff3
16:06:32.820 [qtp1860886124-32] DEBUG org.eclipse.jetty.util.thread.ReservedThreadExecutor -- ReservedThreadExecutor@6e28bb87{reserved=0/2,pending=1} startReservedThread p=1
16:06:32.820 [qtp1860886124-27] DEBUG org.eclipse.jetty.util.thread.ReservedThreadExecutor -- ReservedThread@23327ae6{RESERVED,thread=Thread[qtp1860886124-27,5,main]} task=org.eclipse.jetty.util.thread.strategy.AdaptiveExecutionStrategy$$Lambda$481/0x000073d7302ada30@3542bff3 ReservedThreadExecutor@6e28bb87{reserved=0/2,pending=1}
16:06:32.820 [qtp1860886124-32] DEBUG org.eclipse.jetty.util.thread.QueuedThreadPool -- queue ReservedThread@528b39f4{PENDING,thread=null} startThread=0
16:06:32.820 [qtp1860886124-26] DEBUG org.eclipse.jetty.util.thread.QueuedThreadPool -- run ReservedThread@528b39f4{PENDING,thread=null} in QueuedThreadPool[qtp1860886124]@6eeade6c{STARTED,8<=8<=25,i=1,r=-1,t=56184ms,q=0}[ReservedThreadExecutor@6e28bb87{reserved=0/2,pending=1}]
16:06:32.821 [qtp1860886124-26] DEBUG org.eclipse.jetty.util.thread.ReservedThreadExecutor -- ReservedThread@528b39f4{PENDING,thread=Thread[qtp1860886124-26,5,main]} was=PENDING next=RESERVED size=0+1 capacity=2
16:06:32.821 [qtp1860886124-26] DEBUG org.eclipse.jetty.util.thread.ReservedThreadExecutor -- ReservedThread@528b39f4{RESERVED,thread=Thread[qtp1860886124-26,5,main]} waiting ReservedThreadExecutor@6e28bb87{reserved=1/2,pending=0}
16:06:32.820 [qtp1860886124-27] DEBUG org.eclipse.jetty.util.thread.strategy.AdaptiveExecutionStrategy -- AdaptiveExecutionStrategy@7c28c1/SelectorProducer@baf1bb3/IDLE/p=true/QueuedThreadPool[qtp1860886124]@6eeade6c{STARTED,8<=8<=25,i=1,r=-1,t=56184ms,q=0}[ReservedThreadExecutor@6e28bb87{reserved=0/2,pending=1}][pc=0,pic=0,pec=1,epc=1]@2025-07-13T16:06:32.821239896+01:00 tryProduce true
16:06:32.820 [qtp1860886124-32] DEBUG org.eclipse.jetty.util.thread.strategy.AdaptiveExecutionStrategy -- ss=EXECUTE_PRODUCE_CONSUME t=NetworkTrafficSocketChannelEndPoint@33ee8b59[{l=/127.0.0.1:8080,r=/127.0.0.1:43028,OPEN,fill=FI,flush=-,to=3/30000}{io=1/0,kio=1,kro=1}]->[HttpConnection@5f8b3974[p=HttpParser{s=START,0 of -1},g=HttpGenerator@635e2fb4{s=START}]=>HttpChannelOverHttp@167db410{s=HttpChannelState@3a3c334a{s=IDLE rs=BLOCKING os=OPEN is=IDLE awp=false se=false i=true al=0},r=0,c=false/false,a=IDLE,uri=null,age=0}]:runFillable:BLOCKING/BLOCKING AdaptiveExecutionStrategy@7c28c1/SelectorProducer@baf1bb3/IDLE/p=true/QueuedThreadPool[qtp1860886124]@6eeade6c{STARTED,8<=8<=25,i=1,r=-1,t=56184ms,q=0}[ReservedThreadExecutor@6e28bb87{reserved=1/2,pending=0}][pc=0,pic=0,pec=1,epc=1]@2025-07-13T16:06:32.821448269+01:00
16:06:32.821 [qtp1860886124-27] DEBUG org.eclipse.jetty.io.ManagedSelector -- updateable 0
16:06:32.821 [qtp1860886124-27] DEBUG org.eclipse.jetty.io.ManagedSelector -- updates 0
16:06:32.821 [qtp1860886124-27] DEBUG org.eclipse.jetty.io.SelectableChannelEndPoint -- Key interests updated 1 -> 0 on NetworkTrafficSocketChannelEndPoint@33ee8b59[{l=/127.0.0.1:8080,r=/127.0.0.1:43028,OPEN,fill=FI,flush=-,to=4/30000}{io=0/0,kio=0,kro=1}]->[HttpConnection@5f8b3974[p=HttpParser{s=START,0 of -1},g=HttpGenerator@635e2fb4{s=START}]=>HttpChannelOverHttp@167db410{s=HttpChannelState@3a3c334a{s=IDLE rs=BLOCKING os=OPEN is=IDLE awp=false se=false i=true al=0},r=0,c=false/false,a=IDLE,uri=null,age=0}]
16:06:32.821 [qtp1860886124-32] DEBUG org.eclipse.jetty.io.FillInterest -- fillable FillInterest@38a3f6f6{ReadCallback@3ee5380f{HttpConnection@5f8b3974::NetworkTrafficSocketChannelEndPoint@33ee8b59[{l=/127.0.0.1:8080,r=/127.0.0.1:43028,OPEN,fill=FI,flush=-,to=3/30000}{io=0/0,kio=0,kro=1}]->[HttpConnection@5f8b3974[p=HttpParser{s=START,0 of -1},g=HttpGenerator@635e2fb4{s=START}]=>HttpChannelOverHttp@167db410{s=HttpChannelState@3a3c334a{s=IDLE rs=BLOCKING os=OPEN is=IDLE awp=false se=false i=true al=0},r=0,c=false/false,a=IDLE,uri=null,age=0}]}}
16:06:32.821 [qtp1860886124-27] DEBUG org.eclipse.jetty.io.ManagedSelector -- Selector sun.nio.ch.EPollSelectorImpl@13605ab0 waiting with 1 keys
16:06:32.821 [qtp1860886124-32] DEBUG org.eclipse.jetty.server.HttpConnection -- HttpConnection@5f8b3974::NetworkTrafficSocketChannelEndPoint@33ee8b59[{l=/127.0.0.1:8080,r=/127.0.0.1:43028,OPEN,fill=-,flush=-,to=4/30000}{io=0/0,kio=0,kro=1}]->[HttpConnection@5f8b3974[p=HttpParser{s=START,0 of -1},g=HttpGenerator@635e2fb4{s=START}]=>HttpChannelOverHttp@167db410{s=HttpChannelState@3a3c334a{s=IDLE rs=BLOCKING os=OPEN is=IDLE awp=false se=false i=true al=0},r=0,c=false/false,a=IDLE,uri=null,age=0}] onFillable enter HttpChannelState@3a3c334a{s=IDLE rs=BLOCKING os=OPEN is=IDLE awp=false se=false i=true al=0} null
16:06:32.822 [qtp1860886124-32] DEBUG org.eclipse.jetty.io.SocketChannelEndPoint -- filled 341 DirectByteBuffer@2fc00118[p=0,l=341,c=8192,r=341]={<<<POST /variants HTTP/1.1\r\n...eristics_invalid":true}>>>ice":120....\x00\x00\x00\x00\x00\x00\x00}
16:06:32.822 [qtp1860886124-32] DEBUG org.eclipse.jetty.server.HttpConnection -- HttpConnection@5f8b3974::NetworkTrafficSocketChannelEndPoint@33ee8b59[{l=/127.0.0.1:8080,r=/127.0.0.1:43028,OPEN,fill=-,flush=-,to=0/30000}{io=0/0,kio=0,kro=1}]->[HttpConnection@5f8b3974[p=HttpParser{s=START,0 of -1},g=HttpGenerator@635e2fb4{s=START}]=>HttpChannelOverHttp@167db410{s=HttpChannelState@3a3c334a{s=IDLE rs=BLOCKING os=OPEN is=IDLE awp=false se=false i=true al=0},r=0,c=false/false,a=IDLE,uri=null,age=0}] filled 341 RetainableByteBuffer@57e49389{DirectByteBuffer@2fc00118[p=0,l=341,c=8192,r=341]={<<<POST /variants HTTP/1.1\r\n...eristics_invalid":true}>>>ice":120....\x00\x00\x00\x00\x00\x00\x00},r=1}
16:06:32.822 [qtp1860886124-32] DEBUG org.eclipse.jetty.server.HttpConnection -- HttpConnection@5f8b3974::NetworkTrafficSocketChannelEndPoint@33ee8b59[{l=/127.0.0.1:8080,r=/127.0.0.1:43028,OPEN,fill=-,flush=-,to=0/30000}{io=0/0,kio=0,kro=1}]->[HttpConnection@5f8b3974[p=HttpParser{s=START,0 of -1},g=HttpGenerator@635e2fb4{s=START}]=>HttpChannelOverHttp@167db410{s=HttpChannelState@3a3c334a{s=IDLE rs=BLOCKING os=OPEN is=IDLE awp=false se=false i=true al=0},r=0,c=false/false,a=IDLE,uri=null,age=0}] parse RetainableByteBuffer@57e49389{DirectByteBuffer@2fc00118[p=0,l=341,c=8192,r=341]={<<<POST /variants HTTP/1.1\r\n...eristics_invalid":true}>>>ice":120....\x00\x00\x00\x00\x00\x00\x00},r=1}
16:06:32.822 [qtp1860886124-32] DEBUG org.eclipse.jetty.http.HttpParser -- parseNext s=START DirectByteBuffer@2fc00118[p=0,l=341,c=8192,r=341]={<<<POST /variants HTTP/1.1\r\n...eristics_invalid":true}>>>ice":120....\x00\x00\x00\x00\x00\x00\x00}
16:06:32.822 [qtp1860886124-32] DEBUG org.eclipse.jetty.http.HttpParser -- START --> SPACE1
16:06:32.822 [qtp1860886124-32] DEBUG org.eclipse.jetty.http.HttpParser -- SPACE1 --> URI
16:06:32.822 [qtp1860886124-32] DEBUG org.eclipse.jetty.http.HttpParser -- URI --> SPACE2
16:06:32.822 [qtp1860886124-32] DEBUG org.eclipse.jetty.http.HttpParser -- SPACE2 --> REQUEST_VERSION
16:06:32.822 [qtp1860886124-32] DEBUG org.eclipse.jetty.http.HttpParser -- REQUEST_VERSION --> HEADER
16:06:32.822 [qtp1860886124-32] DEBUG org.eclipse.jetty.http.HttpParser -- HEADER:Authorization --> VALUE
16:06:32.823 [qtp1860886124-32] DEBUG org.eclipse.jetty.http.HttpParser -- HEADER:Authorization --> IN_VALUE
16:06:32.823 [qtp1860886124-32] DEBUG org.eclipse.jetty.http.HttpParser -- HEADER:Authorization --> FIELD
16:06:32.823 [qtp1860886124-32] DEBUG org.eclipse.jetty.http.HttpParser -- parsedHeader(Authorization: adminToken) header=Authorization, headerString=[Authorization], valueString=[adminToken]
16:06:32.823 [qtp1860886124-32] DEBUG org.eclipse.jetty.http.HttpParser -- HEADER:Content-Type: application/json; charset=UTF-8 --> IN_VALUE
16:06:32.823 [qtp1860886124-32] DEBUG org.eclipse.jetty.http.HttpParser -- HEADER:Content-Type: application/json; charset=UTF-8 --> FIELD
16:06:32.823 [qtp1860886124-32] DEBUG org.eclipse.jetty.http.HttpParser -- parsedHeader(Content-Type: application/json; charset=UTF-8) header=Content-Type, headerString=[Content-Type], valueString=[application/json; charset=UTF-8]
16:06:32.823 [qtp1860886124-32] DEBUG org.eclipse.jetty.http.HttpParser -- HEADER:Content-Length --> VALUE
16:06:32.823 [qtp1860886124-32] DEBUG org.eclipse.jetty.http.HttpParser -- HEADER:Content-Length --> IN_VALUE
16:06:32.823 [qtp1860886124-32] DEBUG org.eclipse.jetty.http.HttpParser -- HEADER:Content-Length --> FIELD
16:06:32.823 [qtp1860886124-32] DEBUG org.eclipse.jetty.http.HttpParser -- parsedHeader(null) header=Content-Length, headerString=[Content-Length], valueString=[90]
16:06:32.823 [qtp1860886124-32] DEBUG org.eclipse.jetty.http.HttpParser -- HEADER:Host --> VALUE
16:06:32.823 [qtp1860886124-32] DEBUG org.eclipse.jetty.http.HttpParser -- HEADER:Host --> IN_VALUE
16:06:32.823 [qtp1860886124-32] DEBUG org.eclipse.jetty.http.HttpParser -- HEADER:Host --> FIELD
16:06:32.823 [qtp1860886124-32] DEBUG org.eclipse.jetty.http.HttpParser -- parsedHeader(Host: localhost:8080) header=Host, headerString=[Host], valueString=[localhost:8080]
16:06:32.823 [qtp1860886124-32] DEBUG org.eclipse.jetty.http.HttpParser -- HEADER:Connection: keep-alive --> IN_VALUE
16:06:32.823 [qtp1860886124-32] DEBUG org.eclipse.jetty.http.HttpParser -- HEADER:Connection: keep-alive --> FIELD
16:06:32.823 [qtp1860886124-32] DEBUG org.eclipse.jetty.http.HttpParser -- parsedHeader(Connection: keep-alive) header=Connection, headerString=[Connection], valueString=[keep-alive]
16:06:32.823 [qtp1860886124-32] DEBUG org.eclipse.jetty.http.HttpParser -- HEADER:User-Agent --> VALUE
16:06:32.823 [qtp1860886124-32] DEBUG org.eclipse.jetty.http.HttpParser -- HEADER:User-Agent --> IN_VALUE
16:06:32.823 [qtp1860886124-32] DEBUG org.eclipse.jetty.http.HttpParser -- HEADER:User-Agent --> FIELD
16:06:32.823 [qtp1860886124-32] DEBUG org.eclipse.jetty.http.HttpParser -- parsedHeader(User-Agent: Apache-HttpClient/4.5.14 (Java/17.0.15)) header=User-Agent, headerString=[User-Agent], valueString=[Apache-HttpClient/4.5.14 (Java/17.0.15)]
16:06:32.823 [qtp1860886124-32] DEBUG org.eclipse.jetty.http.HttpParser -- HEADER:Accept-Encoding --> IN_VALUE
16:06:32.823 [qtp1860886124-32] DEBUG org.eclipse.jetty.http.HttpParser -- HEADER:Accept-Encoding --> FIELD
16:06:32.823 [qtp1860886124-32] DEBUG org.eclipse.jetty.http.HttpParser -- parsedHeader(Accept-Encoding: gzip,deflate) header=Accept-Encoding, headerString=[Accept-Encoding], valueString=[gzip,deflate]
16:06:32.823 [qtp1860886124-32] DEBUG org.eclipse.jetty.http.HttpParser -- HEADER --> CONTENT
16:06:32.823 [qtp1860886124-32] DEBUG org.eclipse.jetty.server.HttpInput -- reopen HttpInput@1454679933 cs=HttpChannelState@3a3c334a{s=IDLE rs=BLOCKING os=OPEN is=IDLE awp=false se=false i=true al=0} cp=org.eclipse.jetty.server.BlockingContentProducer@13b633cf eof=false
16:06:32.823 [qtp1860886124-32] DEBUG org.eclipse.jetty.server.BlockingContentProducer -- reopening org.eclipse.jetty.server.BlockingContentProducer@13b633cf
16:06:32.823 [qtp1860886124-32] DEBUG org.eclipse.jetty.server.AsyncContentProducer -- reopening AsyncContentProducer@29a0a910[r=null,t=null,i=null,error=false,c=HttpChannelOverHttp@167db410{s=HttpChannelState@3a3c334a{s=IDLE rs=BLOCKING os=OPEN is=IDLE awp=false se=false i=true al=0},r=1,c=false/false,a=IDLE,uri=null,age=0}]
16:06:32.824 [qtp1860886124-32] DEBUG org.eclipse.jetty.server.HttpChannel -- REQUEST for /variants on HttpChannelOverHttp@167db410{s=HttpChannelState@3a3c334a{s=IDLE rs=BLOCKING os=OPEN is=IDLE awp=false se=false i=true al=0},r=1,c=false/false,a=IDLE,uri=http://localhost:8080/variants,age=1}
POST /variants HTTP/1.1
Authorization: adminToken
Content-Type: application/json; charset=UTF-8
Content-Length: 90
Host: localhost:8080
Connection: keep-alive
User-Agent: Apache-HttpClient/4.5.14 (Java/17.0.15)
Accept-Encoding: gzip,deflate


16:06:32.824 [qtp1860886124-32] DEBUG org.eclipse.jetty.server.HttpConnection -- HttpConnection@5f8b3974::NetworkTrafficSocketChannelEndPoint@33ee8b59[{l=/127.0.0.1:8080,r=/127.0.0.1:43028,OPEN,fill=-,flush=-,to=2/30000}{io=0/0,kio=0,kro=1}]->[HttpConnection@5f8b3974[p=HttpParser{s=CONTENT,0 of 90},g=HttpGenerator@635e2fb4{s=START}]=>HttpChannelOverHttp@167db410{s=HttpChannelState@3a3c334a{s=IDLE rs=BLOCKING os=OPEN is=IDLE awp=false se=false i=true al=0},r=1,c=false/false,a=IDLE,uri=http://localhost:8080/variants,age=1}] parsed true HttpParser{s=CONTENT,0 of 90}
16:06:32.824 [qtp1860886124-32] DEBUG org.eclipse.jetty.server.HttpChannel -- handle http://localhost:8080/variants HttpChannelOverHttp@167db410{s=HttpChannelState@3a3c334a{s=IDLE rs=BLOCKING os=OPEN is=IDLE awp=false se=false i=true al=0},r=1,c=false/false,a=IDLE,uri=http://localhost:8080/variants,age=1} 
16:06:32.824 [qtp1860886124-32] DEBUG org.eclipse.jetty.server.HttpChannelState -- handling HttpChannelState@3a3c334a{s=IDLE rs=BLOCKING os=OPEN is=IDLE awp=false se=false i=true al=0}
16:06:32.824 [qtp1860886124-32] DEBUG org.eclipse.jetty.server.HttpChannel -- action DISPATCH HttpChannelOverHttp@167db410{s=HttpChannelState@3a3c334a{s=HANDLING rs=BLOCKING os=OPEN is=IDLE awp=false se=false i=true al=0},r=1,c=false/false,a=HANDLING,uri=http://localhost:8080/variants,age=1}
16:06:32.824 [qtp1860886124-32] DEBUG org.eclipse.jetty.server.Server -- REQUEST POST /variants ?null on HttpChannelOverHttp@167db410{s=HttpChannelState@3a3c334a{s=HANDLING rs=BLOCKING os=OPEN is=IDLE awp=false se=false i=true al=0},r=1,c=false/false,a=HANDLING,uri=http://localhost:8080/variants,age=1}
16:06:32.824 [qtp1860886124-32] DEBUG org.eclipse.jetty.server.handler.ContextHandler -- scope null||/variants @ o.e.j.s.ServletContextHandler@c7a975a{/__admin,null,AVAILABLE}
16:06:32.824 [qtp1860886124-32] DEBUG org.eclipse.jetty.server.handler.gzip.GzipHandler -- GzipHandler@6de54b40{STARTED,min=32,inflate=-1} handle Request(POST http://localhost:8080/variants)@226f6149 in null
16:06:32.825 [qtp1860886124-32] DEBUG org.eclipse.jetty.server.handler.ContextHandler -- scope null||/variants @ o.e.j.s.ServletContextHandler@6e521c1e{/,null,AVAILABLE}
16:06:32.825 [qtp1860886124-32] DEBUG org.eclipse.jetty.server.handler.ContextHandler -- context=||/variants @ o.e.j.s.ServletContextHandler@6e521c1e{/,null,AVAILABLE}
16:06:32.825 [qtp1860886124-32] DEBUG org.eclipse.jetty.servlet.ServletHandler -- servlet |/variants|null|ServletPathMapping{matchValue=, pattern=/, servletName=com.github.tomakehurst.wiremock.servlet.WireMockHandlerDispatchingServlet-439a8f59, mappingMatch=DEFAULT, servletPath=/variants, pathInfo=null} -> com.github.tomakehurst.wiremock.servlet.WireMockHandlerDispatchingServlet-439a8f59==com.github.tomakehurst.wiremock.servlet.WireMockHandlerDispatchingServlet@68bafea7{jsp=null,order=1,inst=true,async=true,src=EMBEDDED:null,STARTED}
16:06:32.825 [qtp1860886124-32] DEBUG org.eclipse.jetty.servlet.ServletHandler -- chain=ChainEnd@7d47ecae(com.github.tomakehurst.wiremock.servlet.WireMockHandlerDispatchingServlet-439a8f59==com.github.tomakehurst.wiremock.servlet.WireMockHandlerDispatchingServlet@68bafea7{jsp=null,order=1,inst=true,async=true,src=EMBEDDED:null,STARTED})
16:06:32.825 [qtp1860886124-32] DEBUG org.eclipse.jetty.server.AsyncContentProducer -- checkMinDataRate [m=0,t=-9223372036854775808] AsyncContentProducer@29a0a910[r=null,t=null,i=null,error=false,c=HttpChannelOverHttp@167db410{s=HttpChannelState@3a3c334a{s=HANDLING rs=BLOCKING os=OPEN is=IDLE awp=false se=false i=true al=0},r=1,c=false/false,a=HANDLING,uri=http://localhost:8080/variants,age=2}]
16:06:32.825 [qtp1860886124-32] DEBUG org.eclipse.jetty.server.AsyncContentProducer -- nextTransformedContent AsyncContentProducer@29a0a910[r=null,t=null,i=null,error=false,c=HttpChannelOverHttp@167db410{s=HttpChannelState@3a3c334a{s=HANDLING rs=BLOCKING os=OPEN is=IDLE awp=false se=false i=true al=0},r=1,c=false/false,a=HANDLING,uri=http://localhost:8080/variants,age=2}]
16:06:32.825 [qtp1860886124-32] DEBUG org.eclipse.jetty.server.AsyncContentProducer -- producing new raw content AsyncContentProducer@29a0a910[r=null,t=null,i=null,error=false,c=HttpChannelOverHttp@167db410{s=HttpChannelState@3a3c334a{s=HANDLING rs=BLOCKING os=OPEN is=IDLE awp=false se=false i=true al=0},r=1,c=false/false,a=HANDLING,uri=http://localhost:8080/variants,age=2}]
16:06:32.826 [qtp1860886124-32] DEBUG org.eclipse.jetty.server.HttpChannelOverHttp -- produceContent has no content, parsing and filling
16:06:32.826 [qtp1860886124-32] DEBUG org.eclipse.jetty.server.HttpConnection -- HttpConnection@5f8b3974::NetworkTrafficSocketChannelEndPoint@33ee8b59[{l=/127.0.0.1:8080,r=/127.0.0.1:43028,OPEN,fill=-,flush=-,to=3/30000}{io=0/0,kio=0,kro=1}]->[HttpConnection@5f8b3974[p=HttpParser{s=CONTENT,0 of 90},g=HttpGenerator@635e2fb4{s=START}]=>HttpChannelOverHttp@167db410{s=HttpChannelState@3a3c334a{s=HANDLING rs=BLOCKING os=OPEN is=IDLE awp=false se=false i=true al=0},r=1,c=false/false,a=HANDLING,uri=http://localhost:8080/variants,age=3}] parse RetainableByteBuffer@57e49389{DirectByteBuffer@2fc00118[p=251,l=341,c=8192,r=90]={POST /var...ate\r\n\r\n<<<{"product_id":"prod-456",...eristics_invalid":true}>>>ice":120....\x00\x00\x00\x00\x00\x00\x00},r=1}
16:06:32.826 [qtp1860886124-32] DEBUG org.eclipse.jetty.http.HttpParser -- parseNext s=CONTENT DirectByteBuffer@2fc00118[p=251,l=341,c=8192,r=90]={POST /var...ate\r\n\r\n<<<{"product_id":"prod-456",...eristics_invalid":true}>>>ice":120....\x00\x00\x00\x00\x00\x00\x00}
16:06:32.826 [qtp1860886124-32] DEBUG org.eclipse.jetty.server.HttpChannel -- onContent HttpChannelOverHttp@167db410{s=HttpChannelState@3a3c334a{s=HANDLING rs=BLOCKING os=OPEN is=IDLE awp=false se=false i=true al=0},r=1,c=false/false,a=HANDLING,uri=http://localhost:8080/variants,age=3} Content@5193a536{DirectByteBufferR@7399cc80[p=251,l=341,c=8192,r=90]={POST /var...ate\r\n\r\n<<<{"product_id":"prod-456",...eristics_invalid":true}>>>ice":120....\x00\x00\x00\x00\x00\x00\x00},spc=false,eof=false,err=null}
16:06:32.827 [qtp1860886124-32] DEBUG org.eclipse.jetty.server.HttpConnection -- HttpConnection@5f8b3974::NetworkTrafficSocketChannelEndPoint@33ee8b59[{l=/127.0.0.1:8080,r=/127.0.0.1:43028,OPEN,fill=-,flush=-,to=4/30000}{io=0/0,kio=0,kro=1}]->[HttpConnection@5f8b3974[p=HttpParser{s=CONTENT,90 of 90},g=HttpGenerator@635e2fb4{s=START}]=>HttpChannelOverHttp@167db410{s=HttpChannelState@3a3c334a{s=HANDLING rs=BLOCKING os=OPEN is=IDLE awp=false se=false i=true al=0},r=1,c=false/false,a=HANDLING,uri=http://localhost:8080/variants,age=4}] parsed true HttpParser{s=CONTENT,90 of 90}
16:06:32.827 [qtp1860886124-32] DEBUG org.eclipse.jetty.server.HttpChannelOverHttp -- produceContent produced Content@5193a536{DirectByteBufferR@7399cc80[p=251,l=341,c=8192,r=90]={POST /var...ate\r\n\r\n<<<{"product_id":"prod-456",...eristics_invalid":true}>>>ice":120....\x00\x00\x00\x00\x00\x00\x00},spc=false,eof=false,err=null}
16:06:32.827 [qtp1860886124-32] DEBUG org.eclipse.jetty.server.AsyncContentProducer -- produceRawContent updated rawContentArrived to 90 and firstByteTimeStamp to 10124422695614 AsyncContentProducer@29a0a910[r=null,t=null,i=null,error=false,c=HttpChannelOverHttp@167db410{s=HttpChannelState@3a3c334a{s=HANDLING rs=BLOCKING os=OPEN is=IDLE awp=false se=false i=true al=0},r=1,c=false/false,a=HANDLING,uri=http://localhost:8080/variants,age=4}]
16:06:32.827 [qtp1860886124-32] DEBUG org.eclipse.jetty.server.AsyncContentProducer -- produceRawContent produced Content@5193a536{DirectByteBufferR@7399cc80[p=251,l=341,c=8192,r=90]={POST /var...ate\r\n\r\n<<<{"product_id":"prod-456",...eristics_invalid":true}>>>ice":120....\x00\x00\x00\x00\x00\x00\x00},spc=false,eof=false,err=null} AsyncContentProducer@29a0a910[r=null,t=null,i=null,error=false,c=HttpChannelOverHttp@167db410{s=HttpChannelState@3a3c334a{s=HANDLING rs=BLOCKING os=OPEN is=IDLE awp=false se=false i=true al=0},r=1,c=false/false,a=HANDLING,uri=http://localhost:8080/variants,age=4}]
16:06:32.827 [qtp1860886124-32] DEBUG org.eclipse.jetty.server.AsyncContentProducer -- transforming raw content AsyncContentProducer@29a0a910[r=Content@5193a536{DirectByteBufferR@7399cc80[p=251,l=341,c=8192,r=90]={POST /var...ate\r\n\r\n<<<{"product_id":"prod-456",...eristics_invalid":true}>>>ice":120....\x00\x00\x00\x00\x00\x00\x00},spc=false,eof=false,err=null},t=null,i=null,error=false,c=HttpChannelOverHttp@167db410{s=HttpChannelState@3a3c334a{s=HANDLING rs=BLOCKING os=OPEN is=IDLE awp=false se=false i=true al=0},r=1,c=false/false,a=HANDLING,uri=http://localhost:8080/variants,age=4}]
16:06:32.827 [qtp1860886124-32] DEBUG org.eclipse.jetty.server.AsyncContentProducer -- no interceptor, transformed content is raw content AsyncContentProducer@29a0a910[r=Content@5193a536{DirectByteBufferR@7399cc80[p=251,l=341,c=8192,r=90]={POST /var...ate\r\n\r\n<<<{"product_id":"prod-456",...eristics_invalid":true}>>>ice":120....\x00\x00\x00\x00\x00\x00\x00},spc=false,eof=false,err=null},t=null,i=null,error=false,c=HttpChannelOverHttp@167db410{s=HttpChannelState@3a3c334a{s=HANDLING rs=BLOCKING os=OPEN is=IDLE awp=false se=false i=true al=0},r=1,c=false/false,a=HANDLING,uri=http://localhost:8080/variants,age=4}]
16:06:32.827 [qtp1860886124-32] DEBUG org.eclipse.jetty.server.AsyncContentProducer -- transformed content not yet depleted, returning it AsyncContentProducer@29a0a910[r=Content@5193a536{DirectByteBufferR@7399cc80[p=251,l=341,c=8192,r=90]={POST /var...ate\r\n\r\n<<<{"product_id":"prod-456",...eristics_invalid":true}>>>ice":120....\x00\x00\x00\x00\x00\x00\x00},spc=false,eof=false,err=null},t=Content@5193a536{DirectByteBufferR@7399cc80[p=251,l=341,c=8192,r=90]={POST /var...ate\r\n\r\n<<<{"product_id":"prod-456",...eristics_invalid":true}>>>ice":120....\x00\x00\x00\x00\x00\x00\x00},spc=false,eof=false,err=null},i=null,error=false,c=HttpChannelOverHttp@167db410{s=HttpChannelState@3a3c334a{s=HANDLING rs=BLOCKING os=OPEN is=IDLE awp=false se=false i=true al=0},r=1,c=false/false,a=HANDLING,uri=http://localhost:8080/variants,age=4}]
16:06:32.827 [qtp1860886124-32] DEBUG org.eclipse.jetty.server.AsyncContentProducer -- nextContent = Content@5193a536{DirectByteBufferR@7399cc80[p=251,l=341,c=8192,r=90]={POST /var...ate\r\n\r\n<<<{"product_id":"prod-456",...eristics_invalid":true}>>>ice":120....\x00\x00\x00\x00\x00\x00\x00},spc=false,eof=false,err=null} AsyncContentProducer@29a0a910[r=Content@5193a536{DirectByteBufferR@7399cc80[p=251,l=341,c=8192,r=90]={POST /var...ate\r\n\r\n<<<{"product_id":"prod-456",...eristics_invalid":true}>>>ice":120....\x00\x00\x00\x00\x00\x00\x00},spc=false,eof=false,err=null},t=Content@5193a536{DirectByteBufferR@7399cc80[p=251,l=341,c=8192,r=90]={POST /var...ate\r\n\r\n<<<{"product_id":"prod-456",...eristics_invalid":true}>>>ice":120....\x00\x00\x00\x00\x00\x00\x00},spc=false,eof=false,err=null},i=null,error=false,c=HttpChannelOverHttp@167db410{s=HttpChannelState@3a3c334a{s=HANDLING rs=BLOCKING os=OPEN is=IDLE awp=false se=false i=true al=0},r=1,c=false/false,a=HANDLING,uri=http://localhost:8080/variants,age=4}]
16:06:32.827 [qtp1860886124-32] DEBUG org.eclipse.jetty.server.HttpChannelState -- onReadIdle HttpChannelState@3a3c334a{s=HANDLING rs=BLOCKING os=OPEN is=IDLE awp=false se=false i=true al=0}
16:06:32.827 [qtp1860886124-32] DEBUG org.eclipse.jetty.server.BlockingContentProducer -- nextContent async producer returned Content@5193a536{DirectByteBufferR@7399cc80[p=251,l=341,c=8192,r=90]={POST /var...ate\r\n\r\n<<<{"product_id":"prod-456",...eristics_invalid":true}>>>ice":120....\x00\x00\x00\x00\x00\x00\x00},spc=false,eof=false,err=null}
16:06:32.827 [qtp1860886124-32] DEBUG org.eclipse.jetty.server.HttpInput -- read produced 90 byte(s) HttpInput@1454679933 cs=HttpChannelState@3a3c334a{s=HANDLING rs=BLOCKING os=OPEN is=IDLE awp=false se=false i=true al=0} cp=org.eclipse.jetty.server.BlockingContentProducer@13b633cf eof=false
16:06:32.827 [qtp1860886124-32] DEBUG org.eclipse.jetty.server.AsyncContentProducer -- reclaim Content@5193a536{DirectByteBufferR@7399cc80[p=341,l=341,c=8192,r=0]={POST /var...":true}<<<>>>ice":120....\x00\x00\x00\x00\x00\x00\x00},spc=false,eof=false,err=null} AsyncContentProducer@29a0a910[r=Content@5193a536{DirectByteBufferR@7399cc80[p=341,l=341,c=8192,r=0]={POST /var...":true}<<<>>>ice":120....\x00\x00\x00\x00\x00\x00\x00},spc=false,eof=false,err=null},t=Content@5193a536{DirectByteBufferR@7399cc80[p=341,l=341,c=8192,r=0]={POST /var...":true}<<<>>>ice":120....\x00\x00\x00\x00\x00\x00\x00},spc=false,eof=false,err=null},i=null,error=false,c=HttpChannelOverHttp@167db410{s=HttpChannelState@3a3c334a{s=HANDLING rs=BLOCKING os=OPEN is=IDLE awp=false se=false i=true al=0},r=1,c=false/false,a=HANDLING,uri=http://localhost:8080/variants,age=5}]
16:06:32.828 [qtp1860886124-32] DEBUG org.eclipse.jetty.server.AsyncContentProducer -- checkMinDataRate [m=0,t=10124422695614] AsyncContentProducer@29a0a910[r=null,t=null,i=null,error=false,c=HttpChannelOverHttp@167db410{s=HttpChannelState@3a3c334a{s=HANDLING rs=BLOCKING os=OPEN is=IDLE awp=false se=false i=true al=0},r=1,c=false/false,a=HANDLING,uri=http://localhost:8080/variants,age=5}]
16:06:32.828 [qtp1860886124-32] DEBUG org.eclipse.jetty.server.AsyncContentProducer -- nextTransformedContent AsyncContentProducer@29a0a910[r=null,t=null,i=null,error=false,c=HttpChannelOverHttp@167db410{s=HttpChannelState@3a3c334a{s=HANDLING rs=BLOCKING os=OPEN is=IDLE awp=false se=false i=true al=0},r=1,c=false/false,a=HANDLING,uri=http://localhost:8080/variants,age=5}]
16:06:32.828 [qtp1860886124-32] DEBUG org.eclipse.jetty.server.AsyncContentProducer -- producing new raw content AsyncContentProducer@29a0a910[r=null,t=null,i=null,error=false,c=HttpChannelOverHttp@167db410{s=HttpChannelState@3a3c334a{s=HANDLING rs=BLOCKING os=OPEN is=IDLE awp=false se=false i=true al=0},r=1,c=false/false,a=HANDLING,uri=http://localhost:8080/variants,age=5}]
16:06:32.828 [qtp1860886124-32] DEBUG org.eclipse.jetty.server.HttpChannelOverHttp -- produceContent has no content, parsing and filling
16:06:32.828 [qtp1860886124-32] DEBUG org.eclipse.jetty.server.HttpConnection -- HttpConnection@5f8b3974::NetworkTrafficSocketChannelEndPoint@33ee8b59[{l=/127.0.0.1:8080,r=/127.0.0.1:43028,OPEN,fill=-,flush=-,to=6/30000}{io=0/0,kio=0,kro=1}]->[HttpConnection@5f8b3974[p=HttpParser{s=CONTENT,90 of 90},g=HttpGenerator@635e2fb4{s=START}]=>HttpChannelOverHttp@167db410{s=HttpChannelState@3a3c334a{s=HANDLING rs=BLOCKING os=OPEN is=IDLE awp=false se=false i=true al=0},r=1,c=false/false,a=HANDLING,uri=http://localhost:8080/variants,age=5}] parse RetainableByteBuffer@57e49389{DirectByteBuffer@2fc00118[p=341,l=341,c=8192,r=0]={POST /var...":true}<<<>>>ice":120....\x00\x00\x00\x00\x00\x00\x00},r=1}
16:06:32.828 [qtp1860886124-32] DEBUG org.eclipse.jetty.http.HttpParser -- parseNext s=CONTENT DirectByteBuffer@2fc00118[p=341,l=341,c=8192,r=0]={POST /var...":true}<<<>>>ice":120....\x00\x00\x00\x00\x00\x00\x00}
16:06:32.828 [qtp1860886124-32] DEBUG org.eclipse.jetty.http.HttpParser -- CONTENT --> CONTENT_END
16:06:32.828 [qtp1860886124-32] DEBUG org.eclipse.jetty.server.HttpChannel -- onContentComplete HttpChannelOverHttp@167db410{s=HttpChannelState@3a3c334a{s=HANDLING rs=BLOCKING os=OPEN is=IDLE awp=false se=false i=true al=0},r=1,c=false/false,a=HANDLING,uri=http://localhost:8080/variants,age=5}
16:06:32.828 [qtp1860886124-32] DEBUG org.eclipse.jetty.http.HttpParser -- CONTENT_END --> END
16:06:32.828 [qtp1860886124-32] DEBUG org.eclipse.jetty.server.HttpChannel -- onRequestComplete HttpChannelOverHttp@167db410{s=HttpChannelState@3a3c334a{s=HANDLING rs=BLOCKING os=OPEN is=IDLE awp=false se=false i=true al=0},r=1,c=false/false,a=HANDLING,uri=http://localhost:8080/variants,age=5}
16:06:32.828 [qtp1860886124-32] DEBUG org.eclipse.jetty.server.HttpChannelOverHttp -- received EOF, content = null
16:06:32.828 [qtp1860886124-32] DEBUG org.eclipse.jetty.server.HttpConnection -- HttpConnection@5f8b3974::NetworkTrafficSocketChannelEndPoint@33ee8b59[{l=/127.0.0.1:8080,r=/127.0.0.1:43028,OPEN,fill=-,flush=-,to=6/30000}{io=0/0,kio=0,kro=1}]->[HttpConnection@5f8b3974[p=HttpParser{s=END,90 of 90},g=HttpGenerator@635e2fb4{s=START}]=>HttpChannelOverHttp@167db410{s=HttpChannelState@3a3c334a{s=HANDLING rs=BLOCKING os=OPEN is=IDLE awp=false se=false i=true al=0},r=1,c=false/false,a=HANDLING,uri=http://localhost:8080/variants,age=5}] parsed false HttpParser{s=END,90 of 90}
16:06:32.828 [qtp1860886124-32] DEBUG org.eclipse.jetty.server.HttpConnection -- releaseRequestBuffer HttpConnection@5f8b3974::NetworkTrafficSocketChannelEndPoint@33ee8b59[{l=/127.0.0.1:8080,r=/127.0.0.1:43028,OPEN,fill=-,flush=-,to=6/30000}{io=0/0,kio=0,kro=1}]->[HttpConnection@5f8b3974[p=HttpParser{s=END,90 of 90},g=HttpGenerator@635e2fb4{s=START}]=>HttpChannelOverHttp@167db410{s=HttpChannelState@3a3c334a{s=HANDLING rs=BLOCKING os=OPEN is=IDLE awp=false se=false i=true al=0},r=1,c=false/false,a=HANDLING,uri=http://localhost:8080/variants,age=5}]
16:06:32.828 [qtp1860886124-32] DEBUG org.eclipse.jetty.server.HttpChannelOverHttp -- produceContent produced EofContent
16:06:32.828 [qtp1860886124-32] DEBUG org.eclipse.jetty.server.AsyncContentProducer -- produceRawContent updated rawContentArrived to 90 and firstByteTimeStamp to 10124422695614 AsyncContentProducer@29a0a910[r=null,t=null,i=null,error=false,c=HttpChannelOverHttp@167db410{s=HttpChannelState@3a3c334a{s=HANDLING rs=BLOCKING os=OPEN is=IDLE awp=false se=false i=true al=0},r=1,c=false/false,a=HANDLING,uri=http://localhost:8080/variants,age=5}]
16:06:32.828 [qtp1860886124-32] DEBUG org.eclipse.jetty.server.AsyncContentProducer -- produceRawContent produced EofContent AsyncContentProducer@29a0a910[r=null,t=null,i=null,error=false,c=HttpChannelOverHttp@167db410{s=HttpChannelState@3a3c334a{s=HANDLING rs=BLOCKING os=OPEN is=IDLE awp=false se=false i=true al=0},r=1,c=false/false,a=HANDLING,uri=http://localhost:8080/variants,age=5}]
16:06:32.828 [qtp1860886124-32] DEBUG org.eclipse.jetty.server.AsyncContentProducer -- transforming raw content AsyncContentProducer@29a0a910[r=EofContent,t=null,i=null,error=false,c=HttpChannelOverHttp@167db410{s=HttpChannelState@3a3c334a{s=HANDLING rs=BLOCKING os=OPEN is=IDLE awp=false se=false i=true al=0},r=1,c=false/false,a=HANDLING,uri=http://localhost:8080/variants,age=5}]
16:06:32.829 [qtp1860886124-32] DEBUG org.eclipse.jetty.server.AsyncContentProducer -- no interceptor, transformed content is raw content AsyncContentProducer@29a0a910[r=EofContent,t=null,i=null,error=false,c=HttpChannelOverHttp@167db410{s=HttpChannelState@3a3c334a{s=HANDLING rs=BLOCKING os=OPEN is=IDLE awp=false se=false i=true al=0},r=1,c=false/false,a=HANDLING,uri=http://localhost:8080/variants,age=6}]
16:06:32.829 [qtp1860886124-32] DEBUG org.eclipse.jetty.server.AsyncContentProducer -- transformed content not yet depleted, returning it AsyncContentProducer@29a0a910[r=EofContent,t=EofContent,i=null,error=false,c=HttpChannelOverHttp@167db410{s=HttpChannelState@3a3c334a{s=HANDLING rs=BLOCKING os=OPEN is=IDLE awp=false se=false i=true al=0},r=1,c=false/false,a=HANDLING,uri=http://localhost:8080/variants,age=6}]
16:06:32.829 [qtp1860886124-32] DEBUG org.eclipse.jetty.server.AsyncContentProducer -- nextContent = EofContent AsyncContentProducer@29a0a910[r=EofContent,t=EofContent,i=null,error=false,c=HttpChannelOverHttp@167db410{s=HttpChannelState@3a3c334a{s=HANDLING rs=BLOCKING os=OPEN is=IDLE awp=false se=false i=true al=0},r=1,c=false/false,a=HANDLING,uri=http://localhost:8080/variants,age=6}]
16:06:32.829 [qtp1860886124-32] DEBUG org.eclipse.jetty.server.HttpChannelState -- onReadIdle HttpChannelState@3a3c334a{s=HANDLING rs=BLOCKING os=OPEN is=IDLE awp=false se=false i=true al=0}
16:06:32.829 [qtp1860886124-32] DEBUG org.eclipse.jetty.server.BlockingContentProducer -- nextContent async producer returned EofContent
16:06:32.829 [qtp1860886124-32] DEBUG org.eclipse.jetty.server.HttpInput -- read error=null HttpInput@1454679933 cs=HttpChannelState@3a3c334a{s=HANDLING rs=BLOCKING os=OPEN is=IDLE awp=false se=false i=true al=0} cp=org.eclipse.jetty.server.BlockingContentProducer@13b633cf eof=false
16:06:32.829 [qtp1860886124-32] DEBUG org.eclipse.jetty.server.HttpInput -- read at EOF, setting consumed EOF to true HttpInput@1454679933 cs=HttpChannelState@3a3c334a{s=HANDLING rs=BLOCKING os=OPEN is=IDLE awp=false se=false i=true al=0} cp=org.eclipse.jetty.server.BlockingContentProducer@13b633cf eof=false
16:06:32.829 [qtp1860886124-32] DEBUG org.eclipse.jetty.server.BlockingContentProducer -- onContentProducible releasing semaphore LockedSemaphore permits=0 unready=false
16:06:32.830 [qtp1860886124-32] DEBUG com.jayway.jsonpath.internal.path.CompiledPath -- Evaluating path: $['packaging_id']
16:06:32.831 [qtp1860886124-32] DEBUG com.jayway.jsonpath.internal.path.CompiledPath -- Evaluating path: $['category_id']
16:06:32.831 [qtp1860886124-32] DEBUG com.jayway.jsonpath.internal.path.CompiledPath -- Evaluating path: $['brand_id']
16:06:32.831 [qtp1860886124-32] DEBUG com.jayway.jsonpath.internal.path.CompiledPath -- Evaluating path: $[?]
16:06:32.831 [qtp1860886124-32] DEBUG com.jayway.jsonpath.internal.path.CompiledPath -- Evaluating path: @['name']
16:06:32.831 [qtp1860886124-32] DEBUG com.jayway.jsonpath.internal.path.CompiledPath -- Evaluating path: @['name']
16:06:32.832 [qtp1860886124-32] DEBUG com.jayway.jsonpath.internal.path.CompiledPath -- Evaluating path: $['price']
16:06:32.834 [qtp1860886124-32] DEBUG com.jayway.jsonpath.internal.path.CompiledPath -- Evaluating path: $['prixDeBase']
16:06:32.835 [qtp1860886124-32] DEBUG com.jayway.jsonpath.internal.path.CompiledPath -- Evaluating path: $['stock_reel']
16:06:32.837 [qtp1860886124-32] DEBUG com.jayway.jsonpath.internal.path.CompiledPath -- Evaluating path: $['attributs'][?]
16:06:32.845 [qtp1860886124-32] DEBUG net.javacrumbs.jsonunit.difference.diff -- JSON documents are different:
Different keys found in node "", missing: "characteristics_invalid", expected: <{"characteristics_invalid":true,"name":"Variant Test","price":100,"product_id":"prod-456"}> but was: <{"name":"Variant Test","price":100,"product_id":"prod-456"}>
16:06:32.845 [qtp1860886124-32] DEBUG net.javacrumbs.jsonunit.difference.values -- Comparing expected:
{"product_id":"prod-456","name":"Variant Test","price":100,"characteristics_invalid":true}
------------
with actual:
{"product_id":"prod-456","name":"Variant Test","price":100}

16:06:32.847 [qtp1860886124-32] DEBUG net.javacrumbs.jsonunit.difference.diff -- JSON documents are different:
Different keys found in node "", missing: "characteristics_invalid", expected: <{"characteristics_invalid":true,"name":"Variant Test","price":100,"product_id":"prod-456"}> but was: <{"characteristics":[{"id":"char-1","value":"42"}],"name":"Variante Chaussures Noires","packaging":{"id":"pack-A"},"price":1.2E+2,"product_id":"prod-456","sku":"SKU-BLACK-SIZE42"}>
Different value found in node "name", expected: <"Variant Test"> but was: <"Variante Chaussures Noires">.
Different value found in node "price", expected: <100> but was: <1.2E+2>.
16:06:32.847 [qtp1860886124-32] DEBUG net.javacrumbs.jsonunit.difference.values -- Comparing expected:
{"product_id":"prod-456","name":"Variant Test","price":100,"characteristics_invalid":true}
------------
with actual:
{"product_id":"prod-456","name":"Variante Chaussures Noires","sku":"SKU-BLACK-SIZE42","price":1.2E+2,"characteristics":[{"id":"char-1","value":"42"}],"packaging":{"id":"pack-A"}}

16:06:32.849 [qtp1860886124-32] DEBUG com.jayway.jsonpath.internal.path.CompiledPath -- Evaluating path: $['packaging_id']
16:06:32.850 [qtp1860886124-32] DEBUG com.jayway.jsonpath.internal.path.CompiledPath -- Evaluating path: $['category_id']
16:06:32.850 [qtp1860886124-32] DEBUG com.jayway.jsonpath.internal.path.CompiledPath -- Evaluating path: $['brand_id']
16:06:32.852 [qtp1860886124-32] DEBUG com.jayway.jsonpath.internal.path.CompiledPath -- Evaluating path: $[?]
16:06:32.852 [qtp1860886124-32] DEBUG com.jayway.jsonpath.internal.path.CompiledPath -- Evaluating path: @['name']
16:06:32.852 [qtp1860886124-32] DEBUG com.jayway.jsonpath.internal.path.CompiledPath -- Evaluating path: @['name']
16:06:32.853 [qtp1860886124-32] DEBUG com.jayway.jsonpath.internal.path.CompiledPath -- Evaluating path: $['price']
16:06:32.858 [qtp1860886124-32] DEBUG com.jayway.jsonpath.internal.path.CompiledPath -- Evaluating path: $['prixDeBase']
16:06:32.859 [qtp1860886124-32] DEBUG com.jayway.jsonpath.internal.path.CompiledPath -- Evaluating path: $['stock_reel']
16:06:32.861 [qtp1860886124-32] DEBUG com.jayway.jsonpath.internal.path.CompiledPath -- Evaluating path: $['attributs'][?]
16:06:32.863 [qtp1860886124-32] DEBUG net.javacrumbs.jsonunit.difference.diff -- JSON documents are different:
Different value found in node "name", expected: <"Smartphone XYZ"> but was: <"Variant Test">.
16:06:32.864 [qtp1860886124-32] DEBUG net.javacrumbs.jsonunit.difference.values -- Comparing expected:
{"name":"Smartphone XYZ"}
------------
with actual:
{"product_id":"prod-456","name":"Variant Test","price":100,"characteristics_invalid":true}

16:06:32.865 [qtp1860886124-32] DEBUG net.javacrumbs.jsonunit.difference.diff -- JSON documents are different:
Different keys found in node "", missing: "marqueId", expected: <{"marqueId":999}> but was: <{"characteristics_invalid":true,"name":"Variant Test","price":100,"product_id":"prod-456"}>
16:06:32.865 [qtp1860886124-32] DEBUG net.javacrumbs.jsonunit.difference.values -- Comparing expected:
{"marqueId":999}
------------
with actual:
{"product_id":"prod-456","name":"Variant Test","price":100,"characteristics_invalid":true}

16:06:32.866 [qtp1860886124-32] DEBUG net.javacrumbs.jsonunit.difference.diff -- JSON documents are different:
Different keys found in node "", missing: "emballageId", expected: <{"emballageId":999}> but was: <{"characteristics_invalid":true,"name":"Variant Test","price":100,"product_id":"prod-456"}>
16:06:32.866 [qtp1860886124-32] DEBUG net.javacrumbs.jsonunit.difference.values -- Comparing expected:
{"emballageId":999}
------------
with actual:
{"product_id":"prod-456","name":"Variant Test","price":100,"characteristics_invalid":true}

16:06:32.868 [qtp1860886124-32] DEBUG net.javacrumbs.jsonunit.difference.diff -- JSON documents are different:
Different keys found in node "", missing: "nom", expected: <{"nom":"Smartphone ABC"}> but was: <{"characteristics_invalid":true,"name":"Variant Test","price":100,"product_id":"prod-456"}>
16:06:32.868 [qtp1860886124-32] DEBUG net.javacrumbs.jsonunit.difference.values -- Comparing expected:
{"nom":"Smartphone ABC"}
------------
with actual:
{"product_id":"prod-456","name":"Variant Test","price":100,"characteristics_invalid":true}

16:06:32.869 [qtp1860886124-32] DEBUG net.javacrumbs.jsonunit.difference.diff -- JSON documents are different:
Different keys found in node "", missing: "attributs","description","emballageId","marqueId","nom","prixDeBase","stock_reel", expected: <{"attributs":[{"id":1,"valeur":"Bleu"}, {"id":2,"valeur":"128 Go"}],"description":"Un smartphone haut de gamme mis à jour","emballageId":1,"marqueId":2,"nom":"Smartphone XYZ Updated","prixDeBase":649.99,"stock_reel":80}> but was: <{"characteristics_invalid":true,"name":"Variant Test","price":100,"product_id":"prod-456"}>
16:06:32.869 [qtp1860886124-32] DEBUG net.javacrumbs.jsonunit.difference.values -- Comparing expected:
{"nom":"Smartphone XYZ Updated","description":"Un smartphone haut de gamme mis à jour","marqueId":2,"emballageId":1,"stock_reel":80,"prixDeBase":649.99,"attributs":[{"id":1,"valeur":"Bleu"},{"id":2,"valeur":"128 Go"}]}
------------
with actual:
{"product_id":"prod-456","name":"Variant Test","price":100,"characteristics_invalid":true}

16:06:32.870 [qtp1860886124-32] DEBUG net.javacrumbs.jsonunit.difference.diff -- JSON documents are different:
Different keys found in node "", missing: "prixDeBase","stock_reel", expected: <{"prixDeBase":699.99,"stock_reel":50}> but was: <{"characteristics_invalid":true,"name":"Variant Test","price":100,"product_id":"prod-456"}>
16:06:32.870 [qtp1860886124-32] DEBUG net.javacrumbs.jsonunit.difference.values -- Comparing expected:
{"prixDeBase":699.99,"stock_reel":50}
------------
with actual:
{"product_id":"prod-456","name":"Variant Test","price":100,"characteristics_invalid":true}

16:06:32.872 [qtp1860886124-32] ERROR WireMock -- 
                                               Request was not matched
                                               =======================

-----------------------------------------------------------------------------------------------------------------------
| Closest stub                                             | Request                                                  |
-----------------------------------------------------------------------------------------------------------------------
                                                           |
POST                                                       | POST
/variants                                                  | /variants
                                                           |
Authorization: Bearer admin-token                          | Authorization: adminToken                           <<<<< Header does not match
                                                           |
                                                           |
-----------------------------------------------------------------------------------------------------------------------

16:06:32.873 [qtp1860886124-32] DEBUG org.eclipse.jetty.server.HttpChannelState -- sendError HttpChannelState@3a3c334a{s=HANDLING rs=BLOCKING os=OPEN is=IDLE awp=false se=false i=true al=0}
16:06:32.873 [qtp1860886124-32] DEBUG org.eclipse.jetty.server.Server -- handled=true async=false committed=true on HttpChannelOverHttp@167db410{s=HttpChannelState@3a3c334a{s=HANDLING rs=BLOCKING os=OPEN is=IDLE awp=false se=true i=true al=0},r=1,c=false/false,a=HANDLING,uri=http://localhost:8080/variants,age=50}
16:06:32.873 [qtp1860886124-32] DEBUG org.eclipse.jetty.server.HttpChannelState -- unhandle HttpChannelState@3a3c334a{s=HANDLING rs=BLOCKING os=OPEN is=IDLE awp=false se=true i=true al=0}
16:06:32.873 [qtp1860886124-32] DEBUG org.eclipse.jetty.server.HttpChannelState -- nextAction(false) SEND_ERROR HttpChannelState@3a3c334a{s=HANDLING rs=BLOCKING os=OPEN is=IDLE awp=false se=false i=false al=0}
16:06:32.873 [qtp1860886124-32] DEBUG org.eclipse.jetty.server.HttpChannel -- action SEND_ERROR HttpChannelOverHttp@167db410{s=HttpChannelState@3a3c334a{s=HANDLING rs=BLOCKING os=OPEN is=IDLE awp=false se=false i=false al=0},r=1,c=false/false,a=HANDLING,uri=http://localhost:8080/variants,age=50}
16:06:32.873 [qtp1860886124-32] DEBUG org.eclipse.jetty.server.HttpInput -- consumeAll HttpInput@1454679933 cs=HttpChannelState@3a3c334a{s=HANDLING rs=BLOCKING os=OPEN is=IDLE awp=false se=false i=false al=0} cp=org.eclipse.jetty.server.BlockingContentProducer@13b633cf eof=true
16:06:32.874 [qtp1860886124-32] DEBUG org.eclipse.jetty.server.HttpChannelOverHttp -- failing all content with org.eclipse.jetty.util.StaticException: Unconsumed content HttpChannelOverHttp@167db410{s=HttpChannelState@3a3c334a{s=HANDLING rs=BLOCKING os=OPEN is=IDLE awp=false se=false i=false al=0},r=1,c=false/false,a=HANDLING,uri=http://localhost:8080/variants,age=51}
16:06:32.874 [qtp1860886124-32] DEBUG org.eclipse.jetty.server.AsyncContentProducer -- failed all content of http channel EOF=true AsyncContentProducer@29a0a910[r=ErrorContent [org.eclipse.jetty.util.StaticException: Unconsumed content],t=ErrorContent [org.eclipse.jetty.util.StaticException: Unconsumed content],i=null,error=false,c=HttpChannelOverHttp@167db410{s=HttpChannelState@3a3c334a{s=HANDLING rs=BLOCKING os=OPEN is=IDLE awp=false se=false i=false al=0},r=1,c=false/false,a=HANDLING,uri=http://localhost:8080/variants,age=51}]
16:06:32.874 [qtp1860886124-32] DEBUG org.eclipse.jetty.server.HttpInput -- isFinished=true HttpInput@1454679933 cs=HttpChannelState@3a3c334a{s=HANDLING rs=BLOCKING os=OPEN is=IDLE awp=false se=false i=false al=0} cp=org.eclipse.jetty.server.BlockingContentProducer@13b633cf eof=true
16:06:32.874 [qtp1860886124-32] DEBUG org.eclipse.jetty.server.AsyncContentProducer -- isError = false AsyncContentProducer@29a0a910[r=ErrorContent [org.eclipse.jetty.util.StaticException: Unconsumed content],t=ErrorContent [org.eclipse.jetty.util.StaticException: Unconsumed content],i=null,error=false,c=HttpChannelOverHttp@167db410{s=HttpChannelState@3a3c334a{s=HANDLING rs=BLOCKING os=OPEN is=IDLE awp=false se=false i=false al=0},r=1,c=false/false,a=HANDLING,uri=http://localhost:8080/variants,age=51}]
16:06:32.874 [qtp1860886124-32] DEBUG org.eclipse.jetty.server.HttpInput -- isError=false HttpInput@1454679933 cs=HttpChannelState@3a3c334a{s=HANDLING rs=BLOCKING os=OPEN is=IDLE awp=false se=false i=false al=0} cp=org.eclipse.jetty.server.BlockingContentProducer@13b633cf eof=true
16:06:32.875 [qtp1860886124-32] DEBUG org.eclipse.jetty.server.handler.ContextHandler -- scope /__admin||/not-matched @ o.e.j.s.ServletContextHandler@c7a975a{/__admin,null,AVAILABLE}
16:06:32.875 [qtp1860886124-32] DEBUG org.eclipse.jetty.server.handler.ContextHandler -- context=/__admin||/not-matched @ o.e.j.s.ServletContextHandler@c7a975a{/__admin,null,AVAILABLE}
16:06:32.875 [qtp1860886124-32] DEBUG org.eclipse.jetty.servlet.ServletHandler -- servlet /__admin|/not-matched|null|ServletPathMapping{matchValue=not-matched, pattern=/not-matched, servletName=com.github.tomakehurst.wiremock.servlet.NotMatchedServlet-1d71006f, mappingMatch=EXACT, servletPath=/not-matched, pathInfo=null} -> com.github.tomakehurst.wiremock.servlet.NotMatchedServlet-1d71006f==com.github.tomakehurst.wiremock.servlet.NotMatchedServlet@89785bef{jsp=null,order=-1,inst=true,async=true,src=EMBEDDED:null,STARTED}
16:06:32.875 [qtp1860886124-32] DEBUG org.eclipse.jetty.servlet.ServletHandler -- chain=ChainEnd@6603242c(com.github.tomakehurst.wiremock.servlet.NotMatchedServlet-1d71006f==com.github.tomakehurst.wiremock.servlet.NotMatchedServlet@89785bef{jsp=null,order=-1,inst=true,async=true,src=EMBEDDED:null,STARTED})
16:06:32.875 [qtp1860886124-32] DEBUG org.eclipse.jetty.server.HttpOutput -- write(array HeapByteBuffer@6e15451[p=0,l=512,c=512,r=512]={<<<\n                        ...--------------\n        >>>})
16:06:32.875 [qtp1860886124-32] DEBUG org.eclipse.jetty.server.HttpOutput -- write(array) s=OPEN,api=BLOCKING,sc=false,e=null aggregated !flush DirectByteBuffer@585b8438[p=0,l=512,c=32768,r=512]={<<<\n                        ...--------------\n        >>>         ...\x00\x00\x00\x00\x00\x00\x00}
16:06:32.876 [qtp1860886124-32] DEBUG org.eclipse.jetty.server.HttpOutput -- write(array HeapByteBuffer@4a97ebae[p=0,l=512,c=512,r=512]={<<<                         ...                       >>>})
16:06:32.876 [qtp1860886124-32] DEBUG org.eclipse.jetty.server.HttpOutput -- write(array) s=OPEN,api=BLOCKING,sc=false,e=null aggregated !flush DirectByteBuffer@585b8438[p=0,l=1024,c=32768,r=1024]={<<<\n                        ...                       >>>|\n-------...\x00\x00\x00\x00\x00\x00\x00}
16:06:32.876 [qtp1860886124-32] DEBUG org.eclipse.jetty.server.HttpOutput -- write(array HeapByteBuffer@77d7d3b0[p=0,l=122,c=512,r=122]={<<<|\n-----------------------...----------------------\n>>>riants   ...       })
16:06:32.876 [qtp1860886124-32] DEBUG org.eclipse.jetty.server.HttpOutput -- write(array) s=OPEN,api=BLOCKING,sc=false,e=null aggregated !flush DirectByteBuffer@585b8438[p=0,l=1146,c=32768,r=1146]={<<<\n                        ...----------------------\n>>>\x00\x00\x00\x00\x00\x00\x00\x00\x00...\x00\x00\x00\x00\x00\x00\x00}
16:06:32.876 [qtp1860886124-32] DEBUG org.eclipse.jetty.server.handler.gzip.GzipHttpOutputInterceptor -- org.eclipse.jetty.server.handler.gzip.GzipHttpOutputInterceptor@40235dd3 exclude by status 404
16:06:32.876 [qtp1860886124-32] DEBUG org.eclipse.jetty.server.HttpChannel -- sendResponse info=null content=DirectByteBuffer@585b8438[p=0,l=1146,c=32768,r=1146]={<<<\n                        ...----------------------\n>>>\x00\x00\x00\x00\x00\x00\x00\x00\x00...\x00\x00\x00\x00\x00\x00\x00} complete=false committing=true callback=Blocker@4cecda5a{null}
16:06:32.876 [qtp1860886124-32] DEBUG org.eclipse.jetty.server.HttpChannel -- COMMIT for /__admin/not-matched on HttpChannelOverHttp@167db410{s=HttpChannelState@3a3c334a{s=HANDLING rs=BLOCKING os=COMMITTED is=IDLE awp=false se=false i=false al=0},r=1,c=false/false,a=HANDLING,uri=http://localhost:8080/__admin/not-matched,age=53}
404 null HTTP/1.1
Content-Type: text/plain;charset=UTF-8


16:06:32.876 [qtp1860886124-32] DEBUG org.eclipse.jetty.server.HttpConnection -- generate: NEED_HEADER for SendCallback@39d382f2[PROCESSING][i=HTTP/1.1{s=404,h=1,cl=-1},cb=org.eclipse.jetty.server.HttpChannel$SendCallback@70d08c2b] (null,[p=0,l=1146,c=32768,r=1146],false)@START
16:06:32.876 [qtp1860886124-32] DEBUG org.eclipse.jetty.http.HttpGenerator -- generateHeaders HTTP/1.1{s=404,h=1,cl=-1} last=false content=DirectByteBuffer@585b8438[p=0,l=1146,c=32768,r=1146]={<<<\n                        ...----------------------\n>>>\x00\x00\x00\x00\x00\x00\x00\x00\x00...\x00\x00\x00\x00\x00\x00\x00}
16:06:32.876 [qtp1860886124-32] DEBUG org.eclipse.jetty.http.HttpGenerator -- Content-Type: text/plain;charset=UTF-8


16:06:32.876 [qtp1860886124-32] DEBUG org.eclipse.jetty.http.HttpGenerator -- CHUNKED_CONTENT
16:06:32.876 [qtp1860886124-32] DEBUG org.eclipse.jetty.server.HttpConnection -- generate: FLUSH for SendCallback@39d382f2[PROCESSING][i=HTTP/1.1{s=404,h=1,cl=-1},cb=org.eclipse.jetty.server.HttpChannel$SendCallback@70d08c2b] ([p=0,l=99,c=32768,r=99],[p=0,l=1146,c=32768,r=1146],false)@COMMITTED
16:06:32.877 [qtp1860886124-32] DEBUG org.eclipse.jetty.io.WriteFlusher -- write: WriteFlusher@2ac79a27{IDLE}->null [DirectByteBuffer@53ba71a[p=0,l=99,c=32768,r=99]={<<<HTTP/1.1 404 Not Found\r\nC...oding: chunked\r\n\r\n47A\r\n>>>         ...\x00\x00\x00\x00\x00\x00\x00},DirectByteBuffer@585b8438[p=0,l=1146,c=32768,r=1146]={<<<\n                        ...----------------------\n>>>\x00\x00\x00\x00\x00\x00\x00\x00\x00...\x00\x00\x00\x00\x00\x00\x00}]
16:06:32.877 [qtp1860886124-32] DEBUG org.eclipse.jetty.io.WriteFlusher -- update WriteFlusher@2ac79a27{WRITING}->null:IDLE-->WRITING
16:06:32.877 [main] DEBUG org.apache.http.wire -- http-outgoing-2 << "HTTP/1.1 404 Not Found[\r][\n]"
16:06:32.877 [main] DEBUG org.apache.http.wire -- http-outgoing-2 << "Content-Type: text/plain;charset=UTF-8[\r][\n]"
16:06:32.877 [main] DEBUG org.apache.http.wire -- http-outgoing-2 << "Transfer-Encoding: chunked[\r][\n]"
16:06:32.877 [main] DEBUG org.apache.http.wire -- http-outgoing-2 << "[\r][\n]"
16:06:32.877 [main] DEBUG org.apache.http.wire -- http-outgoing-2 << "47A[\r][\n]"
16:06:32.877 [qtp1860886124-32] DEBUG org.eclipse.jetty.io.SocketChannelEndPoint -- flushed 99 NetworkTrafficSocketChannelEndPoint@33ee8b59[{l=/127.0.0.1:8080,r=/127.0.0.1:43028,OPEN,fill=-,flush=W,to=55/30000}{io=0/0,kio=0,kro=1}]->[HttpConnection@5f8b3974[p=HttpParser{s=END,90 of 90},g=HttpGenerator@635e2fb4{s=COMMITTED}]=>HttpChannelOverHttp@167db410{s=HttpChannelState@3a3c334a{s=HANDLING rs=BLOCKING os=COMMITTED is=IDLE awp=false se=false i=false al=0},r=1,c=false/false,a=HANDLING,uri=http://localhost:8080/__admin/not-matched,age=54}]
16:06:32.878 [main] DEBUG org.apache.http.headers -- http-outgoing-2 << HTTP/1.1 404 Not Found
16:06:32.878 [main] DEBUG org.apache.http.headers -- http-outgoing-2 << Content-Type: text/plain;charset=UTF-8
16:06:32.878 [main] DEBUG org.apache.http.headers -- http-outgoing-2 << Transfer-Encoding: chunked
16:06:32.877 [qtp1860886124-32] DEBUG org.eclipse.jetty.io.SocketChannelEndPoint -- flushed 1146 NetworkTrafficSocketChannelEndPoint@33ee8b59[{l=/127.0.0.1:8080,r=/127.0.0.1:43028,OPEN,fill=-,flush=W,to=0/30000}{io=0/0,kio=0,kro=1}]->[HttpConnection@5f8b3974[p=HttpParser{s=END,90 of 90},g=HttpGenerator@635e2fb4{s=COMMITTED}]=>HttpChannelOverHttp@167db410{s=HttpChannelState@3a3c334a{s=HANDLING rs=BLOCKING os=COMMITTED is=IDLE awp=false se=false i=false al=0},r=1,c=false/false,a=HANDLING,uri=http://localhost:8080/__admin/not-matched,age=55}]
16:06:32.878 [qtp1860886124-32] DEBUG org.eclipse.jetty.io.WriteFlusher -- Flushed=true written=1245 remaining=0 WriteFlusher@2ac79a27{WRITING}->null
16:06:32.878 [qtp1860886124-32] DEBUG org.eclipse.jetty.io.WriteFlusher -- update WriteFlusher@2ac79a27{IDLE}->null:WRITING-->IDLE
16:06:32.878 [qtp1860886124-32] DEBUG org.eclipse.jetty.server.HttpConnection -- generate: DONE for SendCallback@39d382f2[PROCESSING][i=HTTP/1.1{s=404,h=1,cl=-1},cb=org.eclipse.jetty.server.HttpChannel$SendCallback@70d08c2b] ([p=99,l=99,c=32768,r=0],[p=1146,l=1146,c=32768,r=0],false)@COMMITTED
16:06:32.878 [main] DEBUG org.apache.http.impl.execchain.MainClientExec -- Connection can be kept alive indefinitely
16:06:32.878 [qtp1860886124-32] DEBUG org.eclipse.jetty.server.HttpOutput -- onWriteComplete(false,null) s=OPEN,api=BLOCKED,sc=false,e=null->s=OPEN,api=BLOCKING,sc=false,e=null c=null cb=null w=false
16:06:32.878 [qtp1860886124-32] DEBUG org.eclipse.jetty.server.HttpOutput -- close() s=CLOSING,api=BLOCKED,sc=false,e=null c=HeapByteBuffer@459fe0d[p=0,l=0,c=0,r=0]={<<<>>>} b=Blocker@4cecda5a{null}
16:06:32.878 [qtp1860886124-32] DEBUG org.eclipse.jetty.server.HttpChannel -- sendResponse info=null content=HeapByteBuffer@459fe0d[p=0,l=0,c=0,r=0]={<<<>>>} complete=true committing=false callback=Blocker@4cecda5a{null}
16:06:32.878 [main] DEBUG org.apache.http.wire -- http-outgoing-2 << "[\n]"
16:06:32.878 [qtp1860886124-32] DEBUG org.eclipse.jetty.server.HttpConnection -- generate: CONTINUE for SendCallback@39d382f2[PROCESSING][i=null,cb=org.eclipse.jetty.server.HttpChannel$SendCallback@d3ab2f] (null,[p=0,l=0,c=0,r=0],true)@COMPLETING
16:06:32.878 [qtp1860886124-32] DEBUG org.eclipse.jetty.server.HttpConnection -- generate: NEED_CHUNK for SendCallback@39d382f2[PROCESSING][i=null,cb=org.eclipse.jetty.server.HttpChannel$SendCallback@d3ab2f] (null,[p=0,l=0,c=0,r=0],true)@COMPLETING
16:06:32.878 [main] DEBUG org.apache.http.wire -- http-outgoing-2 << "                                               Request was not matched[\n]"
16:06:32.878 [main] DEBUG org.apache.http.wire -- http-outgoing-2 << "                                               =======================[\n]"
16:06:32.878 [qtp1860886124-32] DEBUG org.eclipse.jetty.server.HttpConnection -- generate: FLUSH for SendCallback@39d382f2[PROCESSING][i=null,cb=org.eclipse.jetty.server.HttpChannel$SendCallback@d3ab2f] (null,[p=0,l=0,c=0,r=0],true)@COMPLETING
16:06:32.878 [main] DEBUG org.apache.http.wire -- http-outgoing-2 << "[\n]"
16:06:32.878 [main] DEBUG org.apache.http.wire -- http-outgoing-2 << "-----------------------------------------------------------------------------------------------------------------------[\n]"
16:06:32.878 [main] DEBUG org.apache.http.wire -- http-outgoing-2 << "| Closest stub                                             | Request                                                  |[\n]"
16:06:32.878 [qtp1860886124-32] DEBUG org.eclipse.jetty.io.WriteFlusher -- write: WriteFlusher@2ac79a27{IDLE}->null [DirectByteBuffer@4e1f40a2[p=0,l=7,c=16,r=7]={<<<\r\n0\r\n\r\n>>>\x00\x00\x00\x00\x00\x00\x00\x00\x00}]
16:06:32.878 [qtp1860886124-32] DEBUG org.eclipse.jetty.io.WriteFlusher -- update WriteFlusher@2ac79a27{WRITING}->null:IDLE-->WRITING
16:06:32.878 [main] DEBUG org.apache.http.wire -- http-outgoing-2 << "-----------------------------------------------------------------------------------------------------------------------[\n]"
16:06:32.878 [main] DEBUG org.apache.http.wire -- http-outgoing-2 << "                                                           |[\n]"
16:06:32.878 [main] DEBUG org.apache.http.wire -- http-outgoing-2 << "POST                                                       | POST[\n]"
16:06:32.879 [main] DEBUG org.apache.http.wire -- http-outgoing-2 << "/variants                                                  | /variants[\n]"
16:06:32.879 [main] DEBUG org.apache.http.wire -- http-outgoing-2 << "                                                           |[\n]"
16:06:32.879 [main] DEBUG org.apache.http.wire -- http-outgoing-2 << "Authorization: Bearer admin-token                          | Authorization: adminToken                           <<<<< Header does not match[\n]"
16:06:32.879 [qtp1860886124-32] DEBUG org.eclipse.jetty.io.SocketChannelEndPoint -- flushed 7 NetworkTrafficSocketChannelEndPoint@33ee8b59[{l=/127.0.0.1:8080,r=/127.0.0.1:43028,OPEN,fill=-,flush=W,to=0/30000}{io=0/0,kio=0,kro=1}]->[HttpConnection@5f8b3974[p=HttpParser{s=END,90 of 90},g=HttpGenerator@635e2fb4{s=COMPLETING}]=>HttpChannelOverHttp@167db410{s=HttpChannelState@3a3c334a{s=HANDLING rs=BLOCKING os=COMMITTED is=IDLE awp=false se=false i=false al=0},r=1,c=false/false,a=HANDLING,uri=http://localhost:8080/__admin/not-matched,age=56}]
16:06:32.879 [main] DEBUG org.apache.http.wire -- http-outgoing-2 << "                                                           |[\n]"
16:06:32.879 [qtp1860886124-32] DEBUG org.eclipse.jetty.io.WriteFlusher -- Flushed=true written=7 remaining=0 WriteFlusher@2ac79a27{WRITING}->null
16:06:32.879 [main] DEBUG org.apache.http.wire -- http-outgoing-2 << "                                                           "
16:06:32.879 [qtp1860886124-32] DEBUG org.eclipse.jetty.io.WriteFlusher -- update WriteFlusher@2ac79a27{IDLE}->null:WRITING-->IDLE
16:06:32.879 [qtp1860886124-32] DEBUG org.eclipse.jetty.server.HttpConnection -- generate: DONE for SendCallback@39d382f2[PROCESSING][i=null,cb=org.eclipse.jetty.server.HttpChannel$SendCallback@d3ab2f] (null,[p=0,l=0,c=0,r=0],true)@END
16:06:32.879 [main] DEBUG org.apache.http.wire -- http-outgoing-2 << "|[\n]"
16:06:32.879 [main] DEBUG org.apache.http.wire -- http-outgoing-2 << "-----------------------------------------------------------------------------------------------------------------------[\n]"
16:06:32.879 [qtp1860886124-32] DEBUG org.eclipse.jetty.server.HttpOutput -- onWriteComplete(true,null) s=CLOSING,api=BLOCKED,sc=false,e=null->s=CLOSED,api=BLOCKING,sc=false,e=null c=null cb=null w=false
16:06:32.879 [main] DEBUG org.apache.http.wire -- http-outgoing-2 << "[\r][\n]"
16:06:32.879 [main] DEBUG org.apache.http.wire -- http-outgoing-2 << "0[\r][\n]"
16:06:32.879 [main] DEBUG org.apache.http.wire -- http-outgoing-2 << "[\r][\n]"
16:06:32.879 [qtp1860886124-32] DEBUG org.eclipse.jetty.server.HttpChannelState -- unhandle HttpChannelState@3a3c334a{s=HANDLING rs=BLOCKING os=COMPLETED is=IDLE awp=false se=false i=false al=0}
16:06:32.879 [qtp1860886124-32] DEBUG org.eclipse.jetty.server.HttpChannelState -- nextAction(false) COMPLETE HttpChannelState@3a3c334a{s=HANDLING rs=COMPLETING os=COMPLETED is=IDLE awp=false se=false i=false al=0}
16:06:32.879 [main] DEBUG org.apache.http.impl.conn.PoolingHttpClientConnectionManager -- Connection [id: 2][route: {}->http://localhost:8080] can be kept alive indefinitely
16:06:32.879 [qtp1860886124-32] DEBUG org.eclipse.jetty.server.HttpChannel -- action COMPLETE HttpChannelOverHttp@167db410{s=HttpChannelState@3a3c334a{s=HANDLING rs=COMPLETING os=COMPLETED is=IDLE awp=false se=false i=false al=0},r=1,c=false/true,a=HANDLING,uri=http://localhost:8080/variants,age=56}
16:06:32.879 [main] DEBUG org.apache.http.impl.conn.DefaultManagedHttpClientConnection -- http-outgoing-2: set socket timeout to 0
16:06:32.879 [qtp1860886124-32] DEBUG org.eclipse.jetty.server.HttpOutput -- complete(org.eclipse.jetty.util.Callback$3@25327dd5) s=CLOSED,api=BLOCKING,sc=false,e=null s=true e=null, c=null
16:06:32.879 [qtp1860886124-32] DEBUG org.eclipse.jetty.server.HttpChannelState -- completed HttpChannelState@3a3c334a{s=HANDLING rs=COMPLETING os=COMPLETED is=IDLE awp=false se=false i=false al=0}
16:06:32.879 [main] DEBUG org.apache.http.impl.conn.PoolingHttpClientConnectionManager -- Connection released: [id: 2][route: {}->http://localhost:8080][total available: 1; route allocated: 1 of 5; total allocated: 1 of 10]
16:06:32.879 [qtp1860886124-32] DEBUG org.eclipse.jetty.server.HttpChannelState -- unhandle HttpChannelState@3a3c334a{s=HANDLING rs=COMPLETED os=COMPLETED is=IDLE awp=false se=false i=false al=0}
16:06:32.879 [main] DEBUG org.apache.http.impl.conn.PoolingHttpClientConnectionManager -- Connection manager is shutting down
16:06:32.879 [qtp1860886124-32] DEBUG org.eclipse.jetty.server.HttpChannelState -- nextAction(false) TERMINATED HttpChannelState@3a3c334a{s=IDLE rs=COMPLETED os=COMPLETED is=IDLE awp=false se=false i=false al=0}
16:06:32.879 [main] DEBUG org.apache.http.impl.conn.DefaultManagedHttpClientConnection -- http-outgoing-2: Close connection
16:06:32.879 [qtp1860886124-32] DEBUG org.eclipse.jetty.server.HttpChannel -- action TERMINATED HttpChannelOverHttp@167db410{s=HttpChannelState@3a3c334a{s=IDLE rs=COMPLETED os=COMPLETED is=IDLE awp=false se=false i=false al=0},r=1,c=true/true,a=IDLE,uri=http://localhost:8080/variants,age=56}
16:06:32.879 [qtp1860886124-32] DEBUG org.eclipse.jetty.server.HttpChannel -- onCompleted for /variants written=1146
16:06:32.879 [qtp1860886124-32] DEBUG org.eclipse.jetty.server.HttpInput -- consumeAll HttpInput@1454679933 cs=HttpChannelState@3a3c334a{s=IDLE rs=COMPLETED os=COMPLETED is=IDLE awp=false se=false i=false al=0} cp=org.eclipse.jetty.server.BlockingContentProducer@13b633cf eof=true
16:06:32.879 [main] DEBUG org.apache.http.impl.conn.PoolingHttpClientConnectionManager -- Connection manager shut down
16:06:32.879 [qtp1860886124-32] DEBUG org.eclipse.jetty.server.HttpChannelOverHttp -- failing all content with org.eclipse.jetty.util.StaticException: Unconsumed content HttpChannelOverHttp@167db410{s=HttpChannelState@3a3c334a{s=IDLE rs=COMPLETED os=COMPLETED is=IDLE awp=false se=false i=false al=0},r=1,c=true/true,a=IDLE,uri=http://localhost:8080/variants,age=56}
16:06:32.880 [qtp1860886124-32] DEBUG org.eclipse.jetty.server.AsyncContentProducer -- failed all content of http channel EOF=true AsyncContentProducer@29a0a910[r=ErrorContent [org.eclipse.jetty.util.StaticException: Unconsumed content],t=ErrorContent [org.eclipse.jetty.util.StaticException: Unconsumed content],i=null,error=false,c=HttpChannelOverHttp@167db410{s=HttpChannelState@3a3c334a{s=IDLE rs=COMPLETED os=COMPLETED is=IDLE awp=false se=false i=false al=0},r=1,c=true/true,a=IDLE,uri=http://localhost:8080/variants,age=57}]
16:06:32.880 [qtp1860886124-32] DEBUG org.eclipse.jetty.server.HttpInput -- isFinished=true HttpInput@1454679933 cs=HttpChannelState@3a3c334a{s=IDLE rs=COMPLETED os=COMPLETED is=IDLE awp=false se=false i=false al=0} cp=org.eclipse.jetty.server.BlockingContentProducer@13b633cf eof=true
16:06:32.880 [main] DEBUG com.intuit.karate -- response time in milliseconds: 66
1 < 404
1 < Content-Type: text/plain;charset=UTF-8
1 < Transfer-Encoding: chunked

                                               Request was not matched
                                               =======================

-----------------------------------------------------------------------------------------------------------------------
| Closest stub                                             | Request                                                  |
-----------------------------------------------------------------------------------------------------------------------
                                                           |
POST                                                       | POST
/variants                                                  | /variants
                                                           |
Authorization: Bearer admin-token                          | Authorization: adminToken                           <<<<< Header does not match
                                                           |
                                                           |
-----------------------------------------------------------------------------------------------------------------------


16:06:32.880 [qtp1860886124-32] DEBUG org.eclipse.jetty.server.AsyncContentProducer -- isError = false AsyncContentProducer@29a0a910[r=ErrorContent [org.eclipse.jetty.util.StaticException: Unconsumed content],t=ErrorContent [org.eclipse.jetty.util.StaticException: Unconsumed content],i=null,error=false,c=HttpChannelOverHttp@167db410{s=HttpChannelState@3a3c334a{s=IDLE rs=COMPLETED os=COMPLETED is=IDLE awp=false se=false i=false al=0},r=1,c=true/true,a=IDLE,uri=http://localhost:8080/variants,age=57}]
16:06:32.880 [qtp1860886124-32] DEBUG org.eclipse.jetty.server.HttpInput -- isError=false HttpInput@1454679933 cs=HttpChannelState@3a3c334a{s=IDLE rs=COMPLETED os=COMPLETED is=IDLE awp=false se=false i=false al=0} cp=org.eclipse.jetty.server.BlockingContentProducer@13b633cf eof=true
16:06:32.880 [qtp1860886124-32] DEBUG org.eclipse.jetty.server.HttpChannelState -- recycle HttpChannelState@3a3c334a{s=IDLE rs=COMPLETED os=COMPLETED is=IDLE awp=false se=false i=false al=0}
16:06:32.880 [qtp1860886124-32] DEBUG org.eclipse.jetty.server.HttpInput -- recycle HttpInput@1454679933 cs=HttpChannelState@3a3c334a{s=IDLE rs=BLOCKING os=OPEN is=IDLE awp=false se=false i=true al=0} cp=org.eclipse.jetty.server.BlockingContentProducer@13b633cf eof=true
16:06:32.880 [qtp1860886124-32] DEBUG org.eclipse.jetty.server.BlockingContentProducer -- recycling org.eclipse.jetty.server.BlockingContentProducer@13b633cf
16:06:32.880 [qtp1860886124-32] DEBUG org.eclipse.jetty.server.AsyncContentProducer -- recycling AsyncContentProducer@29a0a910[r=ErrorContent [org.eclipse.jetty.util.StaticException: Unconsumed content],t=ErrorContent [org.eclipse.jetty.util.StaticException: Unconsumed content],i=null,error=false,c=HttpChannelOverHttp@167db410{s=HttpChannelState@3a3c334a{s=IDLE rs=BLOCKING os=OPEN is=IDLE awp=false se=false i=true al=0},r=1,c=false/false,a=IDLE,uri=http://localhost:8080/variants,age=57}]
16:06:32.880 [qtp1860886124-32] DEBUG org.eclipse.jetty.http.HttpParser -- reset HttpParser{s=END,90 of 90}
16:06:32.880 [qtp1860886124-32] DEBUG org.eclipse.jetty.http.HttpParser -- END --> START
16:06:32.880 [qtp1860886124-32] DEBUG org.eclipse.jetty.server.HttpChannel -- !handle TERMINATED HttpChannelOverHttp@167db410{s=HttpChannelState@3a3c334a{s=IDLE rs=BLOCKING os=OPEN is=IDLE awp=false se=false i=true al=0},r=1,c=false/false,a=IDLE,uri=null,age=0}
16:06:32.880 [qtp1860886124-32] DEBUG org.eclipse.jetty.io.AbstractEndPoint -- shutdownInput NetworkTrafficSocketChannelEndPoint@33ee8b59[{l=/127.0.0.1:8080,r=/127.0.0.1:43028,OPEN,fill=-,flush=-,to=1/30000}{io=0/0,kio=0,kro=1}]->[HttpConnection@5f8b3974[p=HttpParser{s=START,0 of -1},g=HttpGenerator@635e2fb4{s=START}]=>HttpChannelOverHttp@167db410{s=HttpChannelState@3a3c334a{s=IDLE rs=BLOCKING os=OPEN is=IDLE awp=false se=false i=true al=0},r=1,c=false/false,a=IDLE,uri=null,age=0}]
16:06:32.881 [qtp1860886124-32] DEBUG org.eclipse.jetty.io.SocketChannelEndPoint -- filled -1 DirectByteBuffer@2fc00118[p=0,l=0,c=8192,r=0]={<<<>>>POST /var...\x00\x00\x00\x00\x00\x00\x00}
16:06:32.881 [qtp1860886124-32] DEBUG org.eclipse.jetty.http.HttpParser -- atEOF HttpParser{s=START,0 of -1}
16:06:32.881 [qtp1860886124-32] DEBUG org.eclipse.jetty.server.HttpConnection -- HttpConnection@5f8b3974::NetworkTrafficSocketChannelEndPoint@33ee8b59[{l=/127.0.0.1:8080,r=/127.0.0.1:43028,ISHUT,fill=-,flush=-,to=2/30000}{io=0/0,kio=0,kro=1}]->[HttpConnection@5f8b3974[p=HttpParser{s=START,0 of -1},g=HttpGenerator@635e2fb4{s=START}]=>HttpChannelOverHttp@167db410{s=HttpChannelState@3a3c334a{s=IDLE rs=BLOCKING os=OPEN is=IDLE awp=false se=false i=true al=0},r=1,c=false/false,a=IDLE,uri=null,age=0}] filled -1 RetainableByteBuffer@57e49389{DirectByteBuffer@2fc00118[p=0,l=0,c=8192,r=0]={<<<>>>POST /var...\x00\x00\x00\x00\x00\x00\x00},r=1}
16:06:32.881 [qtp1860886124-32] DEBUG org.eclipse.jetty.server.HttpConnection -- HttpConnection@5f8b3974::NetworkTrafficSocketChannelEndPoint@33ee8b59[{l=/127.0.0.1:8080,r=/127.0.0.1:43028,ISHUT,fill=-,flush=-,to=2/30000}{io=0/0,kio=0,kro=1}]->[HttpConnection@5f8b3974[p=HttpParser{s=START,0 of -1},g=HttpGenerator@635e2fb4{s=START}]=>HttpChannelOverHttp@167db410{s=HttpChannelState@3a3c334a{s=IDLE rs=BLOCKING os=OPEN is=IDLE awp=false se=false i=true al=0},r=1,c=false/false,a=IDLE,uri=null,age=0}] parse RetainableByteBuffer@57e49389{DirectByteBuffer@2fc00118[p=0,l=0,c=8192,r=0]={<<<>>>POST /var...\x00\x00\x00\x00\x00\x00\x00},r=1}
16:06:32.881 [qtp1860886124-32] DEBUG org.eclipse.jetty.http.HttpParser -- parseNext s=START DirectByteBuffer@2fc00118[p=0,l=0,c=8192,r=0]={<<<>>>POST /var...\x00\x00\x00\x00\x00\x00\x00}
16:06:32.881 [qtp1860886124-32] DEBUG org.eclipse.jetty.http.HttpParser -- START --> CLOSED
16:06:32.881 [qtp1860886124-32] DEBUG org.eclipse.jetty.io.AbstractEndPoint -- close NetworkTrafficSocketChannelEndPoint@33ee8b59[{l=/127.0.0.1:8080,r=/127.0.0.1:43028,ISHUT,fill=-,flush=-,to=2/30000}{io=0/0,kio=0,kro=1}]->[HttpConnection@5f8b3974[p=HttpParser{s=CLOSED,0 of -1},g=HttpGenerator@635e2fb4{s=START}]=>HttpChannelOverHttp@167db410{s=HttpChannelState@3a3c334a{s=IDLE rs=BLOCKING os=OPEN is=IDLE awp=false se=false i=true al=0},r=1,c=false/false,a=IDLE,uri=null,age=0}]
16:06:32.881 [qtp1860886124-32] DEBUG org.eclipse.jetty.io.AbstractEndPoint -- close(null) NetworkTrafficSocketChannelEndPoint@33ee8b59[{l=/127.0.0.1:8080,r=/127.0.0.1:43028,ISHUT,fill=-,flush=-,to=2/30000}{io=0/0,kio=0,kro=1}]->[HttpConnection@5f8b3974[p=HttpParser{s=CLOSED,0 of -1},g=HttpGenerator@635e2fb4{s=START}]=>HttpChannelOverHttp@167db410{s=HttpChannelState@3a3c334a{s=IDLE rs=BLOCKING os=OPEN is=IDLE awp=false se=false i=true al=0},r=1,c=false/false,a=IDLE,uri=null,age=0}]
16:06:32.881 [qtp1860886124-32] DEBUG org.eclipse.jetty.io.SelectableChannelEndPoint -- doClose NetworkTrafficSocketChannelEndPoint@33ee8b59[{l=/127.0.0.1:8080,r=/127.0.0.1:43028,CLOSED,fill=-,flush=-,to=2/30000}{io=0/0,kio=0,kro=1}]->[HttpConnection@5f8b3974[p=HttpParser{s=CLOSED,0 of -1},g=HttpGenerator@635e2fb4{s=START}]=>HttpChannelOverHttp@167db410{s=HttpChannelState@3a3c334a{s=IDLE rs=BLOCKING os=OPEN is=IDLE awp=false se=false i=true al=0},r=1,c=false/false,a=IDLE,uri=null,age=0}]
16:06:32.882 [qtp1860886124-32] DEBUG org.eclipse.jetty.io.FillInterest -- onClose FillInterest@38a3f6f6{null}
16:06:32.882 [qtp1860886124-32] DEBUG org.eclipse.jetty.io.ManagedSelector -- Wakeup ManagedSelector@67ec8477{STARTED} id=1 keys=1 selected=0 updates=0
16:06:32.882 [qtp1860886124-32] DEBUG org.eclipse.jetty.util.thread.QueuedThreadPool -- queue org.eclipse.jetty.io.ManagedSelector$DestroyEndPoint@51f71c8c startThread=0
16:06:32.882 [qtp1860886124-27] DEBUG org.eclipse.jetty.io.ManagedSelector -- Selector sun.nio.ch.EPollSelectorImpl@13605ab0 woken with none selected
16:06:32.882 [qtp1860886124-27] DEBUG org.eclipse.jetty.io.ManagedSelector -- Selector sun.nio.ch.EPollSelectorImpl@13605ab0 woken up from select, 0/0/0 selected
16:06:32.882 [qtp1860886124-27] DEBUG org.eclipse.jetty.io.ManagedSelector -- Selector sun.nio.ch.EPollSelectorImpl@13605ab0 processing 0 keys, 0 updates
16:06:32.882 [qtp1860886124-27] DEBUG org.eclipse.jetty.io.ManagedSelector -- updateable 0
16:06:32.882 [qtp1860886124-27] DEBUG org.eclipse.jetty.io.ManagedSelector -- updates 0
16:06:32.882 [qtp1860886124-27] DEBUG org.eclipse.jetty.io.ManagedSelector -- Selector sun.nio.ch.EPollSelectorImpl@13605ab0 waiting with 0 keys
16:06:32.882 [qtp1860886124-33] DEBUG org.eclipse.jetty.util.thread.QueuedThreadPool -- run org.eclipse.jetty.io.ManagedSelector$DestroyEndPoint@51f71c8c in QueuedThreadPool[qtp1860886124]@6eeade6c{STARTED,8<=8<=25,i=0,r=-1,t=56123ms,q=0}[ReservedThreadExecutor@6e28bb87{reserved=1/2,pending=0}]
16:06:32.882 [qtp1860886124-32] DEBUG org.eclipse.jetty.server.HttpConnection -- HttpConnection@5f8b3974::NetworkTrafficSocketChannelEndPoint@33ee8b59[{l=null,r=null,CLOSED,fill=-,flush=-,to=3/30000}{io=0/0,kio=-1,kro=-1}]->[HttpConnection@5f8b3974[p=HttpParser{s=CLOSED,0 of -1},g=HttpGenerator@635e2fb4{s=START}]=>HttpChannelOverHttp@167db410{s=HttpChannelState@3a3c334a{s=IDLE rs=BLOCKING os=OPEN is=IDLE awp=false se=false i=true al=0},r=1,c=false/false,a=IDLE,uri=null,age=0}] parsed false HttpParser{s=CLOSED,0 of -1}
16:06:32.882 [qtp1860886124-32] DEBUG org.eclipse.jetty.server.HttpConnection -- releaseRequestBuffer HttpConnection@5f8b3974::NetworkTrafficSocketChannelEndPoint@33ee8b59[{l=null,r=null,CLOSED,fill=-,flush=-,to=3/30000}{io=0/0,kio=-1,kro=-1}]->[HttpConnection@5f8b3974[p=HttpParser{s=CLOSED,0 of -1},g=HttpGenerator@635e2fb4{s=START}]=>HttpChannelOverHttp@167db410{s=HttpChannelState@3a3c334a{s=IDLE rs=BLOCKING os=OPEN is=IDLE awp=false se=false i=true al=0},r=1,c=false/false,a=IDLE,uri=null,age=0}]
16:06:32.882 [qtp1860886124-33] DEBUG org.eclipse.jetty.io.ManagedSelector -- Destroyed NetworkTrafficSocketChannelEndPoint@33ee8b59[{l=null,r=null,CLOSED,fill=-,flush=-,to=3/30000}{io=0/0,kio=-1,kro=-1}]->[HttpConnection@5f8b3974[p=HttpParser{s=CLOSED,0 of -1},g=HttpGenerator@635e2fb4{s=START}]=>HttpChannelOverHttp@167db410{s=HttpChannelState@3a3c334a{s=IDLE rs=BLOCKING os=OPEN is=IDLE awp=false se=false i=true al=0},r=1,c=false/false,a=IDLE,uri=null,age=0}]
16:06:32.883 [qtp1860886124-32] DEBUG org.eclipse.jetty.io.AbstractEndPoint -- shutdownOutput NetworkTrafficSocketChannelEndPoint@33ee8b59[{l=null,r=null,CLOSED,fill=-,flush=-,to=3/30000}{io=0/0,kio=-1,kro=-1}]->[HttpConnection@5f8b3974[p=HttpParser{s=CLOSED,0 of -1},g=HttpGenerator@635e2fb4{s=START}]=>HttpChannelOverHttp@167db410{s=HttpChannelState@3a3c334a{s=IDLE rs=BLOCKING os=OPEN is=IDLE awp=false se=false i=true al=0},r=1,c=false/false,a=IDLE,uri=null,age=0}]
16:06:32.883 [qtp1860886124-33] DEBUG org.eclipse.jetty.io.AbstractConnection -- onClose HttpConnection@5f8b3974::NetworkTrafficSocketChannelEndPoint@33ee8b59[{l=null,r=null,CLOSED,fill=-,flush=-,to=4/30000}{io=0/0,kio=-1,kro=-1}]->[HttpConnection@5f8b3974[p=HttpParser{s=CLOSED,0 of -1},g=HttpGenerator@635e2fb4{s=START}]=>HttpChannelOverHttp@167db410{s=HttpChannelState@3a3c334a{s=IDLE rs=BLOCKING os=OPEN is=IDLE awp=false se=false i=true al=0},r=1,c=false/false,a=IDLE,uri=null,age=0}]
16:06:32.883 [qtp1860886124-32] DEBUG org.eclipse.jetty.server.HttpConnection -- HttpConnection@5f8b3974::NetworkTrafficSocketChannelEndPoint@33ee8b59[{l=null,r=null,CLOSED,fill=-,flush=-,to=4/30000}{io=0/0,kio=-1,kro=-1}]->[HttpConnection@5f8b3974[p=HttpParser{s=CLOSED,0 of -1},g=HttpGenerator@635e2fb4{s=START}]=>HttpChannelOverHttp@167db410{s=HttpChannelState@3a3c334a{s=IDLE rs=BLOCKING os=OPEN is=IDLE awp=false se=false i=true al=0},r=1,c=false/false,a=IDLE,uri=null,age=0}] onFillable exit HttpChannelState@3a3c334a{s=IDLE rs=BLOCKING os=OPEN is=IDLE awp=false se=false i=true al=0} null
16:06:32.883 [qtp1860886124-33] DEBUG org.eclipse.jetty.util.thread.QueuedThreadPool -- ran org.eclipse.jetty.io.ManagedSelector$DestroyEndPoint@51f71c8c in QueuedThreadPool[qtp1860886124]@6eeade6c{STARTED,8<=8<=25,i=0,r=-1,t=56122ms,q=0}[ReservedThreadExecutor@6e28bb87{reserved=1/2,pending=0}]
16:06:32.883 [qtp1860886124-32] DEBUG org.eclipse.jetty.util.thread.ReservedThreadExecutor -- ReservedThread@707dfad4{RUNNING,thread=Thread[qtp1860886124-32,5,main]} was=RUNNING next=RESERVED size=0+2 capacity=2
16:06:32.883 [qtp1860886124-32] DEBUG org.eclipse.jetty.util.thread.ReservedThreadExecutor -- ReservedThread@707dfad4{RESERVED,thread=Thread[qtp1860886124-32,5,main]} waiting ReservedThreadExecutor@6e28bb87{reserved=2/2,pending=0}
16:06:32.883 [qtp1860886124-33] DEBUG org.eclipse.jetty.util.thread.QueuedThreadPool -- Evict skipped, no excess threads QueuedThreadPool[qtp1860886124]@6eeade6c{STARTED,8<=8<=25,i=1,r=-1,t=56122ms,q=0}[ReservedThreadExecutor@6e28bb87{reserved=2/2,pending=0}]
16:06:32.885 [main] ERROR com.intuit.karate -- classpath:features/variants/createVariant.feature:36
Then status 400
status code was: 404, expected: 400, response time in milliseconds: 66, url: http://localhost:8080/variants, response: 

                                               Request was not matched
                                               =======================

-----------------------------------------------------------------------------------------------------------------------
| Closest stub                                             | Request                                                  |
-----------------------------------------------------------------------------------------------------------------------
                                                           |
POST                                                       | POST
/variants                                                  | /variants
                                                           |
Authorization: Bearer admin-token                          | Authorization: adminToken                           <<<<< Header does not match
                                                           |
                                                           |
-----------------------------------------------------------------------------------------------------------------------

classpath:features/variants/createVariant.feature:36
]]></system-out>
  </testcase>
  <testcase name="testAllFeatures[1][4]" classname="com.exemple.qa.runners.AllKarateTestsRunner" time="0.652">
    <failure message="status code was: 404, expected: 401, response time in milliseconds: 45, url: http://localhost:8080/variants, response: &#10;&#10;                                               Request was not matched&#10;                                               =======================&#10;&#10;-----------------------------------------------------------------------------------------------------------------------&#10;| Closest stub                                             | Request                                                  |&#10;-----------------------------------------------------------------------------------------------------------------------&#10;                                                           |&#10;POST                                                       | POST&#10;/variants                                                  | /variants&#10;                                                           |&#10;Authorization: Bearer user-no-permission                   |                                                     &lt;&lt;&lt;&lt;&lt; Header is not present&#10;                                                           |&#10;                                                           |&#10;-----------------------------------------------------------------------------------------------------------------------&#10;&#10;classpath:features/variants/createVariant.feature:45" type="org.opentest4j.AssertionFailedError"><![CDATA[org.opentest4j.AssertionFailedError: 
status code was: 404, expected: 401, response time in milliseconds: 45, url: http://localhost:8080/variants, response: 

                                               Request was not matched
                                               =======================

-----------------------------------------------------------------------------------------------------------------------
| Closest stub                                             | Request                                                  |
-----------------------------------------------------------------------------------------------------------------------
                                                           |
POST                                                       | POST
/variants                                                  | /variants
                                                           |
Authorization: Bearer user-no-permission                   |                                                     <<<<< Header is not present
                                                           |
                                                           |
-----------------------------------------------------------------------------------------------------------------------

classpath:features/variants/createVariant.feature:45
]]></failure>
    <system-out><![CDATA[16:06:32.909 [main] DEBUG com.intuit.karate.core.ScenarioEngine -- over-writing existing variable 'adminToken' with new value: 'Bearer admin-token'
16:06:32.910 [main] DEBUG com.intuit.karate.core.ScenarioEngine -- over-writing existing variable 'userNoPermissionToken' with new value: 'Bearer user-no-permission'
16:06:32.913 [main] WARN com.intuit.karate -- remove failed: variable is null or not set 'header'
16:06:32.914 [main] DEBUG com.jayway.jsonpath.internal.path.CompiledPath -- Evaluating path: $
16:06:32.916 [main] DEBUG org.apache.http.client.protocol.RequestAddCookies -- CookieSpec selected: karate
16:06:32.916 [main] DEBUG org.apache.http.client.protocol.RequestAuthCache -- Auth cache not set in the context
16:06:32.916 [main] DEBUG com.intuit.karate -- request:
1 > POST http://localhost:8080/variants
1 > Content-Type: application/json; charset=UTF-8
1 > Content-Length: 59
1 > Host: localhost:8080
1 > Connection: Keep-Alive
1 > User-Agent: Apache-HttpClient/4.5.14 (Java/17.0.15)
1 > Accept-Encoding: gzip,deflate
{"product_id":"prod-456","name":"Variant Test","price":100}

16:06:32.917 [main] DEBUG org.apache.http.impl.conn.PoolingHttpClientConnectionManager -- Connection request: [route: {}->http://localhost:8080][total available: 0; route allocated: 0 of 5; total allocated: 0 of 10]
16:06:32.917 [main] DEBUG org.apache.http.impl.conn.PoolingHttpClientConnectionManager -- Connection leased: [id: 3][route: {}->http://localhost:8080][total available: 0; route allocated: 1 of 5; total allocated: 1 of 10]
16:06:32.917 [main] DEBUG org.apache.http.impl.execchain.MainClientExec -- Opening connection {}->http://localhost:8080
16:06:32.917 [main] DEBUG org.apache.http.impl.conn.DefaultHttpClientConnectionOperator -- Connecting to localhost/127.0.0.1:8080
16:06:32.918 [main] DEBUG org.apache.http.impl.conn.DefaultHttpClientConnectionOperator -- Connection established 127.0.0.1:43042<->127.0.0.1:8080
16:06:32.918 [main] DEBUG org.apache.http.impl.conn.DefaultManagedHttpClientConnection -- http-outgoing-3: set socket timeout to 30000
16:06:32.918 [qtp1860886124-28-acceptor-0@19593091-NetworkTrafficServerConnector@292d1c71{HTTP/1.1, (http/1.1, h2c)}{0.0.0.0:8080}] DEBUG org.eclipse.jetty.io.ManagedSelector -- Queued change lazy=false Accept@2c710f1f[java.nio.channels.SocketChannel[connected local=/127.0.0.1:8080 remote=/127.0.0.1:43042]] on ManagedSelector@588ffeb{STARTED} id=0 keys=0 selected=0 updates=0
16:06:32.918 [main] DEBUG org.apache.http.impl.execchain.MainClientExec -- Executing request POST /variants HTTP/1.1
16:06:32.918 [qtp1860886124-28-acceptor-0@19593091-NetworkTrafficServerConnector@292d1c71{HTTP/1.1, (http/1.1, h2c)}{0.0.0.0:8080}] DEBUG org.eclipse.jetty.io.ManagedSelector -- Wakeup on submit ManagedSelector@588ffeb{STARTED} id=0 keys=0 selected=0 updates=1
16:06:32.918 [main] DEBUG org.apache.http.impl.execchain.MainClientExec -- Target auth state: UNCHALLENGED
16:06:32.918 [qtp1860886124-31] DEBUG org.eclipse.jetty.io.ManagedSelector -- Selector sun.nio.ch.EPollSelectorImpl@1f751e5c woken with none selected
16:06:32.918 [main] DEBUG org.apache.http.impl.execchain.MainClientExec -- Proxy auth state: UNCHALLENGED
16:06:32.918 [qtp1860886124-31] DEBUG org.eclipse.jetty.io.ManagedSelector -- Selector sun.nio.ch.EPollSelectorImpl@1f751e5c woken up from select, 0/0/0 selected
16:06:32.918 [qtp1860886124-31] DEBUG org.eclipse.jetty.io.ManagedSelector -- Selector sun.nio.ch.EPollSelectorImpl@1f751e5c processing 0 keys, 1 updates
16:06:32.918 [qtp1860886124-31] DEBUG org.eclipse.jetty.io.ManagedSelector -- updateable 1
16:06:32.918 [qtp1860886124-31] DEBUG org.eclipse.jetty.io.ManagedSelector -- update Accept@2c710f1f[java.nio.channels.SocketChannel[connected local=/127.0.0.1:8080 remote=/127.0.0.1:43042]]
16:06:32.918 [qtp1860886124-31] DEBUG org.eclipse.jetty.util.thread.QueuedThreadPool -- queue Accept@2c710f1f[java.nio.channels.SocketChannel[connected local=/127.0.0.1:8080 remote=/127.0.0.1:43042]] startThread=0
16:06:32.918 [qtp1860886124-31] DEBUG org.eclipse.jetty.io.ManagedSelector -- updates 0
16:06:32.918 [qtp1860886124-31] DEBUG org.eclipse.jetty.io.ManagedSelector -- Selector sun.nio.ch.EPollSelectorImpl@1f751e5c waiting with 1 keys
16:06:32.919 [main] DEBUG org.apache.http.headers -- http-outgoing-3 >> POST /variants HTTP/1.1
16:06:32.918 [qtp1860886124-33] DEBUG org.eclipse.jetty.util.thread.QueuedThreadPool -- run Accept@2c710f1f[java.nio.channels.SocketChannel[connected local=/127.0.0.1:8080 remote=/127.0.0.1:43042]] in QueuedThreadPool[qtp1860886124]@6eeade6c{STARTED,8<=8<=25,i=0,r=-1,t=56086ms,q=0}[ReservedThreadExecutor@6e28bb87{reserved=2/2,pending=0}]
16:06:32.919 [main] DEBUG org.apache.http.headers -- http-outgoing-3 >> Content-Type: application/json; charset=UTF-8
16:06:32.919 [main] DEBUG org.apache.http.headers -- http-outgoing-3 >> Content-Length: 59
16:06:32.919 [main] DEBUG org.apache.http.headers -- http-outgoing-3 >> Host: localhost:8080
16:06:32.919 [main] DEBUG org.apache.http.headers -- http-outgoing-3 >> Connection: Keep-Alive
16:06:32.919 [main] DEBUG org.apache.http.headers -- http-outgoing-3 >> User-Agent: Apache-HttpClient/4.5.14 (Java/17.0.15)
16:06:32.919 [main] DEBUG org.apache.http.headers -- http-outgoing-3 >> Accept-Encoding: gzip,deflate
16:06:32.919 [qtp1860886124-33] DEBUG org.eclipse.jetty.io.IdleTimeout -- Setting idle timeout 0 -> 30000 on NetworkTrafficSocketChannelEndPoint@725ee647[{l=/127.0.0.1:8080,r=/127.0.0.1:43042,OPEN,fill=-,flush=-,to=0/30000}{io=0/0,kio=0,kro=0}]->[<null>]
16:06:32.919 [qtp1860886124-33] DEBUG org.eclipse.jetty.io.IdleTimeout -- NetworkTrafficSocketChannelEndPoint@725ee647[{l=/127.0.0.1:8080,r=/127.0.0.1:43042,OPEN,fill=-,flush=-,to=0/30000}{io=0/0,kio=0,kro=0}]->[<null>] idle timeout check, elapsed: 0 ms, remaining: 30000 ms
16:06:32.919 [main] DEBUG org.apache.http.wire -- http-outgoing-3 >> "POST /variants HTTP/1.1[\r][\n]"
16:06:32.919 [main] DEBUG org.apache.http.wire -- http-outgoing-3 >> "Content-Type: application/json; charset=UTF-8[\r][\n]"
16:06:32.919 [main] DEBUG org.apache.http.wire -- http-outgoing-3 >> "Content-Length: 59[\r][\n]"
16:06:32.919 [main] DEBUG org.apache.http.wire -- http-outgoing-3 >> "Host: localhost:8080[\r][\n]"
16:06:32.919 [main] DEBUG org.apache.http.wire -- http-outgoing-3 >> "Connection: Keep-Alive[\r][\n]"
16:06:32.919 [main] DEBUG org.apache.http.wire -- http-outgoing-3 >> "User-Agent: Apache-HttpClient/4.5.14 (Java/17.0.15)[\r][\n]"
16:06:32.919 [main] DEBUG org.apache.http.wire -- http-outgoing-3 >> "Accept-Encoding: gzip,deflate[\r][\n]"
16:06:32.919 [main] DEBUG org.apache.http.wire -- http-outgoing-3 >> "[\r][\n]"
16:06:32.919 [main] DEBUG org.apache.http.wire -- http-outgoing-3 >> "{"product_id":"prod-456","name":"Variant Test","price":100}"
16:06:32.919 [qtp1860886124-33] DEBUG org.eclipse.jetty.server.HttpChannel -- new HttpChannelOverHttp@55edbabc{s=HttpChannelState@425fc54e{s=IDLE rs=BLOCKING os=OPEN is=IDLE awp=false se=false i=true al=0},r=0,c=false/false,a=IDLE,uri=null,age=0} -> NetworkTrafficSocketChannelEndPoint@725ee647[{l=/127.0.0.1:8080,r=/127.0.0.1:43042,OPEN,fill=-,flush=-,to=0/30000}{io=0/0,kio=0,kro=0}]->[<null>],null,HttpChannelState@425fc54e{s=IDLE rs=BLOCKING os=OPEN is=IDLE awp=false se=false i=true al=0}
16:06:32.919 [qtp1860886124-33] DEBUG org.eclipse.jetty.server.HttpConnection -- New HTTP Connection HttpConnection@58195fba::NetworkTrafficSocketChannelEndPoint@725ee647[{l=/127.0.0.1:8080,r=/127.0.0.1:43042,OPEN,fill=-,flush=-,to=0/30000}{io=0/0,kio=0,kro=0}]->[<null>]
16:06:32.919 [qtp1860886124-33] DEBUG org.eclipse.jetty.io.ManagedSelector -- Queued change lazy=true org.eclipse.jetty.io.ManagedSelector$$Lambda$656/0x000073d730584d20@5df0e620 on ManagedSelector@588ffeb{STARTED} id=0 keys=1 selected=0 updates=0
16:06:32.919 [qtp1860886124-33] DEBUG org.eclipse.jetty.io.AbstractEndPoint -- onOpen NetworkTrafficSocketChannelEndPoint@725ee647[{l=/127.0.0.1:8080,r=/127.0.0.1:43042,OPEN,fill=-,flush=-,to=0/30000}{io=0/0,kio=0,kro=0}]->[HttpConnection@58195fba[p=HttpParser{s=START,0 of -1},g=HttpGenerator@65709f78{s=START}]=>HttpChannelOverHttp@55edbabc{s=HttpChannelState@425fc54e{s=IDLE rs=BLOCKING os=OPEN is=IDLE awp=false se=false i=true al=0},r=0,c=false/false,a=IDLE,uri=null,age=0}]
16:06:32.919 [qtp1860886124-33] DEBUG org.eclipse.jetty.io.AbstractConnection -- onOpen HttpConnection@58195fba::NetworkTrafficSocketChannelEndPoint@725ee647[{l=/127.0.0.1:8080,r=/127.0.0.1:43042,OPEN,fill=-,flush=-,to=0/30000}{io=0/0,kio=0,kro=0}]->[HttpConnection@58195fba[p=HttpParser{s=START,0 of -1},g=HttpGenerator@65709f78{s=START}]=>HttpChannelOverHttp@55edbabc{s=HttpChannelState@425fc54e{s=IDLE rs=BLOCKING os=OPEN is=IDLE awp=false se=false i=true al=0},r=0,c=false/false,a=IDLE,uri=null,age=0}]
16:06:32.920 [qtp1860886124-33] DEBUG org.eclipse.jetty.io.AbstractConnection -- fillInterested HttpConnection@58195fba::NetworkTrafficSocketChannelEndPoint@725ee647[{l=/127.0.0.1:8080,r=/127.0.0.1:43042,OPEN,fill=-,flush=-,to=1/30000}{io=0/0,kio=0,kro=0}]->[HttpConnection@58195fba[p=HttpParser{s=START,0 of -1},g=HttpGenerator@65709f78{s=START}]=>HttpChannelOverHttp@55edbabc{s=HttpChannelState@425fc54e{s=IDLE rs=BLOCKING os=OPEN is=IDLE awp=false se=false i=true al=0},r=0,c=false/false,a=IDLE,uri=null,age=0}]
16:06:32.920 [qtp1860886124-33] DEBUG org.eclipse.jetty.io.FillInterest -- interested FillInterest@59b9532d{ReadCallback@4bcf232f{HttpConnection@58195fba::NetworkTrafficSocketChannelEndPoint@725ee647[{l=/127.0.0.1:8080,r=/127.0.0.1:43042,OPEN,fill=FI,flush=-,to=0/30000}{io=0/0,kio=0,kro=0}]->[HttpConnection@58195fba[p=HttpParser{s=START,0 of -1},g=HttpGenerator@65709f78{s=START}]=>HttpChannelOverHttp@55edbabc{s=HttpChannelState@425fc54e{s=IDLE rs=BLOCKING os=OPEN is=IDLE awp=false se=false i=true al=0},r=0,c=false/false,a=IDLE,uri=null,age=0}]}}
16:06:32.920 [qtp1860886124-33] DEBUG org.eclipse.jetty.io.SelectableChannelEndPoint -- changeInterests p=false 0->1 for NetworkTrafficSocketChannelEndPoint@725ee647[{l=/127.0.0.1:8080,r=/127.0.0.1:43042,OPEN,fill=FI,flush=-,to=0/30000}{io=0/1,kio=0,kro=0}]->[HttpConnection@58195fba[p=HttpParser{s=START,0 of -1},g=HttpGenerator@65709f78{s=START}]=>HttpChannelOverHttp@55edbabc{s=HttpChannelState@425fc54e{s=IDLE rs=BLOCKING os=OPEN is=IDLE awp=false se=false i=true al=0},r=0,c=false/false,a=IDLE,uri=null,age=0}]
16:06:32.921 [qtp1860886124-33] DEBUG org.eclipse.jetty.io.ManagedSelector -- Queued change lazy=false org.eclipse.jetty.io.SelectableChannelEndPoint$$Lambda$650/0x000073d730565340@11540d90 on ManagedSelector@588ffeb{STARTED} id=0 keys=1 selected=0 updates=1
16:06:32.921 [qtp1860886124-33] DEBUG org.eclipse.jetty.io.ManagedSelector -- Wakeup on submit ManagedSelector@588ffeb{STARTED} id=0 keys=1 selected=0 updates=2
16:06:32.921 [qtp1860886124-33] DEBUG org.eclipse.jetty.io.ManagedSelector -- Created NetworkTrafficSocketChannelEndPoint@725ee647[{l=/127.0.0.1:8080,r=/127.0.0.1:43042,OPEN,fill=FI,flush=-,to=0/30000}{io=0/1,kio=0,kro=0}]->[HttpConnection@58195fba[p=HttpParser{s=START,0 of -1},g=HttpGenerator@65709f78{s=START}]=>HttpChannelOverHttp@55edbabc{s=HttpChannelState@425fc54e{s=IDLE rs=BLOCKING os=OPEN is=IDLE awp=false se=false i=true al=0},r=0,c=false/false,a=IDLE,uri=null,age=0}]
16:06:32.921 [qtp1860886124-33] DEBUG org.eclipse.jetty.util.thread.QueuedThreadPool -- ran Accept@2c710f1f[java.nio.channels.SocketChannel[connected local=/127.0.0.1:8080 remote=/127.0.0.1:43042]] in QueuedThreadPool[qtp1860886124]@6eeade6c{STARTED,8<=8<=25,i=0,r=-1,t=56084ms,q=0}[ReservedThreadExecutor@6e28bb87{reserved=2/2,pending=0}]
16:06:32.921 [qtp1860886124-33] DEBUG org.eclipse.jetty.util.thread.QueuedThreadPool -- Evict skipped, no excess threads QueuedThreadPool[qtp1860886124]@6eeade6c{STARTED,8<=8<=25,i=1,r=-1,t=56083ms,q=0}[ReservedThreadExecutor@6e28bb87{reserved=2/2,pending=0}]
16:06:32.921 [qtp1860886124-31] DEBUG org.eclipse.jetty.io.ManagedSelector -- Selector sun.nio.ch.EPollSelectorImpl@1f751e5c woken with none selected
16:06:32.922 [qtp1860886124-31] DEBUG org.eclipse.jetty.io.ManagedSelector -- Selector sun.nio.ch.EPollSelectorImpl@1f751e5c woken up from select, 0/0/1 selected
16:06:32.922 [qtp1860886124-31] DEBUG org.eclipse.jetty.io.ManagedSelector -- Selector sun.nio.ch.EPollSelectorImpl@1f751e5c processing 0 keys, 2 updates
16:06:32.922 [qtp1860886124-31] DEBUG org.eclipse.jetty.io.ManagedSelector -- updateable 2
16:06:32.922 [qtp1860886124-31] DEBUG org.eclipse.jetty.io.ManagedSelector -- update org.eclipse.jetty.io.ManagedSelector$$Lambda$656/0x000073d730584d20@5df0e620
16:06:32.922 [qtp1860886124-31] DEBUG org.eclipse.jetty.io.ManagedSelector -- update org.eclipse.jetty.io.SelectableChannelEndPoint$$Lambda$650/0x000073d730565340@11540d90
16:06:32.922 [qtp1860886124-31] DEBUG org.eclipse.jetty.io.SelectableChannelEndPoint -- Key interests updated 0 -> 1 on NetworkTrafficSocketChannelEndPoint@725ee647[{l=/127.0.0.1:8080,r=/127.0.0.1:43042,OPEN,fill=FI,flush=-,to=1/30000}{io=1/1,kio=1,kro=0}]->[HttpConnection@58195fba[p=HttpParser{s=START,0 of -1},g=HttpGenerator@65709f78{s=START}]=>HttpChannelOverHttp@55edbabc{s=HttpChannelState@425fc54e{s=IDLE rs=BLOCKING os=OPEN is=IDLE awp=false se=false i=true al=0},r=0,c=false/false,a=IDLE,uri=null,age=0}]
16:06:32.922 [qtp1860886124-31] DEBUG org.eclipse.jetty.io.ManagedSelector -- updates 0
16:06:32.922 [qtp1860886124-31] DEBUG org.eclipse.jetty.io.ManagedSelector -- Selector sun.nio.ch.EPollSelectorImpl@1f751e5c waiting with 1 keys
16:06:32.922 [qtp1860886124-31] DEBUG org.eclipse.jetty.io.ManagedSelector -- Selector sun.nio.ch.EPollSelectorImpl@1f751e5c woken up from select, 1/1/1 selected
16:06:32.922 [qtp1860886124-31] DEBUG org.eclipse.jetty.io.ManagedSelector -- Selector sun.nio.ch.EPollSelectorImpl@1f751e5c processing 1 keys, 0 updates
16:06:32.922 [qtp1860886124-31] DEBUG org.eclipse.jetty.io.ManagedSelector -- selected 1 channel=java.nio.channels.SocketChannel[connected local=/127.0.0.1:8080 remote=/127.0.0.1:43042], selector=sun.nio.ch.EPollSelectorImpl@1f751e5c, interestOps=1, readyOps=1 NetworkTrafficSocketChannelEndPoint@725ee647[{l=/127.0.0.1:8080,r=/127.0.0.1:43042,OPEN,fill=FI,flush=-,to=2/30000}{io=1/1,kio=1,kro=1}]->[HttpConnection@58195fba[p=HttpParser{s=START,0 of -1},g=HttpGenerator@65709f78{s=START}]=>HttpChannelOverHttp@55edbabc{s=HttpChannelState@425fc54e{s=IDLE rs=BLOCKING os=OPEN is=IDLE awp=false se=false i=true al=0},r=0,c=false/false,a=IDLE,uri=null,age=0}] 
16:06:32.923 [qtp1860886124-31] DEBUG org.eclipse.jetty.io.SelectableChannelEndPoint -- onSelected 1->0 r=true w=false for NetworkTrafficSocketChannelEndPoint@725ee647[{l=/127.0.0.1:8080,r=/127.0.0.1:43042,OPEN,fill=FI,flush=-,to=2/30000}{io=1/0,kio=1,kro=1}]->[HttpConnection@58195fba[p=HttpParser{s=START,0 of -1},g=HttpGenerator@65709f78{s=START}]=>HttpChannelOverHttp@55edbabc{s=HttpChannelState@425fc54e{s=IDLE rs=BLOCKING os=OPEN is=IDLE awp=false se=false i=true al=0},r=0,c=false/false,a=IDLE,uri=null,age=0}]
16:06:32.923 [qtp1860886124-31] DEBUG org.eclipse.jetty.io.SelectableChannelEndPoint -- task NetworkTrafficSocketChannelEndPoint@725ee647[{l=/127.0.0.1:8080,r=/127.0.0.1:43042,OPEN,fill=FI,flush=-,to=2/30000}{io=1/0,kio=1,kro=1}]->[HttpConnection@58195fba[p=HttpParser{s=START,0 of -1},g=HttpGenerator@65709f78{s=START}]=>HttpChannelOverHttp@55edbabc{s=HttpChannelState@425fc54e{s=IDLE rs=BLOCKING os=OPEN is=IDLE awp=false se=false i=true al=0},r=0,c=false/false,a=IDLE,uri=null,age=0}]:runFillable:BLOCKING
16:06:32.923 [qtp1860886124-31] DEBUG org.eclipse.jetty.util.thread.ReservedThreadExecutor -- ReservedThreadExecutor@6e28bb87{reserved=2/2,pending=0} tryExecute org.eclipse.jetty.util.thread.strategy.AdaptiveExecutionStrategy$$Lambda$481/0x000073d7302ada30@34d5c37
16:06:32.923 [qtp1860886124-32] DEBUG org.eclipse.jetty.util.thread.ReservedThreadExecutor -- ReservedThread@707dfad4{RESERVED,thread=Thread[qtp1860886124-32,5,main]} task=org.eclipse.jetty.util.thread.strategy.AdaptiveExecutionStrategy$$Lambda$481/0x000073d7302ada30@34d5c37 ReservedThreadExecutor@6e28bb87{reserved=1/2,pending=0}
16:06:32.923 [qtp1860886124-31] DEBUG org.eclipse.jetty.util.thread.strategy.AdaptiveExecutionStrategy -- ss=EXECUTE_PRODUCE_CONSUME t=NetworkTrafficSocketChannelEndPoint@725ee647[{l=/127.0.0.1:8080,r=/127.0.0.1:43042,OPEN,fill=FI,flush=-,to=2/30000}{io=1/0,kio=1,kro=1}]->[HttpConnection@58195fba[p=HttpParser{s=START,0 of -1},g=HttpGenerator@65709f78{s=START}]=>HttpChannelOverHttp@55edbabc{s=HttpChannelState@425fc54e{s=IDLE rs=BLOCKING os=OPEN is=IDLE awp=false se=false i=true al=0},r=0,c=false/false,a=IDLE,uri=null,age=0}]:runFillable:BLOCKING/BLOCKING AdaptiveExecutionStrategy@2d84cb86/SelectorProducer@71a3a190/IDLE/p=true/QueuedThreadPool[qtp1860886124]@6eeade6c{STARTED,8<=8<=25,i=1,r=-1,t=56082ms,q=0}[ReservedThreadExecutor@6e28bb87{reserved=1/2,pending=0}][pc=0,pic=0,pec=0,epc=1]@2025-07-13T16:06:32.92366248+01:00
16:06:32.923 [qtp1860886124-31] DEBUG org.eclipse.jetty.io.FillInterest -- fillable FillInterest@59b9532d{ReadCallback@4bcf232f{HttpConnection@58195fba::NetworkTrafficSocketChannelEndPoint@725ee647[{l=/127.0.0.1:8080,r=/127.0.0.1:43042,OPEN,fill=FI,flush=-,to=3/30000}{io=1/0,kio=1,kro=1}]->[HttpConnection@58195fba[p=HttpParser{s=START,0 of -1},g=HttpGenerator@65709f78{s=START}]=>HttpChannelOverHttp@55edbabc{s=HttpChannelState@425fc54e{s=IDLE rs=BLOCKING os=OPEN is=IDLE awp=false se=false i=true al=0},r=0,c=false/false,a=IDLE,uri=null,age=0}]}}
16:06:32.923 [qtp1860886124-32] DEBUG org.eclipse.jetty.util.thread.strategy.AdaptiveExecutionStrategy -- AdaptiveExecutionStrategy@2d84cb86/SelectorProducer@71a3a190/IDLE/p=true/QueuedThreadPool[qtp1860886124]@6eeade6c{STARTED,8<=8<=25,i=1,r=-1,t=56081ms,q=0}[ReservedThreadExecutor@6e28bb87{reserved=1/2,pending=0}][pc=0,pic=0,pec=0,epc=2]@2025-07-13T16:06:32.923872094+01:00 tryProduce true
16:06:32.923 [qtp1860886124-32] DEBUG org.eclipse.jetty.io.ManagedSelector -- updateable 0
16:06:32.924 [qtp1860886124-32] DEBUG org.eclipse.jetty.io.ManagedSelector -- updates 0
16:06:32.923 [qtp1860886124-31] DEBUG org.eclipse.jetty.server.HttpConnection -- HttpConnection@58195fba::NetworkTrafficSocketChannelEndPoint@725ee647[{l=/127.0.0.1:8080,r=/127.0.0.1:43042,OPEN,fill=-,flush=-,to=3/30000}{io=1/0,kio=1,kro=1}]->[HttpConnection@58195fba[p=HttpParser{s=START,0 of -1},g=HttpGenerator@65709f78{s=START}]=>HttpChannelOverHttp@55edbabc{s=HttpChannelState@425fc54e{s=IDLE rs=BLOCKING os=OPEN is=IDLE awp=false se=false i=true al=0},r=0,c=false/false,a=IDLE,uri=null,age=0}] onFillable enter HttpChannelState@425fc54e{s=IDLE rs=BLOCKING os=OPEN is=IDLE awp=false se=false i=true al=0} null
16:06:32.924 [qtp1860886124-32] DEBUG org.eclipse.jetty.io.SelectableChannelEndPoint -- Key interests updated 1 -> 0 on NetworkTrafficSocketChannelEndPoint@725ee647[{l=/127.0.0.1:8080,r=/127.0.0.1:43042,OPEN,fill=-,flush=-,to=3/30000}{io=0/0,kio=0,kro=1}]->[HttpConnection@58195fba[p=HttpParser{s=START,0 of -1},g=HttpGenerator@65709f78{s=START}]=>HttpChannelOverHttp@55edbabc{s=HttpChannelState@425fc54e{s=IDLE rs=BLOCKING os=OPEN is=IDLE awp=false se=false i=true al=0},r=0,c=false/false,a=IDLE,uri=null,age=0}]
16:06:32.924 [qtp1860886124-32] DEBUG org.eclipse.jetty.io.ManagedSelector -- Selector sun.nio.ch.EPollSelectorImpl@1f751e5c waiting with 1 keys
16:06:32.924 [qtp1860886124-31] DEBUG org.eclipse.jetty.io.SocketChannelEndPoint -- filled 283 DirectByteBuffer@2fc00118[p=0,l=283,c=8192,r=283]={<<<POST /variants HTTP/1.1\r\n...iant Test","price":100}>>>"Variant ...\x00\x00\x00\x00\x00\x00\x00}
16:06:32.924 [qtp1860886124-31] DEBUG org.eclipse.jetty.server.HttpConnection -- HttpConnection@58195fba::NetworkTrafficSocketChannelEndPoint@725ee647[{l=/127.0.0.1:8080,r=/127.0.0.1:43042,OPEN,fill=-,flush=-,to=0/30000}{io=0/0,kio=0,kro=1}]->[HttpConnection@58195fba[p=HttpParser{s=START,0 of -1},g=HttpGenerator@65709f78{s=START}]=>HttpChannelOverHttp@55edbabc{s=HttpChannelState@425fc54e{s=IDLE rs=BLOCKING os=OPEN is=IDLE awp=false se=false i=true al=0},r=0,c=false/false,a=IDLE,uri=null,age=0}] filled 283 RetainableByteBuffer@57e49389{DirectByteBuffer@2fc00118[p=0,l=283,c=8192,r=283]={<<<POST /variants HTTP/1.1\r\n...iant Test","price":100}>>>"Variant ...\x00\x00\x00\x00\x00\x00\x00},r=1}
16:06:32.924 [qtp1860886124-31] DEBUG org.eclipse.jetty.server.HttpConnection -- HttpConnection@58195fba::NetworkTrafficSocketChannelEndPoint@725ee647[{l=/127.0.0.1:8080,r=/127.0.0.1:43042,OPEN,fill=-,flush=-,to=0/30000}{io=0/0,kio=0,kro=1}]->[HttpConnection@58195fba[p=HttpParser{s=START,0 of -1},g=HttpGenerator@65709f78{s=START}]=>HttpChannelOverHttp@55edbabc{s=HttpChannelState@425fc54e{s=IDLE rs=BLOCKING os=OPEN is=IDLE awp=false se=false i=true al=0},r=0,c=false/false,a=IDLE,uri=null,age=0}] parse RetainableByteBuffer@57e49389{DirectByteBuffer@2fc00118[p=0,l=283,c=8192,r=283]={<<<POST /variants HTTP/1.1\r\n...iant Test","price":100}>>>"Variant ...\x00\x00\x00\x00\x00\x00\x00},r=1}
16:06:32.924 [qtp1860886124-31] DEBUG org.eclipse.jetty.http.HttpParser -- parseNext s=START DirectByteBuffer@2fc00118[p=0,l=283,c=8192,r=283]={<<<POST /variants HTTP/1.1\r\n...iant Test","price":100}>>>"Variant ...\x00\x00\x00\x00\x00\x00\x00}
16:06:32.924 [qtp1860886124-31] DEBUG org.eclipse.jetty.http.HttpParser -- START --> SPACE1
16:06:32.924 [qtp1860886124-31] DEBUG org.eclipse.jetty.http.HttpParser -- SPACE1 --> URI
16:06:32.924 [qtp1860886124-31] DEBUG org.eclipse.jetty.http.HttpParser -- URI --> SPACE2
16:06:32.924 [qtp1860886124-31] DEBUG org.eclipse.jetty.http.HttpParser -- SPACE2 --> REQUEST_VERSION
16:06:32.925 [qtp1860886124-31] DEBUG org.eclipse.jetty.http.HttpParser -- REQUEST_VERSION --> HEADER
16:06:32.925 [qtp1860886124-31] DEBUG org.eclipse.jetty.http.HttpParser -- HEADER:Content-Type: application/json; charset=UTF-8 --> IN_VALUE
16:06:32.925 [qtp1860886124-31] DEBUG org.eclipse.jetty.http.HttpParser -- HEADER:Content-Type: application/json; charset=UTF-8 --> FIELD
16:06:32.925 [qtp1860886124-31] DEBUG org.eclipse.jetty.http.HttpParser -- parsedHeader(Content-Type: application/json; charset=UTF-8) header=Content-Type, headerString=[Content-Type], valueString=[application/json; charset=UTF-8]
16:06:32.925 [qtp1860886124-31] DEBUG org.eclipse.jetty.http.HttpParser -- HEADER:Content-Length --> VALUE
16:06:32.925 [qtp1860886124-31] DEBUG org.eclipse.jetty.http.HttpParser -- HEADER:Content-Length --> IN_VALUE
16:06:32.925 [qtp1860886124-31] DEBUG org.eclipse.jetty.http.HttpParser -- HEADER:Content-Length --> FIELD
16:06:32.925 [qtp1860886124-31] DEBUG org.eclipse.jetty.http.HttpParser -- parsedHeader(null) header=Content-Length, headerString=[Content-Length], valueString=[59]
16:06:32.925 [qtp1860886124-31] DEBUG org.eclipse.jetty.http.HttpParser -- HEADER:Host --> VALUE
16:06:32.925 [qtp1860886124-31] DEBUG org.eclipse.jetty.http.HttpParser -- HEADER:Host --> IN_VALUE
16:06:32.925 [qtp1860886124-31] DEBUG org.eclipse.jetty.http.HttpParser -- HEADER:Host --> FIELD
16:06:32.925 [qtp1860886124-31] DEBUG org.eclipse.jetty.http.HttpParser -- parsedHeader(Host: localhost:8080) header=Host, headerString=[Host], valueString=[localhost:8080]
16:06:32.925 [qtp1860886124-31] DEBUG org.eclipse.jetty.http.HttpParser -- HEADER:Connection: keep-alive --> IN_VALUE
16:06:32.925 [qtp1860886124-31] DEBUG org.eclipse.jetty.http.HttpParser -- HEADER:Connection: keep-alive --> FIELD
16:06:32.925 [qtp1860886124-31] DEBUG org.eclipse.jetty.http.HttpParser -- parsedHeader(Connection: keep-alive) header=Connection, headerString=[Connection], valueString=[keep-alive]
16:06:32.925 [qtp1860886124-31] DEBUG org.eclipse.jetty.http.HttpParser -- HEADER:User-Agent --> VALUE
16:06:32.925 [qtp1860886124-31] DEBUG org.eclipse.jetty.http.HttpParser -- HEADER:User-Agent --> IN_VALUE
16:06:32.925 [qtp1860886124-31] DEBUG org.eclipse.jetty.http.HttpParser -- HEADER:User-Agent --> FIELD
16:06:32.925 [qtp1860886124-31] DEBUG org.eclipse.jetty.http.HttpParser -- parsedHeader(User-Agent: Apache-HttpClient/4.5.14 (Java/17.0.15)) header=User-Agent, headerString=[User-Agent], valueString=[Apache-HttpClient/4.5.14 (Java/17.0.15)]
16:06:32.925 [qtp1860886124-31] DEBUG org.eclipse.jetty.http.HttpParser -- HEADER:Accept-Encoding --> IN_VALUE
16:06:32.925 [qtp1860886124-31] DEBUG org.eclipse.jetty.http.HttpParser -- HEADER:Accept-Encoding --> FIELD
16:06:32.925 [qtp1860886124-31] DEBUG org.eclipse.jetty.http.HttpParser -- parsedHeader(Accept-Encoding: gzip,deflate) header=Accept-Encoding, headerString=[Accept-Encoding], valueString=[gzip,deflate]
16:06:32.925 [qtp1860886124-31] DEBUG org.eclipse.jetty.http.HttpParser -- HEADER --> CONTENT
16:06:32.925 [qtp1860886124-31] DEBUG org.eclipse.jetty.server.HttpInput -- reopen HttpInput@1269844369 cs=HttpChannelState@425fc54e{s=IDLE rs=BLOCKING os=OPEN is=IDLE awp=false se=false i=true al=0} cp=org.eclipse.jetty.server.BlockingContentProducer@320032a0 eof=false
16:06:32.925 [qtp1860886124-31] DEBUG org.eclipse.jetty.server.BlockingContentProducer -- reopening org.eclipse.jetty.server.BlockingContentProducer@320032a0
16:06:32.925 [qtp1860886124-31] DEBUG org.eclipse.jetty.server.AsyncContentProducer -- reopening AsyncContentProducer@65c6ccc1[r=null,t=null,i=null,error=false,c=HttpChannelOverHttp@55edbabc{s=HttpChannelState@425fc54e{s=IDLE rs=BLOCKING os=OPEN is=IDLE awp=false se=false i=true al=0},r=1,c=false/false,a=IDLE,uri=null,age=0}]
16:06:32.926 [qtp1860886124-31] DEBUG org.eclipse.jetty.server.HttpChannel -- REQUEST for /variants on HttpChannelOverHttp@55edbabc{s=HttpChannelState@425fc54e{s=IDLE rs=BLOCKING os=OPEN is=IDLE awp=false se=false i=true al=0},r=1,c=false/false,a=IDLE,uri=http://localhost:8080/variants,age=1}
POST /variants HTTP/1.1
Content-Type: application/json; charset=UTF-8
Content-Length: 59
Host: localhost:8080
Connection: keep-alive
User-Agent: Apache-HttpClient/4.5.14 (Java/17.0.15)
Accept-Encoding: gzip,deflate


16:06:32.926 [qtp1860886124-31] DEBUG org.eclipse.jetty.server.HttpConnection -- HttpConnection@58195fba::NetworkTrafficSocketChannelEndPoint@725ee647[{l=/127.0.0.1:8080,r=/127.0.0.1:43042,OPEN,fill=-,flush=-,to=1/30000}{io=0/0,kio=0,kro=1}]->[HttpConnection@58195fba[p=HttpParser{s=CONTENT,0 of 59},g=HttpGenerator@65709f78{s=START}]=>HttpChannelOverHttp@55edbabc{s=HttpChannelState@425fc54e{s=IDLE rs=BLOCKING os=OPEN is=IDLE awp=false se=false i=true al=0},r=1,c=false/false,a=IDLE,uri=http://localhost:8080/variants,age=1}] parsed true HttpParser{s=CONTENT,0 of 59}
16:06:32.926 [qtp1860886124-31] DEBUG org.eclipse.jetty.server.HttpChannel -- handle http://localhost:8080/variants HttpChannelOverHttp@55edbabc{s=HttpChannelState@425fc54e{s=IDLE rs=BLOCKING os=OPEN is=IDLE awp=false se=false i=true al=0},r=1,c=false/false,a=IDLE,uri=http://localhost:8080/variants,age=1} 
16:06:32.926 [qtp1860886124-31] DEBUG org.eclipse.jetty.server.HttpChannelState -- handling HttpChannelState@425fc54e{s=IDLE rs=BLOCKING os=OPEN is=IDLE awp=false se=false i=true al=0}
16:06:32.926 [qtp1860886124-31] DEBUG org.eclipse.jetty.server.HttpChannel -- action DISPATCH HttpChannelOverHttp@55edbabc{s=HttpChannelState@425fc54e{s=HANDLING rs=BLOCKING os=OPEN is=IDLE awp=false se=false i=true al=0},r=1,c=false/false,a=HANDLING,uri=http://localhost:8080/variants,age=1}
16:06:32.926 [qtp1860886124-31] DEBUG org.eclipse.jetty.server.Server -- REQUEST POST /variants ?null on HttpChannelOverHttp@55edbabc{s=HttpChannelState@425fc54e{s=HANDLING rs=BLOCKING os=OPEN is=IDLE awp=false se=false i=true al=0},r=1,c=false/false,a=HANDLING,uri=http://localhost:8080/variants,age=1}
16:06:32.926 [qtp1860886124-31] DEBUG org.eclipse.jetty.server.handler.ContextHandler -- scope null||/variants @ o.e.j.s.ServletContextHandler@c7a975a{/__admin,null,AVAILABLE}
16:06:32.926 [qtp1860886124-31] DEBUG org.eclipse.jetty.server.handler.gzip.GzipHandler -- GzipHandler@6de54b40{STARTED,min=32,inflate=-1} handle Request(POST http://localhost:8080/variants)@30ed8e62 in null
16:06:32.926 [qtp1860886124-31] DEBUG org.eclipse.jetty.server.handler.ContextHandler -- scope null||/variants @ o.e.j.s.ServletContextHandler@6e521c1e{/,null,AVAILABLE}
16:06:32.926 [qtp1860886124-31] DEBUG org.eclipse.jetty.server.handler.ContextHandler -- context=||/variants @ o.e.j.s.ServletContextHandler@6e521c1e{/,null,AVAILABLE}
16:06:32.926 [qtp1860886124-31] DEBUG org.eclipse.jetty.servlet.ServletHandler -- servlet |/variants|null|ServletPathMapping{matchValue=, pattern=/, servletName=com.github.tomakehurst.wiremock.servlet.WireMockHandlerDispatchingServlet-439a8f59, mappingMatch=DEFAULT, servletPath=/variants, pathInfo=null} -> com.github.tomakehurst.wiremock.servlet.WireMockHandlerDispatchingServlet-439a8f59==com.github.tomakehurst.wiremock.servlet.WireMockHandlerDispatchingServlet@68bafea7{jsp=null,order=1,inst=true,async=true,src=EMBEDDED:null,STARTED}
16:06:32.927 [qtp1860886124-31] DEBUG org.eclipse.jetty.servlet.ServletHandler -- chain=ChainEnd@7d47ecae(com.github.tomakehurst.wiremock.servlet.WireMockHandlerDispatchingServlet-439a8f59==com.github.tomakehurst.wiremock.servlet.WireMockHandlerDispatchingServlet@68bafea7{jsp=null,order=1,inst=true,async=true,src=EMBEDDED:null,STARTED})
16:06:32.927 [qtp1860886124-31] DEBUG org.eclipse.jetty.server.AsyncContentProducer -- checkMinDataRate [m=0,t=-9223372036854775808] AsyncContentProducer@65c6ccc1[r=null,t=null,i=null,error=false,c=HttpChannelOverHttp@55edbabc{s=HttpChannelState@425fc54e{s=HANDLING rs=BLOCKING os=OPEN is=IDLE awp=false se=false i=true al=0},r=1,c=false/false,a=HANDLING,uri=http://localhost:8080/variants,age=2}]
16:06:32.927 [qtp1860886124-31] DEBUG org.eclipse.jetty.server.AsyncContentProducer -- nextTransformedContent AsyncContentProducer@65c6ccc1[r=null,t=null,i=null,error=false,c=HttpChannelOverHttp@55edbabc{s=HttpChannelState@425fc54e{s=HANDLING rs=BLOCKING os=OPEN is=IDLE awp=false se=false i=true al=0},r=1,c=false/false,a=HANDLING,uri=http://localhost:8080/variants,age=2}]
16:06:32.927 [qtp1860886124-31] DEBUG org.eclipse.jetty.server.AsyncContentProducer -- producing new raw content AsyncContentProducer@65c6ccc1[r=null,t=null,i=null,error=false,c=HttpChannelOverHttp@55edbabc{s=HttpChannelState@425fc54e{s=HANDLING rs=BLOCKING os=OPEN is=IDLE awp=false se=false i=true al=0},r=1,c=false/false,a=HANDLING,uri=http://localhost:8080/variants,age=2}]
16:06:32.927 [qtp1860886124-31] DEBUG org.eclipse.jetty.server.HttpChannelOverHttp -- produceContent has no content, parsing and filling
16:06:32.927 [qtp1860886124-31] DEBUG org.eclipse.jetty.server.HttpConnection -- HttpConnection@58195fba::NetworkTrafficSocketChannelEndPoint@725ee647[{l=/127.0.0.1:8080,r=/127.0.0.1:43042,OPEN,fill=-,flush=-,to=3/30000}{io=0/0,kio=0,kro=1}]->[HttpConnection@58195fba[p=HttpParser{s=CONTENT,0 of 59},g=HttpGenerator@65709f78{s=START}]=>HttpChannelOverHttp@55edbabc{s=HttpChannelState@425fc54e{s=HANDLING rs=BLOCKING os=OPEN is=IDLE awp=false se=false i=true al=0},r=1,c=false/false,a=HANDLING,uri=http://localhost:8080/variants,age=2}] parse RetainableByteBuffer@57e49389{DirectByteBuffer@2fc00118[p=224,l=283,c=8192,r=59]={POST /var...ate\r\n\r\n<<<{"product_id":"prod-456",...iant Test","price":100}>>>"Variant ...\x00\x00\x00\x00\x00\x00\x00},r=1}
16:06:32.928 [qtp1860886124-31] DEBUG org.eclipse.jetty.http.HttpParser -- parseNext s=CONTENT DirectByteBuffer@2fc00118[p=224,l=283,c=8192,r=59]={POST /var...ate\r\n\r\n<<<{"product_id":"prod-456",...iant Test","price":100}>>>"Variant ...\x00\x00\x00\x00\x00\x00\x00}
16:06:32.928 [qtp1860886124-31] DEBUG org.eclipse.jetty.server.HttpChannel -- onContent HttpChannelOverHttp@55edbabc{s=HttpChannelState@425fc54e{s=HANDLING rs=BLOCKING os=OPEN is=IDLE awp=false se=false i=true al=0},r=1,c=false/false,a=HANDLING,uri=http://localhost:8080/variants,age=3} Content@79d8a52f{DirectByteBufferR@4a7e0d86[p=224,l=283,c=8192,r=59]={POST /var...ate\r\n\r\n<<<{"product_id":"prod-456",...iant Test","price":100}>>>"Variant ...\x00\x00\x00\x00\x00\x00\x00},spc=false,eof=false,err=null}
16:06:32.928 [qtp1860886124-31] DEBUG org.eclipse.jetty.server.HttpConnection -- HttpConnection@58195fba::NetworkTrafficSocketChannelEndPoint@725ee647[{l=/127.0.0.1:8080,r=/127.0.0.1:43042,OPEN,fill=-,flush=-,to=4/30000}{io=0/0,kio=0,kro=1}]->[HttpConnection@58195fba[p=HttpParser{s=CONTENT,59 of 59},g=HttpGenerator@65709f78{s=START}]=>HttpChannelOverHttp@55edbabc{s=HttpChannelState@425fc54e{s=HANDLING rs=BLOCKING os=OPEN is=IDLE awp=false se=false i=true al=0},r=1,c=false/false,a=HANDLING,uri=http://localhost:8080/variants,age=3}] parsed true HttpParser{s=CONTENT,59 of 59}
16:06:32.928 [qtp1860886124-31] DEBUG org.eclipse.jetty.server.HttpChannelOverHttp -- produceContent produced Content@79d8a52f{DirectByteBufferR@4a7e0d86[p=224,l=283,c=8192,r=59]={POST /var...ate\r\n\r\n<<<{"product_id":"prod-456",...iant Test","price":100}>>>"Variant ...\x00\x00\x00\x00\x00\x00\x00},spc=false,eof=false,err=null}
16:06:32.928 [qtp1860886124-31] DEBUG org.eclipse.jetty.server.AsyncContentProducer -- produceRawContent updated rawContentArrived to 59 and firstByteTimeStamp to 10124523986665 AsyncContentProducer@65c6ccc1[r=null,t=null,i=null,error=false,c=HttpChannelOverHttp@55edbabc{s=HttpChannelState@425fc54e{s=HANDLING rs=BLOCKING os=OPEN is=IDLE awp=false se=false i=true al=0},r=1,c=false/false,a=HANDLING,uri=http://localhost:8080/variants,age=3}]
16:06:32.928 [qtp1860886124-31] DEBUG org.eclipse.jetty.server.AsyncContentProducer -- produceRawContent produced Content@79d8a52f{DirectByteBufferR@4a7e0d86[p=224,l=283,c=8192,r=59]={POST /var...ate\r\n\r\n<<<{"product_id":"prod-456",...iant Test","price":100}>>>"Variant ...\x00\x00\x00\x00\x00\x00\x00},spc=false,eof=false,err=null} AsyncContentProducer@65c6ccc1[r=null,t=null,i=null,error=false,c=HttpChannelOverHttp@55edbabc{s=HttpChannelState@425fc54e{s=HANDLING rs=BLOCKING os=OPEN is=IDLE awp=false se=false i=true al=0},r=1,c=false/false,a=HANDLING,uri=http://localhost:8080/variants,age=3}]
16:06:32.928 [qtp1860886124-31] DEBUG org.eclipse.jetty.server.AsyncContentProducer -- transforming raw content AsyncContentProducer@65c6ccc1[r=Content@79d8a52f{DirectByteBufferR@4a7e0d86[p=224,l=283,c=8192,r=59]={POST /var...ate\r\n\r\n<<<{"product_id":"prod-456",...iant Test","price":100}>>>"Variant ...\x00\x00\x00\x00\x00\x00\x00},spc=false,eof=false,err=null},t=null,i=null,error=false,c=HttpChannelOverHttp@55edbabc{s=HttpChannelState@425fc54e{s=HANDLING rs=BLOCKING os=OPEN is=IDLE awp=false se=false i=true al=0},r=1,c=false/false,a=HANDLING,uri=http://localhost:8080/variants,age=3}]
16:06:32.928 [qtp1860886124-31] DEBUG org.eclipse.jetty.server.AsyncContentProducer -- no interceptor, transformed content is raw content AsyncContentProducer@65c6ccc1[r=Content@79d8a52f{DirectByteBufferR@4a7e0d86[p=224,l=283,c=8192,r=59]={POST /var...ate\r\n\r\n<<<{"product_id":"prod-456",...iant Test","price":100}>>>"Variant ...\x00\x00\x00\x00\x00\x00\x00},spc=false,eof=false,err=null},t=null,i=null,error=false,c=HttpChannelOverHttp@55edbabc{s=HttpChannelState@425fc54e{s=HANDLING rs=BLOCKING os=OPEN is=IDLE awp=false se=false i=true al=0},r=1,c=false/false,a=HANDLING,uri=http://localhost:8080/variants,age=3}]
16:06:32.928 [qtp1860886124-31] DEBUG org.eclipse.jetty.server.AsyncContentProducer -- transformed content not yet depleted, returning it AsyncContentProducer@65c6ccc1[r=Content@79d8a52f{DirectByteBufferR@4a7e0d86[p=224,l=283,c=8192,r=59]={POST /var...ate\r\n\r\n<<<{"product_id":"prod-456",...iant Test","price":100}>>>"Variant ...\x00\x00\x00\x00\x00\x00\x00},spc=false,eof=false,err=null},t=Content@79d8a52f{DirectByteBufferR@4a7e0d86[p=224,l=283,c=8192,r=59]={POST /var...ate\r\n\r\n<<<{"product_id":"prod-456",...iant Test","price":100}>>>"Variant ...\x00\x00\x00\x00\x00\x00\x00},spc=false,eof=false,err=null},i=null,error=false,c=HttpChannelOverHttp@55edbabc{s=HttpChannelState@425fc54e{s=HANDLING rs=BLOCKING os=OPEN is=IDLE awp=false se=false i=true al=0},r=1,c=false/false,a=HANDLING,uri=http://localhost:8080/variants,age=3}]
16:06:32.928 [qtp1860886124-31] DEBUG org.eclipse.jetty.server.AsyncContentProducer -- nextContent = Content@79d8a52f{DirectByteBufferR@4a7e0d86[p=224,l=283,c=8192,r=59]={POST /var...ate\r\n\r\n<<<{"product_id":"prod-456",...iant Test","price":100}>>>"Variant ...\x00\x00\x00\x00\x00\x00\x00},spc=false,eof=false,err=null} AsyncContentProducer@65c6ccc1[r=Content@79d8a52f{DirectByteBufferR@4a7e0d86[p=224,l=283,c=8192,r=59]={POST /var...ate\r\n\r\n<<<{"product_id":"prod-456",...iant Test","price":100}>>>"Variant ...\x00\x00\x00\x00\x00\x00\x00},spc=false,eof=false,err=null},t=Content@79d8a52f{DirectByteBufferR@4a7e0d86[p=224,l=283,c=8192,r=59]={POST /var...ate\r\n\r\n<<<{"product_id":"prod-456",...iant Test","price":100}>>>"Variant ...\x00\x00\x00\x00\x00\x00\x00},spc=false,eof=false,err=null},i=null,error=false,c=HttpChannelOverHttp@55edbabc{s=HttpChannelState@425fc54e{s=HANDLING rs=BLOCKING os=OPEN is=IDLE awp=false se=false i=true al=0},r=1,c=false/false,a=HANDLING,uri=http://localhost:8080/variants,age=4}]
16:06:32.929 [qtp1860886124-31] DEBUG org.eclipse.jetty.server.HttpChannelState -- onReadIdle HttpChannelState@425fc54e{s=HANDLING rs=BLOCKING os=OPEN is=IDLE awp=false se=false i=true al=0}
16:06:32.929 [qtp1860886124-31] DEBUG org.eclipse.jetty.server.BlockingContentProducer -- nextContent async producer returned Content@79d8a52f{DirectByteBufferR@4a7e0d86[p=224,l=283,c=8192,r=59]={POST /var...ate\r\n\r\n<<<{"product_id":"prod-456",...iant Test","price":100}>>>"Variant ...\x00\x00\x00\x00\x00\x00\x00},spc=false,eof=false,err=null}
16:06:32.929 [qtp1860886124-31] DEBUG org.eclipse.jetty.server.HttpInput -- read produced 59 byte(s) HttpInput@1269844369 cs=HttpChannelState@425fc54e{s=HANDLING rs=BLOCKING os=OPEN is=IDLE awp=false se=false i=true al=0} cp=org.eclipse.jetty.server.BlockingContentProducer@320032a0 eof=false
16:06:32.929 [qtp1860886124-31] DEBUG org.eclipse.jetty.server.AsyncContentProducer -- reclaim Content@79d8a52f{DirectByteBufferR@4a7e0d86[p=283,l=283,c=8192,r=0]={POST /var...e":100}<<<>>>"Variant ...\x00\x00\x00\x00\x00\x00\x00},spc=false,eof=false,err=null} AsyncContentProducer@65c6ccc1[r=Content@79d8a52f{DirectByteBufferR@4a7e0d86[p=283,l=283,c=8192,r=0]={POST /var...e":100}<<<>>>"Variant ...\x00\x00\x00\x00\x00\x00\x00},spc=false,eof=false,err=null},t=Content@79d8a52f{DirectByteBufferR@4a7e0d86[p=283,l=283,c=8192,r=0]={POST /var...e":100}<<<>>>"Variant ...\x00\x00\x00\x00\x00\x00\x00},spc=false,eof=false,err=null},i=null,error=false,c=HttpChannelOverHttp@55edbabc{s=HttpChannelState@425fc54e{s=HANDLING rs=BLOCKING os=OPEN is=IDLE awp=false se=false i=true al=0},r=1,c=false/false,a=HANDLING,uri=http://localhost:8080/variants,age=4}]
16:06:32.929 [qtp1860886124-31] DEBUG org.eclipse.jetty.server.AsyncContentProducer -- checkMinDataRate [m=0,t=10124523986665] AsyncContentProducer@65c6ccc1[r=null,t=null,i=null,error=false,c=HttpChannelOverHttp@55edbabc{s=HttpChannelState@425fc54e{s=HANDLING rs=BLOCKING os=OPEN is=IDLE awp=false se=false i=true al=0},r=1,c=false/false,a=HANDLING,uri=http://localhost:8080/variants,age=4}]
16:06:32.929 [qtp1860886124-31] DEBUG org.eclipse.jetty.server.AsyncContentProducer -- nextTransformedContent AsyncContentProducer@65c6ccc1[r=null,t=null,i=null,error=false,c=HttpChannelOverHttp@55edbabc{s=HttpChannelState@425fc54e{s=HANDLING rs=BLOCKING os=OPEN is=IDLE awp=false se=false i=true al=0},r=1,c=false/false,a=HANDLING,uri=http://localhost:8080/variants,age=4}]
16:06:32.929 [qtp1860886124-31] DEBUG org.eclipse.jetty.server.AsyncContentProducer -- producing new raw content AsyncContentProducer@65c6ccc1[r=null,t=null,i=null,error=false,c=HttpChannelOverHttp@55edbabc{s=HttpChannelState@425fc54e{s=HANDLING rs=BLOCKING os=OPEN is=IDLE awp=false se=false i=true al=0},r=1,c=false/false,a=HANDLING,uri=http://localhost:8080/variants,age=4}]
16:06:32.929 [qtp1860886124-31] DEBUG org.eclipse.jetty.server.HttpChannelOverHttp -- produceContent has no content, parsing and filling
16:06:32.929 [qtp1860886124-31] DEBUG org.eclipse.jetty.server.HttpConnection -- HttpConnection@58195fba::NetworkTrafficSocketChannelEndPoint@725ee647[{l=/127.0.0.1:8080,r=/127.0.0.1:43042,OPEN,fill=-,flush=-,to=5/30000}{io=0/0,kio=0,kro=1}]->[HttpConnection@58195fba[p=HttpParser{s=CONTENT,59 of 59},g=HttpGenerator@65709f78{s=START}]=>HttpChannelOverHttp@55edbabc{s=HttpChannelState@425fc54e{s=HANDLING rs=BLOCKING os=OPEN is=IDLE awp=false se=false i=true al=0},r=1,c=false/false,a=HANDLING,uri=http://localhost:8080/variants,age=4}] parse RetainableByteBuffer@57e49389{DirectByteBuffer@2fc00118[p=283,l=283,c=8192,r=0]={POST /var...e":100}<<<>>>"Variant ...\x00\x00\x00\x00\x00\x00\x00},r=1}
16:06:32.929 [qtp1860886124-31] DEBUG org.eclipse.jetty.http.HttpParser -- parseNext s=CONTENT DirectByteBuffer@2fc00118[p=283,l=283,c=8192,r=0]={POST /var...e":100}<<<>>>"Variant ...\x00\x00\x00\x00\x00\x00\x00}
16:06:32.929 [qtp1860886124-31] DEBUG org.eclipse.jetty.http.HttpParser -- CONTENT --> CONTENT_END
16:06:32.929 [qtp1860886124-31] DEBUG org.eclipse.jetty.server.HttpChannel -- onContentComplete HttpChannelOverHttp@55edbabc{s=HttpChannelState@425fc54e{s=HANDLING rs=BLOCKING os=OPEN is=IDLE awp=false se=false i=true al=0},r=1,c=false/false,a=HANDLING,uri=http://localhost:8080/variants,age=4}
16:06:32.929 [qtp1860886124-31] DEBUG org.eclipse.jetty.http.HttpParser -- CONTENT_END --> END
16:06:32.929 [qtp1860886124-31] DEBUG org.eclipse.jetty.server.HttpChannel -- onRequestComplete HttpChannelOverHttp@55edbabc{s=HttpChannelState@425fc54e{s=HANDLING rs=BLOCKING os=OPEN is=IDLE awp=false se=false i=true al=0},r=1,c=false/false,a=HANDLING,uri=http://localhost:8080/variants,age=4}
16:06:32.930 [qtp1860886124-31] DEBUG org.eclipse.jetty.server.HttpChannelOverHttp -- received EOF, content = null
16:06:32.930 [qtp1860886124-31] DEBUG org.eclipse.jetty.server.HttpConnection -- HttpConnection@58195fba::NetworkTrafficSocketChannelEndPoint@725ee647[{l=/127.0.0.1:8080,r=/127.0.0.1:43042,OPEN,fill=-,flush=-,to=5/30000}{io=0/0,kio=0,kro=1}]->[HttpConnection@58195fba[p=HttpParser{s=END,59 of 59},g=HttpGenerator@65709f78{s=START}]=>HttpChannelOverHttp@55edbabc{s=HttpChannelState@425fc54e{s=HANDLING rs=BLOCKING os=OPEN is=IDLE awp=false se=false i=true al=0},r=1,c=false/false,a=HANDLING,uri=http://localhost:8080/variants,age=5}] parsed false HttpParser{s=END,59 of 59}
16:06:32.930 [qtp1860886124-31] DEBUG org.eclipse.jetty.server.HttpConnection -- releaseRequestBuffer HttpConnection@58195fba::NetworkTrafficSocketChannelEndPoint@725ee647[{l=/127.0.0.1:8080,r=/127.0.0.1:43042,OPEN,fill=-,flush=-,to=5/30000}{io=0/0,kio=0,kro=1}]->[HttpConnection@58195fba[p=HttpParser{s=END,59 of 59},g=HttpGenerator@65709f78{s=START}]=>HttpChannelOverHttp@55edbabc{s=HttpChannelState@425fc54e{s=HANDLING rs=BLOCKING os=OPEN is=IDLE awp=false se=false i=true al=0},r=1,c=false/false,a=HANDLING,uri=http://localhost:8080/variants,age=5}]
16:06:32.930 [qtp1860886124-31] DEBUG org.eclipse.jetty.server.HttpChannelOverHttp -- produceContent produced EofContent
16:06:32.930 [qtp1860886124-31] DEBUG org.eclipse.jetty.server.AsyncContentProducer -- produceRawContent updated rawContentArrived to 59 and firstByteTimeStamp to 10124523986665 AsyncContentProducer@65c6ccc1[r=null,t=null,i=null,error=false,c=HttpChannelOverHttp@55edbabc{s=HttpChannelState@425fc54e{s=HANDLING rs=BLOCKING os=OPEN is=IDLE awp=false se=false i=true al=0},r=1,c=false/false,a=HANDLING,uri=http://localhost:8080/variants,age=5}]
16:06:32.930 [qtp1860886124-31] DEBUG org.eclipse.jetty.server.AsyncContentProducer -- produceRawContent produced EofContent AsyncContentProducer@65c6ccc1[r=null,t=null,i=null,error=false,c=HttpChannelOverHttp@55edbabc{s=HttpChannelState@425fc54e{s=HANDLING rs=BLOCKING os=OPEN is=IDLE awp=false se=false i=true al=0},r=1,c=false/false,a=HANDLING,uri=http://localhost:8080/variants,age=5}]
16:06:32.930 [qtp1860886124-31] DEBUG org.eclipse.jetty.server.AsyncContentProducer -- transforming raw content AsyncContentProducer@65c6ccc1[r=EofContent,t=null,i=null,error=false,c=HttpChannelOverHttp@55edbabc{s=HttpChannelState@425fc54e{s=HANDLING rs=BLOCKING os=OPEN is=IDLE awp=false se=false i=true al=0},r=1,c=false/false,a=HANDLING,uri=http://localhost:8080/variants,age=5}]
16:06:32.930 [qtp1860886124-31] DEBUG org.eclipse.jetty.server.AsyncContentProducer -- no interceptor, transformed content is raw content AsyncContentProducer@65c6ccc1[r=EofContent,t=null,i=null,error=false,c=HttpChannelOverHttp@55edbabc{s=HttpChannelState@425fc54e{s=HANDLING rs=BLOCKING os=OPEN is=IDLE awp=false se=false i=true al=0},r=1,c=false/false,a=HANDLING,uri=http://localhost:8080/variants,age=5}]
16:06:32.930 [qtp1860886124-31] DEBUG org.eclipse.jetty.server.AsyncContentProducer -- transformed content not yet depleted, returning it AsyncContentProducer@65c6ccc1[r=EofContent,t=EofContent,i=null,error=false,c=HttpChannelOverHttp@55edbabc{s=HttpChannelState@425fc54e{s=HANDLING rs=BLOCKING os=OPEN is=IDLE awp=false se=false i=true al=0},r=1,c=false/false,a=HANDLING,uri=http://localhost:8080/variants,age=5}]
16:06:32.930 [qtp1860886124-31] DEBUG org.eclipse.jetty.server.AsyncContentProducer -- nextContent = EofContent AsyncContentProducer@65c6ccc1[r=EofContent,t=EofContent,i=null,error=false,c=HttpChannelOverHttp@55edbabc{s=HttpChannelState@425fc54e{s=HANDLING rs=BLOCKING os=OPEN is=IDLE awp=false se=false i=true al=0},r=1,c=false/false,a=HANDLING,uri=http://localhost:8080/variants,age=5}]
16:06:32.930 [qtp1860886124-31] DEBUG org.eclipse.jetty.server.HttpChannelState -- onReadIdle HttpChannelState@425fc54e{s=HANDLING rs=BLOCKING os=OPEN is=IDLE awp=false se=false i=true al=0}
16:06:32.930 [qtp1860886124-31] DEBUG org.eclipse.jetty.server.BlockingContentProducer -- nextContent async producer returned EofContent
16:06:32.930 [qtp1860886124-31] DEBUG org.eclipse.jetty.server.HttpInput -- read error=null HttpInput@1269844369 cs=HttpChannelState@425fc54e{s=HANDLING rs=BLOCKING os=OPEN is=IDLE awp=false se=false i=true al=0} cp=org.eclipse.jetty.server.BlockingContentProducer@320032a0 eof=false
16:06:32.930 [qtp1860886124-31] DEBUG org.eclipse.jetty.server.HttpInput -- read at EOF, setting consumed EOF to true HttpInput@1269844369 cs=HttpChannelState@425fc54e{s=HANDLING rs=BLOCKING os=OPEN is=IDLE awp=false se=false i=true al=0} cp=org.eclipse.jetty.server.BlockingContentProducer@320032a0 eof=false
16:06:32.930 [qtp1860886124-31] DEBUG org.eclipse.jetty.server.BlockingContentProducer -- onContentProducible releasing semaphore LockedSemaphore permits=0 unready=false
16:06:32.932 [qtp1860886124-31] DEBUG com.jayway.jsonpath.internal.path.CompiledPath -- Evaluating path: $['packaging_id']
16:06:32.933 [qtp1860886124-31] DEBUG com.jayway.jsonpath.internal.path.CompiledPath -- Evaluating path: $['category_id']
16:06:32.933 [qtp1860886124-31] DEBUG com.jayway.jsonpath.internal.path.CompiledPath -- Evaluating path: $['brand_id']
16:06:32.934 [qtp1860886124-31] DEBUG com.jayway.jsonpath.internal.path.CompiledPath -- Evaluating path: $[?]
16:06:32.934 [qtp1860886124-31] DEBUG com.jayway.jsonpath.internal.path.CompiledPath -- Evaluating path: @['name']
16:06:32.934 [qtp1860886124-31] DEBUG com.jayway.jsonpath.internal.path.CompiledPath -- Evaluating path: @['name']
16:06:32.934 [qtp1860886124-31] DEBUG com.jayway.jsonpath.internal.path.CompiledPath -- Evaluating path: $['price']
16:06:32.937 [qtp1860886124-31] DEBUG com.jayway.jsonpath.internal.path.CompiledPath -- Evaluating path: $['prixDeBase']
16:06:32.938 [qtp1860886124-31] DEBUG com.jayway.jsonpath.internal.path.CompiledPath -- Evaluating path: $['stock_reel']
16:06:32.939 [qtp1860886124-31] DEBUG com.jayway.jsonpath.internal.path.CompiledPath -- Evaluating path: $['attributs'][?]
16:06:32.943 [qtp1860886124-31] DEBUG net.javacrumbs.jsonunit.difference.diff -- JSON documents are different:
Different value found in node "name", expected: <"Variant Test"> but was: <"Variante Chaussures Noires">.
Different value found in node "price", expected: <100> but was: <1.2E+2>.
16:06:32.943 [qtp1860886124-31] DEBUG net.javacrumbs.jsonunit.difference.values -- Comparing expected:
{"product_id":"prod-456","name":"Variant Test","price":100}
------------
with actual:
{"product_id":"prod-456","name":"Variante Chaussures Noires","sku":"SKU-BLACK-SIZE42","price":1.2E+2,"characteristics":[{"id":"char-1","value":"42"}],"packaging":{"id":"pack-A"}}

16:06:32.944 [qtp1860886124-31] DEBUG com.jayway.jsonpath.internal.path.CompiledPath -- Evaluating path: $['packaging_id']
16:06:32.945 [qtp1860886124-31] DEBUG com.jayway.jsonpath.internal.path.CompiledPath -- Evaluating path: $['category_id']
16:06:32.945 [qtp1860886124-31] DEBUG com.jayway.jsonpath.internal.path.CompiledPath -- Evaluating path: $['brand_id']
16:06:32.945 [qtp1860886124-31] DEBUG com.jayway.jsonpath.internal.path.CompiledPath -- Evaluating path: $[?]
16:06:32.945 [qtp1860886124-31] DEBUG com.jayway.jsonpath.internal.path.CompiledPath -- Evaluating path: @['name']
16:06:32.945 [qtp1860886124-31] DEBUG com.jayway.jsonpath.internal.path.CompiledPath -- Evaluating path: @['name']
16:06:32.946 [qtp1860886124-31] DEBUG com.jayway.jsonpath.internal.path.CompiledPath -- Evaluating path: $['price']
16:06:32.947 [qtp1860886124-31] DEBUG com.jayway.jsonpath.internal.path.CompiledPath -- Evaluating path: $['prixDeBase']
16:06:32.948 [qtp1860886124-31] DEBUG com.jayway.jsonpath.internal.path.CompiledPath -- Evaluating path: $['stock_reel']
16:06:32.948 [qtp1860886124-31] DEBUG com.jayway.jsonpath.internal.path.CompiledPath -- Evaluating path: $['attributs'][?]
16:06:32.950 [qtp1860886124-31] DEBUG net.javacrumbs.jsonunit.difference.diff -- JSON documents are different:
Different value found in node "name", expected: <"Smartphone XYZ"> but was: <"Variant Test">.
16:06:32.950 [qtp1860886124-31] DEBUG net.javacrumbs.jsonunit.difference.values -- Comparing expected:
{"name":"Smartphone XYZ"}
------------
with actual:
{"product_id":"prod-456","name":"Variant Test","price":100}

16:06:32.951 [qtp1860886124-31] DEBUG net.javacrumbs.jsonunit.difference.diff -- JSON documents are different:
Different keys found in node "", missing: "marqueId", expected: <{"marqueId":999}> but was: <{"name":"Variant Test","price":100,"product_id":"prod-456"}>
16:06:32.952 [qtp1860886124-31] DEBUG net.javacrumbs.jsonunit.difference.values -- Comparing expected:
{"marqueId":999}
------------
with actual:
{"product_id":"prod-456","name":"Variant Test","price":100}

16:06:32.952 [qtp1860886124-31] DEBUG net.javacrumbs.jsonunit.difference.diff -- JSON documents are different:
Different keys found in node "", missing: "emballageId", expected: <{"emballageId":999}> but was: <{"name":"Variant Test","price":100,"product_id":"prod-456"}>
16:06:32.952 [qtp1860886124-31] DEBUG net.javacrumbs.jsonunit.difference.values -- Comparing expected:
{"emballageId":999}
------------
with actual:
{"product_id":"prod-456","name":"Variant Test","price":100}

16:06:32.953 [qtp1860886124-31] DEBUG net.javacrumbs.jsonunit.difference.diff -- JSON documents are different:
Different keys found in node "", missing: "nom", expected: <{"nom":"Smartphone ABC"}> but was: <{"name":"Variant Test","price":100,"product_id":"prod-456"}>
16:06:32.953 [qtp1860886124-31] DEBUG net.javacrumbs.jsonunit.difference.values -- Comparing expected:
{"nom":"Smartphone ABC"}
------------
with actual:
{"product_id":"prod-456","name":"Variant Test","price":100}

16:06:32.954 [qtp1860886124-31] DEBUG net.javacrumbs.jsonunit.difference.diff -- JSON documents are different:
Different keys found in node "", missing: "attributs","description","emballageId","marqueId","nom","prixDeBase","stock_reel", expected: <{"attributs":[{"id":1,"valeur":"Bleu"}, {"id":2,"valeur":"128 Go"}],"description":"Un smartphone haut de gamme mis à jour","emballageId":1,"marqueId":2,"nom":"Smartphone XYZ Updated","prixDeBase":649.99,"stock_reel":80}> but was: <{"name":"Variant Test","price":100,"product_id":"prod-456"}>
16:06:32.954 [qtp1860886124-31] DEBUG net.javacrumbs.jsonunit.difference.values -- Comparing expected:
{"nom":"Smartphone XYZ Updated","description":"Un smartphone haut de gamme mis à jour","marqueId":2,"emballageId":1,"stock_reel":80,"prixDeBase":649.99,"attributs":[{"id":1,"valeur":"Bleu"},{"id":2,"valeur":"128 Go"}]}
------------
with actual:
{"product_id":"prod-456","name":"Variant Test","price":100}

16:06:32.955 [qtp1860886124-31] DEBUG net.javacrumbs.jsonunit.difference.diff -- JSON documents are different:
Different keys found in node "", missing: "prixDeBase","stock_reel", expected: <{"prixDeBase":699.99,"stock_reel":50}> but was: <{"name":"Variant Test","price":100,"product_id":"prod-456"}>
16:06:32.955 [qtp1860886124-31] DEBUG net.javacrumbs.jsonunit.difference.values -- Comparing expected:
{"prixDeBase":699.99,"stock_reel":50}
------------
with actual:
{"product_id":"prod-456","name":"Variant Test","price":100}

16:06:32.956 [qtp1860886124-31] ERROR WireMock -- 
                                               Request was not matched
                                               =======================

-----------------------------------------------------------------------------------------------------------------------
| Closest stub                                             | Request                                                  |
-----------------------------------------------------------------------------------------------------------------------
                                                           |
POST                                                       | POST
/variants                                                  | /variants
                                                           |
Authorization: Bearer user-no-permission                   |                                                     <<<<< Header is not present
                                                           |
                                                           |
-----------------------------------------------------------------------------------------------------------------------

16:06:32.957 [qtp1860886124-31] DEBUG org.eclipse.jetty.server.HttpChannelState -- sendError HttpChannelState@425fc54e{s=HANDLING rs=BLOCKING os=OPEN is=IDLE awp=false se=false i=true al=0}
16:06:32.958 [qtp1860886124-31] DEBUG org.eclipse.jetty.server.Server -- handled=true async=false committed=true on HttpChannelOverHttp@55edbabc{s=HttpChannelState@425fc54e{s=HANDLING rs=BLOCKING os=OPEN is=IDLE awp=false se=true i=true al=0},r=1,c=false/false,a=HANDLING,uri=http://localhost:8080/variants,age=33}
16:06:32.958 [qtp1860886124-31] DEBUG org.eclipse.jetty.server.HttpChannelState -- unhandle HttpChannelState@425fc54e{s=HANDLING rs=BLOCKING os=OPEN is=IDLE awp=false se=true i=true al=0}
16:06:32.958 [qtp1860886124-31] DEBUG org.eclipse.jetty.server.HttpChannelState -- nextAction(false) SEND_ERROR HttpChannelState@425fc54e{s=HANDLING rs=BLOCKING os=OPEN is=IDLE awp=false se=false i=false al=0}
16:06:32.958 [qtp1860886124-31] DEBUG org.eclipse.jetty.server.HttpChannel -- action SEND_ERROR HttpChannelOverHttp@55edbabc{s=HttpChannelState@425fc54e{s=HANDLING rs=BLOCKING os=OPEN is=IDLE awp=false se=false i=false al=0},r=1,c=false/false,a=HANDLING,uri=http://localhost:8080/variants,age=33}
16:06:32.958 [qtp1860886124-31] DEBUG org.eclipse.jetty.server.HttpInput -- consumeAll HttpInput@1269844369 cs=HttpChannelState@425fc54e{s=HANDLING rs=BLOCKING os=OPEN is=IDLE awp=false se=false i=false al=0} cp=org.eclipse.jetty.server.BlockingContentProducer@320032a0 eof=true
16:06:32.958 [qtp1860886124-31] DEBUG org.eclipse.jetty.server.HttpChannelOverHttp -- failing all content with org.eclipse.jetty.util.StaticException: Unconsumed content HttpChannelOverHttp@55edbabc{s=HttpChannelState@425fc54e{s=HANDLING rs=BLOCKING os=OPEN is=IDLE awp=false se=false i=false al=0},r=1,c=false/false,a=HANDLING,uri=http://localhost:8080/variants,age=33}
16:06:32.958 [qtp1860886124-31] DEBUG org.eclipse.jetty.server.AsyncContentProducer -- failed all content of http channel EOF=true AsyncContentProducer@65c6ccc1[r=ErrorContent [org.eclipse.jetty.util.StaticException: Unconsumed content],t=ErrorContent [org.eclipse.jetty.util.StaticException: Unconsumed content],i=null,error=false,c=HttpChannelOverHttp@55edbabc{s=HttpChannelState@425fc54e{s=HANDLING rs=BLOCKING os=OPEN is=IDLE awp=false se=false i=false al=0},r=1,c=false/false,a=HANDLING,uri=http://localhost:8080/variants,age=33}]
16:06:32.958 [qtp1860886124-31] DEBUG org.eclipse.jetty.server.HttpInput -- isFinished=true HttpInput@1269844369 cs=HttpChannelState@425fc54e{s=HANDLING rs=BLOCKING os=OPEN is=IDLE awp=false se=false i=false al=0} cp=org.eclipse.jetty.server.BlockingContentProducer@320032a0 eof=true
16:06:32.958 [qtp1860886124-31] DEBUG org.eclipse.jetty.server.AsyncContentProducer -- isError = false AsyncContentProducer@65c6ccc1[r=ErrorContent [org.eclipse.jetty.util.StaticException: Unconsumed content],t=ErrorContent [org.eclipse.jetty.util.StaticException: Unconsumed content],i=null,error=false,c=HttpChannelOverHttp@55edbabc{s=HttpChannelState@425fc54e{s=HANDLING rs=BLOCKING os=OPEN is=IDLE awp=false se=false i=false al=0},r=1,c=false/false,a=HANDLING,uri=http://localhost:8080/variants,age=33}]
16:06:32.958 [qtp1860886124-31] DEBUG org.eclipse.jetty.server.HttpInput -- isError=false HttpInput@1269844369 cs=HttpChannelState@425fc54e{s=HANDLING rs=BLOCKING os=OPEN is=IDLE awp=false se=false i=false al=0} cp=org.eclipse.jetty.server.BlockingContentProducer@320032a0 eof=true
16:06:32.958 [qtp1860886124-31] DEBUG org.eclipse.jetty.server.handler.ContextHandler -- scope /__admin||/not-matched @ o.e.j.s.ServletContextHandler@c7a975a{/__admin,null,AVAILABLE}
16:06:32.958 [qtp1860886124-31] DEBUG org.eclipse.jetty.server.handler.ContextHandler -- context=/__admin||/not-matched @ o.e.j.s.ServletContextHandler@c7a975a{/__admin,null,AVAILABLE}
16:06:32.958 [qtp1860886124-31] DEBUG org.eclipse.jetty.servlet.ServletHandler -- servlet /__admin|/not-matched|null|ServletPathMapping{matchValue=not-matched, pattern=/not-matched, servletName=com.github.tomakehurst.wiremock.servlet.NotMatchedServlet-1d71006f, mappingMatch=EXACT, servletPath=/not-matched, pathInfo=null} -> com.github.tomakehurst.wiremock.servlet.NotMatchedServlet-1d71006f==com.github.tomakehurst.wiremock.servlet.NotMatchedServlet@89785bef{jsp=null,order=-1,inst=true,async=true,src=EMBEDDED:null,STARTED}
16:06:32.958 [qtp1860886124-31] DEBUG org.eclipse.jetty.servlet.ServletHandler -- chain=ChainEnd@6603242c(com.github.tomakehurst.wiremock.servlet.NotMatchedServlet-1d71006f==com.github.tomakehurst.wiremock.servlet.NotMatchedServlet@89785bef{jsp=null,order=-1,inst=true,async=true,src=EMBEDDED:null,STARTED})
16:06:32.959 [qtp1860886124-31] DEBUG org.eclipse.jetty.server.HttpOutput -- write(array HeapByteBuffer@190d60cc[p=0,l=512,c=512,r=512]={<<<\n                        ...--------------\n        >>>})
16:06:32.959 [qtp1860886124-31] DEBUG org.eclipse.jetty.server.HttpOutput -- write(array) s=OPEN,api=BLOCKING,sc=false,e=null aggregated !flush DirectByteBuffer@53ba71a[p=0,l=512,c=32768,r=512]={<<<\n                        ...--------------\n        >>>         ...\x00\x00\x00\x00\x00\x00\x00}
16:06:32.959 [qtp1860886124-31] DEBUG org.eclipse.jetty.server.HttpOutput -- write(array HeapByteBuffer@454f7311[p=0,l=512,c=512,r=512]={<<<                         ...                       >>>})
16:06:32.959 [qtp1860886124-31] DEBUG org.eclipse.jetty.server.HttpOutput -- write(array) s=OPEN,api=BLOCKING,sc=false,e=null aggregated !flush DirectByteBuffer@53ba71a[p=0,l=1024,c=32768,r=1024]={<<<\n                        ...                       >>>|\n-------...\x00\x00\x00\x00\x00\x00\x00}
16:06:32.959 [qtp1860886124-31] DEBUG org.eclipse.jetty.server.HttpOutput -- write(array HeapByteBuffer@7902574a[p=0,l=122,c=512,r=122]={<<<|\n-----------------------...----------------------\n>>>riants   ...       })
16:06:32.959 [qtp1860886124-31] DEBUG org.eclipse.jetty.server.HttpOutput -- write(array) s=OPEN,api=BLOCKING,sc=false,e=null aggregated !flush DirectByteBuffer@53ba71a[p=0,l=1146,c=32768,r=1146]={<<<\n                        ...----------------------\n>>>\x00\x00\x00\x00\x00\x00\x00\x00\x00...\x00\x00\x00\x00\x00\x00\x00}
16:06:32.959 [qtp1860886124-31] DEBUG org.eclipse.jetty.server.handler.gzip.GzipHttpOutputInterceptor -- org.eclipse.jetty.server.handler.gzip.GzipHttpOutputInterceptor@43aa67d1 exclude by status 404
16:06:32.959 [qtp1860886124-31] DEBUG org.eclipse.jetty.server.HttpChannel -- sendResponse info=null content=DirectByteBuffer@53ba71a[p=0,l=1146,c=32768,r=1146]={<<<\n                        ...----------------------\n>>>\x00\x00\x00\x00\x00\x00\x00\x00\x00...\x00\x00\x00\x00\x00\x00\x00} complete=false committing=true callback=Blocker@31536468{null}
16:06:32.959 [qtp1860886124-31] DEBUG org.eclipse.jetty.server.HttpChannel -- COMMIT for /__admin/not-matched on HttpChannelOverHttp@55edbabc{s=HttpChannelState@425fc54e{s=HANDLING rs=BLOCKING os=COMMITTED is=IDLE awp=false se=false i=false al=0},r=1,c=false/false,a=HANDLING,uri=http://localhost:8080/__admin/not-matched,age=34}
404 null HTTP/1.1
Content-Type: text/plain;charset=UTF-8


16:06:32.960 [qtp1860886124-31] DEBUG org.eclipse.jetty.server.HttpConnection -- generate: NEED_HEADER for SendCallback@fba5ea8[PROCESSING][i=HTTP/1.1{s=404,h=1,cl=-1},cb=org.eclipse.jetty.server.HttpChannel$SendCallback@64e9f012] (null,[p=0,l=1146,c=32768,r=1146],false)@START
16:06:32.960 [qtp1860886124-31] DEBUG org.eclipse.jetty.http.HttpGenerator -- generateHeaders HTTP/1.1{s=404,h=1,cl=-1} last=false content=DirectByteBuffer@53ba71a[p=0,l=1146,c=32768,r=1146]={<<<\n                        ...----------------------\n>>>\x00\x00\x00\x00\x00\x00\x00\x00\x00...\x00\x00\x00\x00\x00\x00\x00}
16:06:32.960 [qtp1860886124-31] DEBUG org.eclipse.jetty.http.HttpGenerator -- Content-Type: text/plain;charset=UTF-8


16:06:32.960 [qtp1860886124-31] DEBUG org.eclipse.jetty.http.HttpGenerator -- CHUNKED_CONTENT
16:06:32.960 [qtp1860886124-31] DEBUG org.eclipse.jetty.server.HttpConnection -- generate: FLUSH for SendCallback@fba5ea8[PROCESSING][i=HTTP/1.1{s=404,h=1,cl=-1},cb=org.eclipse.jetty.server.HttpChannel$SendCallback@64e9f012] ([p=0,l=99,c=32768,r=99],[p=0,l=1146,c=32768,r=1146],false)@COMMITTED
16:06:32.960 [qtp1860886124-31] DEBUG org.eclipse.jetty.io.WriteFlusher -- write: WriteFlusher@746d87b1{IDLE}->null [DirectByteBuffer@585b8438[p=0,l=99,c=32768,r=99]={<<<HTTP/1.1 404 Not Found\r\nC...oding: chunked\r\n\r\n47A\r\n>>>         ...\x00\x00\x00\x00\x00\x00\x00},DirectByteBuffer@53ba71a[p=0,l=1146,c=32768,r=1146]={<<<\n                        ...----------------------\n>>>\x00\x00\x00\x00\x00\x00\x00\x00\x00...\x00\x00\x00\x00\x00\x00\x00}]
16:06:32.960 [qtp1860886124-31] DEBUG org.eclipse.jetty.io.WriteFlusher -- update WriteFlusher@746d87b1{WRITING}->null:IDLE-->WRITING
16:06:32.960 [main] DEBUG org.apache.http.wire -- http-outgoing-3 << "HTTP/1.1 404 Not Found[\r][\n]"
16:06:32.960 [qtp1860886124-31] DEBUG org.eclipse.jetty.io.SocketChannelEndPoint -- flushed 99 NetworkTrafficSocketChannelEndPoint@725ee647[{l=/127.0.0.1:8080,r=/127.0.0.1:43042,OPEN,fill=-,flush=W,to=36/30000}{io=0/0,kio=0,kro=1}]->[HttpConnection@58195fba[p=HttpParser{s=END,59 of 59},g=HttpGenerator@65709f78{s=COMMITTED}]=>HttpChannelOverHttp@55edbabc{s=HttpChannelState@425fc54e{s=HANDLING rs=BLOCKING os=COMMITTED is=IDLE awp=false se=false i=false al=0},r=1,c=false/false,a=HANDLING,uri=http://localhost:8080/__admin/not-matched,age=35}]
16:06:32.960 [main] DEBUG org.apache.http.wire -- http-outgoing-3 << "Content-Type: text/plain;charset=UTF-8[\r][\n]"
16:06:32.960 [main] DEBUG org.apache.http.wire -- http-outgoing-3 << "Transfer-Encoding: chunked[\r][\n]"
16:06:32.960 [main] DEBUG org.apache.http.wire -- http-outgoing-3 << "[\r][\n]"
16:06:32.960 [main] DEBUG org.apache.http.wire -- http-outgoing-3 << "47A[\r][\n]"
16:06:32.960 [qtp1860886124-31] DEBUG org.eclipse.jetty.io.SocketChannelEndPoint -- flushed 1146 NetworkTrafficSocketChannelEndPoint@725ee647[{l=/127.0.0.1:8080,r=/127.0.0.1:43042,OPEN,fill=-,flush=W,to=0/30000}{io=0/0,kio=0,kro=1}]->[HttpConnection@58195fba[p=HttpParser{s=END,59 of 59},g=HttpGenerator@65709f78{s=COMMITTED}]=>HttpChannelOverHttp@55edbabc{s=HttpChannelState@425fc54e{s=HANDLING rs=BLOCKING os=COMMITTED is=IDLE awp=false se=false i=false al=0},r=1,c=false/false,a=HANDLING,uri=http://localhost:8080/__admin/not-matched,age=35}]
16:06:32.960 [qtp1860886124-31] DEBUG org.eclipse.jetty.io.WriteFlusher -- Flushed=true written=1245 remaining=0 WriteFlusher@746d87b1{WRITING}->null
16:06:32.960 [qtp1860886124-31] DEBUG org.eclipse.jetty.io.WriteFlusher -- update WriteFlusher@746d87b1{IDLE}->null:WRITING-->IDLE
16:06:32.960 [main] DEBUG org.apache.http.headers -- http-outgoing-3 << HTTP/1.1 404 Not Found
16:06:32.960 [qtp1860886124-31] DEBUG org.eclipse.jetty.server.HttpConnection -- generate: DONE for SendCallback@fba5ea8[PROCESSING][i=HTTP/1.1{s=404,h=1,cl=-1},cb=org.eclipse.jetty.server.HttpChannel$SendCallback@64e9f012] ([p=99,l=99,c=32768,r=0],[p=1146,l=1146,c=32768,r=0],false)@COMMITTED
16:06:32.961 [main] DEBUG org.apache.http.headers -- http-outgoing-3 << Content-Type: text/plain;charset=UTF-8
16:06:32.961 [main] DEBUG org.apache.http.headers -- http-outgoing-3 << Transfer-Encoding: chunked
16:06:32.961 [qtp1860886124-31] DEBUG org.eclipse.jetty.server.HttpOutput -- onWriteComplete(false,null) s=OPEN,api=BLOCKED,sc=false,e=null->s=OPEN,api=BLOCKING,sc=false,e=null c=null cb=null w=false
16:06:32.961 [qtp1860886124-31] DEBUG org.eclipse.jetty.server.HttpOutput -- close() s=CLOSING,api=BLOCKED,sc=false,e=null c=HeapByteBuffer@459fe0d[p=0,l=0,c=0,r=0]={<<<>>>} b=Blocker@31536468{null}
16:06:32.961 [qtp1860886124-31] DEBUG org.eclipse.jetty.server.HttpChannel -- sendResponse info=null content=HeapByteBuffer@459fe0d[p=0,l=0,c=0,r=0]={<<<>>>} complete=true committing=false callback=Blocker@31536468{null}
16:06:32.961 [main] DEBUG org.apache.http.impl.execchain.MainClientExec -- Connection can be kept alive indefinitely
16:06:32.961 [qtp1860886124-31] DEBUG org.eclipse.jetty.server.HttpConnection -- generate: CONTINUE for SendCallback@fba5ea8[PROCESSING][i=null,cb=org.eclipse.jetty.server.HttpChannel$SendCallback@5e37dd70] (null,[p=0,l=0,c=0,r=0],true)@COMPLETING
16:06:32.961 [qtp1860886124-31] DEBUG org.eclipse.jetty.server.HttpConnection -- generate: NEED_CHUNK for SendCallback@fba5ea8[PROCESSING][i=null,cb=org.eclipse.jetty.server.HttpChannel$SendCallback@5e37dd70] (null,[p=0,l=0,c=0,r=0],true)@COMPLETING
16:06:32.961 [qtp1860886124-31] DEBUG org.eclipse.jetty.server.HttpConnection -- generate: FLUSH for SendCallback@fba5ea8[PROCESSING][i=null,cb=org.eclipse.jetty.server.HttpChannel$SendCallback@5e37dd70] (null,[p=0,l=0,c=0,r=0],true)@COMPLETING
16:06:32.961 [qtp1860886124-31] DEBUG org.eclipse.jetty.io.WriteFlusher -- write: WriteFlusher@746d87b1{IDLE}->null [DirectByteBuffer@4e1f40a2[p=0,l=7,c=16,r=7]={<<<\r\n0\r\n\r\n>>>\x00\x00\x00\x00\x00\x00\x00\x00\x00}]
16:06:32.961 [qtp1860886124-31] DEBUG org.eclipse.jetty.io.WriteFlusher -- update WriteFlusher@746d87b1{WRITING}->null:IDLE-->WRITING
16:06:32.961 [main] DEBUG org.apache.http.wire -- http-outgoing-3 << "[\n]"
16:06:32.961 [main] DEBUG org.apache.http.wire -- http-outgoing-3 << "                                               Request was not matched[\n]"
16:06:32.961 [qtp1860886124-31] DEBUG org.eclipse.jetty.io.SocketChannelEndPoint -- flushed 7 NetworkTrafficSocketChannelEndPoint@725ee647[{l=/127.0.0.1:8080,r=/127.0.0.1:43042,OPEN,fill=-,flush=W,to=0/30000}{io=0/0,kio=0,kro=1}]->[HttpConnection@58195fba[p=HttpParser{s=END,59 of 59},g=HttpGenerator@65709f78{s=COMPLETING}]=>HttpChannelOverHttp@55edbabc{s=HttpChannelState@425fc54e{s=HANDLING rs=BLOCKING os=COMMITTED is=IDLE awp=false se=false i=false al=0},r=1,c=false/false,a=HANDLING,uri=http://localhost:8080/__admin/not-matched,age=36}]
16:06:32.961 [main] DEBUG org.apache.http.wire -- http-outgoing-3 << "                                               =======================[\n]"
16:06:32.961 [qtp1860886124-31] DEBUG org.eclipse.jetty.io.WriteFlusher -- Flushed=true written=7 remaining=0 WriteFlusher@746d87b1{WRITING}->null
16:06:32.961 [main] DEBUG org.apache.http.wire -- http-outgoing-3 << "[\n]"
16:06:32.961 [qtp1860886124-31] DEBUG org.eclipse.jetty.io.WriteFlusher -- update WriteFlusher@746d87b1{IDLE}->null:WRITING-->IDLE
16:06:32.961 [main] DEBUG org.apache.http.wire -- http-outgoing-3 << "-----------------------------------------------------------------------------------------------------------------------[\n]"
16:06:32.961 [qtp1860886124-31] DEBUG org.eclipse.jetty.server.HttpConnection -- generate: DONE for SendCallback@fba5ea8[PROCESSING][i=null,cb=org.eclipse.jetty.server.HttpChannel$SendCallback@5e37dd70] (null,[p=0,l=0,c=0,r=0],true)@END
16:06:32.961 [main] DEBUG org.apache.http.wire -- http-outgoing-3 << "| Closest stub                                             | Request                                                  |[\n]"
16:06:32.961 [main] DEBUG org.apache.http.wire -- http-outgoing-3 << "-----------------------------------------------------------------------------------------------------------------------[\n]"
16:06:32.961 [qtp1860886124-31] DEBUG org.eclipse.jetty.server.HttpOutput -- onWriteComplete(true,null) s=CLOSING,api=BLOCKED,sc=false,e=null->s=CLOSED,api=BLOCKING,sc=false,e=null c=null cb=null w=false
16:06:32.961 [main] DEBUG org.apache.http.wire -- http-outgoing-3 << "                                                           |[\n]"
16:06:32.961 [qtp1860886124-31] DEBUG org.eclipse.jetty.server.HttpChannelState -- unhandle HttpChannelState@425fc54e{s=HANDLING rs=BLOCKING os=COMPLETED is=IDLE awp=false se=false i=false al=0}
16:06:32.961 [main] DEBUG org.apache.http.wire -- http-outgoing-3 << "POST                                                       | POST[\n]"
16:06:32.961 [qtp1860886124-31] DEBUG org.eclipse.jetty.server.HttpChannelState -- nextAction(false) COMPLETE HttpChannelState@425fc54e{s=HANDLING rs=COMPLETING os=COMPLETED is=IDLE awp=false se=false i=false al=0}
16:06:32.961 [main] DEBUG org.apache.http.wire -- http-outgoing-3 << "/variants                                                  | /variants[\n]"
16:06:32.961 [main] DEBUG org.apache.http.wire -- http-outgoing-3 << "                                                           |[\n]"
16:06:32.961 [qtp1860886124-31] DEBUG org.eclipse.jetty.server.HttpChannel -- action COMPLETE HttpChannelOverHttp@55edbabc{s=HttpChannelState@425fc54e{s=HANDLING rs=COMPLETING os=COMPLETED is=IDLE awp=false se=false i=false al=0},r=1,c=false/true,a=HANDLING,uri=http://localhost:8080/variants,age=36}
16:06:32.961 [qtp1860886124-31] DEBUG org.eclipse.jetty.server.HttpOutput -- complete(org.eclipse.jetty.util.Callback$3@3258700) s=CLOSED,api=BLOCKING,sc=false,e=null s=true e=null, c=null
16:06:32.961 [qtp1860886124-31] DEBUG org.eclipse.jetty.server.HttpChannelState -- completed HttpChannelState@425fc54e{s=HANDLING rs=COMPLETING os=COMPLETED is=IDLE awp=false se=false i=false al=0}
16:06:32.962 [qtp1860886124-31] DEBUG org.eclipse.jetty.server.HttpChannelState -- unhandle HttpChannelState@425fc54e{s=HANDLING rs=COMPLETED os=COMPLETED is=IDLE awp=false se=false i=false al=0}
16:06:32.962 [main] DEBUG org.apache.http.wire -- http-outgoing-3 << "Authorization: Bearer user-no-permission                   |                                                     <<<<< Header is not present[\n]"
16:06:32.962 [qtp1860886124-31] DEBUG org.eclipse.jetty.server.HttpChannelState -- nextAction(false) TERMINATED HttpChannelState@425fc54e{s=IDLE rs=COMPLETED os=COMPLETED is=IDLE awp=false se=false i=false al=0}
16:06:32.962 [main] DEBUG org.apache.http.wire -- http-outgoing-3 << "                                                           |[\n]"
16:06:32.962 [qtp1860886124-31] DEBUG org.eclipse.jetty.server.HttpChannel -- action TERMINATED HttpChannelOverHttp@55edbabc{s=HttpChannelState@425fc54e{s=IDLE rs=COMPLETED os=COMPLETED is=IDLE awp=false se=false i=false al=0},r=1,c=true/true,a=IDLE,uri=http://localhost:8080/variants,age=37}
16:06:32.962 [main] DEBUG org.apache.http.wire -- http-outgoing-3 << "                                                           "
16:06:32.962 [qtp1860886124-31] DEBUG org.eclipse.jetty.server.HttpChannel -- onCompleted for /variants written=1146
16:06:32.962 [main] DEBUG org.apache.http.wire -- http-outgoing-3 << "|[\n]"
16:06:32.962 [qtp1860886124-31] DEBUG org.eclipse.jetty.server.HttpInput -- consumeAll HttpInput@1269844369 cs=HttpChannelState@425fc54e{s=IDLE rs=COMPLETED os=COMPLETED is=IDLE awp=false se=false i=false al=0} cp=org.eclipse.jetty.server.BlockingContentProducer@320032a0 eof=true
16:06:32.962 [main] DEBUG org.apache.http.wire -- http-outgoing-3 << "-----------------------------------------------------------------------------------------------------------------------[\n]"
16:06:32.962 [qtp1860886124-31] DEBUG org.eclipse.jetty.server.HttpChannelOverHttp -- failing all content with org.eclipse.jetty.util.StaticException: Unconsumed content HttpChannelOverHttp@55edbabc{s=HttpChannelState@425fc54e{s=IDLE rs=COMPLETED os=COMPLETED is=IDLE awp=false se=false i=false al=0},r=1,c=true/true,a=IDLE,uri=http://localhost:8080/variants,age=37}
16:06:32.962 [main] DEBUG org.apache.http.wire -- http-outgoing-3 << "[\r][\n]"
16:06:32.962 [main] DEBUG org.apache.http.wire -- http-outgoing-3 << "0[\r][\n]"
16:06:32.962 [main] DEBUG org.apache.http.wire -- http-outgoing-3 << "[\r][\n]"
16:06:32.962 [qtp1860886124-31] DEBUG org.eclipse.jetty.server.AsyncContentProducer -- failed all content of http channel EOF=true AsyncContentProducer@65c6ccc1[r=ErrorContent [org.eclipse.jetty.util.StaticException: Unconsumed content],t=ErrorContent [org.eclipse.jetty.util.StaticException: Unconsumed content],i=null,error=false,c=HttpChannelOverHttp@55edbabc{s=HttpChannelState@425fc54e{s=IDLE rs=COMPLETED os=COMPLETED is=IDLE awp=false se=false i=false al=0},r=1,c=true/true,a=IDLE,uri=http://localhost:8080/variants,age=37}]
16:06:32.962 [qtp1860886124-31] DEBUG org.eclipse.jetty.server.HttpInput -- isFinished=true HttpInput@1269844369 cs=HttpChannelState@425fc54e{s=IDLE rs=COMPLETED os=COMPLETED is=IDLE awp=false se=false i=false al=0} cp=org.eclipse.jetty.server.BlockingContentProducer@320032a0 eof=true
16:06:32.962 [main] DEBUG org.apache.http.impl.conn.PoolingHttpClientConnectionManager -- Connection [id: 3][route: {}->http://localhost:8080] can be kept alive indefinitely
16:06:32.962 [main] DEBUG org.apache.http.impl.conn.DefaultManagedHttpClientConnection -- http-outgoing-3: set socket timeout to 0
16:06:32.962 [qtp1860886124-31] DEBUG org.eclipse.jetty.server.AsyncContentProducer -- isError = false AsyncContentProducer@65c6ccc1[r=ErrorContent [org.eclipse.jetty.util.StaticException: Unconsumed content],t=ErrorContent [org.eclipse.jetty.util.StaticException: Unconsumed content],i=null,error=false,c=HttpChannelOverHttp@55edbabc{s=HttpChannelState@425fc54e{s=IDLE rs=COMPLETED os=COMPLETED is=IDLE awp=false se=false i=false al=0},r=1,c=true/true,a=IDLE,uri=http://localhost:8080/variants,age=37}]
16:06:32.962 [qtp1860886124-31] DEBUG org.eclipse.jetty.server.HttpInput -- isError=false HttpInput@1269844369 cs=HttpChannelState@425fc54e{s=IDLE rs=COMPLETED os=COMPLETED is=IDLE awp=false se=false i=false al=0} cp=org.eclipse.jetty.server.BlockingContentProducer@320032a0 eof=true
16:06:32.962 [main] DEBUG org.apache.http.impl.conn.PoolingHttpClientConnectionManager -- Connection released: [id: 3][route: {}->http://localhost:8080][total available: 1; route allocated: 1 of 5; total allocated: 1 of 10]
16:06:32.962 [qtp1860886124-31] DEBUG org.eclipse.jetty.server.HttpChannelState -- recycle HttpChannelState@425fc54e{s=IDLE rs=COMPLETED os=COMPLETED is=IDLE awp=false se=false i=false al=0}
16:06:32.962 [main] DEBUG org.apache.http.impl.conn.PoolingHttpClientConnectionManager -- Connection manager is shutting down
16:06:32.962 [qtp1860886124-31] DEBUG org.eclipse.jetty.server.HttpInput -- recycle HttpInput@1269844369 cs=HttpChannelState@425fc54e{s=IDLE rs=BLOCKING os=OPEN is=IDLE awp=false se=false i=true al=0} cp=org.eclipse.jetty.server.BlockingContentProducer@320032a0 eof=true
16:06:32.962 [qtp1860886124-31] DEBUG org.eclipse.jetty.server.BlockingContentProducer -- recycling org.eclipse.jetty.server.BlockingContentProducer@320032a0
16:06:32.962 [qtp1860886124-31] DEBUG org.eclipse.jetty.server.AsyncContentProducer -- recycling AsyncContentProducer@65c6ccc1[r=ErrorContent [org.eclipse.jetty.util.StaticException: Unconsumed content],t=ErrorContent [org.eclipse.jetty.util.StaticException: Unconsumed content],i=null,error=false,c=HttpChannelOverHttp@55edbabc{s=HttpChannelState@425fc54e{s=IDLE rs=BLOCKING os=OPEN is=IDLE awp=false se=false i=true al=0},r=1,c=false/false,a=IDLE,uri=http://localhost:8080/variants,age=37}]
16:06:32.962 [main] DEBUG org.apache.http.impl.conn.DefaultManagedHttpClientConnection -- http-outgoing-3: Close connection
16:06:32.962 [qtp1860886124-31] DEBUG org.eclipse.jetty.http.HttpParser -- reset HttpParser{s=END,59 of 59}
16:06:32.962 [qtp1860886124-31] DEBUG org.eclipse.jetty.http.HttpParser -- END --> START
16:06:32.962 [qtp1860886124-31] DEBUG org.eclipse.jetty.server.HttpChannel -- !handle TERMINATED HttpChannelOverHttp@55edbabc{s=HttpChannelState@425fc54e{s=IDLE rs=BLOCKING os=OPEN is=IDLE awp=false se=false i=true al=0},r=1,c=false/false,a=IDLE,uri=null,age=0}
16:06:32.962 [main] DEBUG org.apache.http.impl.conn.PoolingHttpClientConnectionManager -- Connection manager shut down
16:06:32.962 [qtp1860886124-31] DEBUG org.eclipse.jetty.io.AbstractEndPoint -- shutdownInput NetworkTrafficSocketChannelEndPoint@725ee647[{l=/127.0.0.1:8080,r=/127.0.0.1:43042,OPEN,fill=-,flush=-,to=1/30000}{io=0/0,kio=0,kro=1}]->[HttpConnection@58195fba[p=HttpParser{s=START,0 of -1},g=HttpGenerator@65709f78{s=START}]=>HttpChannelOverHttp@55edbabc{s=HttpChannelState@425fc54e{s=IDLE rs=BLOCKING os=OPEN is=IDLE awp=false se=false i=true al=0},r=1,c=false/false,a=IDLE,uri=null,age=0}]
16:06:32.963 [qtp1860886124-31] DEBUG org.eclipse.jetty.io.SocketChannelEndPoint -- filled -1 DirectByteBuffer@2fc00118[p=0,l=0,c=8192,r=0]={<<<>>>POST /var...\x00\x00\x00\x00\x00\x00\x00}
16:06:32.963 [qtp1860886124-31] DEBUG org.eclipse.jetty.http.HttpParser -- atEOF HttpParser{s=START,0 of -1}
16:06:32.963 [main] DEBUG com.intuit.karate -- response time in milliseconds: 45
1 < 404
1 < Content-Type: text/plain;charset=UTF-8
1 < Transfer-Encoding: chunked

                                               Request was not matched
                                               =======================

-----------------------------------------------------------------------------------------------------------------------
| Closest stub                                             | Request                                                  |
-----------------------------------------------------------------------------------------------------------------------
                                                           |
POST                                                       | POST
/variants                                                  | /variants
                                                           |
Authorization: Bearer user-no-permission                   |                                                     <<<<< Header is not present
                                                           |
                                                           |
-----------------------------------------------------------------------------------------------------------------------


16:06:32.963 [qtp1860886124-31] DEBUG org.eclipse.jetty.server.HttpConnection -- HttpConnection@58195fba::NetworkTrafficSocketChannelEndPoint@725ee647[{l=/127.0.0.1:8080,r=/127.0.0.1:43042,ISHUT,fill=-,flush=-,to=1/30000}{io=0/0,kio=0,kro=1}]->[HttpConnection@58195fba[p=HttpParser{s=START,0 of -1},g=HttpGenerator@65709f78{s=START}]=>HttpChannelOverHttp@55edbabc{s=HttpChannelState@425fc54e{s=IDLE rs=BLOCKING os=OPEN is=IDLE awp=false se=false i=true al=0},r=1,c=false/false,a=IDLE,uri=null,age=0}] filled -1 RetainableByteBuffer@57e49389{DirectByteBuffer@2fc00118[p=0,l=0,c=8192,r=0]={<<<>>>POST /var...\x00\x00\x00\x00\x00\x00\x00},r=1}
16:06:32.963 [qtp1860886124-31] DEBUG org.eclipse.jetty.server.HttpConnection -- HttpConnection@58195fba::NetworkTrafficSocketChannelEndPoint@725ee647[{l=/127.0.0.1:8080,r=/127.0.0.1:43042,ISHUT,fill=-,flush=-,to=1/30000}{io=0/0,kio=0,kro=1}]->[HttpConnection@58195fba[p=HttpParser{s=START,0 of -1},g=HttpGenerator@65709f78{s=START}]=>HttpChannelOverHttp@55edbabc{s=HttpChannelState@425fc54e{s=IDLE rs=BLOCKING os=OPEN is=IDLE awp=false se=false i=true al=0},r=1,c=false/false,a=IDLE,uri=null,age=0}] parse RetainableByteBuffer@57e49389{DirectByteBuffer@2fc00118[p=0,l=0,c=8192,r=0]={<<<>>>POST /var...\x00\x00\x00\x00\x00\x00\x00},r=1}
16:06:32.963 [qtp1860886124-31] DEBUG org.eclipse.jetty.http.HttpParser -- parseNext s=START DirectByteBuffer@2fc00118[p=0,l=0,c=8192,r=0]={<<<>>>POST /var...\x00\x00\x00\x00\x00\x00\x00}
16:06:32.963 [qtp1860886124-31] DEBUG org.eclipse.jetty.http.HttpParser -- START --> CLOSED
16:06:32.963 [qtp1860886124-31] DEBUG org.eclipse.jetty.io.AbstractEndPoint -- close NetworkTrafficSocketChannelEndPoint@725ee647[{l=/127.0.0.1:8080,r=/127.0.0.1:43042,ISHUT,fill=-,flush=-,to=2/30000}{io=0/0,kio=0,kro=1}]->[HttpConnection@58195fba[p=HttpParser{s=CLOSED,0 of -1},g=HttpGenerator@65709f78{s=START}]=>HttpChannelOverHttp@55edbabc{s=HttpChannelState@425fc54e{s=IDLE rs=BLOCKING os=OPEN is=IDLE awp=false se=false i=true al=0},r=1,c=false/false,a=IDLE,uri=null,age=0}]
16:06:32.963 [qtp1860886124-31] DEBUG org.eclipse.jetty.io.AbstractEndPoint -- close(null) NetworkTrafficSocketChannelEndPoint@725ee647[{l=/127.0.0.1:8080,r=/127.0.0.1:43042,ISHUT,fill=-,flush=-,to=2/30000}{io=0/0,kio=0,kro=1}]->[HttpConnection@58195fba[p=HttpParser{s=CLOSED,0 of -1},g=HttpGenerator@65709f78{s=START}]=>HttpChannelOverHttp@55edbabc{s=HttpChannelState@425fc54e{s=IDLE rs=BLOCKING os=OPEN is=IDLE awp=false se=false i=true al=0},r=1,c=false/false,a=IDLE,uri=null,age=0}]
16:06:32.963 [qtp1860886124-31] DEBUG org.eclipse.jetty.io.SelectableChannelEndPoint -- doClose NetworkTrafficSocketChannelEndPoint@725ee647[{l=/127.0.0.1:8080,r=/127.0.0.1:43042,CLOSED,fill=-,flush=-,to=2/30000}{io=0/0,kio=0,kro=1}]->[HttpConnection@58195fba[p=HttpParser{s=CLOSED,0 of -1},g=HttpGenerator@65709f78{s=START}]=>HttpChannelOverHttp@55edbabc{s=HttpChannelState@425fc54e{s=IDLE rs=BLOCKING os=OPEN is=IDLE awp=false se=false i=true al=0},r=1,c=false/false,a=IDLE,uri=null,age=0}]
16:06:32.964 [qtp1860886124-31] DEBUG org.eclipse.jetty.io.FillInterest -- onClose FillInterest@59b9532d{null}
16:06:32.964 [qtp1860886124-31] DEBUG org.eclipse.jetty.io.ManagedSelector -- Wakeup ManagedSelector@588ffeb{STARTED} id=0 keys=1 selected=0 updates=0
16:06:32.964 [qtp1860886124-31] DEBUG org.eclipse.jetty.util.thread.QueuedThreadPool -- queue org.eclipse.jetty.io.ManagedSelector$DestroyEndPoint@28678e16 startThread=0
16:06:32.964 [qtp1860886124-32] DEBUG org.eclipse.jetty.io.ManagedSelector -- Selector sun.nio.ch.EPollSelectorImpl@1f751e5c woken with none selected
16:06:32.964 [qtp1860886124-32] DEBUG org.eclipse.jetty.io.ManagedSelector -- Selector sun.nio.ch.EPollSelectorImpl@1f751e5c woken up from select, 0/0/0 selected
16:06:32.964 [qtp1860886124-32] DEBUG org.eclipse.jetty.io.ManagedSelector -- Selector sun.nio.ch.EPollSelectorImpl@1f751e5c processing 0 keys, 0 updates
16:06:32.964 [qtp1860886124-32] DEBUG org.eclipse.jetty.io.ManagedSelector -- updateable 0
16:06:32.964 [qtp1860886124-32] DEBUG org.eclipse.jetty.io.ManagedSelector -- updates 0
16:06:32.964 [qtp1860886124-32] DEBUG org.eclipse.jetty.io.ManagedSelector -- Selector sun.nio.ch.EPollSelectorImpl@1f751e5c waiting with 0 keys
16:06:32.964 [qtp1860886124-33] DEBUG org.eclipse.jetty.util.thread.QueuedThreadPool -- run org.eclipse.jetty.io.ManagedSelector$DestroyEndPoint@28678e16 in QueuedThreadPool[qtp1860886124]@6eeade6c{STARTED,8<=8<=25,i=0,r=-1,t=56040ms,q=0}[ReservedThreadExecutor@6e28bb87{reserved=1/2,pending=0}]
16:06:32.964 [qtp1860886124-31] DEBUG org.eclipse.jetty.server.HttpConnection -- HttpConnection@58195fba::NetworkTrafficSocketChannelEndPoint@725ee647[{l=null,r=null,CLOSED,fill=-,flush=-,to=2/30000}{io=0/0,kio=-1,kro=-1}]->[HttpConnection@58195fba[p=HttpParser{s=CLOSED,0 of -1},g=HttpGenerator@65709f78{s=START}]=>HttpChannelOverHttp@55edbabc{s=HttpChannelState@425fc54e{s=IDLE rs=BLOCKING os=OPEN is=IDLE awp=false se=false i=true al=0},r=1,c=false/false,a=IDLE,uri=null,age=0}] parsed false HttpParser{s=CLOSED,0 of -1}
16:06:32.964 [qtp1860886124-33] DEBUG org.eclipse.jetty.io.ManagedSelector -- Destroyed NetworkTrafficSocketChannelEndPoint@725ee647[{l=null,r=null,CLOSED,fill=-,flush=-,to=3/30000}{io=0/0,kio=-1,kro=-1}]->[HttpConnection@58195fba[p=HttpParser{s=CLOSED,0 of -1},g=HttpGenerator@65709f78{s=START}]=>HttpChannelOverHttp@55edbabc{s=HttpChannelState@425fc54e{s=IDLE rs=BLOCKING os=OPEN is=IDLE awp=false se=false i=true al=0},r=1,c=false/false,a=IDLE,uri=null,age=0}]
16:06:32.964 [qtp1860886124-31] DEBUG org.eclipse.jetty.server.HttpConnection -- releaseRequestBuffer HttpConnection@58195fba::NetworkTrafficSocketChannelEndPoint@725ee647[{l=null,r=null,CLOSED,fill=-,flush=-,to=3/30000}{io=0/0,kio=-1,kro=-1}]->[HttpConnection@58195fba[p=HttpParser{s=CLOSED,0 of -1},g=HttpGenerator@65709f78{s=START}]=>HttpChannelOverHttp@55edbabc{s=HttpChannelState@425fc54e{s=IDLE rs=BLOCKING os=OPEN is=IDLE awp=false se=false i=true al=0},r=1,c=false/false,a=IDLE,uri=null,age=0}]
16:06:32.965 [qtp1860886124-33] DEBUG org.eclipse.jetty.io.AbstractConnection -- onClose HttpConnection@58195fba::NetworkTrafficSocketChannelEndPoint@725ee647[{l=null,r=null,CLOSED,fill=-,flush=-,to=3/30000}{io=0/0,kio=-1,kro=-1}]->[HttpConnection@58195fba[p=HttpParser{s=CLOSED,0 of -1},g=HttpGenerator@65709f78{s=START}]=>HttpChannelOverHttp@55edbabc{s=HttpChannelState@425fc54e{s=IDLE rs=BLOCKING os=OPEN is=IDLE awp=false se=false i=true al=0},r=1,c=false/false,a=IDLE,uri=null,age=0}]
16:06:32.965 [qtp1860886124-31] DEBUG org.eclipse.jetty.io.AbstractEndPoint -- shutdownOutput NetworkTrafficSocketChannelEndPoint@725ee647[{l=null,r=null,CLOSED,fill=-,flush=-,to=3/30000}{io=0/0,kio=-1,kro=-1}]->[HttpConnection@58195fba[p=HttpParser{s=CLOSED,0 of -1},g=HttpGenerator@65709f78{s=START}]=>HttpChannelOverHttp@55edbabc{s=HttpChannelState@425fc54e{s=IDLE rs=BLOCKING os=OPEN is=IDLE awp=false se=false i=true al=0},r=1,c=false/false,a=IDLE,uri=null,age=0}]
16:06:32.965 [qtp1860886124-33] DEBUG org.eclipse.jetty.util.thread.QueuedThreadPool -- ran org.eclipse.jetty.io.ManagedSelector$DestroyEndPoint@28678e16 in QueuedThreadPool[qtp1860886124]@6eeade6c{STARTED,8<=8<=25,i=0,r=-1,t=56040ms,q=0}[ReservedThreadExecutor@6e28bb87{reserved=1/2,pending=0}]
16:06:32.965 [qtp1860886124-33] DEBUG org.eclipse.jetty.util.thread.QueuedThreadPool -- Evict skipped, no excess threads QueuedThreadPool[qtp1860886124]@6eeade6c{STARTED,8<=8<=25,i=1,r=-1,t=56040ms,q=0}[ReservedThreadExecutor@6e28bb87{reserved=1/2,pending=0}]
16:06:32.965 [qtp1860886124-31] DEBUG org.eclipse.jetty.server.HttpConnection -- HttpConnection@58195fba::NetworkTrafficSocketChannelEndPoint@725ee647[{l=null,r=null,CLOSED,fill=-,flush=-,to=3/30000}{io=0/0,kio=-1,kro=-1}]->[HttpConnection@58195fba[p=HttpParser{s=CLOSED,0 of -1},g=HttpGenerator@65709f78{s=START}]=>HttpChannelOverHttp@55edbabc{s=HttpChannelState@425fc54e{s=IDLE rs=BLOCKING os=OPEN is=IDLE awp=false se=false i=true al=0},r=1,c=false/false,a=IDLE,uri=null,age=0}] onFillable exit HttpChannelState@425fc54e{s=IDLE rs=BLOCKING os=OPEN is=IDLE awp=false se=false i=true al=0} null
16:06:32.965 [qtp1860886124-31] DEBUG org.eclipse.jetty.util.thread.ReservedThreadExecutor -- ReservedThread@6b929e12{RUNNING,thread=Thread[qtp1860886124-31,5,main]} was=RUNNING next=RESERVED size=0+2 capacity=2
16:06:32.965 [qtp1860886124-31] DEBUG org.eclipse.jetty.util.thread.ReservedThreadExecutor -- ReservedThread@6b929e12{RESERVED,thread=Thread[qtp1860886124-31,5,main]} waiting ReservedThreadExecutor@6e28bb87{reserved=2/2,pending=0}
16:06:32.966 [main] ERROR com.intuit.karate -- classpath:features/variants/createVariant.feature:45
Then status 401
status code was: 404, expected: 401, response time in milliseconds: 45, url: http://localhost:8080/variants, response: 

                                               Request was not matched
                                               =======================

-----------------------------------------------------------------------------------------------------------------------
| Closest stub                                             | Request                                                  |
-----------------------------------------------------------------------------------------------------------------------
                                                           |
POST                                                       | POST
/variants                                                  | /variants
                                                           |
Authorization: Bearer user-no-permission                   |                                                     <<<<< Header is not present
                                                           |
                                                           |
-----------------------------------------------------------------------------------------------------------------------

classpath:features/variants/createVariant.feature:45
16:06:33.018 [main] DEBUG org.thymeleaf.TemplateEngine -- [THYMELEAF] INITIALIZING TEMPLATE ENGINE
16:06:33.230 [main] DEBUG org.thymeleaf.TemplateEngine.CONFIG -- Initializing Thymeleaf Template engine configuration...
[THYMELEAF] TEMPLATE ENGINE CONFIGURATION:
[THYMELEAF] * Thymeleaf version: 3.1.2.RELEASE (built 2023-07-30T19:25:50+0000)
[THYMELEAF] * Cache Manager implementation: org.thymeleaf.cache.StandardCacheManager
[THYMELEAF] * Template resolvers:
[THYMELEAF]     * [1] com.intuit.karate.template.ResourceHtmlTemplateResolver
[THYMELEAF] * Message resolvers:
[THYMELEAF]     * org.thymeleaf.messageresolver.StandardMessageResolver
[THYMELEAF] * Link builders:
[THYMELEAF]     * org.thymeleaf.linkbuilder.StandardLinkBuilder
[THYMELEAF] * Dialect [1 of 2]: Standard (com.intuit.karate.template.KarateStandardDialect)
[THYMELEAF]     * Prefix: "th"
[THYMELEAF]     * Processors for Template Mode: HTML
[THYMELEAF]         * Element Tag Processors by [matching element and attribute name] [precedence]:
[THYMELEAF]             * [* {th:include,data-th-include}] [100]: org.thymeleaf.standard.processor.StandardIncludeTagProcessor
[THYMELEAF]             * [* {th:insert,data-th-insert}] [100]: org.thymeleaf.standard.processor.StandardInsertTagProcessor
[THYMELEAF]             * [* {th:replace,data-th-replace}] [100]: org.thymeleaf.standard.processor.StandardReplaceTagProcessor
[THYMELEAF]             * [* {th:each,data-th-each}] [200]: com.intuit.karate.template.KarateEachTagProcessor
[THYMELEAF]             * [* {th:switch,data-th-switch}] [250]: org.thymeleaf.standard.processor.StandardSwitchTagProcessor
[THYMELEAF]             * [* {th:case,data-th-case}] [275]: org.thymeleaf.standard.processor.StandardCaseTagProcessor
[THYMELEAF]             * [* {th:if,data-th-if}] [300]: org.thymeleaf.standard.processor.StandardIfTagProcessor
[THYMELEAF]             * [* {th:unless,data-th-unless}] [400]: org.thymeleaf.standard.processor.StandardUnlessTagProcessor
[THYMELEAF]             * [* {th:object,data-th-object}] [500]: org.thymeleaf.standard.processor.StandardObjectTagProcessor
[THYMELEAF]             * [* {th:with,data-th-with}] [600]: com.intuit.karate.template.KarateWithTagProcessor
[THYMELEAF]             * [* {th:attr,data-th-attr}] [700]: com.intuit.karate.template.KarateAttributeTagProcessor.KarateAttrTagProcessor
[THYMELEAF]             * [* {th:attrappend,data-th-attrappend}] [900]: com.intuit.karate.template.KarateAttributeTagProcessor.KarateAttrappendTagProcessor
[THYMELEAF]             * [* {th:attrprepend,data-th-attrprepend}] [900]: com.intuit.karate.template.KarateAttributeTagProcessor.KarateAttrprependTagProcessor
[THYMELEAF]             * [* {th:alt-title,data-th-alt-title}] [990]: org.thymeleaf.standard.processor.StandardAltTitleTagProcessor
[THYMELEAF]             * [* {th:lang-xmllang,data-th-lang-xmllang}] [990]: org.thymeleaf.standard.processor.StandardLangXmlLangTagProcessor
[THYMELEAF]             * [* {th:action,data-th-action}] [1000]: org.thymeleaf.standard.processor.StandardActionTagProcessor
[THYMELEAF]             * [* {th:loop,data-th-loop}] [1000]: org.thymeleaf.standard.processor.StandardConditionalFixedValueTagProcessor
[THYMELEAF]             * [* {th:readonly,data-th-readonly}] [1000]: org.thymeleaf.standard.processor.StandardConditionalFixedValueTagProcessor
[THYMELEAF]             * [* {th:open,data-th-open}] [1000]: org.thymeleaf.standard.processor.StandardConditionalFixedValueTagProcessor
[THYMELEAF]             * [* {th:nowrap,data-th-nowrap}] [1000]: org.thymeleaf.standard.processor.StandardConditionalFixedValueTagProcessor
[THYMELEAF]             * [* {th:novalidate,data-th-novalidate}] [1000]: org.thymeleaf.standard.processor.StandardConditionalFixedValueTagProcessor
[THYMELEAF]             * [* {th:scoped,data-th-scoped}] [1000]: org.thymeleaf.standard.processor.StandardConditionalFixedValueTagProcessor
[THYMELEAF]             * [* {th:pubdate,data-th-pubdate}] [1000]: org.thymeleaf.standard.processor.StandardConditionalFixedValueTagProcessor
[THYMELEAF]             * [* {th:hidden,data-th-hidden}] [1000]: org.thymeleaf.standard.processor.StandardConditionalFixedValueTagProcessor
[THYMELEAF]             * [* {th:selected,data-th-selected}] [1000]: org.thymeleaf.standard.processor.StandardConditionalFixedValueTagProcessor
[THYMELEAF]             * [* {th:formnovalidate,data-th-formnovalidate}] [1000]: org.thymeleaf.standard.processor.StandardConditionalFixedValueTagProcessor
[THYMELEAF]             * [* {th:disabled,data-th-disabled}] [1000]: org.thymeleaf.standard.processor.StandardConditionalFixedValueTagProcessor
[THYMELEAF]             * [* {th:defer,data-th-defer}] [1000]: org.thymeleaf.standard.processor.StandardConditionalFixedValueTagProcessor
[THYMELEAF]             * [* {th:controls,data-th-controls}] [1000]: org.thymeleaf.standard.processor.StandardConditionalFixedValueTagProcessor
[THYMELEAF]             * [* {th:autoplay,data-th-autoplay}] [1000]: org.thymeleaf.standard.processor.StandardConditionalFixedValueTagProcessor
[THYMELEAF]             * [* {th:ismap,data-th-ismap}] [1000]: org.thymeleaf.standard.processor.StandardConditionalFixedValueTagProcessor
[THYMELEAF]             * [* {th:seamless,data-th-seamless}] [1000]: org.thymeleaf.standard.processor.StandardConditionalFixedValueTagProcessor
[THYMELEAF]             * [* {th:checked,data-th-checked}] [1000]: org.thymeleaf.standard.processor.StandardConditionalFixedValueTagProcessor
[THYMELEAF]             * [* {th:async,data-th-async}] [1000]: org.thymeleaf.standard.processor.StandardConditionalFixedValueTagProcessor
[THYMELEAF]             * [* {th:multiple,data-th-multiple}] [1000]: org.thymeleaf.standard.processor.StandardConditionalFixedValueTagProcessor
[THYMELEAF]             * [* {th:reversed,data-th-reversed}] [1000]: org.thymeleaf.standard.processor.StandardConditionalFixedValueTagProcessor
[THYMELEAF]             * [* {th:declare,data-th-declare}] [1000]: org.thymeleaf.standard.processor.StandardConditionalFixedValueTagProcessor
[THYMELEAF]             * [* {th:default,data-th-default}] [1000]: org.thymeleaf.standard.processor.StandardConditionalFixedValueTagProcessor
[THYMELEAF]             * [* {th:autofocus,data-th-autofocus}] [1000]: org.thymeleaf.standard.processor.StandardConditionalFixedValueTagProcessor
[THYMELEAF]             * [* {th:required,data-th-required}] [1000]: org.thymeleaf.standard.processor.StandardConditionalFixedValueTagProcessor
[THYMELEAF]             * [* {th:onplaying,data-th-onplaying}] [1000]: org.thymeleaf.standard.processor.StandardDOMEventAttributeTagProcessor
[THYMELEAF]             * [* {th:onpopstate,data-th-onpopstate}] [1000]: org.thymeleaf.standard.processor.StandardDOMEventAttributeTagProcessor
[THYMELEAF]             * [* {th:onmousemove,data-th-onmousemove}] [1000]: org.thymeleaf.standard.processor.StandardDOMEventAttributeTagProcessor
[THYMELEAF]             * [* {th:oninvalid,data-th-oninvalid}] [1000]: org.thymeleaf.standard.processor.StandardDOMEventAttributeTagProcessor
[THYMELEAF]             * [* {th:onbeforeunload,data-th-onbeforeunload}] [1000]: org.thymeleaf.standard.processor.StandardDOMEventAttributeTagProcessor
[THYMELEAF]             * [* {th:onloadedmetadata,data-th-onloadedmetadata}] [1000]: org.thymeleaf.standard.processor.StandardDOMEventAttributeTagProcessor
[THYMELEAF]             * [* {th:onundo,data-th-onundo}] [1000]: org.thymeleaf.standard.processor.StandardDOMEventAttributeTagProcessor
[THYMELEAF]             * [* {th:onoffline,data-th-onoffline}] [1000]: org.thymeleaf.standard.processor.StandardDOMEventAttributeTagProcessor
[THYMELEAF]             * [* {th:onsubmit,data-th-onsubmit}] [1000]: org.thymeleaf.standard.processor.StandardDOMEventAttributeTagProcessor
[THYMELEAF]             * [* {th:onload,data-th-onload}] [1000]: org.thymeleaf.standard.processor.StandardDOMEventAttributeTagProcessor
[THYMELEAF]             * [* {th:onafterprint,data-th-onafterprint}] [1000]: org.thymeleaf.standard.processor.StandardDOMEventAttributeTagProcessor
[THYMELEAF]             * [* {th:ononline,data-th-ononline}] [1000]: org.thymeleaf.standard.processor.StandardDOMEventAttributeTagProcessor
[THYMELEAF]             * [* {th:onformchange,data-th-onformchange}] [1000]: org.thymeleaf.standard.processor.StandardDOMEventAttributeTagProcessor
[THYMELEAF]             * [* {th:ondrop,data-th-ondrop}] [1000]: org.thymeleaf.standard.processor.StandardDOMEventAttributeTagProcessor
[THYMELEAF]             * [* {th:onblur,data-th-onblur}] [1000]: org.thymeleaf.standard.processor.StandardDOMEventAttributeTagProcessor
[THYMELEAF]             * [* {th:onreadystatechange,data-th-onreadystatechange}] [1000]: org.thymeleaf.standard.processor.StandardDOMEventAttributeTagProcessor
[THYMELEAF]             * [* {th:onresize,data-th-onresize}] [1000]: org.thymeleaf.standard.processor.StandardDOMEventAttributeTagProcessor
[THYMELEAF]             * [* {th:oninput,data-th-oninput}] [1000]: org.thymeleaf.standard.processor.StandardDOMEventAttributeTagProcessor
[THYMELEAF]             * [* {th:onmessage,data-th-onmessage}] [1000]: org.thymeleaf.standard.processor.StandardDOMEventAttributeTagProcessor
[THYMELEAF]             * [* {th:onseeked,data-th-onseeked}] [1000]: org.thymeleaf.standard.processor.StandardDOMEventAttributeTagProcessor
[THYMELEAF]             * [* {th:ontimeupdate,data-th-ontimeupdate}] [1000]: org.thymeleaf.standard.processor.StandardDOMEventAttributeTagProcessor
[THYMELEAF]             * [* {th:onforminput,data-th-onforminput}] [1000]: org.thymeleaf.standard.processor.StandardDOMEventAttributeTagProcessor
[THYMELEAF]             * [* {th:onbeforeprint,data-th-onbeforeprint}] [1000]: org.thymeleaf.standard.processor.StandardDOMEventAttributeTagProcessor
[THYMELEAF]             * [* {th:onselect,data-th-onselect}] [1000]: org.thymeleaf.standard.processor.StandardDOMEventAttributeTagProcessor
[THYMELEAF]             * [* {th:ondragenter,data-th-ondragenter}] [1000]: org.thymeleaf.standard.processor.StandardDOMEventAttributeTagProcessor
[THYMELEAF]             * [* {th:onmouseup,data-th-onmouseup}] [1000]: org.thymeleaf.standard.processor.StandardDOMEventAttributeTagProcessor
[THYMELEAF]             * [* {th:ondragend,data-th-ondragend}] [1000]: org.thymeleaf.standard.processor.StandardDOMEventAttributeTagProcessor
[THYMELEAF]             * [* {th:onscroll,data-th-onscroll}] [1000]: org.thymeleaf.standard.processor.StandardDOMEventAttributeTagProcessor
[THYMELEAF]             * [* {th:onstorage,data-th-onstorage}] [1000]: org.thymeleaf.standard.processor.StandardDOMEventAttributeTagProcessor
[THYMELEAF]             * [* {th:onmouseover,data-th-onmouseover}] [1000]: org.thymeleaf.standard.processor.StandardDOMEventAttributeTagProcessor
[THYMELEAF]             * [* {th:onunload,data-th-onunload}] [1000]: org.thymeleaf.standard.processor.StandardDOMEventAttributeTagProcessor
[THYMELEAF]             * [* {th:ondragstart,data-th-ondragstart}] [1000]: org.thymeleaf.standard.processor.StandardDOMEventAttributeTagProcessor
[THYMELEAF]             * [* {th:ondurationchange,data-th-ondurationchange}] [1000]: org.thymeleaf.standard.processor.StandardDOMEventAttributeTagProcessor
[THYMELEAF]             * [* {th:ondragleave,data-th-ondragleave}] [1000]: org.thymeleaf.standard.processor.StandardDOMEventAttributeTagProcessor
[THYMELEAF]             * [* {th:ondblclick,data-th-ondblclick}] [1000]: org.thymeleaf.standard.processor.StandardDOMEventAttributeTagProcessor
[THYMELEAF]             * [* {th:onsuspend,data-th-onsuspend}] [1000]: org.thymeleaf.standard.processor.StandardDOMEventAttributeTagProcessor
[THYMELEAF]             * [* {th:onstalled,data-th-onstalled}] [1000]: org.thymeleaf.standard.processor.StandardDOMEventAttributeTagProcessor
[THYMELEAF]             * [* {th:onmousedown,data-th-onmousedown}] [1000]: org.thymeleaf.standard.processor.StandardDOMEventAttributeTagProcessor
[THYMELEAF]             * [* {th:oncanplay,data-th-oncanplay}] [1000]: org.thymeleaf.standard.processor.StandardDOMEventAttributeTagProcessor
[THYMELEAF]             * [* {th:onclick,data-th-onclick}] [1000]: org.thymeleaf.standard.processor.StandardDOMEventAttributeTagProcessor
[THYMELEAF]             * [* {th:onreset,data-th-onreset}] [1000]: org.thymeleaf.standard.processor.StandardDOMEventAttributeTagProcessor
[THYMELEAF]             * [* {th:onloadstart,data-th-onloadstart}] [1000]: org.thymeleaf.standard.processor.StandardDOMEventAttributeTagProcessor
[THYMELEAF]             * [* {th:onkeydown,data-th-onkeydown}] [1000]: org.thymeleaf.standard.processor.StandardDOMEventAttributeTagProcessor
[THYMELEAF]             * [* {th:oncontextmenu,data-th-oncontextmenu}] [1000]: org.thymeleaf.standard.processor.StandardDOMEventAttributeTagProcessor
[THYMELEAF]             * [* {th:onwaiting,data-th-onwaiting}] [1000]: org.thymeleaf.standard.processor.StandardDOMEventAttributeTagProcessor
[THYMELEAF]             * [* {th:onseeking,data-th-onseeking}] [1000]: org.thymeleaf.standard.processor.StandardDOMEventAttributeTagProcessor
[THYMELEAF]             * [* {th:oncanplaythrough,data-th-oncanplaythrough}] [1000]: org.thymeleaf.standard.processor.StandardDOMEventAttributeTagProcessor
[THYMELEAF]             * [* {th:onended,data-th-onended}] [1000]: org.thymeleaf.standard.processor.StandardDOMEventAttributeTagProcessor
[THYMELEAF]             * [* {th:onemptied,data-th-onemptied}] [1000]: org.thymeleaf.standard.processor.StandardDOMEventAttributeTagProcessor
[THYMELEAF]             * [* {th:onloadeddata,data-th-onloadeddata}] [1000]: org.thymeleaf.standard.processor.StandardDOMEventAttributeTagProcessor
[THYMELEAF]             * [* {th:onvolumechange,data-th-onvolumechange}] [1000]: org.thymeleaf.standard.processor.StandardDOMEventAttributeTagProcessor
[THYMELEAF]             * [* {th:onfocus,data-th-onfocus}] [1000]: org.thymeleaf.standard.processor.StandardDOMEventAttributeTagProcessor
[THYMELEAF]             * [* {th:ondragover,data-th-ondragover}] [1000]: org.thymeleaf.standard.processor.StandardDOMEventAttributeTagProcessor
[THYMELEAF]             * [* {th:onchange,data-th-onchange}] [1000]: org.thymeleaf.standard.processor.StandardDOMEventAttributeTagProcessor
[THYMELEAF]             * [* {th:ondrag,data-th-ondrag}] [1000]: org.thymeleaf.standard.processor.StandardDOMEventAttributeTagProcessor
[THYMELEAF]             * [* {th:onmouseout,data-th-onmouseout}] [1000]: org.thymeleaf.standard.processor.StandardDOMEventAttributeTagProcessor
[THYMELEAF]             * [* {th:onhashchange,data-th-onhashchange}] [1000]: org.thymeleaf.standard.processor.StandardDOMEventAttributeTagProcessor
[THYMELEAF]             * [* {th:onshow,data-th-onshow}] [1000]: org.thymeleaf.standard.processor.StandardDOMEventAttributeTagProcessor
[THYMELEAF]             * [* {th:onratechange,data-th-onratechange}] [1000]: org.thymeleaf.standard.processor.StandardDOMEventAttributeTagProcessor
[THYMELEAF]             * [* {th:onprogress,data-th-onprogress}] [1000]: org.thymeleaf.standard.processor.StandardDOMEventAttributeTagProcessor
[THYMELEAF]             * [* {th:onkeypress,data-th-onkeypress}] [1000]: org.thymeleaf.standard.processor.StandardDOMEventAttributeTagProcessor
[THYMELEAF]             * [* {th:onmousewheel,data-th-onmousewheel}] [1000]: org.thymeleaf.standard.processor.StandardDOMEventAttributeTagProcessor
[THYMELEAF]             * [* {th:onplay,data-th-onplay}] [1000]: org.thymeleaf.standard.processor.StandardDOMEventAttributeTagProcessor
[THYMELEAF]             * [* {th:onpause,data-th-onpause}] [1000]: org.thymeleaf.standard.processor.StandardDOMEventAttributeTagProcessor
[THYMELEAF]             * [* {th:onredo,data-th-onredo}] [1000]: org.thymeleaf.standard.processor.StandardDOMEventAttributeTagProcessor
[THYMELEAF]             * [* {th:onerror,data-th-onerror}] [1000]: org.thymeleaf.standard.processor.StandardDOMEventAttributeTagProcessor
[THYMELEAF]             * [* {th:onkeyup,data-th-onkeyup}] [1000]: org.thymeleaf.standard.processor.StandardDOMEventAttributeTagProcessor
[THYMELEAF]             * [* {th:onabort,data-th-onabort}] [1000]: org.thymeleaf.standard.processor.StandardDOMEventAttributeTagProcessor
[THYMELEAF]             * [* {th:href,data-th-href}] [1000]: org.thymeleaf.standard.processor.StandardHrefTagProcessor
[THYMELEAF]             * [* {th:inline,data-th-inline}] [1000]: org.thymeleaf.standard.processor.StandardInlineHTMLTagProcessor
[THYMELEAF]             * [* {th:method,data-th-method}] [1000]: org.thymeleaf.standard.processor.StandardMethodTagProcessor
[THYMELEAF]             * [* {th:name,data-th-name}] [1000]: org.thymeleaf.standard.processor.StandardNonRemovableAttributeTagProcessor
[THYMELEAF]             * [* {th:type,data-th-type}] [1000]: org.thymeleaf.standard.processor.StandardNonRemovableAttributeTagProcessor
[THYMELEAF]             * [* {th:min,data-th-min}] [1000]: org.thymeleaf.standard.processor.StandardRemovableAttributeTagProcessor
[THYMELEAF]             * [* {th:span,data-th-span}] [1000]: org.thymeleaf.standard.processor.StandardRemovableAttributeTagProcessor
[THYMELEAF]             * [* {th:media,data-th-media}] [1000]: org.thymeleaf.standard.processor.StandardRemovableAttributeTagProcessor
[THYMELEAF]             * [* {th:scrolling,data-th-scrolling}] [1000]: org.thymeleaf.standard.processor.StandardRemovableAttributeTagProcessor
[THYMELEAF]             * [* {th:optimum,data-th-optimum}] [1000]: org.thymeleaf.standard.processor.StandardRemovableAttributeTagProcessor
[THYMELEAF]             * [* {th:width,data-th-width}] [1000]: org.thymeleaf.standard.processor.StandardRemovableAttributeTagProcessor
[THYMELEAF]             * [* {th:frame,data-th-frame}] [1000]: org.thymeleaf.standard.processor.StandardRemovableAttributeTagProcessor
[THYMELEAF]             * [* {th:axis,data-th-axis}] [1000]: org.thymeleaf.standard.processor.StandardRemovableAttributeTagProcessor
[THYMELEAF]             * [* {th:codebase,data-th-codebase}] [1000]: org.thymeleaf.standard.processor.StandardRemovableAttributeTagProcessor
[THYMELEAF]             * [* {th:dropzone,data-th-dropzone}] [1000]: org.thymeleaf.standard.processor.StandardRemovableAttributeTagProcessor
[THYMELEAF]             * [* {th:accept,data-th-accept}] [1000]: org.thymeleaf.standard.processor.StandardRemovableAttributeTagProcessor
[THYMELEAF]             * [* {th:vspace,data-th-vspace}] [1000]: org.thymeleaf.standard.processor.StandardRemovableAttributeTagProcessor
[THYMELEAF]             * [* {th:high,data-th-high}] [1000]: org.thymeleaf.standard.processor.StandardRemovableAttributeTagProcessor
[THYMELEAF]             * [* {th:rules,data-th-rules}] [1000]: org.thymeleaf.standard.processor.StandardRemovableAttributeTagProcessor
[THYMELEAF]             * [* {th:pattern,data-th-pattern}] [1000]: org.thymeleaf.standard.processor.StandardRemovableAttributeTagProcessor
[THYMELEAF]             * [* {th:cellspacing,data-th-cellspacing}] [1000]: org.thymeleaf.standard.processor.StandardRemovableAttributeTagProcessor
[THYMELEAF]             * [* {th:formtarget,data-th-formtarget}] [1000]: org.thymeleaf.standard.processor.StandardRemovableAttributeTagProcessor
[THYMELEAF]             * [* {th:frameborder,data-th-frameborder}] [1000]: org.thymeleaf.standard.processor.StandardRemovableAttributeTagProcessor
[THYMELEAF]             * [* {th:scheme,data-th-scheme}] [1000]: org.thymeleaf.standard.processor.StandardRemovableAttributeTagProcessor
[THYMELEAF]             * [* {th:formenctype,data-th-formenctype}] [1000]: org.thymeleaf.standard.processor.StandardRemovableAttributeTagProcessor
[THYMELEAF]             * [* {th:autocomplete,data-th-autocomplete}] [1000]: org.thymeleaf.standard.processor.StandardRemovableAttributeTagProcessor
[THYMELEAF]             * [* {th:srclang,data-th-srclang}] [1000]: org.thymeleaf.standard.processor.StandardRemovableAttributeTagProcessor
[THYMELEAF]             * [* {th:headers,data-th-headers}] [1000]: org.thymeleaf.standard.processor.StandardRemovableAttributeTagProcessor
[THYMELEAF]             * [* {th:step,data-th-step}] [1000]: org.thymeleaf.standard.processor.StandardRemovableAttributeTagProcessor
[THYMELEAF]             * [* {th:valuetype,data-th-valuetype}] [1000]: org.thymeleaf.standard.processor.StandardRemovableAttributeTagProcessor
[THYMELEAF]             * [* {th:summary,data-th-summary}] [1000]: org.thymeleaf.standard.processor.StandardRemovableAttributeTagProcessor
[THYMELEAF]             * [* {th:height,data-th-height}] [1000]: org.thymeleaf.standard.processor.StandardRemovableAttributeTagProcessor
[THYMELEAF]             * [* {th:content,data-th-content}] [1000]: org.thymeleaf.standard.processor.StandardRemovableAttributeTagProcessor
[THYMELEAF]             * [* {th:style,data-th-style}] [1000]: org.thymeleaf.standard.processor.StandardRemovableAttributeTagProcessor
[THYMELEAF]             * [* {th:data,data-th-data}] [1000]: org.thymeleaf.standard.processor.StandardRemovableAttributeTagProcessor
[THYMELEAF]             * [* {th:colspan,data-th-colspan}] [1000]: org.thymeleaf.standard.processor.StandardRemovableAttributeTagProcessor
[THYMELEAF]             * [* {th:preload,data-th-preload}] [1000]: org.thymeleaf.standard.processor.StandardRemovableAttributeTagProcessor
[THYMELEAF]             * [* {th:cellpadding,data-th-cellpadding}] [1000]: org.thymeleaf.standard.processor.StandardRemovableAttributeTagProcessor
[THYMELEAF]             * [* {th:accept-charset,data-th-accept-charset}] [1000]: org.thymeleaf.standard.processor.StandardRemovableAttributeTagProcessor
[THYMELEAF]             * [* {th:kind,data-th-kind}] [1000]: org.thymeleaf.standard.processor.StandardRemovableAttributeTagProcessor
[THYMELEAF]             * [* {th:label,data-th-label}] [1000]: org.thymeleaf.standard.processor.StandardRemovableAttributeTagProcessor
[THYMELEAF]             * [* {th:background,data-th-background}] [1000]: org.thymeleaf.standard.processor.StandardRemovableAttributeTagProcessor
[THYMELEAF]             * [* {th:draggable,data-th-draggable}] [1000]: org.thymeleaf.standard.processor.StandardRemovableAttributeTagProcessor
[THYMELEAF]             * [* {th:rows,data-th-rows}] [1000]: org.thymeleaf.standard.processor.StandardRemovableAttributeTagProcessor
[THYMELEAF]             * [* {th:rel,data-th-rel}] [1000]: org.thymeleaf.standard.processor.StandardRemovableAttributeTagProcessor
[THYMELEAF]             * [* {th:abbr,data-th-abbr}] [1000]: org.thymeleaf.standard.processor.StandardRemovableAttributeTagProcessor
[THYMELEAF]             * [* {th:formaction,data-th-formaction}] [1000]: org.thymeleaf.standard.processor.StandardRemovableAttributeTagProcessor
[THYMELEAF]             * [* {th:radiogroup,data-th-radiogroup}] [1000]: org.thymeleaf.standard.processor.StandardRemovableAttributeTagProcessor
[THYMELEAF]             * [* {th:classid,data-th-classid}] [1000]: org.thymeleaf.standard.processor.StandardRemovableAttributeTagProcessor
[THYMELEAF]             * [* {th:usemap,data-th-usemap}] [1000]: org.thymeleaf.standard.processor.StandardRemovableAttributeTagProcessor
[THYMELEAF]             * [* {th:max,data-th-max}] [1000]: org.thymeleaf.standard.processor.StandardRemovableAttributeTagProcessor
[THYMELEAF]             * [* {th:lang,data-th-lang}] [1000]: org.thymeleaf.standard.processor.StandardRemovableAttributeTagProcessor
[THYMELEAF]             * [* {th:longdesc,data-th-longdesc}] [1000]: org.thymeleaf.standard.processor.StandardRemovableAttributeTagProcessor
[THYMELEAF]             * [* {th:datetime,data-th-datetime}] [1000]: org.thymeleaf.standard.processor.StandardRemovableAttributeTagProcessor
[THYMELEAF]             * [* {th:marginwidth,data-th-marginwidth}] [1000]: org.thymeleaf.standard.processor.StandardRemovableAttributeTagProcessor
[THYMELEAF]             * [* {th:scope,data-th-scope}] [1000]: org.thymeleaf.standard.processor.StandardRemovableAttributeTagProcessor
[THYMELEAF]             * [* {th:list,data-th-list}] [1000]: org.thymeleaf.standard.processor.StandardRemovableAttributeTagProcessor
[THYMELEAF]             * [* {th:dir,data-th-dir}] [1000]: org.thymeleaf.standard.processor.StandardRemovableAttributeTagProcessor
[THYMELEAF]             * [* {th:cols,data-th-cols}] [1000]: org.thymeleaf.standard.processor.StandardRemovableAttributeTagProcessor
[THYMELEAF]             * [* {th:standby,data-th-standby}] [1000]: org.thymeleaf.standard.processor.StandardRemovableAttributeTagProcessor
[THYMELEAF]             * [* {th:keytype,data-th-keytype}] [1000]: org.thymeleaf.standard.processor.StandardRemovableAttributeTagProcessor
[THYMELEAF]             * [* {th:rev,data-th-rev}] [1000]: org.thymeleaf.standard.processor.StandardRemovableAttributeTagProcessor
[THYMELEAF]             * [* {th:bgcolor,data-th-bgcolor}] [1000]: org.thymeleaf.standard.processor.StandardRemovableAttributeTagProcessor
[THYMELEAF]             * [* {th:audio,data-th-audio}] [1000]: org.thymeleaf.standard.processor.StandardRemovableAttributeTagProcessor
[THYMELEAF]             * [* {th:alt,data-th-alt}] [1000]: org.thymeleaf.standard.processor.StandardRemovableAttributeTagProcessor
[THYMELEAF]             * [* {th:contextmenu,data-th-contextmenu}] [1000]: org.thymeleaf.standard.processor.StandardRemovableAttributeTagProcessor
[THYMELEAF]             * [* {th:id,data-th-id}] [1000]: org.thymeleaf.standard.processor.StandardRemovableAttributeTagProcessor
[THYMELEAF]             * [* {th:size,data-th-size}] [1000]: org.thymeleaf.standard.processor.StandardRemovableAttributeTagProcessor
[THYMELEAF]             * [* {th:contenteditable,data-th-contenteditable}] [1000]: org.thymeleaf.standard.processor.StandardRemovableAttributeTagProcessor
[THYMELEAF]             * [* {th:class,data-th-class}] [1000]: org.thymeleaf.standard.processor.StandardRemovableAttributeTagProcessor
[THYMELEAF]             * [* {th:archive,data-th-archive}] [1000]: org.thymeleaf.standard.processor.StandardRemovableAttributeTagProcessor
[THYMELEAF]             * [* {th:sandbox,data-th-sandbox}] [1000]: org.thymeleaf.standard.processor.StandardRemovableAttributeTagProcessor
[THYMELEAF]             * [* {th:spellcheck,data-th-spellcheck}] [1000]: org.thymeleaf.standard.processor.StandardRemovableAttributeTagProcessor
[THYMELEAF]             * [* {th:poster,data-th-poster}] [1000]: org.thymeleaf.standard.processor.StandardRemovableAttributeTagProcessor
[THYMELEAF]             * [* {th:marginheight,data-th-marginheight}] [1000]: org.thymeleaf.standard.processor.StandardRemovableAttributeTagProcessor
[THYMELEAF]             * [* {th:start,data-th-start}] [1000]: org.thymeleaf.standard.processor.StandardRemovableAttributeTagProcessor
[THYMELEAF]             * [* {th:wrap,data-th-wrap}] [1000]: org.thymeleaf.standard.processor.StandardRemovableAttributeTagProcessor
[THYMELEAF]             * [* {th:http-equiv,data-th-http-equiv}] [1000]: org.thymeleaf.standard.processor.StandardRemovableAttributeTagProcessor
[THYMELEAF]             * [* {th:border,data-th-border}] [1000]: org.thymeleaf.standard.processor.StandardRemovableAttributeTagProcessor
[THYMELEAF]             * [* {th:hreflang,data-th-hreflang}] [1000]: org.thymeleaf.standard.processor.StandardRemovableAttributeTagProcessor
[THYMELEAF]             * [* {th:maxlength,data-th-maxlength}] [1000]: org.thymeleaf.standard.processor.StandardRemovableAttributeTagProcessor
[THYMELEAF]             * [* {th:manifest,data-th-manifest}] [1000]: org.thymeleaf.standard.processor.StandardRemovableAttributeTagProcessor
[THYMELEAF]             * [* {th:rowspan,data-th-rowspan}] [1000]: org.thymeleaf.standard.processor.StandardRemovableAttributeTagProcessor
[THYMELEAF]             * [* {th:icon,data-th-icon}] [1000]: org.thymeleaf.standard.processor.StandardRemovableAttributeTagProcessor
[THYMELEAF]             * [* {th:target,data-th-target}] [1000]: org.thymeleaf.standard.processor.StandardRemovableAttributeTagProcessor
[THYMELEAF]             * [* {th:low,data-th-low}] [1000]: org.thymeleaf.standard.processor.StandardRemovableAttributeTagProcessor
[THYMELEAF]             * [* {th:placeholder,data-th-placeholder}] [1000]: org.thymeleaf.standard.processor.StandardRemovableAttributeTagProcessor
[THYMELEAF]             * [* {th:accesskey,data-th-accesskey}] [1000]: org.thymeleaf.standard.processor.StandardRemovableAttributeTagProcessor
[THYMELEAF]             * [* {th:codetype,data-th-codetype}] [1000]: org.thymeleaf.standard.processor.StandardRemovableAttributeTagProcessor
[THYMELEAF]             * [* {th:cite,data-th-cite}] [1000]: org.thymeleaf.standard.processor.StandardRemovableAttributeTagProcessor
[THYMELEAF]             * [* {th:formmethod,data-th-formmethod}] [1000]: org.thymeleaf.standard.processor.StandardRemovableAttributeTagProcessor
[THYMELEAF]             * [* {th:form,data-th-form}] [1000]: org.thymeleaf.standard.processor.StandardRemovableAttributeTagProcessor
[THYMELEAF]             * [* {th:align,data-th-align}] [1000]: org.thymeleaf.standard.processor.StandardRemovableAttributeTagProcessor
[THYMELEAF]             * [* {th:challenge,data-th-challenge}] [1000]: org.thymeleaf.standard.processor.StandardRemovableAttributeTagProcessor
[THYMELEAF]             * [* {th:charset,data-th-charset}] [1000]: org.thymeleaf.standard.processor.StandardRemovableAttributeTagProcessor
[THYMELEAF]             * [* {th:for,data-th-for}] [1000]: org.thymeleaf.standard.processor.StandardRemovableAttributeTagProcessor
[THYMELEAF]             * [* {th:title,data-th-title}] [1000]: org.thymeleaf.standard.processor.StandardRemovableAttributeTagProcessor
[THYMELEAF]             * [* {th:sizes,data-th-sizes}] [1000]: org.thymeleaf.standard.processor.StandardRemovableAttributeTagProcessor
[THYMELEAF]             * [* {th:compact,data-th-compact}] [1000]: org.thymeleaf.standard.processor.StandardRemovableAttributeTagProcessor
[THYMELEAF]             * [* {th:tabindex,data-th-tabindex}] [1000]: org.thymeleaf.standard.processor.StandardRemovableAttributeTagProcessor
[THYMELEAF]             * [* {th:enctype,data-th-enctype}] [1000]: org.thymeleaf.standard.processor.StandardRemovableAttributeTagProcessor
[THYMELEAF]             * [* {th:hspace,data-th-hspace}] [1000]: org.thymeleaf.standard.processor.StandardRemovableAttributeTagProcessor
[THYMELEAF]             * [* {th:src,data-th-src}] [1000]: org.thymeleaf.standard.processor.StandardSrcTagProcessor
[THYMELEAF]             * [* {th:value,data-th-value}] [1000]: org.thymeleaf.standard.processor.StandardValueTagProcessor
[THYMELEAF]             * [* {th:xmlbase,data-th-xmlbase}] [1000]: org.thymeleaf.standard.processor.StandardXmlBaseTagProcessor
[THYMELEAF]             * [* {th:xmllang,data-th-xmllang}] [1000]: org.thymeleaf.standard.processor.StandardXmlLangTagProcessor
[THYMELEAF]             * [* {xmlns:th}] [1000]: org.thymeleaf.standard.processor.StandardXmlNsTagProcessor
[THYMELEAF]             * [* {th:xmlspace,data-th-xmlspace}] [1000]: org.thymeleaf.standard.processor.StandardXmlSpaceTagProcessor
[THYMELEAF]             * [* {th:classappend,data-th-classappend}] [1100]: org.thymeleaf.standard.processor.StandardClassappendTagProcessor
[THYMELEAF]             * [* {th:styleappend,data-th-styleappend}] [1100]: org.thymeleaf.standard.processor.StandardStyleappendTagProcessor
[THYMELEAF]             * [* {th:text,data-th-text}] [1300]: org.thymeleaf.standard.processor.StandardTextTagProcessor
[THYMELEAF]             * [* {th:utext,data-th-utext}] [1400]: org.thymeleaf.standard.processor.StandardUtextTagProcessor
[THYMELEAF]             * [* {th:fragment,data-th-fragment}] [1500]: org.thymeleaf.standard.processor.StandardFragmentTagProcessor
[THYMELEAF]             * [* {th:assert,data-th-assert}] [1550]: org.thymeleaf.standard.processor.StandardAssertTagProcessor
[THYMELEAF]             * [* {th:remove,data-th-remove}] [1600]: org.thymeleaf.standard.processor.StandardRemoveTagProcessor
[THYMELEAF]             * [* {th:ref,data-th-ref}] [10000]: org.thymeleaf.standard.processor.StandardRefAttributeTagProcessor
[THYMELEAF]             * [{th:block,th-block} *] [100000]: org.thymeleaf.standard.processor.StandardBlockTagProcessor
[THYMELEAF]             * [* th:*] [2147483647]: org.thymeleaf.standard.processor.StandardDefaultAttributesTagProcessor
[THYMELEAF]         * Text Processors by [precedence]:
[THYMELEAF]             * [1000]: org.thymeleaf.standard.processor.StandardInliningTextProcessor
[THYMELEAF]         * DOCTYPE Processors by [precedence]:
[THYMELEAF]             * [1000]: org.thymeleaf.standard.processor.StandardTranslationDocTypeProcessor
[THYMELEAF]         * CDATA Section Processors by [precedence]:
[THYMELEAF]             * [1000]: org.thymeleaf.standard.processor.StandardInliningCDATASectionProcessor
[THYMELEAF]         * Comment Processors by [precedence]:
[THYMELEAF]             * [1000]: org.thymeleaf.standard.processor.StandardInliningCommentProcessor
[THYMELEAF]             * [1100]: org.thymeleaf.standard.processor.StandardConditionalCommentProcessor
[THYMELEAF]     * Processors for Template Mode: XML
[THYMELEAF]         * Element Tag Processors by [matching element and attribute name] [precedence]:
[THYMELEAF]             * [* {th:include}] [100]: org.thymeleaf.standard.processor.StandardIncludeTagProcessor
[THYMELEAF]             * [* {th:insert}] [100]: org.thymeleaf.standard.processor.StandardInsertTagProcessor
[THYMELEAF]             * [* {th:replace}] [100]: org.thymeleaf.standard.processor.StandardReplaceTagProcessor
[THYMELEAF]             * [* {th:each}] [200]: com.intuit.karate.template.KarateEachTagProcessor
[THYMELEAF]             * [* {th:switch}] [250]: org.thymeleaf.standard.processor.StandardSwitchTagProcessor
[THYMELEAF]             * [* {th:case}] [275]: org.thymeleaf.standard.processor.StandardCaseTagProcessor
[THYMELEAF]             * [* {th:if}] [300]: org.thymeleaf.standard.processor.StandardIfTagProcessor
[THYMELEAF]             * [* {th:unless}] [400]: org.thymeleaf.standard.processor.StandardUnlessTagProcessor
[THYMELEAF]             * [* {th:object}] [500]: org.thymeleaf.standard.processor.StandardObjectTagProcessor
[THYMELEAF]             * [* {th:with}] [600]: com.intuit.karate.template.KarateWithTagProcessor
[THYMELEAF]             * [* {th:attr}] [700]: com.intuit.karate.template.KarateAttributeTagProcessor.KarateAttrTagProcessor
[THYMELEAF]             * [* {th:attrappend}] [900]: com.intuit.karate.template.KarateAttributeTagProcessor.KarateAttrappendTagProcessor
[THYMELEAF]             * [* {th:attrprepend}] [900]: com.intuit.karate.template.KarateAttributeTagProcessor.KarateAttrprependTagProcessor
[THYMELEAF]             * [* {th:inline}] [1000]: org.thymeleaf.standard.processor.StandardInlineXMLTagProcessor
[THYMELEAF]             * [* {xmlns:th}] [1000]: org.thymeleaf.standard.processor.StandardXmlNsTagProcessor
[THYMELEAF]             * [* {th:text}] [1300]: org.thymeleaf.standard.processor.StandardTextTagProcessor
[THYMELEAF]             * [* {th:utext}] [1400]: org.thymeleaf.standard.processor.StandardUtextTagProcessor
[THYMELEAF]             * [* {th:fragment}] [1500]: org.thymeleaf.standard.processor.StandardFragmentTagProcessor
[THYMELEAF]             * [* {th:assert}] [1550]: org.thymeleaf.standard.processor.StandardAssertTagProcessor
[THYMELEAF]             * [* {th:remove}] [1600]: org.thymeleaf.standard.processor.StandardRemoveTagProcessor
[THYMELEAF]             * [* {th:ref}] [10000]: org.thymeleaf.standard.processor.StandardRefAttributeTagProcessor
[THYMELEAF]             * [{th:block} *] [100000]: org.thymeleaf.standard.processor.StandardBlockTagProcessor
[THYMELEAF]             * [* th:*] [2147483647]: org.thymeleaf.standard.processor.StandardDefaultAttributesTagProcessor
[THYMELEAF]         * Text Processors by [precedence]:
[THYMELEAF]             * [1000]: org.thymeleaf.standard.processor.StandardInliningTextProcessor
[THYMELEAF]         * CDATA Section Processors by [precedence]:
[THYMELEAF]             * [1000]: org.thymeleaf.standard.processor.StandardInliningCDATASectionProcessor
[THYMELEAF]         * Comment Processors by [precedence]:
[THYMELEAF]             * [1000]: org.thymeleaf.standard.processor.StandardInliningCommentProcessor
[THYMELEAF]     * Processors for Template Mode: TEXT
[THYMELEAF]         * Element Tag Processors by [matching element and attribute name] [precedence]:
[THYMELEAF]             * [* {th:insert}] [100]: org.thymeleaf.standard.processor.StandardInsertTagProcessor
[THYMELEAF]             * [* {th:replace}] [100]: org.thymeleaf.standard.processor.StandardReplaceTagProcessor
[THYMELEAF]             * [* {th:each}] [200]: com.intuit.karate.template.KarateEachTagProcessor
[THYMELEAF]             * [* {th:switch}] [250]: org.thymeleaf.standard.processor.StandardSwitchTagProcessor
[THYMELEAF]             * [* {th:case}] [275]: org.thymeleaf.standard.processor.StandardCaseTagProcessor
[THYMELEAF]             * [* {th:if}] [300]: org.thymeleaf.standard.processor.StandardIfTagProcessor
[THYMELEAF]             * [* {th:unless}] [400]: org.thymeleaf.standard.processor.StandardUnlessTagProcessor
[THYMELEAF]             * [* {th:object}] [500]: org.thymeleaf.standard.processor.StandardObjectTagProcessor
[THYMELEAF]             * [* {th:with}] [600]: com.intuit.karate.template.KarateWithTagProcessor
[THYMELEAF]             * [* {th:inline}] [1000]: org.thymeleaf.standard.processor.StandardInlineTextualTagProcessor
[THYMELEAF]             * [* {th:text}] [1300]: org.thymeleaf.standard.processor.StandardTextTagProcessor
[THYMELEAF]             * [* {th:utext}] [1400]: org.thymeleaf.standard.processor.StandardUtextTagProcessor
[THYMELEAF]             * [* {th:assert}] [1550]: org.thymeleaf.standard.processor.StandardAssertTagProcessor
[THYMELEAF]             * [* {th:remove}] [1600]: org.thymeleaf.standard.processor.StandardRemoveTagProcessor
[THYMELEAF]             * [{th:block} *] [100000]: org.thymeleaf.standard.processor.StandardBlockTagProcessor
[THYMELEAF]             * [* 100000] [org.thymeleaf.standard.processor.StandardBlockTagProcessor]: {}
[THYMELEAF]         * Text Processors by [precedence]:
[THYMELEAF]             * [1000]: org.thymeleaf.standard.processor.StandardInliningTextProcessor
[THYMELEAF]     * Processors for Template Mode: JAVASCRIPT
[THYMELEAF]         * Element Tag Processors by [matching element and attribute name] [precedence]:
[THYMELEAF]             * [* {th:insert}] [100]: org.thymeleaf.standard.processor.StandardInsertTagProcessor
[THYMELEAF]             * [* {th:replace}] [100]: org.thymeleaf.standard.processor.StandardReplaceTagProcessor
[THYMELEAF]             * [* {th:each}] [200]: com.intuit.karate.template.KarateEachTagProcessor
[THYMELEAF]             * [* {th:switch}] [250]: org.thymeleaf.standard.processor.StandardSwitchTagProcessor
[THYMELEAF]             * [* {th:case}] [275]: org.thymeleaf.standard.processor.StandardCaseTagProcessor
[THYMELEAF]             * [* {th:if}] [300]: org.thymeleaf.standard.processor.StandardIfTagProcessor
[THYMELEAF]             * [* {th:unless}] [400]: org.thymeleaf.standard.processor.StandardUnlessTagProcessor
[THYMELEAF]             * [* {th:object}] [500]: org.thymeleaf.standard.processor.StandardObjectTagProcessor
[THYMELEAF]             * [* {th:with}] [600]: com.intuit.karate.template.KarateWithTagProcessor
[THYMELEAF]             * [* {th:inline}] [1000]: org.thymeleaf.standard.processor.StandardInlineTextualTagProcessor
[THYMELEAF]             * [* {th:text}] [1300]: org.thymeleaf.standard.processor.StandardTextTagProcessor
[THYMELEAF]             * [* {th:utext}] [1400]: org.thymeleaf.standard.processor.StandardUtextTagProcessor
[THYMELEAF]             * [* {th:assert}] [1550]: org.thymeleaf.standard.processor.StandardAssertTagProcessor
[THYMELEAF]             * [* {th:remove}] [1600]: org.thymeleaf.standard.processor.StandardRemoveTagProcessor
[THYMELEAF]             * [* 100000] [org.thymeleaf.standard.processor.StandardBlockTagProcessor]: {}
[THYMELEAF]             * [{th:block} *] [100000]: org.thymeleaf.standard.processor.StandardBlockTagProcessor
[THYMELEAF]         * Text Processors by [precedence]:
[THYMELEAF]             * [1000]: org.thymeleaf.standard.processor.StandardInliningTextProcessor
[THYMELEAF]     * Processors for Template Mode: CSS
[THYMELEAF]         * Element Tag Processors by [matching element and attribute name] [precedence]:
[THYMELEAF]             * [* {th:insert}] [100]: org.thymeleaf.standard.processor.StandardInsertTagProcessor
[THYMELEAF]             * [* {th:replace}] [100]: org.thymeleaf.standard.processor.StandardReplaceTagProcessor
[THYMELEAF]             * [* {th:each}] [200]: com.intuit.karate.template.KarateEachTagProcessor
[THYMELEAF]             * [* {th:switch}] [250]: org.thymeleaf.standard.processor.StandardSwitchTagProcessor
[THYMELEAF]             * [* {th:case}] [275]: org.thymeleaf.standard.processor.StandardCaseTagProcessor
[THYMELEAF]             * [* {th:if}] [300]: org.thymeleaf.standard.processor.StandardIfTagProcessor
[THYMELEAF]             * [* {th:unless}] [400]: org.thymeleaf.standard.processor.StandardUnlessTagProcessor
[THYMELEAF]             * [* {th:object}] [500]: org.thymeleaf.standard.processor.StandardObjectTagProcessor
[THYMELEAF]             * [* {th:with}] [600]: com.intuit.karate.template.KarateWithTagProcessor
[THYMELEAF]             * [* {th:inline}] [1000]: org.thymeleaf.standard.processor.StandardInlineTextualTagProcessor
[THYMELEAF]             * [* {th:text}] [1300]: org.thymeleaf.standard.processor.StandardTextTagProcessor
[THYMELEAF]             * [* {th:utext}] [1400]: org.thymeleaf.standard.processor.StandardUtextTagProcessor
[THYMELEAF]             * [* {th:assert}] [1550]: org.thymeleaf.standard.processor.StandardAssertTagProcessor
[THYMELEAF]             * [* {th:remove}] [1600]: org.thymeleaf.standard.processor.StandardRemoveTagProcessor
[THYMELEAF]             * [{th:block} *] [100000]: org.thymeleaf.standard.processor.StandardBlockTagProcessor
[THYMELEAF]             * [* 100000] [org.thymeleaf.standard.processor.StandardBlockTagProcessor]: {}
[THYMELEAF]         * Text Processors by [precedence]:
[THYMELEAF]             * [1000]: org.thymeleaf.standard.processor.StandardInliningTextProcessor
[THYMELEAF]     * Expression Objects:
[THYMELEAF]         * #ctx
[THYMELEAF]         * #root
[THYMELEAF]         * #vars
[THYMELEAF]         * #object
[THYMELEAF]         * #locale
[THYMELEAF]         * #conversions
[THYMELEAF]         * #uris
[THYMELEAF]         * #temporals
[THYMELEAF]         * #calendars
[THYMELEAF]         * #dates
[THYMELEAF]         * #bools
[THYMELEAF]         * #numbers
[THYMELEAF]         * #objects
[THYMELEAF]         * #strings
[THYMELEAF]         * #arrays
[THYMELEAF]         * #lists
[THYMELEAF]         * #sets
[THYMELEAF]         * #maps
[THYMELEAF]         * #aggregates
[THYMELEAF]         * #messages
[THYMELEAF]         * #ids
[THYMELEAF]         * #execInfo
[THYMELEAF]         * #request
[THYMELEAF]         * #response
[THYMELEAF]         * #session
[THYMELEAF]         * #servletContext
[THYMELEAF]     * Execution Attributes:
[THYMELEAF]         * "StandardExpressionParser": com.intuit.karate.template.KarateStandardDialect@638afcaa
[THYMELEAF]         * "StandardJavaScriptSerializer": org.thymeleaf.standard.serializer.StandardJavaScriptSerializer@1f45db49
[THYMELEAF]         * "StandardCSSSerializer": org.thymeleaf.standard.serializer.StandardCSSSerializer@3ac0a14b
[THYMELEAF]         * "StandardVariableExpressionEvaluator": com.intuit.karate.template.KarateStandardDialect@638afcaa
[THYMELEAF]         * "StandardConversionService": org.thymeleaf.standard.expression.StandardConversionService@e972ee1
[THYMELEAF] * Dialect [2 of 2]: karate (com.intuit.karate.template.KarateScriptDialect)
[THYMELEAF]     * Prefix: "ka"
[THYMELEAF]     * Processors for Template Mode: HTML
[THYMELEAF]         * Element Tag Processors by [matching element and attribute name] [precedence]:
[THYMELEAF]             * [* {src}] [1000]: com.intuit.karate.template.KaScriptAttrProcessor
[THYMELEAF]         * Element Model Processors by [matching element and attribute name] [precedence]:
[THYMELEAF]             * [{script} {ka:scope,data-ka-scope}] [1000]: com.intuit.karate.template.KaScriptElemProcessor
[THYMELEAF]             * [* {ka:set,data-ka-set}] [1000]: com.intuit.karate.template.KaSetElemProcessor
[THYMELEAF] TEMPLATE ENGINE CONFIGURED OK
16:06:33.230 [main] DEBUG org.thymeleaf.TemplateEngine -- [THYMELEAF] TEMPLATE ENGINE INITIALIZED
---------------------------------------------------------
feature: classpath:features/variants/createVariant.feature
scenarios:  4 | passed:  0 | failed:  4 | time: 0,9353
---------------------------------------------------------

]]></system-out>
  </testcase>
  <testcase name="testAllFeatures[2][1]" classname="com.exemple.qa.runners.AllKarateTestsRunner" time="0.215"/>
  <testcase name="testAllFeatures[2][2]" classname="com.exemple.qa.runners.AllKarateTestsRunner" time="0.397"/>
  <testcase name="testAllFeatures[3][1]" classname="com.exemple.qa.runners.AllKarateTestsRunner" time="0.246"/>
  <testcase name="testAllFeatures[3][2]" classname="com.exemple.qa.runners.AllKarateTestsRunner" time="0.226"/>
  <testcase name="testAllFeatures[3][3]" classname="com.exemple.qa.runners.AllKarateTestsRunner" time="0.236">
    <failure message="match failed: EQUALS&#10;  $ | actual path does not exist (STRING:NUMBER)&#10;  &apos;#notpresent&apos;&#10;  3&#10;&#10;classpath:features/variants/readVariant.feature:28" type="org.opentest4j.AssertionFailedError">org.opentest4j.AssertionFailedError: 
match failed: EQUALS
  $ | actual path does not exist (STRING:NUMBER)
  '#notpresent'
  3

classpath:features/variants/readVariant.feature:28
</failure>
    <system-out><![CDATA[16:06:34.694 [qtp1860886124-33] DEBUG org.eclipse.jetty.util.thread.QueuedThreadPool -- ran org.eclipse.jetty.io.ManagedSelector$DestroyEndPoint@1f5e8a8d in QueuedThreadPool[qtp1860886124]@6eeade6c{STARTED,8<=8<=25,i=0,r=-1,t=54309ms,q=0}[ReservedThreadExecutor@6e28bb87{reserved=2/2,pending=0}]
16:06:34.696 [qtp1860886124-33] DEBUG org.eclipse.jetty.util.thread.QueuedThreadPool -- Evict skipped, no excess threads QueuedThreadPool[qtp1860886124]@6eeade6c{STARTED,8<=8<=25,i=1,r=-1,t=54309ms,q=0}[ReservedThreadExecutor@6e28bb87{reserved=2/2,pending=0}]
16:06:34.707 [main] DEBUG org.apache.http.client.protocol.RequestAddCookies -- CookieSpec selected: karate
16:06:34.707 [main] DEBUG org.apache.http.client.protocol.RequestAuthCache -- Auth cache not set in the context
16:06:34.708 [main] DEBUG com.intuit.karate -- request:
1 > GET http://localhost:8080/variants
1 > Host: localhost:8080
1 > Connection: Keep-Alive
1 > User-Agent: Apache-HttpClient/4.5.14 (Java/17.0.15)
1 > Accept-Encoding: gzip,deflate


16:06:34.708 [main] DEBUG org.apache.http.impl.conn.PoolingHttpClientConnectionManager -- Connection request: [route: {}->http://localhost:8080][total available: 0; route allocated: 0 of 5; total allocated: 0 of 10]
16:06:34.708 [main] DEBUG org.apache.http.impl.conn.PoolingHttpClientConnectionManager -- Connection leased: [id: 8][route: {}->http://localhost:8080][total available: 0; route allocated: 1 of 5; total allocated: 1 of 10]
16:06:34.708 [main] DEBUG org.apache.http.impl.execchain.MainClientExec -- Opening connection {}->http://localhost:8080
16:06:34.708 [main] DEBUG org.apache.http.impl.conn.DefaultHttpClientConnectionOperator -- Connecting to localhost/127.0.0.1:8080
16:06:34.709 [qtp1860886124-30-acceptor-2@6ad6fa53-NetworkTrafficServerConnector@292d1c71{HTTP/1.1, (http/1.1, h2c)}{0.0.0.0:8080}] DEBUG org.eclipse.jetty.io.ManagedSelector -- Queued change lazy=false Accept@36126adb[java.nio.channels.SocketChannel[connected local=/127.0.0.1:8080 remote=/127.0.0.1:43090]] on ManagedSelector@67ec8477{STARTED} id=1 keys=0 selected=0 updates=0
16:06:34.709 [qtp1860886124-30-acceptor-2@6ad6fa53-NetworkTrafficServerConnector@292d1c71{HTTP/1.1, (http/1.1, h2c)}{0.0.0.0:8080}] DEBUG org.eclipse.jetty.io.ManagedSelector -- Wakeup on submit ManagedSelector@67ec8477{STARTED} id=1 keys=0 selected=0 updates=1
16:06:34.709 [qtp1860886124-32] DEBUG org.eclipse.jetty.io.ManagedSelector -- Selector sun.nio.ch.EPollSelectorImpl@13605ab0 woken with none selected
16:06:34.709 [main] DEBUG org.apache.http.impl.conn.DefaultHttpClientConnectionOperator -- Connection established 127.0.0.1:43090<->127.0.0.1:8080
16:06:34.709 [qtp1860886124-32] DEBUG org.eclipse.jetty.io.ManagedSelector -- Selector sun.nio.ch.EPollSelectorImpl@13605ab0 woken up from select, 0/0/0 selected
16:06:34.709 [qtp1860886124-32] DEBUG org.eclipse.jetty.io.ManagedSelector -- Selector sun.nio.ch.EPollSelectorImpl@13605ab0 processing 0 keys, 1 updates
16:06:34.709 [main] DEBUG org.apache.http.impl.conn.DefaultManagedHttpClientConnection -- http-outgoing-8: set socket timeout to 30000
16:06:34.709 [qtp1860886124-32] DEBUG org.eclipse.jetty.io.ManagedSelector -- updateable 1
16:06:34.709 [main] DEBUG org.apache.http.impl.execchain.MainClientExec -- Executing request GET /variants HTTP/1.1
16:06:34.709 [main] DEBUG org.apache.http.impl.execchain.MainClientExec -- Target auth state: UNCHALLENGED
16:06:34.709 [main] DEBUG org.apache.http.impl.execchain.MainClientExec -- Proxy auth state: UNCHALLENGED
16:06:34.709 [qtp1860886124-32] DEBUG org.eclipse.jetty.io.ManagedSelector -- update Accept@36126adb[java.nio.channels.SocketChannel[connected local=/127.0.0.1:8080 remote=/127.0.0.1:43090]]
16:06:34.709 [qtp1860886124-32] DEBUG org.eclipse.jetty.util.thread.QueuedThreadPool -- queue Accept@36126adb[java.nio.channels.SocketChannel[connected local=/127.0.0.1:8080 remote=/127.0.0.1:43090]] startThread=0
16:06:34.709 [qtp1860886124-32] DEBUG org.eclipse.jetty.io.ManagedSelector -- updates 0
16:06:34.709 [qtp1860886124-32] DEBUG org.eclipse.jetty.io.ManagedSelector -- Selector sun.nio.ch.EPollSelectorImpl@13605ab0 waiting with 1 keys
16:06:34.709 [qtp1860886124-33] DEBUG org.eclipse.jetty.util.thread.QueuedThreadPool -- run Accept@36126adb[java.nio.channels.SocketChannel[connected local=/127.0.0.1:8080 remote=/127.0.0.1:43090]] in QueuedThreadPool[qtp1860886124]@6eeade6c{STARTED,8<=8<=25,i=0,r=-1,t=54295ms,q=0}[ReservedThreadExecutor@6e28bb87{reserved=2/2,pending=0}]
16:06:34.710 [qtp1860886124-33] DEBUG org.eclipse.jetty.io.IdleTimeout -- Setting idle timeout 0 -> 30000 on NetworkTrafficSocketChannelEndPoint@6a0e3ebf[{l=/127.0.0.1:8080,r=/127.0.0.1:43090,OPEN,fill=-,flush=-,to=0/30000}{io=0/0,kio=0,kro=0}]->[<null>]
16:06:34.710 [qtp1860886124-33] DEBUG org.eclipse.jetty.io.IdleTimeout -- NetworkTrafficSocketChannelEndPoint@6a0e3ebf[{l=/127.0.0.1:8080,r=/127.0.0.1:43090,OPEN,fill=-,flush=-,to=0/30000}{io=0/0,kio=0,kro=0}]->[<null>] idle timeout check, elapsed: 0 ms, remaining: 30000 ms
16:06:34.710 [main] DEBUG org.apache.http.headers -- http-outgoing-8 >> GET /variants HTTP/1.1
16:06:34.710 [main] DEBUG org.apache.http.headers -- http-outgoing-8 >> Host: localhost:8080
16:06:34.710 [main] DEBUG org.apache.http.headers -- http-outgoing-8 >> Connection: Keep-Alive
16:06:34.710 [main] DEBUG org.apache.http.headers -- http-outgoing-8 >> User-Agent: Apache-HttpClient/4.5.14 (Java/17.0.15)
16:06:34.710 [main] DEBUG org.apache.http.headers -- http-outgoing-8 >> Accept-Encoding: gzip,deflate
16:06:34.710 [main] DEBUG org.apache.http.wire -- http-outgoing-8 >> "GET /variants HTTP/1.1[\r][\n]"
16:06:34.710 [main] DEBUG org.apache.http.wire -- http-outgoing-8 >> "Host: localhost:8080[\r][\n]"
16:06:34.710 [main] DEBUG org.apache.http.wire -- http-outgoing-8 >> "Connection: Keep-Alive[\r][\n]"
16:06:34.710 [qtp1860886124-33] DEBUG org.eclipse.jetty.server.HttpChannel -- new HttpChannelOverHttp@5f83ec8d{s=HttpChannelState@57b2efef{s=IDLE rs=BLOCKING os=OPEN is=IDLE awp=false se=false i=true al=0},r=0,c=false/false,a=IDLE,uri=null,age=0} -> NetworkTrafficSocketChannelEndPoint@6a0e3ebf[{l=/127.0.0.1:8080,r=/127.0.0.1:43090,OPEN,fill=-,flush=-,to=0/30000}{io=0/0,kio=0,kro=0}]->[<null>],null,HttpChannelState@57b2efef{s=IDLE rs=BLOCKING os=OPEN is=IDLE awp=false se=false i=true al=0}
16:06:34.710 [main] DEBUG org.apache.http.wire -- http-outgoing-8 >> "User-Agent: Apache-HttpClient/4.5.14 (Java/17.0.15)[\r][\n]"
16:06:34.710 [main] DEBUG org.apache.http.wire -- http-outgoing-8 >> "Accept-Encoding: gzip,deflate[\r][\n]"
16:06:34.710 [main] DEBUG org.apache.http.wire -- http-outgoing-8 >> "[\r][\n]"
16:06:34.710 [qtp1860886124-33] DEBUG org.eclipse.jetty.server.HttpConnection -- New HTTP Connection HttpConnection@27c73361::NetworkTrafficSocketChannelEndPoint@6a0e3ebf[{l=/127.0.0.1:8080,r=/127.0.0.1:43090,OPEN,fill=-,flush=-,to=0/30000}{io=0/0,kio=0,kro=0}]->[<null>]
16:06:34.710 [qtp1860886124-33] DEBUG org.eclipse.jetty.io.ManagedSelector -- Queued change lazy=true org.eclipse.jetty.io.ManagedSelector$$Lambda$656/0x000073d730584d20@3ca71ae0 on ManagedSelector@67ec8477{STARTED} id=1 keys=1 selected=0 updates=0
16:06:34.710 [qtp1860886124-33] DEBUG org.eclipse.jetty.io.AbstractEndPoint -- onOpen NetworkTrafficSocketChannelEndPoint@6a0e3ebf[{l=/127.0.0.1:8080,r=/127.0.0.1:43090,OPEN,fill=-,flush=-,to=0/30000}{io=0/0,kio=0,kro=0}]->[HttpConnection@27c73361[p=HttpParser{s=START,0 of -1},g=HttpGenerator@7c007e7d{s=START}]=>HttpChannelOverHttp@5f83ec8d{s=HttpChannelState@57b2efef{s=IDLE rs=BLOCKING os=OPEN is=IDLE awp=false se=false i=true al=0},r=0,c=false/false,a=IDLE,uri=null,age=0}]
16:06:34.711 [qtp1860886124-33] DEBUG org.eclipse.jetty.io.AbstractConnection -- onOpen HttpConnection@27c73361::NetworkTrafficSocketChannelEndPoint@6a0e3ebf[{l=/127.0.0.1:8080,r=/127.0.0.1:43090,OPEN,fill=-,flush=-,to=0/30000}{io=0/0,kio=0,kro=0}]->[HttpConnection@27c73361[p=HttpParser{s=START,0 of -1},g=HttpGenerator@7c007e7d{s=START}]=>HttpChannelOverHttp@5f83ec8d{s=HttpChannelState@57b2efef{s=IDLE rs=BLOCKING os=OPEN is=IDLE awp=false se=false i=true al=0},r=0,c=false/false,a=IDLE,uri=null,age=0}]
16:06:34.711 [qtp1860886124-33] DEBUG org.eclipse.jetty.io.AbstractConnection -- fillInterested HttpConnection@27c73361::NetworkTrafficSocketChannelEndPoint@6a0e3ebf[{l=/127.0.0.1:8080,r=/127.0.0.1:43090,OPEN,fill=-,flush=-,to=1/30000}{io=0/0,kio=0,kro=0}]->[HttpConnection@27c73361[p=HttpParser{s=START,0 of -1},g=HttpGenerator@7c007e7d{s=START}]=>HttpChannelOverHttp@5f83ec8d{s=HttpChannelState@57b2efef{s=IDLE rs=BLOCKING os=OPEN is=IDLE awp=false se=false i=true al=0},r=0,c=false/false,a=IDLE,uri=null,age=0}]
16:06:34.711 [qtp1860886124-33] DEBUG org.eclipse.jetty.io.FillInterest -- interested FillInterest@3c0d2b85{ReadCallback@22cf5b5e{HttpConnection@27c73361::NetworkTrafficSocketChannelEndPoint@6a0e3ebf[{l=/127.0.0.1:8080,r=/127.0.0.1:43090,OPEN,fill=FI,flush=-,to=0/30000}{io=0/0,kio=0,kro=0}]->[HttpConnection@27c73361[p=HttpParser{s=START,0 of -1},g=HttpGenerator@7c007e7d{s=START}]=>HttpChannelOverHttp@5f83ec8d{s=HttpChannelState@57b2efef{s=IDLE rs=BLOCKING os=OPEN is=IDLE awp=false se=false i=true al=0},r=0,c=false/false,a=IDLE,uri=null,age=0}]}}
16:06:34.711 [qtp1860886124-33] DEBUG org.eclipse.jetty.io.SelectableChannelEndPoint -- changeInterests p=false 0->1 for NetworkTrafficSocketChannelEndPoint@6a0e3ebf[{l=/127.0.0.1:8080,r=/127.0.0.1:43090,OPEN,fill=FI,flush=-,to=0/30000}{io=0/1,kio=0,kro=0}]->[HttpConnection@27c73361[p=HttpParser{s=START,0 of -1},g=HttpGenerator@7c007e7d{s=START}]=>HttpChannelOverHttp@5f83ec8d{s=HttpChannelState@57b2efef{s=IDLE rs=BLOCKING os=OPEN is=IDLE awp=false se=false i=true al=0},r=0,c=false/false,a=IDLE,uri=null,age=0}]
16:06:34.711 [qtp1860886124-33] DEBUG org.eclipse.jetty.io.ManagedSelector -- Queued change lazy=false org.eclipse.jetty.io.SelectableChannelEndPoint$$Lambda$650/0x000073d730565340@26bb35fd on ManagedSelector@67ec8477{STARTED} id=1 keys=1 selected=0 updates=1
16:06:34.711 [qtp1860886124-33] DEBUG org.eclipse.jetty.io.ManagedSelector -- Wakeup on submit ManagedSelector@67ec8477{STARTED} id=1 keys=1 selected=0 updates=2
16:06:34.711 [qtp1860886124-33] DEBUG org.eclipse.jetty.io.ManagedSelector -- Created NetworkTrafficSocketChannelEndPoint@6a0e3ebf[{l=/127.0.0.1:8080,r=/127.0.0.1:43090,OPEN,fill=FI,flush=-,to=0/30000}{io=0/1,kio=0,kro=0}]->[HttpConnection@27c73361[p=HttpParser{s=START,0 of -1},g=HttpGenerator@7c007e7d{s=START}]=>HttpChannelOverHttp@5f83ec8d{s=HttpChannelState@57b2efef{s=IDLE rs=BLOCKING os=OPEN is=IDLE awp=false se=false i=true al=0},r=0,c=false/false,a=IDLE,uri=null,age=0}]
16:06:34.711 [qtp1860886124-33] DEBUG org.eclipse.jetty.util.thread.QueuedThreadPool -- ran Accept@36126adb[java.nio.channels.SocketChannel[connected local=/127.0.0.1:8080 remote=/127.0.0.1:43090]] in QueuedThreadPool[qtp1860886124]@6eeade6c{STARTED,8<=8<=25,i=0,r=-1,t=54293ms,q=0}[ReservedThreadExecutor@6e28bb87{reserved=2/2,pending=0}]
16:06:34.711 [qtp1860886124-33] DEBUG org.eclipse.jetty.util.thread.QueuedThreadPool -- Evict skipped, no excess threads QueuedThreadPool[qtp1860886124]@6eeade6c{STARTED,8<=8<=25,i=1,r=-1,t=54293ms,q=0}[ReservedThreadExecutor@6e28bb87{reserved=2/2,pending=0}]
16:06:34.711 [qtp1860886124-32] DEBUG org.eclipse.jetty.io.ManagedSelector -- Selector sun.nio.ch.EPollSelectorImpl@13605ab0 woken with none selected
16:06:34.712 [qtp1860886124-32] DEBUG org.eclipse.jetty.io.ManagedSelector -- Selector sun.nio.ch.EPollSelectorImpl@13605ab0 woken up from select, 0/0/1 selected
16:06:34.712 [qtp1860886124-32] DEBUG org.eclipse.jetty.io.ManagedSelector -- Selector sun.nio.ch.EPollSelectorImpl@13605ab0 processing 0 keys, 2 updates
16:06:34.712 [qtp1860886124-32] DEBUG org.eclipse.jetty.io.ManagedSelector -- updateable 2
16:06:34.712 [qtp1860886124-32] DEBUG org.eclipse.jetty.io.ManagedSelector -- update org.eclipse.jetty.io.ManagedSelector$$Lambda$656/0x000073d730584d20@3ca71ae0
16:06:34.712 [qtp1860886124-32] DEBUG org.eclipse.jetty.io.ManagedSelector -- update org.eclipse.jetty.io.SelectableChannelEndPoint$$Lambda$650/0x000073d730565340@26bb35fd
16:06:34.712 [qtp1860886124-32] DEBUG org.eclipse.jetty.io.SelectableChannelEndPoint -- Key interests updated 0 -> 1 on NetworkTrafficSocketChannelEndPoint@6a0e3ebf[{l=/127.0.0.1:8080,r=/127.0.0.1:43090,OPEN,fill=FI,flush=-,to=0/30000}{io=1/1,kio=1,kro=0}]->[HttpConnection@27c73361[p=HttpParser{s=START,0 of -1},g=HttpGenerator@7c007e7d{s=START}]=>HttpChannelOverHttp@5f83ec8d{s=HttpChannelState@57b2efef{s=IDLE rs=BLOCKING os=OPEN is=IDLE awp=false se=false i=true al=0},r=0,c=false/false,a=IDLE,uri=null,age=0}]
16:06:34.712 [qtp1860886124-32] DEBUG org.eclipse.jetty.io.ManagedSelector -- updates 0
16:06:34.712 [qtp1860886124-32] DEBUG org.eclipse.jetty.io.ManagedSelector -- Selector sun.nio.ch.EPollSelectorImpl@13605ab0 waiting with 1 keys
16:06:34.712 [qtp1860886124-32] DEBUG org.eclipse.jetty.io.ManagedSelector -- Selector sun.nio.ch.EPollSelectorImpl@13605ab0 woken up from select, 1/1/1 selected
16:06:34.712 [qtp1860886124-32] DEBUG org.eclipse.jetty.io.ManagedSelector -- Selector sun.nio.ch.EPollSelectorImpl@13605ab0 processing 1 keys, 0 updates
16:06:34.712 [qtp1860886124-32] DEBUG org.eclipse.jetty.io.ManagedSelector -- selected 1 channel=java.nio.channels.SocketChannel[connected local=/127.0.0.1:8080 remote=/127.0.0.1:43090], selector=sun.nio.ch.EPollSelectorImpl@13605ab0, interestOps=1, readyOps=1 NetworkTrafficSocketChannelEndPoint@6a0e3ebf[{l=/127.0.0.1:8080,r=/127.0.0.1:43090,OPEN,fill=FI,flush=-,to=1/30000}{io=1/1,kio=1,kro=1}]->[HttpConnection@27c73361[p=HttpParser{s=START,0 of -1},g=HttpGenerator@7c007e7d{s=START}]=>HttpChannelOverHttp@5f83ec8d{s=HttpChannelState@57b2efef{s=IDLE rs=BLOCKING os=OPEN is=IDLE awp=false se=false i=true al=0},r=0,c=false/false,a=IDLE,uri=null,age=0}] 
16:06:34.712 [qtp1860886124-32] DEBUG org.eclipse.jetty.io.SelectableChannelEndPoint -- onSelected 1->0 r=true w=false for NetworkTrafficSocketChannelEndPoint@6a0e3ebf[{l=/127.0.0.1:8080,r=/127.0.0.1:43090,OPEN,fill=FI,flush=-,to=1/30000}{io=1/0,kio=1,kro=1}]->[HttpConnection@27c73361[p=HttpParser{s=START,0 of -1},g=HttpGenerator@7c007e7d{s=START}]=>HttpChannelOverHttp@5f83ec8d{s=HttpChannelState@57b2efef{s=IDLE rs=BLOCKING os=OPEN is=IDLE awp=false se=false i=true al=0},r=0,c=false/false,a=IDLE,uri=null,age=0}]
16:06:34.712 [qtp1860886124-32] DEBUG org.eclipse.jetty.io.SelectableChannelEndPoint -- task NetworkTrafficSocketChannelEndPoint@6a0e3ebf[{l=/127.0.0.1:8080,r=/127.0.0.1:43090,OPEN,fill=FI,flush=-,to=1/30000}{io=1/0,kio=1,kro=1}]->[HttpConnection@27c73361[p=HttpParser{s=START,0 of -1},g=HttpGenerator@7c007e7d{s=START}]=>HttpChannelOverHttp@5f83ec8d{s=HttpChannelState@57b2efef{s=IDLE rs=BLOCKING os=OPEN is=IDLE awp=false se=false i=true al=0},r=0,c=false/false,a=IDLE,uri=null,age=0}]:runFillable:BLOCKING
16:06:34.712 [qtp1860886124-32] DEBUG org.eclipse.jetty.util.thread.ReservedThreadExecutor -- ReservedThreadExecutor@6e28bb87{reserved=2/2,pending=0} tryExecute org.eclipse.jetty.util.thread.strategy.AdaptiveExecutionStrategy$$Lambda$481/0x000073d7302ada30@3542bff3
16:06:34.712 [qtp1860886124-27] DEBUG org.eclipse.jetty.util.thread.ReservedThreadExecutor -- ReservedThread@23327ae6{RESERVED,thread=Thread[qtp1860886124-27,5,main]} task=org.eclipse.jetty.util.thread.strategy.AdaptiveExecutionStrategy$$Lambda$481/0x000073d7302ada30@3542bff3 ReservedThreadExecutor@6e28bb87{reserved=1/2,pending=0}
16:06:34.712 [qtp1860886124-32] DEBUG org.eclipse.jetty.util.thread.strategy.AdaptiveExecutionStrategy -- ss=EXECUTE_PRODUCE_CONSUME t=NetworkTrafficSocketChannelEndPoint@6a0e3ebf[{l=/127.0.0.1:8080,r=/127.0.0.1:43090,OPEN,fill=FI,flush=-,to=1/30000}{io=1/0,kio=1,kro=1}]->[HttpConnection@27c73361[p=HttpParser{s=START,0 of -1},g=HttpGenerator@7c007e7d{s=START}]=>HttpChannelOverHttp@5f83ec8d{s=HttpChannelState@57b2efef{s=IDLE rs=BLOCKING os=OPEN is=IDLE awp=false se=false i=true al=0},r=0,c=false/false,a=IDLE,uri=null,age=0}]:runFillable:BLOCKING/BLOCKING AdaptiveExecutionStrategy@7c28c1/SelectorProducer@baf1bb3/IDLE/p=true/QueuedThreadPool[qtp1860886124]@6eeade6c{STARTED,8<=8<=25,i=1,r=-1,t=54292ms,q=0}[ReservedThreadExecutor@6e28bb87{reserved=1/2,pending=0}][pc=0,pic=0,pec=1,epc=4]@2025-07-13T16:06:34.71293599+01:00
16:06:34.713 [qtp1860886124-32] DEBUG org.eclipse.jetty.io.FillInterest -- fillable FillInterest@3c0d2b85{ReadCallback@22cf5b5e{HttpConnection@27c73361::NetworkTrafficSocketChannelEndPoint@6a0e3ebf[{l=/127.0.0.1:8080,r=/127.0.0.1:43090,OPEN,fill=FI,flush=-,to=1/30000}{io=1/0,kio=1,kro=1}]->[HttpConnection@27c73361[p=HttpParser{s=START,0 of -1},g=HttpGenerator@7c007e7d{s=START}]=>HttpChannelOverHttp@5f83ec8d{s=HttpChannelState@57b2efef{s=IDLE rs=BLOCKING os=OPEN is=IDLE awp=false se=false i=true al=0},r=0,c=false/false,a=IDLE,uri=null,age=0}]}}
16:06:34.713 [qtp1860886124-32] DEBUG org.eclipse.jetty.server.HttpConnection -- HttpConnection@27c73361::NetworkTrafficSocketChannelEndPoint@6a0e3ebf[{l=/127.0.0.1:8080,r=/127.0.0.1:43090,OPEN,fill=-,flush=-,to=1/30000}{io=1/0,kio=1,kro=1}]->[HttpConnection@27c73361[p=HttpParser{s=START,0 of -1},g=HttpGenerator@7c007e7d{s=START}]=>HttpChannelOverHttp@5f83ec8d{s=HttpChannelState@57b2efef{s=IDLE rs=BLOCKING os=OPEN is=IDLE awp=false se=false i=true al=0},r=0,c=false/false,a=IDLE,uri=null,age=0}] onFillable enter HttpChannelState@57b2efef{s=IDLE rs=BLOCKING os=OPEN is=IDLE awp=false se=false i=true al=0} null
16:06:34.712 [qtp1860886124-27] DEBUG org.eclipse.jetty.util.thread.strategy.AdaptiveExecutionStrategy -- AdaptiveExecutionStrategy@7c28c1/SelectorProducer@baf1bb3/IDLE/p=true/QueuedThreadPool[qtp1860886124]@6eeade6c{STARTED,8<=8<=25,i=1,r=-1,t=54292ms,q=0}[ReservedThreadExecutor@6e28bb87{reserved=1/2,pending=0}][pc=0,pic=0,pec=1,epc=5]@2025-07-13T16:06:34.713668967+01:00 tryProduce true
16:06:34.713 [qtp1860886124-27] DEBUG org.eclipse.jetty.io.ManagedSelector -- updateable 0
16:06:34.713 [qtp1860886124-27] DEBUG org.eclipse.jetty.io.ManagedSelector -- updates 0
16:06:34.713 [qtp1860886124-27] DEBUG org.eclipse.jetty.io.SelectableChannelEndPoint -- Key interests updated 1 -> 0 on NetworkTrafficSocketChannelEndPoint@6a0e3ebf[{l=/127.0.0.1:8080,r=/127.0.0.1:43090,OPEN,fill=-,flush=-,to=0/30000}{io=0/0,kio=0,kro=1}]->[HttpConnection@27c73361[p=HttpParser{s=START,0 of -1},g=HttpGenerator@7c007e7d{s=START}]=>HttpChannelOverHttp@5f83ec8d{s=HttpChannelState@57b2efef{s=IDLE rs=BLOCKING os=OPEN is=IDLE awp=false se=false i=true al=0},r=0,c=false/false,a=IDLE,uri=null,age=0}]
16:06:34.713 [qtp1860886124-27] DEBUG org.eclipse.jetty.io.ManagedSelector -- Selector sun.nio.ch.EPollSelectorImpl@13605ab0 waiting with 1 keys
16:06:34.714 [qtp1860886124-32] DEBUG org.eclipse.jetty.io.SocketChannelEndPoint -- filled 156 DirectByteBuffer@2fc00118[p=0,l=156,c=8192,r=156]={<<<GET /variants HTTP/1.1\r\nH...oding: gzip,deflate\r\n\r\n>>>ing: gzip...\x00\x00\x00\x00\x00\x00\x00}
16:06:34.714 [qtp1860886124-32] DEBUG org.eclipse.jetty.server.HttpConnection -- HttpConnection@27c73361::NetworkTrafficSocketChannelEndPoint@6a0e3ebf[{l=/127.0.0.1:8080,r=/127.0.0.1:43090,OPEN,fill=-,flush=-,to=0/30000}{io=0/0,kio=0,kro=1}]->[HttpConnection@27c73361[p=HttpParser{s=START,0 of -1},g=HttpGenerator@7c007e7d{s=START}]=>HttpChannelOverHttp@5f83ec8d{s=HttpChannelState@57b2efef{s=IDLE rs=BLOCKING os=OPEN is=IDLE awp=false se=false i=true al=0},r=0,c=false/false,a=IDLE,uri=null,age=0}] filled 156 RetainableByteBuffer@57e49389{DirectByteBuffer@2fc00118[p=0,l=156,c=8192,r=156]={<<<GET /variants HTTP/1.1\r\nH...oding: gzip,deflate\r\n\r\n>>>ing: gzip...\x00\x00\x00\x00\x00\x00\x00},r=1}
16:06:34.714 [qtp1860886124-32] DEBUG org.eclipse.jetty.server.HttpConnection -- HttpConnection@27c73361::NetworkTrafficSocketChannelEndPoint@6a0e3ebf[{l=/127.0.0.1:8080,r=/127.0.0.1:43090,OPEN,fill=-,flush=-,to=0/30000}{io=0/0,kio=0,kro=1}]->[HttpConnection@27c73361[p=HttpParser{s=START,0 of -1},g=HttpGenerator@7c007e7d{s=START}]=>HttpChannelOverHttp@5f83ec8d{s=HttpChannelState@57b2efef{s=IDLE rs=BLOCKING os=OPEN is=IDLE awp=false se=false i=true al=0},r=0,c=false/false,a=IDLE,uri=null,age=0}] parse RetainableByteBuffer@57e49389{DirectByteBuffer@2fc00118[p=0,l=156,c=8192,r=156]={<<<GET /variants HTTP/1.1\r\nH...oding: gzip,deflate\r\n\r\n>>>ing: gzip...\x00\x00\x00\x00\x00\x00\x00},r=1}
16:06:34.714 [qtp1860886124-32] DEBUG org.eclipse.jetty.http.HttpParser -- parseNext s=START DirectByteBuffer@2fc00118[p=0,l=156,c=8192,r=156]={<<<GET /variants HTTP/1.1\r\nH...oding: gzip,deflate\r\n\r\n>>>ing: gzip...\x00\x00\x00\x00\x00\x00\x00}
16:06:34.714 [qtp1860886124-32] DEBUG org.eclipse.jetty.http.HttpParser -- START --> SPACE1
16:06:34.714 [qtp1860886124-32] DEBUG org.eclipse.jetty.http.HttpParser -- SPACE1 --> URI
16:06:34.714 [qtp1860886124-32] DEBUG org.eclipse.jetty.http.HttpParser -- URI --> SPACE2
16:06:34.714 [qtp1860886124-32] DEBUG org.eclipse.jetty.http.HttpParser -- SPACE2 --> REQUEST_VERSION
16:06:34.714 [qtp1860886124-32] DEBUG org.eclipse.jetty.http.HttpParser -- REQUEST_VERSION --> HEADER
16:06:34.714 [qtp1860886124-32] DEBUG org.eclipse.jetty.http.HttpParser -- HEADER:Host --> VALUE
16:06:34.714 [qtp1860886124-32] DEBUG org.eclipse.jetty.http.HttpParser -- HEADER:Host --> IN_VALUE
16:06:34.714 [qtp1860886124-32] DEBUG org.eclipse.jetty.http.HttpParser -- HEADER:Host --> FIELD
16:06:34.714 [qtp1860886124-32] DEBUG org.eclipse.jetty.http.HttpParser -- parsedHeader(Host: localhost:8080) header=Host, headerString=[Host], valueString=[localhost:8080]
16:06:34.714 [qtp1860886124-32] DEBUG org.eclipse.jetty.http.HttpParser -- HEADER:Connection: keep-alive --> IN_VALUE
16:06:34.714 [qtp1860886124-32] DEBUG org.eclipse.jetty.http.HttpParser -- HEADER:Connection: keep-alive --> FIELD
16:06:34.714 [qtp1860886124-32] DEBUG org.eclipse.jetty.http.HttpParser -- parsedHeader(Connection: keep-alive) header=Connection, headerString=[Connection], valueString=[keep-alive]
16:06:34.715 [qtp1860886124-32] DEBUG org.eclipse.jetty.http.HttpParser -- HEADER:User-Agent --> VALUE
16:06:34.715 [qtp1860886124-32] DEBUG org.eclipse.jetty.http.HttpParser -- HEADER:User-Agent --> IN_VALUE
16:06:34.715 [qtp1860886124-32] DEBUG org.eclipse.jetty.http.HttpParser -- HEADER:User-Agent --> FIELD
16:06:34.715 [qtp1860886124-32] DEBUG org.eclipse.jetty.http.HttpParser -- parsedHeader(User-Agent: Apache-HttpClient/4.5.14 (Java/17.0.15)) header=User-Agent, headerString=[User-Agent], valueString=[Apache-HttpClient/4.5.14 (Java/17.0.15)]
16:06:34.715 [qtp1860886124-32] DEBUG org.eclipse.jetty.http.HttpParser -- HEADER:Accept-Encoding --> IN_VALUE
16:06:34.715 [qtp1860886124-32] DEBUG org.eclipse.jetty.http.HttpParser -- HEADER:Accept-Encoding --> FIELD
16:06:34.715 [qtp1860886124-32] DEBUG org.eclipse.jetty.http.HttpParser -- parsedHeader(Accept-Encoding: gzip,deflate) header=Accept-Encoding, headerString=[Accept-Encoding], valueString=[gzip,deflate]
16:06:34.715 [qtp1860886124-32] DEBUG org.eclipse.jetty.http.HttpParser -- HEADER --> CONTENT
16:06:34.715 [qtp1860886124-32] DEBUG org.eclipse.jetty.server.HttpInput -- reopen HttpInput@274072239 cs=HttpChannelState@57b2efef{s=IDLE rs=BLOCKING os=OPEN is=IDLE awp=false se=false i=true al=0} cp=org.eclipse.jetty.server.BlockingContentProducer@21d0d1c1 eof=false
16:06:34.715 [qtp1860886124-32] DEBUG org.eclipse.jetty.server.BlockingContentProducer -- reopening org.eclipse.jetty.server.BlockingContentProducer@21d0d1c1
16:06:34.715 [qtp1860886124-32] DEBUG org.eclipse.jetty.server.AsyncContentProducer -- reopening AsyncContentProducer@721f8c81[r=null,t=null,i=null,error=false,c=HttpChannelOverHttp@5f83ec8d{s=HttpChannelState@57b2efef{s=IDLE rs=BLOCKING os=OPEN is=IDLE awp=false se=false i=true al=0},r=1,c=false/false,a=IDLE,uri=null,age=0}]
16:06:34.715 [qtp1860886124-32] DEBUG org.eclipse.jetty.server.HttpChannel -- REQUEST for /variants on HttpChannelOverHttp@5f83ec8d{s=HttpChannelState@57b2efef{s=IDLE rs=BLOCKING os=OPEN is=IDLE awp=false se=false i=true al=0},r=1,c=false/false,a=IDLE,uri=http://localhost:8080/variants,age=0}
GET /variants HTTP/1.1
Host: localhost:8080
Connection: keep-alive
User-Agent: Apache-HttpClient/4.5.14 (Java/17.0.15)
Accept-Encoding: gzip,deflate


16:06:34.715 [qtp1860886124-32] DEBUG org.eclipse.jetty.server.HttpConnection -- HttpConnection@27c73361::NetworkTrafficSocketChannelEndPoint@6a0e3ebf[{l=/127.0.0.1:8080,r=/127.0.0.1:43090,OPEN,fill=-,flush=-,to=2/30000}{io=0/0,kio=0,kro=1}]->[HttpConnection@27c73361[p=HttpParser{s=CONTENT,0 of -1},g=HttpGenerator@7c007e7d{s=START}]=>HttpChannelOverHttp@5f83ec8d{s=HttpChannelState@57b2efef{s=IDLE rs=BLOCKING os=OPEN is=IDLE awp=false se=false i=true al=0},r=1,c=false/false,a=IDLE,uri=http://localhost:8080/variants,age=0}] parsed true HttpParser{s=CONTENT,0 of -1}
16:06:34.715 [qtp1860886124-32] DEBUG org.eclipse.jetty.server.HttpConnection -- releaseRequestBuffer HttpConnection@27c73361::NetworkTrafficSocketChannelEndPoint@6a0e3ebf[{l=/127.0.0.1:8080,r=/127.0.0.1:43090,OPEN,fill=-,flush=-,to=2/30000}{io=0/0,kio=0,kro=1}]->[HttpConnection@27c73361[p=HttpParser{s=CONTENT,0 of -1},g=HttpGenerator@7c007e7d{s=START}]=>HttpChannelOverHttp@5f83ec8d{s=HttpChannelState@57b2efef{s=IDLE rs=BLOCKING os=OPEN is=IDLE awp=false se=false i=true al=0},r=1,c=false/false,a=IDLE,uri=http://localhost:8080/variants,age=1}]
16:06:34.716 [qtp1860886124-32] DEBUG org.eclipse.jetty.server.HttpChannel -- handle http://localhost:8080/variants HttpChannelOverHttp@5f83ec8d{s=HttpChannelState@57b2efef{s=IDLE rs=BLOCKING os=OPEN is=IDLE awp=false se=false i=true al=0},r=1,c=false/false,a=IDLE,uri=http://localhost:8080/variants,age=1} 
16:06:34.716 [qtp1860886124-32] DEBUG org.eclipse.jetty.server.HttpChannelState -- handling HttpChannelState@57b2efef{s=IDLE rs=BLOCKING os=OPEN is=IDLE awp=false se=false i=true al=0}
16:06:34.716 [qtp1860886124-32] DEBUG org.eclipse.jetty.server.HttpChannel -- action DISPATCH HttpChannelOverHttp@5f83ec8d{s=HttpChannelState@57b2efef{s=HANDLING rs=BLOCKING os=OPEN is=IDLE awp=false se=false i=true al=0},r=1,c=false/false,a=HANDLING,uri=http://localhost:8080/variants,age=1}
16:06:34.716 [qtp1860886124-32] DEBUG org.eclipse.jetty.server.Server -- REQUEST GET /variants ?null on HttpChannelOverHttp@5f83ec8d{s=HttpChannelState@57b2efef{s=HANDLING rs=BLOCKING os=OPEN is=IDLE awp=false se=false i=true al=0},r=1,c=false/false,a=HANDLING,uri=http://localhost:8080/variants,age=1}
16:06:34.716 [qtp1860886124-32] DEBUG org.eclipse.jetty.server.handler.ContextHandler -- scope null||/variants @ o.e.j.s.ServletContextHandler@c7a975a{/__admin,null,AVAILABLE}
16:06:34.716 [qtp1860886124-32] DEBUG org.eclipse.jetty.server.handler.gzip.GzipHandler -- GzipHandler@6de54b40{STARTED,min=32,inflate=-1} handle Request(GET http://localhost:8080/variants)@57a03bd8 in null
16:06:34.716 [qtp1860886124-32] DEBUG org.eclipse.jetty.server.handler.ContextHandler -- scope null||/variants @ o.e.j.s.ServletContextHandler@6e521c1e{/,null,AVAILABLE}
16:06:34.716 [qtp1860886124-32] DEBUG org.eclipse.jetty.server.handler.ContextHandler -- context=||/variants @ o.e.j.s.ServletContextHandler@6e521c1e{/,null,AVAILABLE}
16:06:34.716 [qtp1860886124-32] DEBUG org.eclipse.jetty.servlet.ServletHandler -- servlet |/variants|null|ServletPathMapping{matchValue=, pattern=/, servletName=com.github.tomakehurst.wiremock.servlet.WireMockHandlerDispatchingServlet-439a8f59, mappingMatch=DEFAULT, servletPath=/variants, pathInfo=null} -> com.github.tomakehurst.wiremock.servlet.WireMockHandlerDispatchingServlet-439a8f59==com.github.tomakehurst.wiremock.servlet.WireMockHandlerDispatchingServlet@68bafea7{jsp=null,order=1,inst=true,async=true,src=EMBEDDED:null,STARTED}
16:06:34.716 [qtp1860886124-32] DEBUG org.eclipse.jetty.servlet.ServletHandler -- chain=ChainEnd@7d47ecae(com.github.tomakehurst.wiremock.servlet.WireMockHandlerDispatchingServlet-439a8f59==com.github.tomakehurst.wiremock.servlet.WireMockHandlerDispatchingServlet@68bafea7{jsp=null,order=1,inst=true,async=true,src=EMBEDDED:null,STARTED})
16:06:34.717 [qtp1860886124-32] DEBUG org.eclipse.jetty.server.AsyncContentProducer -- checkMinDataRate [m=0,t=-9223372036854775808] AsyncContentProducer@721f8c81[r=null,t=null,i=null,error=false,c=HttpChannelOverHttp@5f83ec8d{s=HttpChannelState@57b2efef{s=HANDLING rs=BLOCKING os=OPEN is=IDLE awp=false se=false i=true al=0},r=1,c=false/false,a=HANDLING,uri=http://localhost:8080/variants,age=2}]
16:06:34.717 [qtp1860886124-32] DEBUG org.eclipse.jetty.server.AsyncContentProducer -- nextTransformedContent AsyncContentProducer@721f8c81[r=null,t=null,i=null,error=false,c=HttpChannelOverHttp@5f83ec8d{s=HttpChannelState@57b2efef{s=HANDLING rs=BLOCKING os=OPEN is=IDLE awp=false se=false i=true al=0},r=1,c=false/false,a=HANDLING,uri=http://localhost:8080/variants,age=2}]
16:06:34.717 [qtp1860886124-32] DEBUG org.eclipse.jetty.server.AsyncContentProducer -- producing new raw content AsyncContentProducer@721f8c81[r=null,t=null,i=null,error=false,c=HttpChannelOverHttp@5f83ec8d{s=HttpChannelState@57b2efef{s=HANDLING rs=BLOCKING os=OPEN is=IDLE awp=false se=false i=true al=0},r=1,c=false/false,a=HANDLING,uri=http://localhost:8080/variants,age=2}]
16:06:34.717 [qtp1860886124-32] DEBUG org.eclipse.jetty.server.HttpChannelOverHttp -- produceContent has no content, parsing and filling
16:06:34.717 [qtp1860886124-32] DEBUG org.eclipse.jetty.server.HttpConnection -- HttpConnection@27c73361::NetworkTrafficSocketChannelEndPoint@6a0e3ebf[{l=/127.0.0.1:8080,r=/127.0.0.1:43090,OPEN,fill=-,flush=-,to=3/30000}{io=0/0,kio=0,kro=1}]->[HttpConnection@27c73361[p=HttpParser{s=CONTENT,0 of -1},g=HttpGenerator@7c007e7d{s=START}]=>HttpChannelOverHttp@5f83ec8d{s=HttpChannelState@57b2efef{s=HANDLING rs=BLOCKING os=OPEN is=IDLE awp=false se=false i=true al=0},r=1,c=false/false,a=HANDLING,uri=http://localhost:8080/variants,age=2}] parse null
16:06:34.717 [qtp1860886124-32] DEBUG org.eclipse.jetty.http.HttpParser -- parseNext s=CONTENT HeapByteBuffer@459fe0d[p=0,l=0,c=0,r=0]={<<<>>>}
16:06:34.717 [qtp1860886124-32] DEBUG org.eclipse.jetty.http.HttpParser -- CONTENT --> CONTENT_END
16:06:34.717 [qtp1860886124-32] DEBUG org.eclipse.jetty.server.HttpChannel -- onContentComplete HttpChannelOverHttp@5f83ec8d{s=HttpChannelState@57b2efef{s=HANDLING rs=BLOCKING os=OPEN is=IDLE awp=false se=false i=true al=0},r=1,c=false/false,a=HANDLING,uri=http://localhost:8080/variants,age=2}
16:06:34.717 [qtp1860886124-32] DEBUG org.eclipse.jetty.http.HttpParser -- CONTENT_END --> END
16:06:34.717 [qtp1860886124-32] DEBUG org.eclipse.jetty.server.HttpChannel -- onRequestComplete HttpChannelOverHttp@5f83ec8d{s=HttpChannelState@57b2efef{s=HANDLING rs=BLOCKING os=OPEN is=IDLE awp=false se=false i=true al=0},r=1,c=false/false,a=HANDLING,uri=http://localhost:8080/variants,age=2}
16:06:34.717 [qtp1860886124-32] DEBUG org.eclipse.jetty.server.HttpChannelOverHttp -- received EOF, content = null
16:06:34.717 [qtp1860886124-32] DEBUG org.eclipse.jetty.server.HttpConnection -- HttpConnection@27c73361::NetworkTrafficSocketChannelEndPoint@6a0e3ebf[{l=/127.0.0.1:8080,r=/127.0.0.1:43090,OPEN,fill=-,flush=-,to=4/30000}{io=0/0,kio=0,kro=1}]->[HttpConnection@27c73361[p=HttpParser{s=END,0 of -1},g=HttpGenerator@7c007e7d{s=START}]=>HttpChannelOverHttp@5f83ec8d{s=HttpChannelState@57b2efef{s=HANDLING rs=BLOCKING os=OPEN is=IDLE awp=false se=false i=true al=0},r=1,c=false/false,a=HANDLING,uri=http://localhost:8080/variants,age=2}] parsed false HttpParser{s=END,0 of -1}
16:06:34.717 [qtp1860886124-32] DEBUG org.eclipse.jetty.server.HttpChannelOverHttp -- produceContent produced EofContent
16:06:34.717 [qtp1860886124-32] DEBUG org.eclipse.jetty.server.AsyncContentProducer -- produceRawContent updated rawContentArrived to 0 and firstByteTimeStamp to 10126313339373 AsyncContentProducer@721f8c81[r=null,t=null,i=null,error=false,c=HttpChannelOverHttp@5f83ec8d{s=HttpChannelState@57b2efef{s=HANDLING rs=BLOCKING os=OPEN is=IDLE awp=false se=false i=true al=0},r=1,c=false/false,a=HANDLING,uri=http://localhost:8080/variants,age=2}]
16:06:34.717 [qtp1860886124-32] DEBUG org.eclipse.jetty.server.AsyncContentProducer -- produceRawContent produced EofContent AsyncContentProducer@721f8c81[r=null,t=null,i=null,error=false,c=HttpChannelOverHttp@5f83ec8d{s=HttpChannelState@57b2efef{s=HANDLING rs=BLOCKING os=OPEN is=IDLE awp=false se=false i=true al=0},r=1,c=false/false,a=HANDLING,uri=http://localhost:8080/variants,age=2}]
16:06:34.718 [qtp1860886124-32] DEBUG org.eclipse.jetty.server.AsyncContentProducer -- transforming raw content AsyncContentProducer@721f8c81[r=EofContent,t=null,i=null,error=false,c=HttpChannelOverHttp@5f83ec8d{s=HttpChannelState@57b2efef{s=HANDLING rs=BLOCKING os=OPEN is=IDLE awp=false se=false i=true al=0},r=1,c=false/false,a=HANDLING,uri=http://localhost:8080/variants,age=3}]
16:06:34.718 [qtp1860886124-32] DEBUG org.eclipse.jetty.server.AsyncContentProducer -- no interceptor, transformed content is raw content AsyncContentProducer@721f8c81[r=EofContent,t=null,i=null,error=false,c=HttpChannelOverHttp@5f83ec8d{s=HttpChannelState@57b2efef{s=HANDLING rs=BLOCKING os=OPEN is=IDLE awp=false se=false i=true al=0},r=1,c=false/false,a=HANDLING,uri=http://localhost:8080/variants,age=3}]
16:06:34.718 [qtp1860886124-32] DEBUG org.eclipse.jetty.server.AsyncContentProducer -- transformed content not yet depleted, returning it AsyncContentProducer@721f8c81[r=EofContent,t=EofContent,i=null,error=false,c=HttpChannelOverHttp@5f83ec8d{s=HttpChannelState@57b2efef{s=HANDLING rs=BLOCKING os=OPEN is=IDLE awp=false se=false i=true al=0},r=1,c=false/false,a=HANDLING,uri=http://localhost:8080/variants,age=3}]
16:06:34.718 [qtp1860886124-32] DEBUG org.eclipse.jetty.server.AsyncContentProducer -- nextContent = EofContent AsyncContentProducer@721f8c81[r=EofContent,t=EofContent,i=null,error=false,c=HttpChannelOverHttp@5f83ec8d{s=HttpChannelState@57b2efef{s=HANDLING rs=BLOCKING os=OPEN is=IDLE awp=false se=false i=true al=0},r=1,c=false/false,a=HANDLING,uri=http://localhost:8080/variants,age=3}]
16:06:34.718 [qtp1860886124-32] DEBUG org.eclipse.jetty.server.HttpChannelState -- onReadIdle HttpChannelState@57b2efef{s=HANDLING rs=BLOCKING os=OPEN is=IDLE awp=false se=false i=true al=0}
16:06:34.718 [qtp1860886124-32] DEBUG org.eclipse.jetty.server.BlockingContentProducer -- nextContent async producer returned EofContent
16:06:34.718 [qtp1860886124-32] DEBUG org.eclipse.jetty.server.HttpInput -- read error=null HttpInput@274072239 cs=HttpChannelState@57b2efef{s=HANDLING rs=BLOCKING os=OPEN is=IDLE awp=false se=false i=true al=0} cp=org.eclipse.jetty.server.BlockingContentProducer@21d0d1c1 eof=false
16:06:34.718 [qtp1860886124-32] DEBUG org.eclipse.jetty.server.HttpInput -- read at EOF, setting consumed EOF to true HttpInput@274072239 cs=HttpChannelState@57b2efef{s=HANDLING rs=BLOCKING os=OPEN is=IDLE awp=false se=false i=true al=0} cp=org.eclipse.jetty.server.BlockingContentProducer@21d0d1c1 eof=false
16:06:34.718 [qtp1860886124-32] DEBUG org.eclipse.jetty.server.BlockingContentProducer -- onContentProducible releasing semaphore LockedSemaphore permits=0 unready=false
16:06:34.725 [qtp1860886124-32] DEBUG org.eclipse.jetty.server.HttpOutput -- write(array HeapByteBuffer@77c308f9[p=0,l=174,c=174,r=174]={<<<[{"id":"variant-123","nam... Sac \xC3\xA0 main en cuir"}]>>>})
16:06:34.725 [qtp1860886124-32] DEBUG org.eclipse.jetty.server.HttpOutput -- write(array) s=OPEN,api=BLOCKING,sc=false,e=null aggregated !flush DirectByteBuffer@585b8438[p=0,l=174,c=32768,r=174]={<<<[{"id":"variant-123","nam... Sac \xC3\xA0 main en cuir"}]>>>---------...\x00\x00\x00\x00\x00\x00\x00}
16:06:34.726 [qtp1860886124-32] DEBUG org.eclipse.jetty.server.handler.gzip.GzipHttpOutputInterceptor -- org.eclipse.jetty.server.handler.gzip.GzipHttpOutputInterceptor@50ba8119 compressing org.eclipse.jetty.util.compression.CompressionPool$Entry@38089872
16:06:34.726 [qtp1860886124-32] DEBUG org.eclipse.jetty.server.HttpChannel -- sendResponse info=null content=DirectByteBuffer@53ba71a[p=0,l=10,c=32768,r=10]={<<<\x1f\x8b\x08\x00\x00\x00\x00\x00\x00\x00>>>04 Not Fo...\x00\x00\x00\x00\x00\x00\x00} complete=false committing=true callback=GzipBufferCB@5e4f740b[content=DirectByteBuffer@585b8438[p=174,l=174,c=32768,r=0]={[{"id":"v...cuir"}]<<<>>>---------...\x00\x00\x00\x00\x00\x00\x00} last=false buffer=DirectByteBuffer@53ba71a[p=0,l=10,c=32768,r=10]={<<<\x1f\x8b\x08\x00\x00\x00\x00\x00\x00\x00>>>04 Not Fo...\x00\x00\x00\x00\x00\x00\x00} deflate=org.eclipse.jetty.util.compression.CompressionPool$Entry@38089872 ]
16:06:34.726 [qtp1860886124-32] DEBUG org.eclipse.jetty.server.HttpChannel -- COMMIT for /variants on HttpChannelOverHttp@5f83ec8d{s=HttpChannelState@57b2efef{s=HANDLING rs=BLOCKING os=COMMITTED is=IDLE awp=false se=false i=true al=0},r=1,c=false/false,a=HANDLING,uri=http://localhost:8080/variants,age=11}
200 null HTTP/1.1
Content-Type: application/json
Matched-Stub-Id: ac2fa3b2-06c1-424a-8464-5d26aad48573
Content-Encoding: gzip


16:06:34.726 [qtp1860886124-32] DEBUG org.eclipse.jetty.server.HttpConnection -- generate: NEED_HEADER for SendCallback@867eae1[PROCESSING][i=HTTP/1.1{s=200,h=3,cl=-1},cb=org.eclipse.jetty.server.HttpChannel$SendCallback@678cbfd4] (null,[p=0,l=10,c=32768,r=10],false)@START
16:06:34.726 [qtp1860886124-32] DEBUG org.eclipse.jetty.http.HttpGenerator -- generateHeaders HTTP/1.1{s=200,h=3,cl=-1} last=false content=DirectByteBuffer@53ba71a[p=0,l=10,c=32768,r=10]={<<<\x1f\x8b\x08\x00\x00\x00\x00\x00\x00\x00>>>04 Not Fo...\x00\x00\x00\x00\x00\x00\x00}
16:06:34.726 [qtp1860886124-32] DEBUG org.eclipse.jetty.http.HttpGenerator -- Content-Type: application/json
Matched-Stub-Id: ac2fa3b2-06c1-424a-8464-5d26aad48573
Content-Encoding: gzip


16:06:34.727 [qtp1860886124-32] DEBUG org.eclipse.jetty.http.HttpGenerator -- CHUNKED_CONTENT
16:06:34.727 [qtp1860886124-32] DEBUG org.eclipse.jetty.server.HttpConnection -- generate: FLUSH for SendCallback@867eae1[PROCESSING][i=HTTP/1.1{s=200,h=3,cl=-1},cb=org.eclipse.jetty.server.HttpChannel$SendCallback@678cbfd4] ([p=0,l=161,c=32768,r=161],[p=0,l=10,c=32768,r=10],false)@COMMITTED
16:06:34.727 [qtp1860886124-32] DEBUG org.eclipse.jetty.io.WriteFlusher -- write: WriteFlusher@63ba5875{IDLE}->null [DirectByteBuffer@45f8ea90[p=0,l=161,c=32768,r=161]={<<<HTTP/1.1 200 OK\r\nContent-...ncoding: chunked\r\n\r\nA\r\n>>>\x00\x00\x00\x00\x00\x00\x00\x00\x00...\x00\x00\x00\x00\x00\x00\x00},DirectByteBuffer@53ba71a[p=0,l=10,c=32768,r=10]={<<<\x1f\x8b\x08\x00\x00\x00\x00\x00\x00\x00>>>04 Not Fo...\x00\x00\x00\x00\x00\x00\x00}]
16:06:34.727 [qtp1860886124-32] DEBUG org.eclipse.jetty.io.WriteFlusher -- update WriteFlusher@63ba5875{WRITING}->null:IDLE-->WRITING
16:06:34.727 [qtp1860886124-32] DEBUG org.eclipse.jetty.io.SocketChannelEndPoint -- flushed 161 NetworkTrafficSocketChannelEndPoint@6a0e3ebf[{l=/127.0.0.1:8080,r=/127.0.0.1:43090,OPEN,fill=-,flush=W,to=14/30000}{io=0/0,kio=0,kro=1}]->[HttpConnection@27c73361[p=HttpParser{s=END,0 of -1},g=HttpGenerator@7c007e7d{s=COMMITTED}]=>HttpChannelOverHttp@5f83ec8d{s=HttpChannelState@57b2efef{s=HANDLING rs=BLOCKING os=COMMITTED is=IDLE awp=false se=false i=true al=0},r=1,c=false/false,a=HANDLING,uri=http://localhost:8080/variants,age=12}]
16:06:34.727 [qtp1860886124-32] DEBUG org.eclipse.jetty.io.SocketChannelEndPoint -- flushed 10 NetworkTrafficSocketChannelEndPoint@6a0e3ebf[{l=/127.0.0.1:8080,r=/127.0.0.1:43090,OPEN,fill=-,flush=W,to=0/30000}{io=0/0,kio=0,kro=1}]->[HttpConnection@27c73361[p=HttpParser{s=END,0 of -1},g=HttpGenerator@7c007e7d{s=COMMITTED}]=>HttpChannelOverHttp@5f83ec8d{s=HttpChannelState@57b2efef{s=HANDLING rs=BLOCKING os=COMMITTED is=IDLE awp=false se=false i=true al=0},r=1,c=false/false,a=HANDLING,uri=http://localhost:8080/variants,age=13}]
16:06:34.728 [qtp1860886124-32] DEBUG org.eclipse.jetty.io.WriteFlusher -- Flushed=true written=171 remaining=0 WriteFlusher@63ba5875{WRITING}->null
16:06:34.728 [qtp1860886124-32] DEBUG org.eclipse.jetty.io.WriteFlusher -- update WriteFlusher@63ba5875{IDLE}->null:WRITING-->IDLE
16:06:34.728 [qtp1860886124-32] DEBUG org.eclipse.jetty.server.HttpConnection -- generate: DONE for SendCallback@867eae1[PROCESSING][i=HTTP/1.1{s=200,h=3,cl=-1},cb=org.eclipse.jetty.server.HttpChannel$SendCallback@678cbfd4] ([p=161,l=161,c=32768,r=0],[p=10,l=10,c=32768,r=0],false)@COMMITTED
16:06:34.728 [qtp1860886124-32] DEBUG org.eclipse.jetty.server.HttpOutput -- onWriteComplete(false,null) s=OPEN,api=BLOCKED,sc=false,e=null->s=OPEN,api=BLOCKING,sc=false,e=null c=null cb=null w=false
16:06:34.728 [qtp1860886124-32] DEBUG org.eclipse.jetty.server.HttpOutput -- close() s=CLOSING,api=BLOCKED,sc=false,e=null c=HeapByteBuffer@459fe0d[p=0,l=0,c=0,r=0]={<<<>>>} b=Blocker@46f09725{null}
16:06:34.728 [qtp1860886124-32] DEBUG org.eclipse.jetty.server.HttpChannel -- sendResponse info=null content=DirectByteBuffer@53ba71a[p=0,l=104,c=32768,r=104]={<<<\x8b\xAeV\xCaLQ\xB2R*K,\xCaL\xCc+\xD1542V\xD2Q\xCaK\xCc...f\xE6)\xA4\xE6)$\x97f\x16)\xD5\xC6\x02\x00\xBc\x97\xC5\x15\xAe\x00\x00\x00>>>09f15\r\nTr...\x00\x00\x00\x00\x00\x00\x00} complete=true committing=false callback=GzipBufferCB@71775df8[content=HeapByteBuffer@459fe0d[p=0,l=0,c=0,r=0]={<<<>>>} last=true buffer=DirectByteBuffer@53ba71a[p=0,l=104,c=32768,r=104]={<<<\x8b\xAeV\xCaLQ\xB2R*K,\xCaL\xCc+\xD1542V\xD2Q\xCaK\xCc...f\xE6)\xA4\xE6)$\x97f\x16)\xD5\xC6\x02\x00\xBc\x97\xC5\x15\xAe\x00\x00\x00>>>09f15\r\nTr...\x00\x00\x00\x00\x00\x00\x00} deflate=null ]
16:06:34.728 [qtp1860886124-32] DEBUG org.eclipse.jetty.server.HttpConnection -- generate: NEED_CHUNK for SendCallback@867eae1[PROCESSING][i=null,cb=org.eclipse.jetty.server.HttpChannel$SendCallback@73873e1d] (null,[p=0,l=104,c=32768,r=104],true)@COMMITTED
16:06:34.728 [qtp1860886124-32] DEBUG org.eclipse.jetty.server.HttpConnection -- generate: FLUSH for SendCallback@867eae1[PROCESSING][i=null,cb=org.eclipse.jetty.server.HttpChannel$SendCallback@73873e1d] (null,[p=0,l=104,c=32768,r=104],true)@COMPLETING
16:06:34.728 [qtp1860886124-32] DEBUG org.eclipse.jetty.io.WriteFlusher -- write: WriteFlusher@63ba5875{IDLE}->null [DirectByteBuffer@4e1f40a2[p=0,l=6,c=16,r=6]={<<<\r\n68\r\n>>>\n\x00\x00\x00\x00\x00\x00\x00\x00\x00},DirectByteBuffer@53ba71a[p=0,l=104,c=32768,r=104]={<<<\x8b\xAeV\xCaLQ\xB2R*K,\xCaL\xCc+\xD1542V\xD2Q\xCaK\xCc...f\xE6)\xA4\xE6)$\x97f\x16)\xD5\xC6\x02\x00\xBc\x97\xC5\x15\xAe\x00\x00\x00>>>09f15\r\nTr...\x00\x00\x00\x00\x00\x00\x00}]
16:06:34.728 [qtp1860886124-32] DEBUG org.eclipse.jetty.io.WriteFlusher -- update WriteFlusher@63ba5875{WRITING}->null:IDLE-->WRITING
16:06:34.729 [qtp1860886124-32] DEBUG org.eclipse.jetty.io.SocketChannelEndPoint -- flushed 6 NetworkTrafficSocketChannelEndPoint@6a0e3ebf[{l=/127.0.0.1:8080,r=/127.0.0.1:43090,OPEN,fill=-,flush=W,to=0/30000}{io=0/0,kio=0,kro=1}]->[HttpConnection@27c73361[p=HttpParser{s=END,0 of -1},g=HttpGenerator@7c007e7d{s=COMPLETING}]=>HttpChannelOverHttp@5f83ec8d{s=HttpChannelState@57b2efef{s=HANDLING rs=BLOCKING os=COMMITTED is=IDLE awp=false se=false i=true al=0},r=1,c=false/false,a=HANDLING,uri=http://localhost:8080/variants,age=14}]
16:06:34.729 [qtp1860886124-32] DEBUG org.eclipse.jetty.io.SocketChannelEndPoint -- flushed 104 NetworkTrafficSocketChannelEndPoint@6a0e3ebf[{l=/127.0.0.1:8080,r=/127.0.0.1:43090,OPEN,fill=-,flush=W,to=0/30000}{io=0/0,kio=0,kro=1}]->[HttpConnection@27c73361[p=HttpParser{s=END,0 of -1},g=HttpGenerator@7c007e7d{s=COMPLETING}]=>HttpChannelOverHttp@5f83ec8d{s=HttpChannelState@57b2efef{s=HANDLING rs=BLOCKING os=COMMITTED is=IDLE awp=false se=false i=true al=0},r=1,c=false/false,a=HANDLING,uri=http://localhost:8080/variants,age=14}]
16:06:34.729 [qtp1860886124-32] DEBUG org.eclipse.jetty.io.WriteFlusher -- Flushed=true written=110 remaining=0 WriteFlusher@63ba5875{WRITING}->null
16:06:34.729 [qtp1860886124-32] DEBUG org.eclipse.jetty.io.WriteFlusher -- update WriteFlusher@63ba5875{IDLE}->null:WRITING-->IDLE
16:06:34.729 [qtp1860886124-32] DEBUG org.eclipse.jetty.server.HttpConnection -- generate: FLUSH for SendCallback@867eae1[PROCESSING][i=null,cb=org.eclipse.jetty.server.HttpChannel$SendCallback@73873e1d] (null,[p=104,l=104,c=32768,r=0],true)@COMPLETING
16:06:34.729 [qtp1860886124-32] DEBUG org.eclipse.jetty.io.WriteFlusher -- write: WriteFlusher@63ba5875{IDLE}->null [DirectByteBuffer@4e1f40a2[p=0,l=7,c=16,r=7]={<<<\r\n0\r\n\r\n>>>\x00\x00\x00\x00\x00\x00\x00\x00\x00}]
16:06:34.729 [qtp1860886124-32] DEBUG org.eclipse.jetty.io.WriteFlusher -- update WriteFlusher@63ba5875{WRITING}->null:IDLE-->WRITING
16:06:34.729 [qtp1860886124-32] DEBUG org.eclipse.jetty.io.SocketChannelEndPoint -- flushed 7 NetworkTrafficSocketChannelEndPoint@6a0e3ebf[{l=/127.0.0.1:8080,r=/127.0.0.1:43090,OPEN,fill=-,flush=W,to=0/30000}{io=0/0,kio=0,kro=1}]->[HttpConnection@27c73361[p=HttpParser{s=END,0 of -1},g=HttpGenerator@7c007e7d{s=COMPLETING}]=>HttpChannelOverHttp@5f83ec8d{s=HttpChannelState@57b2efef{s=HANDLING rs=BLOCKING os=COMMITTED is=IDLE awp=false se=false i=true al=0},r=1,c=false/false,a=HANDLING,uri=http://localhost:8080/variants,age=14}]
16:06:34.729 [qtp1860886124-32] DEBUG org.eclipse.jetty.io.WriteFlusher -- Flushed=true written=7 remaining=0 WriteFlusher@63ba5875{WRITING}->null
16:06:34.729 [qtp1860886124-32] DEBUG org.eclipse.jetty.io.WriteFlusher -- update WriteFlusher@63ba5875{IDLE}->null:WRITING-->IDLE
16:06:34.729 [qtp1860886124-32] DEBUG org.eclipse.jetty.server.HttpConnection -- generate: DONE for SendCallback@867eae1[PROCESSING][i=null,cb=org.eclipse.jetty.server.HttpChannel$SendCallback@73873e1d] (null,[p=104,l=104,c=32768,r=0],true)@END
16:06:34.730 [qtp1860886124-32] DEBUG org.eclipse.jetty.server.HttpOutput -- onWriteComplete(true,null) s=CLOSING,api=BLOCKED,sc=false,e=null->s=CLOSED,api=BLOCKING,sc=false,e=null c=null cb=null w=false
16:06:34.730 [qtp1860886124-32] DEBUG org.eclipse.jetty.server.Server -- handled=true async=false committed=true on HttpChannelOverHttp@5f83ec8d{s=HttpChannelState@57b2efef{s=HANDLING rs=BLOCKING os=COMPLETED is=IDLE awp=false se=false i=true al=0},r=1,c=false/true,a=HANDLING,uri=http://localhost:8080/variants,age=15}
16:06:34.730 [qtp1860886124-32] DEBUG org.eclipse.jetty.server.HttpChannelState -- unhandle HttpChannelState@57b2efef{s=HANDLING rs=BLOCKING os=COMPLETED is=IDLE awp=false se=false i=true al=0}
16:06:34.730 [qtp1860886124-32] DEBUG org.eclipse.jetty.server.HttpChannelState -- nextAction(false) COMPLETE HttpChannelState@57b2efef{s=HANDLING rs=COMPLETING os=COMPLETED is=IDLE awp=false se=false i=false al=0}
16:06:34.730 [qtp1860886124-32] DEBUG org.eclipse.jetty.server.HttpChannel -- action COMPLETE HttpChannelOverHttp@5f83ec8d{s=HttpChannelState@57b2efef{s=HANDLING rs=COMPLETING os=COMPLETED is=IDLE awp=false se=false i=false al=0},r=1,c=false/true,a=HANDLING,uri=http://localhost:8080/variants,age=15}
16:06:34.730 [qtp1860886124-32] DEBUG org.eclipse.jetty.server.HttpOutput -- complete(org.eclipse.jetty.util.Callback$3@424fa9e8) s=CLOSED,api=BLOCKING,sc=false,e=null s=true e=null, c=null
16:06:34.730 [qtp1860886124-32] DEBUG org.eclipse.jetty.server.HttpChannelState -- completed HttpChannelState@57b2efef{s=HANDLING rs=COMPLETING os=COMPLETED is=IDLE awp=false se=false i=false al=0}
16:06:34.730 [qtp1860886124-32] DEBUG org.eclipse.jetty.server.HttpChannelState -- unhandle HttpChannelState@57b2efef{s=HANDLING rs=COMPLETED os=COMPLETED is=IDLE awp=false se=false i=false al=0}
16:06:34.730 [qtp1860886124-32] DEBUG org.eclipse.jetty.server.HttpChannelState -- nextAction(false) TERMINATED HttpChannelState@57b2efef{s=IDLE rs=COMPLETED os=COMPLETED is=IDLE awp=false se=false i=false al=0}
16:06:34.730 [qtp1860886124-32] DEBUG org.eclipse.jetty.server.HttpChannel -- action TERMINATED HttpChannelOverHttp@5f83ec8d{s=HttpChannelState@57b2efef{s=IDLE rs=COMPLETED os=COMPLETED is=IDLE awp=false se=false i=false al=0},r=1,c=true/true,a=IDLE,uri=http://localhost:8080/variants,age=15}
16:06:34.730 [qtp1860886124-32] DEBUG org.eclipse.jetty.server.HttpChannel -- onCompleted for /variants written=114
16:06:34.730 [main] DEBUG org.apache.http.wire -- http-outgoing-8 << "HTTP/1.1 200 OK[\r][\n]"
16:06:34.730 [main] DEBUG org.apache.http.wire -- http-outgoing-8 << "Content-Type: application/json[\r][\n]"
16:06:34.730 [main] DEBUG org.apache.http.wire -- http-outgoing-8 << "Matched-Stub-Id: ac2fa3b2-06c1-424a-8464-5d26aad48573[\r][\n]"
16:06:34.730 [main] DEBUG org.apache.http.wire -- http-outgoing-8 << "Content-Encoding: gzip[\r][\n]"
16:06:34.730 [main] DEBUG org.apache.http.wire -- http-outgoing-8 << "Transfer-Encoding: chunked[\r][\n]"
16:06:34.730 [main] DEBUG org.apache.http.wire -- http-outgoing-8 << "[\r][\n]"
16:06:34.730 [main] DEBUG org.apache.http.wire -- http-outgoing-8 << "A[\r][\n]"
16:06:34.730 [main] DEBUG org.apache.http.wire -- http-outgoing-8 << "[0x1f][0x8b][0x8][0x0][0x0][0x0][0x0][0x0][0x0][0x0][\r][\n]"
16:06:34.730 [main] DEBUG org.apache.http.wire -- http-outgoing-8 << "68[\r][\n]"
16:06:34.730 [main] DEBUG org.apache.http.wire -- http-outgoing-8 << "[0x8b][0xae]V[0xca]LQ[0xb2]R*K,[0xca]L[0xcc]+[0xd1]542V[0xd2]Q[0xca]K[0xcc]M[0x5][\n]"
16:06:34.731 [main] DEBUG org.apache.http.wire -- http-outgoing-8 << "[0x86]A[0x4]S[0x15][0x9c]3[0x12]K[0x8b][0x8b]K[0x8b]R[0x8b][0x15][0x82][0xf2]K[0xd3]S[0x8b][0x95]ju[0xd0]4[0x9a][X[0xe2][0xd7][0xe8][0x97][0x9f]Y[0x84]M[0xa3][0xa5][0x85]9[0x16][0x8d][0xc1][0x89][0xc9][\n]"
16:06:34.731 [main] DEBUG org.apache.http.wire -- http-outgoing-8 << "[0x87][0x17]([0xe4]&f[0xe6])[0xa4][0xe6])$[0x97]f[0x16])[0xd5][0xc6][0x2][0x0][0xbc][0x97][0xc5][0x15][0xae][0x0][0x0][0x0][\r][\n]"
16:06:34.731 [main] DEBUG org.apache.http.wire -- http-outgoing-8 << "0[\r][\n]"
16:06:34.731 [main] DEBUG org.apache.http.wire -- http-outgoing-8 << "[\r][\n]"
16:06:34.731 [main] DEBUG org.apache.http.headers -- http-outgoing-8 << HTTP/1.1 200 OK
16:06:34.731 [main] DEBUG org.apache.http.headers -- http-outgoing-8 << Content-Type: application/json
16:06:34.731 [main] DEBUG org.apache.http.headers -- http-outgoing-8 << Matched-Stub-Id: ac2fa3b2-06c1-424a-8464-5d26aad48573
16:06:34.731 [main] DEBUG org.apache.http.headers -- http-outgoing-8 << Content-Encoding: gzip
16:06:34.731 [main] DEBUG org.apache.http.headers -- http-outgoing-8 << Transfer-Encoding: chunked
16:06:34.731 [main] DEBUG org.apache.http.impl.execchain.MainClientExec -- Connection can be kept alive indefinitely
16:06:34.732 [main] DEBUG org.apache.http.impl.conn.DefaultManagedHttpClientConnection -- http-outgoing-8: Close connection
16:06:34.732 [main] DEBUG org.apache.http.impl.execchain.MainClientExec -- Connection discarded
16:06:34.732 [main] DEBUG org.apache.http.impl.conn.PoolingHttpClientConnectionManager -- Connection released: [id: 8][route: {}->http://localhost:8080][total available: 0; route allocated: 0 of 5; total allocated: 0 of 10]
16:06:34.732 [main] DEBUG org.apache.http.impl.conn.PoolingHttpClientConnectionManager -- Connection manager is shutting down
16:06:34.732 [main] DEBUG org.apache.http.impl.conn.PoolingHttpClientConnectionManager -- Connection manager shut down
16:06:34.732 [main] DEBUG com.intuit.karate -- response time in milliseconds: 24
1 < 200
1 < Content-Type: application/json
1 < Matched-Stub-Id: ac2fa3b2-06c1-424a-8464-5d26aad48573
1 < Transfer-Encoding: chunked
[{"id":"variant-123","name":"Variante Chaussures Rouges"},{"id":"variant-789","name":"Variante Chaussures Noires"},{"id":"variant-987","name":"Variante Sac à main en cuir"}]

16:06:34.730 [qtp1860886124-32] DEBUG org.eclipse.jetty.server.HttpInput -- consumeAll HttpInput@274072239 cs=HttpChannelState@57b2efef{s=IDLE rs=COMPLETED os=COMPLETED is=IDLE awp=false se=false i=false al=0} cp=org.eclipse.jetty.server.BlockingContentProducer@21d0d1c1 eof=true
16:06:34.734 [qtp1860886124-32] DEBUG org.eclipse.jetty.server.HttpChannelOverHttp -- failing all content with org.eclipse.jetty.util.StaticException: Unconsumed content HttpChannelOverHttp@5f83ec8d{s=HttpChannelState@57b2efef{s=IDLE rs=COMPLETED os=COMPLETED is=IDLE awp=false se=false i=false al=0},r=1,c=true/true,a=IDLE,uri=http://localhost:8080/variants,age=19}
16:06:34.734 [qtp1860886124-32] DEBUG org.eclipse.jetty.server.AsyncContentProducer -- failed all content of http channel EOF=true AsyncContentProducer@721f8c81[r=ErrorContent [org.eclipse.jetty.util.StaticException: Unconsumed content],t=ErrorContent [org.eclipse.jetty.util.StaticException: Unconsumed content],i=null,error=false,c=HttpChannelOverHttp@5f83ec8d{s=HttpChannelState@57b2efef{s=IDLE rs=COMPLETED os=COMPLETED is=IDLE awp=false se=false i=false al=0},r=1,c=true/true,a=IDLE,uri=http://localhost:8080/variants,age=19}]
16:06:34.734 [qtp1860886124-32] DEBUG org.eclipse.jetty.server.HttpInput -- isFinished=true HttpInput@274072239 cs=HttpChannelState@57b2efef{s=IDLE rs=COMPLETED os=COMPLETED is=IDLE awp=false se=false i=false al=0} cp=org.eclipse.jetty.server.BlockingContentProducer@21d0d1c1 eof=true
16:06:34.735 [qtp1860886124-32] DEBUG org.eclipse.jetty.server.AsyncContentProducer -- isError = false AsyncContentProducer@721f8c81[r=ErrorContent [org.eclipse.jetty.util.StaticException: Unconsumed content],t=ErrorContent [org.eclipse.jetty.util.StaticException: Unconsumed content],i=null,error=false,c=HttpChannelOverHttp@5f83ec8d{s=HttpChannelState@57b2efef{s=IDLE rs=COMPLETED os=COMPLETED is=IDLE awp=false se=false i=false al=0},r=1,c=true/true,a=IDLE,uri=http://localhost:8080/variants,age=20}]
16:06:34.735 [qtp1860886124-32] DEBUG org.eclipse.jetty.server.HttpInput -- isError=false HttpInput@274072239 cs=HttpChannelState@57b2efef{s=IDLE rs=COMPLETED os=COMPLETED is=IDLE awp=false se=false i=false al=0} cp=org.eclipse.jetty.server.BlockingContentProducer@21d0d1c1 eof=true
16:06:34.735 [qtp1860886124-32] DEBUG org.eclipse.jetty.server.HttpChannelState -- recycle HttpChannelState@57b2efef{s=IDLE rs=COMPLETED os=COMPLETED is=IDLE awp=false se=false i=false al=0}
16:06:34.735 [qtp1860886124-32] DEBUG org.eclipse.jetty.server.HttpInput -- recycle HttpInput@274072239 cs=HttpChannelState@57b2efef{s=IDLE rs=BLOCKING os=OPEN is=IDLE awp=false se=false i=true al=0} cp=org.eclipse.jetty.server.BlockingContentProducer@21d0d1c1 eof=true
16:06:34.735 [qtp1860886124-32] DEBUG org.eclipse.jetty.server.BlockingContentProducer -- recycling org.eclipse.jetty.server.BlockingContentProducer@21d0d1c1
16:06:34.735 [qtp1860886124-32] DEBUG org.eclipse.jetty.server.AsyncContentProducer -- recycling AsyncContentProducer@721f8c81[r=ErrorContent [org.eclipse.jetty.util.StaticException: Unconsumed content],t=ErrorContent [org.eclipse.jetty.util.StaticException: Unconsumed content],i=null,error=false,c=HttpChannelOverHttp@5f83ec8d{s=HttpChannelState@57b2efef{s=IDLE rs=BLOCKING os=OPEN is=IDLE awp=false se=false i=true al=0},r=1,c=false/false,a=IDLE,uri=http://localhost:8080/variants,age=20}]
16:06:34.735 [qtp1860886124-32] DEBUG org.eclipse.jetty.http.HttpParser -- reset HttpParser{s=END,0 of -1}
16:06:34.735 [qtp1860886124-32] DEBUG org.eclipse.jetty.http.HttpParser -- END --> START
16:06:34.735 [qtp1860886124-32] DEBUG org.eclipse.jetty.server.HttpChannel -- !handle TERMINATED HttpChannelOverHttp@5f83ec8d{s=HttpChannelState@57b2efef{s=IDLE rs=BLOCKING os=OPEN is=IDLE awp=false se=false i=true al=0},r=1,c=false/false,a=IDLE,uri=null,age=0}
16:06:34.735 [qtp1860886124-32] DEBUG org.eclipse.jetty.io.AbstractEndPoint -- shutdownInput NetworkTrafficSocketChannelEndPoint@6a0e3ebf[{l=/127.0.0.1:8080,r=/127.0.0.1:43090,OPEN,fill=-,flush=-,to=5/30000}{io=0/0,kio=0,kro=1}]->[HttpConnection@27c73361[p=HttpParser{s=START,0 of -1},g=HttpGenerator@7c007e7d{s=START}]=>HttpChannelOverHttp@5f83ec8d{s=HttpChannelState@57b2efef{s=IDLE rs=BLOCKING os=OPEN is=IDLE awp=false se=false i=true al=0},r=1,c=false/false,a=IDLE,uri=null,age=0}]
16:06:34.735 [qtp1860886124-32] DEBUG org.eclipse.jetty.io.SocketChannelEndPoint -- filled -1 DirectByteBuffer@2fc00118[p=0,l=0,c=8192,r=0]={<<<>>>GET /vari...\x00\x00\x00\x00\x00\x00\x00}
16:06:34.735 [qtp1860886124-32] DEBUG org.eclipse.jetty.http.HttpParser -- atEOF HttpParser{s=START,0 of -1}
16:06:34.735 [qtp1860886124-32] DEBUG org.eclipse.jetty.server.HttpConnection -- HttpConnection@27c73361::NetworkTrafficSocketChannelEndPoint@6a0e3ebf[{l=/127.0.0.1:8080,r=/127.0.0.1:43090,ISHUT,fill=-,flush=-,to=5/30000}{io=0/0,kio=0,kro=1}]->[HttpConnection@27c73361[p=HttpParser{s=START,0 of -1},g=HttpGenerator@7c007e7d{s=START}]=>HttpChannelOverHttp@5f83ec8d{s=HttpChannelState@57b2efef{s=IDLE rs=BLOCKING os=OPEN is=IDLE awp=false se=false i=true al=0},r=1,c=false/false,a=IDLE,uri=null,age=0}] filled -1 RetainableByteBuffer@57e49389{DirectByteBuffer@2fc00118[p=0,l=0,c=8192,r=0]={<<<>>>GET /vari...\x00\x00\x00\x00\x00\x00\x00},r=1}
16:06:34.735 [qtp1860886124-32] DEBUG org.eclipse.jetty.server.HttpConnection -- HttpConnection@27c73361::NetworkTrafficSocketChannelEndPoint@6a0e3ebf[{l=/127.0.0.1:8080,r=/127.0.0.1:43090,ISHUT,fill=-,flush=-,to=6/30000}{io=0/0,kio=0,kro=1}]->[HttpConnection@27c73361[p=HttpParser{s=START,0 of -1},g=HttpGenerator@7c007e7d{s=START}]=>HttpChannelOverHttp@5f83ec8d{s=HttpChannelState@57b2efef{s=IDLE rs=BLOCKING os=OPEN is=IDLE awp=false se=false i=true al=0},r=1,c=false/false,a=IDLE,uri=null,age=0}] parse RetainableByteBuffer@57e49389{DirectByteBuffer@2fc00118[p=0,l=0,c=8192,r=0]={<<<>>>GET /vari...\x00\x00\x00\x00\x00\x00\x00},r=1}
16:06:34.736 [qtp1860886124-32] DEBUG org.eclipse.jetty.http.HttpParser -- parseNext s=START DirectByteBuffer@2fc00118[p=0,l=0,c=8192,r=0]={<<<>>>GET /vari...\x00\x00\x00\x00\x00\x00\x00}
16:06:34.736 [qtp1860886124-32] DEBUG org.eclipse.jetty.http.HttpParser -- START --> CLOSED
16:06:34.736 [qtp1860886124-32] DEBUG org.eclipse.jetty.io.AbstractEndPoint -- close NetworkTrafficSocketChannelEndPoint@6a0e3ebf[{l=/127.0.0.1:8080,r=/127.0.0.1:43090,ISHUT,fill=-,flush=-,to=6/30000}{io=0/0,kio=0,kro=1}]->[HttpConnection@27c73361[p=HttpParser{s=CLOSED,0 of -1},g=HttpGenerator@7c007e7d{s=START}]=>HttpChannelOverHttp@5f83ec8d{s=HttpChannelState@57b2efef{s=IDLE rs=BLOCKING os=OPEN is=IDLE awp=false se=false i=true al=0},r=1,c=false/false,a=IDLE,uri=null,age=0}]
16:06:34.736 [qtp1860886124-32] DEBUG org.eclipse.jetty.io.AbstractEndPoint -- close(null) NetworkTrafficSocketChannelEndPoint@6a0e3ebf[{l=/127.0.0.1:8080,r=/127.0.0.1:43090,ISHUT,fill=-,flush=-,to=6/30000}{io=0/0,kio=0,kro=1}]->[HttpConnection@27c73361[p=HttpParser{s=CLOSED,0 of -1},g=HttpGenerator@7c007e7d{s=START}]=>HttpChannelOverHttp@5f83ec8d{s=HttpChannelState@57b2efef{s=IDLE rs=BLOCKING os=OPEN is=IDLE awp=false se=false i=true al=0},r=1,c=false/false,a=IDLE,uri=null,age=0}]
16:06:34.736 [qtp1860886124-32] DEBUG org.eclipse.jetty.io.SelectableChannelEndPoint -- doClose NetworkTrafficSocketChannelEndPoint@6a0e3ebf[{l=/127.0.0.1:8080,r=/127.0.0.1:43090,CLOSED,fill=-,flush=-,to=6/30000}{io=0/0,kio=0,kro=1}]->[HttpConnection@27c73361[p=HttpParser{s=CLOSED,0 of -1},g=HttpGenerator@7c007e7d{s=START}]=>HttpChannelOverHttp@5f83ec8d{s=HttpChannelState@57b2efef{s=IDLE rs=BLOCKING os=OPEN is=IDLE awp=false se=false i=true al=0},r=1,c=false/false,a=IDLE,uri=null,age=0}]
16:06:34.736 [qtp1860886124-32] DEBUG org.eclipse.jetty.io.FillInterest -- onClose FillInterest@3c0d2b85{null}
16:06:34.736 [qtp1860886124-32] DEBUG org.eclipse.jetty.io.ManagedSelector -- Wakeup ManagedSelector@67ec8477{STARTED} id=1 keys=1 selected=0 updates=0
16:06:34.736 [qtp1860886124-32] DEBUG org.eclipse.jetty.util.thread.QueuedThreadPool -- queue org.eclipse.jetty.io.ManagedSelector$DestroyEndPoint@44573b startThread=0
16:06:34.736 [qtp1860886124-27] DEBUG org.eclipse.jetty.io.ManagedSelector -- Selector sun.nio.ch.EPollSelectorImpl@13605ab0 woken with none selected
16:06:34.736 [qtp1860886124-27] DEBUG org.eclipse.jetty.io.ManagedSelector -- Selector sun.nio.ch.EPollSelectorImpl@13605ab0 woken up from select, 0/0/0 selected
16:06:34.736 [qtp1860886124-27] DEBUG org.eclipse.jetty.io.ManagedSelector -- Selector sun.nio.ch.EPollSelectorImpl@13605ab0 processing 0 keys, 0 updates
16:06:34.736 [qtp1860886124-27] DEBUG org.eclipse.jetty.io.ManagedSelector -- updateable 0
16:06:34.736 [qtp1860886124-33] DEBUG org.eclipse.jetty.util.thread.QueuedThreadPool -- run org.eclipse.jetty.io.ManagedSelector$DestroyEndPoint@44573b in QueuedThreadPool[qtp1860886124]@6eeade6c{STARTED,8<=8<=25,i=0,r=-1,t=54268ms,q=0}[ReservedThreadExecutor@6e28bb87{reserved=1/2,pending=0}]
16:06:34.737 [qtp1860886124-27] DEBUG org.eclipse.jetty.io.ManagedSelector -- updates 0
16:06:34.737 [qtp1860886124-27] DEBUG org.eclipse.jetty.io.ManagedSelector -- Selector sun.nio.ch.EPollSelectorImpl@13605ab0 waiting with 0 keys
16:06:34.736 [qtp1860886124-32] DEBUG org.eclipse.jetty.server.HttpConnection -- HttpConnection@27c73361::NetworkTrafficSocketChannelEndPoint@6a0e3ebf[{l=null,r=null,CLOSED,fill=-,flush=-,to=7/30000}{io=0/0,kio=-1,kro=-1}]->[HttpConnection@27c73361[p=HttpParser{s=CLOSED,0 of -1},g=HttpGenerator@7c007e7d{s=START}]=>HttpChannelOverHttp@5f83ec8d{s=HttpChannelState@57b2efef{s=IDLE rs=BLOCKING os=OPEN is=IDLE awp=false se=false i=true al=0},r=1,c=false/false,a=IDLE,uri=null,age=0}] parsed false HttpParser{s=CLOSED,0 of -1}
16:06:34.737 [qtp1860886124-33] DEBUG org.eclipse.jetty.io.ManagedSelector -- Destroyed NetworkTrafficSocketChannelEndPoint@6a0e3ebf[{l=null,r=null,CLOSED,fill=-,flush=-,to=7/30000}{io=0/0,kio=-1,kro=-1}]->[HttpConnection@27c73361[p=HttpParser{s=CLOSED,0 of -1},g=HttpGenerator@7c007e7d{s=START}]=>HttpChannelOverHttp@5f83ec8d{s=HttpChannelState@57b2efef{s=IDLE rs=BLOCKING os=OPEN is=IDLE awp=false se=false i=true al=0},r=1,c=false/false,a=IDLE,uri=null,age=0}]
16:06:34.737 [qtp1860886124-32] DEBUG org.eclipse.jetty.server.HttpConnection -- releaseRequestBuffer HttpConnection@27c73361::NetworkTrafficSocketChannelEndPoint@6a0e3ebf[{l=null,r=null,CLOSED,fill=-,flush=-,to=7/30000}{io=0/0,kio=-1,kro=-1}]->[HttpConnection@27c73361[p=HttpParser{s=CLOSED,0 of -1},g=HttpGenerator@7c007e7d{s=START}]=>HttpChannelOverHttp@5f83ec8d{s=HttpChannelState@57b2efef{s=IDLE rs=BLOCKING os=OPEN is=IDLE awp=false se=false i=true al=0},r=1,c=false/false,a=IDLE,uri=null,age=0}]
16:06:34.737 [qtp1860886124-33] DEBUG org.eclipse.jetty.io.AbstractConnection -- onClose HttpConnection@27c73361::NetworkTrafficSocketChannelEndPoint@6a0e3ebf[{l=null,r=null,CLOSED,fill=-,flush=-,to=7/30000}{io=0/0,kio=-1,kro=-1}]->[HttpConnection@27c73361[p=HttpParser{s=CLOSED,0 of -1},g=HttpGenerator@7c007e7d{s=START}]=>HttpChannelOverHttp@5f83ec8d{s=HttpChannelState@57b2efef{s=IDLE rs=BLOCKING os=OPEN is=IDLE awp=false se=false i=true al=0},r=1,c=false/false,a=IDLE,uri=null,age=0}]
16:06:34.737 [qtp1860886124-33] DEBUG org.eclipse.jetty.util.thread.QueuedThreadPool -- ran org.eclipse.jetty.io.ManagedSelector$DestroyEndPoint@44573b in QueuedThreadPool[qtp1860886124]@6eeade6c{STARTED,8<=8<=25,i=0,r=-1,t=54267ms,q=0}[ReservedThreadExecutor@6e28bb87{reserved=1/2,pending=0}]
16:06:34.737 [qtp1860886124-33] DEBUG org.eclipse.jetty.util.thread.QueuedThreadPool -- Evict skipped, no excess threads QueuedThreadPool[qtp1860886124]@6eeade6c{STARTED,8<=8<=25,i=1,r=-1,t=54267ms,q=0}[ReservedThreadExecutor@6e28bb87{reserved=1/2,pending=0}]
16:06:34.737 [qtp1860886124-32] DEBUG org.eclipse.jetty.io.AbstractEndPoint -- shutdownOutput NetworkTrafficSocketChannelEndPoint@6a0e3ebf[{l=null,r=null,CLOSED,fill=-,flush=-,to=7/30000}{io=0/0,kio=-1,kro=-1}]->[HttpConnection@27c73361[p=HttpParser{s=CLOSED,0 of -1},g=HttpGenerator@7c007e7d{s=START}]=>HttpChannelOverHttp@5f83ec8d{s=HttpChannelState@57b2efef{s=IDLE rs=BLOCKING os=OPEN is=IDLE awp=false se=false i=true al=0},r=1,c=false/false,a=IDLE,uri=null,age=0}]
16:06:34.737 [main] DEBUG com.jayway.jsonpath.internal.path.CompiledPath -- Evaluating path: $['length']
16:06:34.737 [qtp1860886124-32] DEBUG org.eclipse.jetty.server.HttpConnection -- HttpConnection@27c73361::NetworkTrafficSocketChannelEndPoint@6a0e3ebf[{l=null,r=null,CLOSED,fill=-,flush=-,to=8/30000}{io=0/0,kio=-1,kro=-1}]->[HttpConnection@27c73361[p=HttpParser{s=CLOSED,0 of -1},g=HttpGenerator@7c007e7d{s=START}]=>HttpChannelOverHttp@5f83ec8d{s=HttpChannelState@57b2efef{s=IDLE rs=BLOCKING os=OPEN is=IDLE awp=false se=false i=true al=0},r=1,c=false/false,a=IDLE,uri=null,age=0}] onFillable exit HttpChannelState@57b2efef{s=IDLE rs=BLOCKING os=OPEN is=IDLE awp=false se=false i=true al=0} null
16:06:34.738 [qtp1860886124-32] DEBUG org.eclipse.jetty.util.thread.ReservedThreadExecutor -- ReservedThread@707dfad4{RUNNING,thread=Thread[qtp1860886124-32,5,main]} was=RUNNING next=RESERVED size=0+2 capacity=2
16:06:34.738 [qtp1860886124-32] DEBUG org.eclipse.jetty.util.thread.ReservedThreadExecutor -- ReservedThread@707dfad4{RESERVED,thread=Thread[qtp1860886124-32,5,main]} waiting ReservedThreadExecutor@6e28bb87{reserved=2/2,pending=0}
16:06:34.740 [main] ERROR com.intuit.karate -- classpath:features/variants/readVariant.feature:28
And match response.length == 3
match failed: EQUALS
  $ | actual path does not exist (STRING:NUMBER)
  '#notpresent'
  3

classpath:features/variants/readVariant.feature:28
]]></system-out>
  </testcase>
  <testcase name="testAllFeatures[3][4]" classname="com.exemple.qa.runners.AllKarateTestsRunner" time="0.244">
    <failure message="match failed: EQUALS&#10;  $ | actual path does not exist (STRING:NUMBER)&#10;  &apos;#notpresent&apos;&#10;  1&#10;&#10;classpath:features/variants/readVariant.feature:39" type="org.opentest4j.AssertionFailedError">org.opentest4j.AssertionFailedError: 
match failed: EQUALS
  $ | actual path does not exist (STRING:NUMBER)
  '#notpresent'
  1

classpath:features/variants/readVariant.feature:39
</failure>
    <system-out><![CDATA[16:06:34.761 [main] DEBUG org.apache.http.client.protocol.RequestAddCookies -- CookieSpec selected: karate
16:06:34.761 [main] DEBUG org.apache.http.client.protocol.RequestAuthCache -- Auth cache not set in the context
16:06:34.761 [main] DEBUG com.intuit.karate -- request:
1 > GET http://localhost:8080/variants?name=Variante+Rouge
1 > Host: localhost:8080
1 > Connection: Keep-Alive
1 > User-Agent: Apache-HttpClient/4.5.14 (Java/17.0.15)
1 > Accept-Encoding: gzip,deflate


16:06:34.761 [main] DEBUG org.apache.http.impl.conn.PoolingHttpClientConnectionManager -- Connection request: [route: {}->http://localhost:8080][total available: 0; route allocated: 0 of 5; total allocated: 0 of 10]
16:06:34.761 [main] DEBUG org.apache.http.impl.conn.PoolingHttpClientConnectionManager -- Connection leased: [id: 9][route: {}->http://localhost:8080][total available: 0; route allocated: 1 of 5; total allocated: 1 of 10]
16:06:34.761 [main] DEBUG org.apache.http.impl.execchain.MainClientExec -- Opening connection {}->http://localhost:8080
16:06:34.762 [main] DEBUG org.apache.http.impl.conn.DefaultHttpClientConnectionOperator -- Connecting to localhost/127.0.0.1:8080
16:06:34.762 [main] DEBUG org.apache.http.impl.conn.DefaultHttpClientConnectionOperator -- Connection established 127.0.0.1:43096<->127.0.0.1:8080
16:06:34.762 [main] DEBUG org.apache.http.impl.conn.DefaultManagedHttpClientConnection -- http-outgoing-9: set socket timeout to 30000
16:06:34.762 [qtp1860886124-28-acceptor-0@19593091-NetworkTrafficServerConnector@292d1c71{HTTP/1.1, (http/1.1, h2c)}{0.0.0.0:8080}] DEBUG org.eclipse.jetty.io.ManagedSelector -- Queued change lazy=false Accept@5e54f4f7[java.nio.channels.SocketChannel[connected local=/127.0.0.1:8080 remote=/127.0.0.1:43096]] on ManagedSelector@588ffeb{STARTED} id=0 keys=0 selected=0 updates=0
16:06:34.763 [main] DEBUG org.apache.http.impl.execchain.MainClientExec -- Executing request GET /variants?name=Variante+Rouge HTTP/1.1
16:06:34.763 [qtp1860886124-28-acceptor-0@19593091-NetworkTrafficServerConnector@292d1c71{HTTP/1.1, (http/1.1, h2c)}{0.0.0.0:8080}] DEBUG org.eclipse.jetty.io.ManagedSelector -- Wakeup on submit ManagedSelector@588ffeb{STARTED} id=0 keys=0 selected=0 updates=1
16:06:34.763 [main] DEBUG org.apache.http.impl.execchain.MainClientExec -- Target auth state: UNCHALLENGED
16:06:34.763 [main] DEBUG org.apache.http.impl.execchain.MainClientExec -- Proxy auth state: UNCHALLENGED
16:06:34.763 [main] DEBUG org.apache.http.headers -- http-outgoing-9 >> GET /variants?name=Variante+Rouge HTTP/1.1
16:06:34.763 [main] DEBUG org.apache.http.headers -- http-outgoing-9 >> Host: localhost:8080
16:06:34.763 [main] DEBUG org.apache.http.headers -- http-outgoing-9 >> Connection: Keep-Alive
16:06:34.763 [main] DEBUG org.apache.http.headers -- http-outgoing-9 >> User-Agent: Apache-HttpClient/4.5.14 (Java/17.0.15)
16:06:34.763 [main] DEBUG org.apache.http.headers -- http-outgoing-9 >> Accept-Encoding: gzip,deflate
16:06:34.763 [main] DEBUG org.apache.http.wire -- http-outgoing-9 >> "GET /variants?name=Variante+Rouge HTTP/1.1[\r][\n]"
16:06:34.763 [main] DEBUG org.apache.http.wire -- http-outgoing-9 >> "Host: localhost:8080[\r][\n]"
16:06:34.763 [main] DEBUG org.apache.http.wire -- http-outgoing-9 >> "Connection: Keep-Alive[\r][\n]"
16:06:34.763 [main] DEBUG org.apache.http.wire -- http-outgoing-9 >> "User-Agent: Apache-HttpClient/4.5.14 (Java/17.0.15)[\r][\n]"
16:06:34.763 [main] DEBUG org.apache.http.wire -- http-outgoing-9 >> "Accept-Encoding: gzip,deflate[\r][\n]"
16:06:34.763 [main] DEBUG org.apache.http.wire -- http-outgoing-9 >> "[\r][\n]"
16:06:34.766 [qtp1860886124-31] DEBUG org.eclipse.jetty.io.ManagedSelector -- Selector sun.nio.ch.EPollSelectorImpl@1f751e5c woken with none selected
16:06:34.766 [qtp1860886124-31] DEBUG org.eclipse.jetty.io.ManagedSelector -- Selector sun.nio.ch.EPollSelectorImpl@1f751e5c woken up from select, 0/0/0 selected
16:06:34.766 [qtp1860886124-31] DEBUG org.eclipse.jetty.io.ManagedSelector -- Selector sun.nio.ch.EPollSelectorImpl@1f751e5c processing 0 keys, 1 updates
16:06:34.766 [qtp1860886124-31] DEBUG org.eclipse.jetty.io.ManagedSelector -- updateable 1
16:06:34.766 [qtp1860886124-31] DEBUG org.eclipse.jetty.io.ManagedSelector -- update Accept@5e54f4f7[java.nio.channels.SocketChannel[connected local=/127.0.0.1:8080 remote=/127.0.0.1:43096]]
16:06:34.766 [qtp1860886124-31] DEBUG org.eclipse.jetty.util.thread.QueuedThreadPool -- queue Accept@5e54f4f7[java.nio.channels.SocketChannel[connected local=/127.0.0.1:8080 remote=/127.0.0.1:43096]] startThread=0
16:06:34.766 [qtp1860886124-31] DEBUG org.eclipse.jetty.io.ManagedSelector -- updates 0
16:06:34.767 [qtp1860886124-31] DEBUG org.eclipse.jetty.io.ManagedSelector -- Selector sun.nio.ch.EPollSelectorImpl@1f751e5c waiting with 1 keys
16:06:34.767 [qtp1860886124-33] DEBUG org.eclipse.jetty.util.thread.QueuedThreadPool -- run Accept@5e54f4f7[java.nio.channels.SocketChannel[connected local=/127.0.0.1:8080 remote=/127.0.0.1:43096]] in QueuedThreadPool[qtp1860886124]@6eeade6c{STARTED,8<=8<=25,i=0,r=-1,t=54237ms,q=0}[ReservedThreadExecutor@6e28bb87{reserved=2/2,pending=0}]
16:06:34.767 [qtp1860886124-33] DEBUG org.eclipse.jetty.io.IdleTimeout -- Setting idle timeout 0 -> 30000 on NetworkTrafficSocketChannelEndPoint@593754c1[{l=/127.0.0.1:8080,r=/127.0.0.1:43096,OPEN,fill=-,flush=-,to=0/30000}{io=0/0,kio=0,kro=0}]->[<null>]
16:06:34.767 [qtp1860886124-33] DEBUG org.eclipse.jetty.io.IdleTimeout -- NetworkTrafficSocketChannelEndPoint@593754c1[{l=/127.0.0.1:8080,r=/127.0.0.1:43096,OPEN,fill=-,flush=-,to=0/30000}{io=0/0,kio=0,kro=0}]->[<null>] idle timeout check, elapsed: 0 ms, remaining: 30000 ms
16:06:34.768 [qtp1860886124-33] DEBUG org.eclipse.jetty.server.HttpChannel -- new HttpChannelOverHttp@cb30d61{s=HttpChannelState@54fea202{s=IDLE rs=BLOCKING os=OPEN is=IDLE awp=false se=false i=true al=0},r=0,c=false/false,a=IDLE,uri=null,age=0} -> NetworkTrafficSocketChannelEndPoint@593754c1[{l=/127.0.0.1:8080,r=/127.0.0.1:43096,OPEN,fill=-,flush=-,to=0/30000}{io=0/0,kio=0,kro=0}]->[<null>],null,HttpChannelState@54fea202{s=IDLE rs=BLOCKING os=OPEN is=IDLE awp=false se=false i=true al=0}
16:06:34.768 [qtp1860886124-33] DEBUG org.eclipse.jetty.server.HttpConnection -- New HTTP Connection HttpConnection@2b1571bd::NetworkTrafficSocketChannelEndPoint@593754c1[{l=/127.0.0.1:8080,r=/127.0.0.1:43096,OPEN,fill=-,flush=-,to=1/30000}{io=0/0,kio=0,kro=0}]->[<null>]
16:06:34.769 [qtp1860886124-33] DEBUG org.eclipse.jetty.io.ManagedSelector -- Queued change lazy=true org.eclipse.jetty.io.ManagedSelector$$Lambda$656/0x000073d730584d20@4867b942 on ManagedSelector@588ffeb{STARTED} id=0 keys=1 selected=0 updates=0
16:06:34.769 [qtp1860886124-33] DEBUG org.eclipse.jetty.io.AbstractEndPoint -- onOpen NetworkTrafficSocketChannelEndPoint@593754c1[{l=/127.0.0.1:8080,r=/127.0.0.1:43096,OPEN,fill=-,flush=-,to=1/30000}{io=0/0,kio=0,kro=0}]->[HttpConnection@2b1571bd[p=HttpParser{s=START,0 of -1},g=HttpGenerator@5cab7d2a{s=START}]=>HttpChannelOverHttp@cb30d61{s=HttpChannelState@54fea202{s=IDLE rs=BLOCKING os=OPEN is=IDLE awp=false se=false i=true al=0},r=0,c=false/false,a=IDLE,uri=null,age=0}]
16:06:34.769 [qtp1860886124-33] DEBUG org.eclipse.jetty.io.AbstractConnection -- onOpen HttpConnection@2b1571bd::NetworkTrafficSocketChannelEndPoint@593754c1[{l=/127.0.0.1:8080,r=/127.0.0.1:43096,OPEN,fill=-,flush=-,to=1/30000}{io=0/0,kio=0,kro=0}]->[HttpConnection@2b1571bd[p=HttpParser{s=START,0 of -1},g=HttpGenerator@5cab7d2a{s=START}]=>HttpChannelOverHttp@cb30d61{s=HttpChannelState@54fea202{s=IDLE rs=BLOCKING os=OPEN is=IDLE awp=false se=false i=true al=0},r=0,c=false/false,a=IDLE,uri=null,age=0}]
16:06:34.769 [qtp1860886124-33] DEBUG org.eclipse.jetty.io.AbstractConnection -- fillInterested HttpConnection@2b1571bd::NetworkTrafficSocketChannelEndPoint@593754c1[{l=/127.0.0.1:8080,r=/127.0.0.1:43096,OPEN,fill=-,flush=-,to=1/30000}{io=0/0,kio=0,kro=0}]->[HttpConnection@2b1571bd[p=HttpParser{s=START,0 of -1},g=HttpGenerator@5cab7d2a{s=START}]=>HttpChannelOverHttp@cb30d61{s=HttpChannelState@54fea202{s=IDLE rs=BLOCKING os=OPEN is=IDLE awp=false se=false i=true al=0},r=0,c=false/false,a=IDLE,uri=null,age=0}]
16:06:34.769 [qtp1860886124-33] DEBUG org.eclipse.jetty.io.FillInterest -- interested FillInterest@7d643a0f{ReadCallback@7d7c2487{HttpConnection@2b1571bd::NetworkTrafficSocketChannelEndPoint@593754c1[{l=/127.0.0.1:8080,r=/127.0.0.1:43096,OPEN,fill=FI,flush=-,to=0/30000}{io=0/0,kio=0,kro=0}]->[HttpConnection@2b1571bd[p=HttpParser{s=START,0 of -1},g=HttpGenerator@5cab7d2a{s=START}]=>HttpChannelOverHttp@cb30d61{s=HttpChannelState@54fea202{s=IDLE rs=BLOCKING os=OPEN is=IDLE awp=false se=false i=true al=0},r=0,c=false/false,a=IDLE,uri=null,age=0}]}}
16:06:34.770 [qtp1860886124-33] DEBUG org.eclipse.jetty.io.SelectableChannelEndPoint -- changeInterests p=false 0->1 for NetworkTrafficSocketChannelEndPoint@593754c1[{l=/127.0.0.1:8080,r=/127.0.0.1:43096,OPEN,fill=FI,flush=-,to=0/30000}{io=0/1,kio=0,kro=0}]->[HttpConnection@2b1571bd[p=HttpParser{s=START,0 of -1},g=HttpGenerator@5cab7d2a{s=START}]=>HttpChannelOverHttp@cb30d61{s=HttpChannelState@54fea202{s=IDLE rs=BLOCKING os=OPEN is=IDLE awp=false se=false i=true al=0},r=0,c=false/false,a=IDLE,uri=null,age=0}]
16:06:34.770 [qtp1860886124-33] DEBUG org.eclipse.jetty.io.ManagedSelector -- Queued change lazy=false org.eclipse.jetty.io.SelectableChannelEndPoint$$Lambda$650/0x000073d730565340@8242fc3 on ManagedSelector@588ffeb{STARTED} id=0 keys=1 selected=0 updates=1
16:06:34.770 [qtp1860886124-33] DEBUG org.eclipse.jetty.io.ManagedSelector -- Wakeup on submit ManagedSelector@588ffeb{STARTED} id=0 keys=1 selected=0 updates=2
16:06:34.771 [qtp1860886124-31] DEBUG org.eclipse.jetty.io.ManagedSelector -- Selector sun.nio.ch.EPollSelectorImpl@1f751e5c woken with none selected
16:06:34.771 [qtp1860886124-31] DEBUG org.eclipse.jetty.io.ManagedSelector -- Selector sun.nio.ch.EPollSelectorImpl@1f751e5c woken up from select, 0/0/1 selected
16:06:34.770 [qtp1860886124-33] DEBUG org.eclipse.jetty.io.ManagedSelector -- Created NetworkTrafficSocketChannelEndPoint@593754c1[{l=/127.0.0.1:8080,r=/127.0.0.1:43096,OPEN,fill=FI,flush=-,to=1/30000}{io=0/1,kio=0,kro=0}]->[HttpConnection@2b1571bd[p=HttpParser{s=START,0 of -1},g=HttpGenerator@5cab7d2a{s=START}]=>HttpChannelOverHttp@cb30d61{s=HttpChannelState@54fea202{s=IDLE rs=BLOCKING os=OPEN is=IDLE awp=false se=false i=true al=0},r=0,c=false/false,a=IDLE,uri=null,age=0}]
16:06:34.771 [qtp1860886124-31] DEBUG org.eclipse.jetty.io.ManagedSelector -- Selector sun.nio.ch.EPollSelectorImpl@1f751e5c processing 0 keys, 2 updates
16:06:34.771 [qtp1860886124-31] DEBUG org.eclipse.jetty.io.ManagedSelector -- updateable 2
16:06:34.771 [qtp1860886124-31] DEBUG org.eclipse.jetty.io.ManagedSelector -- update org.eclipse.jetty.io.ManagedSelector$$Lambda$656/0x000073d730584d20@4867b942
16:06:34.771 [qtp1860886124-31] DEBUG org.eclipse.jetty.io.ManagedSelector -- update org.eclipse.jetty.io.SelectableChannelEndPoint$$Lambda$650/0x000073d730565340@8242fc3
16:06:34.771 [qtp1860886124-33] DEBUG org.eclipse.jetty.util.thread.QueuedThreadPool -- ran Accept@5e54f4f7[java.nio.channels.SocketChannel[connected local=/127.0.0.1:8080 remote=/127.0.0.1:43096]] in QueuedThreadPool[qtp1860886124]@6eeade6c{STARTED,8<=8<=25,i=0,r=-1,t=54234ms,q=0}[ReservedThreadExecutor@6e28bb87{reserved=2/2,pending=0}]
16:06:34.771 [qtp1860886124-33] DEBUG org.eclipse.jetty.util.thread.QueuedThreadPool -- Evict skipped, no excess threads QueuedThreadPool[qtp1860886124]@6eeade6c{STARTED,8<=8<=25,i=1,r=-1,t=54234ms,q=0}[ReservedThreadExecutor@6e28bb87{reserved=2/2,pending=0}]
16:06:34.771 [qtp1860886124-31] DEBUG org.eclipse.jetty.io.SelectableChannelEndPoint -- Key interests updated 0 -> 1 on NetworkTrafficSocketChannelEndPoint@593754c1[{l=/127.0.0.1:8080,r=/127.0.0.1:43096,OPEN,fill=FI,flush=-,to=1/30000}{io=1/1,kio=1,kro=0}]->[HttpConnection@2b1571bd[p=HttpParser{s=START,0 of -1},g=HttpGenerator@5cab7d2a{s=START}]=>HttpChannelOverHttp@cb30d61{s=HttpChannelState@54fea202{s=IDLE rs=BLOCKING os=OPEN is=IDLE awp=false se=false i=true al=0},r=0,c=false/false,a=IDLE,uri=null,age=0}]
16:06:34.771 [qtp1860886124-31] DEBUG org.eclipse.jetty.io.ManagedSelector -- updates 0
16:06:34.771 [qtp1860886124-31] DEBUG org.eclipse.jetty.io.ManagedSelector -- Selector sun.nio.ch.EPollSelectorImpl@1f751e5c waiting with 1 keys
16:06:34.771 [qtp1860886124-31] DEBUG org.eclipse.jetty.io.ManagedSelector -- Selector sun.nio.ch.EPollSelectorImpl@1f751e5c woken up from select, 1/1/1 selected
16:06:34.771 [qtp1860886124-31] DEBUG org.eclipse.jetty.io.ManagedSelector -- Selector sun.nio.ch.EPollSelectorImpl@1f751e5c processing 1 keys, 0 updates
16:06:34.771 [qtp1860886124-31] DEBUG org.eclipse.jetty.io.ManagedSelector -- selected 1 channel=java.nio.channels.SocketChannel[connected local=/127.0.0.1:8080 remote=/127.0.0.1:43096], selector=sun.nio.ch.EPollSelectorImpl@1f751e5c, interestOps=1, readyOps=1 NetworkTrafficSocketChannelEndPoint@593754c1[{l=/127.0.0.1:8080,r=/127.0.0.1:43096,OPEN,fill=FI,flush=-,to=1/30000}{io=1/1,kio=1,kro=1}]->[HttpConnection@2b1571bd[p=HttpParser{s=START,0 of -1},g=HttpGenerator@5cab7d2a{s=START}]=>HttpChannelOverHttp@cb30d61{s=HttpChannelState@54fea202{s=IDLE rs=BLOCKING os=OPEN is=IDLE awp=false se=false i=true al=0},r=0,c=false/false,a=IDLE,uri=null,age=0}] 
16:06:34.771 [qtp1860886124-31] DEBUG org.eclipse.jetty.io.SelectableChannelEndPoint -- onSelected 1->0 r=true w=false for NetworkTrafficSocketChannelEndPoint@593754c1[{l=/127.0.0.1:8080,r=/127.0.0.1:43096,OPEN,fill=FI,flush=-,to=1/30000}{io=1/0,kio=1,kro=1}]->[HttpConnection@2b1571bd[p=HttpParser{s=START,0 of -1},g=HttpGenerator@5cab7d2a{s=START}]=>HttpChannelOverHttp@cb30d61{s=HttpChannelState@54fea202{s=IDLE rs=BLOCKING os=OPEN is=IDLE awp=false se=false i=true al=0},r=0,c=false/false,a=IDLE,uri=null,age=0}]
16:06:34.771 [qtp1860886124-31] DEBUG org.eclipse.jetty.io.SelectableChannelEndPoint -- task NetworkTrafficSocketChannelEndPoint@593754c1[{l=/127.0.0.1:8080,r=/127.0.0.1:43096,OPEN,fill=FI,flush=-,to=2/30000}{io=1/0,kio=1,kro=1}]->[HttpConnection@2b1571bd[p=HttpParser{s=START,0 of -1},g=HttpGenerator@5cab7d2a{s=START}]=>HttpChannelOverHttp@cb30d61{s=HttpChannelState@54fea202{s=IDLE rs=BLOCKING os=OPEN is=IDLE awp=false se=false i=true al=0},r=0,c=false/false,a=IDLE,uri=null,age=0}]:runFillable:BLOCKING
16:06:34.772 [qtp1860886124-31] DEBUG org.eclipse.jetty.util.thread.ReservedThreadExecutor -- ReservedThreadExecutor@6e28bb87{reserved=2/2,pending=0} tryExecute org.eclipse.jetty.util.thread.strategy.AdaptiveExecutionStrategy$$Lambda$481/0x000073d7302ada30@34d5c37
16:06:34.772 [qtp1860886124-32] DEBUG org.eclipse.jetty.util.thread.ReservedThreadExecutor -- ReservedThread@707dfad4{RESERVED,thread=Thread[qtp1860886124-32,5,main]} task=org.eclipse.jetty.util.thread.strategy.AdaptiveExecutionStrategy$$Lambda$481/0x000073d7302ada30@34d5c37 ReservedThreadExecutor@6e28bb87{reserved=1/2,pending=0}
16:06:34.772 [qtp1860886124-31] DEBUG org.eclipse.jetty.util.thread.strategy.AdaptiveExecutionStrategy -- ss=EXECUTE_PRODUCE_CONSUME t=NetworkTrafficSocketChannelEndPoint@593754c1[{l=/127.0.0.1:8080,r=/127.0.0.1:43096,OPEN,fill=FI,flush=-,to=2/30000}{io=1/0,kio=1,kro=1}]->[HttpConnection@2b1571bd[p=HttpParser{s=START,0 of -1},g=HttpGenerator@5cab7d2a{s=START}]=>HttpChannelOverHttp@cb30d61{s=HttpChannelState@54fea202{s=IDLE rs=BLOCKING os=OPEN is=IDLE awp=false se=false i=true al=0},r=0,c=false/false,a=IDLE,uri=null,age=0}]:runFillable:BLOCKING/BLOCKING AdaptiveExecutionStrategy@2d84cb86/SelectorProducer@71a3a190/IDLE/p=true/QueuedThreadPool[qtp1860886124]@6eeade6c{STARTED,8<=8<=25,i=1,r=-1,t=54233ms,q=0}[ReservedThreadExecutor@6e28bb87{reserved=1/2,pending=0}][pc=0,pic=0,pec=0,epc=4]@2025-07-13T16:06:34.772303108+01:00
16:06:34.772 [qtp1860886124-31] DEBUG org.eclipse.jetty.io.FillInterest -- fillable FillInterest@7d643a0f{ReadCallback@7d7c2487{HttpConnection@2b1571bd::NetworkTrafficSocketChannelEndPoint@593754c1[{l=/127.0.0.1:8080,r=/127.0.0.1:43096,OPEN,fill=FI,flush=-,to=2/30000}{io=1/0,kio=1,kro=1}]->[HttpConnection@2b1571bd[p=HttpParser{s=START,0 of -1},g=HttpGenerator@5cab7d2a{s=START}]=>HttpChannelOverHttp@cb30d61{s=HttpChannelState@54fea202{s=IDLE rs=BLOCKING os=OPEN is=IDLE awp=false se=false i=true al=0},r=0,c=false/false,a=IDLE,uri=null,age=0}]}}
16:06:34.772 [qtp1860886124-31] DEBUG org.eclipse.jetty.server.HttpConnection -- HttpConnection@2b1571bd::NetworkTrafficSocketChannelEndPoint@593754c1[{l=/127.0.0.1:8080,r=/127.0.0.1:43096,OPEN,fill=-,flush=-,to=2/30000}{io=1/0,kio=1,kro=1}]->[HttpConnection@2b1571bd[p=HttpParser{s=START,0 of -1},g=HttpGenerator@5cab7d2a{s=START}]=>HttpChannelOverHttp@cb30d61{s=HttpChannelState@54fea202{s=IDLE rs=BLOCKING os=OPEN is=IDLE awp=false se=false i=true al=0},r=0,c=false/false,a=IDLE,uri=null,age=0}] onFillable enter HttpChannelState@54fea202{s=IDLE rs=BLOCKING os=OPEN is=IDLE awp=false se=false i=true al=0} null
16:06:34.772 [qtp1860886124-31] DEBUG org.eclipse.jetty.io.SocketChannelEndPoint -- filled 176 DirectByteBuffer@2fc00118[p=0,l=176,c=8192,r=176]={<<<GET /variants?name=Varian...oding: gzip,deflate\r\n\r\n>>>\n-Encodin...\x00\x00\x00\x00\x00\x00\x00}
16:06:34.772 [qtp1860886124-31] DEBUG org.eclipse.jetty.server.HttpConnection -- HttpConnection@2b1571bd::NetworkTrafficSocketChannelEndPoint@593754c1[{l=/127.0.0.1:8080,r=/127.0.0.1:43096,OPEN,fill=-,flush=-,to=0/30000}{io=1/0,kio=1,kro=1}]->[HttpConnection@2b1571bd[p=HttpParser{s=START,0 of -1},g=HttpGenerator@5cab7d2a{s=START}]=>HttpChannelOverHttp@cb30d61{s=HttpChannelState@54fea202{s=IDLE rs=BLOCKING os=OPEN is=IDLE awp=false se=false i=true al=0},r=0,c=false/false,a=IDLE,uri=null,age=0}] filled 176 RetainableByteBuffer@57e49389{DirectByteBuffer@2fc00118[p=0,l=176,c=8192,r=176]={<<<GET /variants?name=Varian...oding: gzip,deflate\r\n\r\n>>>\n-Encodin...\x00\x00\x00\x00\x00\x00\x00},r=1}
16:06:34.772 [qtp1860886124-31] DEBUG org.eclipse.jetty.server.HttpConnection -- HttpConnection@2b1571bd::NetworkTrafficSocketChannelEndPoint@593754c1[{l=/127.0.0.1:8080,r=/127.0.0.1:43096,OPEN,fill=-,flush=-,to=0/30000}{io=1/0,kio=1,kro=1}]->[HttpConnection@2b1571bd[p=HttpParser{s=START,0 of -1},g=HttpGenerator@5cab7d2a{s=START}]=>HttpChannelOverHttp@cb30d61{s=HttpChannelState@54fea202{s=IDLE rs=BLOCKING os=OPEN is=IDLE awp=false se=false i=true al=0},r=0,c=false/false,a=IDLE,uri=null,age=0}] parse RetainableByteBuffer@57e49389{DirectByteBuffer@2fc00118[p=0,l=176,c=8192,r=176]={<<<GET /variants?name=Varian...oding: gzip,deflate\r\n\r\n>>>\n-Encodin...\x00\x00\x00\x00\x00\x00\x00},r=1}
16:06:34.773 [qtp1860886124-31] DEBUG org.eclipse.jetty.http.HttpParser -- parseNext s=START DirectByteBuffer@2fc00118[p=0,l=176,c=8192,r=176]={<<<GET /variants?name=Varian...oding: gzip,deflate\r\n\r\n>>>\n-Encodin...\x00\x00\x00\x00\x00\x00\x00}
16:06:34.773 [qtp1860886124-31] DEBUG org.eclipse.jetty.http.HttpParser -- START --> SPACE1
16:06:34.773 [qtp1860886124-31] DEBUG org.eclipse.jetty.http.HttpParser -- SPACE1 --> URI
16:06:34.772 [qtp1860886124-32] DEBUG org.eclipse.jetty.util.thread.strategy.AdaptiveExecutionStrategy -- AdaptiveExecutionStrategy@2d84cb86/SelectorProducer@71a3a190/IDLE/p=true/QueuedThreadPool[qtp1860886124]@6eeade6c{STARTED,8<=8<=25,i=1,r=-1,t=54232ms,q=0}[ReservedThreadExecutor@6e28bb87{reserved=1/2,pending=0}][pc=0,pic=0,pec=0,epc=5]@2025-07-13T16:06:34.773515405+01:00 tryProduce true
16:06:34.773 [qtp1860886124-32] DEBUG org.eclipse.jetty.io.ManagedSelector -- updateable 0
16:06:34.773 [qtp1860886124-32] DEBUG org.eclipse.jetty.io.ManagedSelector -- updates 0
16:06:34.773 [qtp1860886124-32] DEBUG org.eclipse.jetty.io.SelectableChannelEndPoint -- Key interests updated 1 -> 0 on NetworkTrafficSocketChannelEndPoint@593754c1[{l=/127.0.0.1:8080,r=/127.0.0.1:43096,OPEN,fill=-,flush=-,to=1/30000}{io=0/0,kio=0,kro=1}]->[HttpConnection@2b1571bd[p=HttpParser{s=URI,0 of -1},g=HttpGenerator@5cab7d2a{s=START}]=>HttpChannelOverHttp@cb30d61{s=HttpChannelState@54fea202{s=IDLE rs=BLOCKING os=OPEN is=IDLE awp=false se=false i=true al=0},r=0,c=false/false,a=IDLE,uri=null,age=0}]
16:06:34.773 [qtp1860886124-32] DEBUG org.eclipse.jetty.io.ManagedSelector -- Selector sun.nio.ch.EPollSelectorImpl@1f751e5c waiting with 1 keys
16:06:34.774 [qtp1860886124-31] DEBUG org.eclipse.jetty.http.HttpParser -- URI --> SPACE2
16:06:34.774 [qtp1860886124-31] DEBUG org.eclipse.jetty.http.HttpParser -- SPACE2 --> REQUEST_VERSION
16:06:34.774 [qtp1860886124-31] DEBUG org.eclipse.jetty.http.HttpParser -- REQUEST_VERSION --> HEADER
16:06:34.774 [qtp1860886124-31] DEBUG org.eclipse.jetty.http.HttpParser -- HEADER:Host --> VALUE
16:06:34.775 [qtp1860886124-31] DEBUG org.eclipse.jetty.http.HttpParser -- HEADER:Host --> IN_VALUE
16:06:34.775 [qtp1860886124-31] DEBUG org.eclipse.jetty.http.HttpParser -- HEADER:Host --> FIELD
16:06:34.775 [qtp1860886124-31] DEBUG org.eclipse.jetty.http.HttpParser -- parsedHeader(Host: localhost:8080) header=Host, headerString=[Host], valueString=[localhost:8080]
16:06:34.775 [qtp1860886124-31] DEBUG org.eclipse.jetty.http.HttpParser -- HEADER:Connection: keep-alive --> IN_VALUE
16:06:34.775 [qtp1860886124-31] DEBUG org.eclipse.jetty.http.HttpParser -- HEADER:Connection: keep-alive --> FIELD
16:06:34.775 [qtp1860886124-31] DEBUG org.eclipse.jetty.http.HttpParser -- parsedHeader(Connection: keep-alive) header=Connection, headerString=[Connection], valueString=[keep-alive]
16:06:34.775 [qtp1860886124-31] DEBUG org.eclipse.jetty.http.HttpParser -- HEADER:User-Agent --> VALUE
16:06:34.775 [qtp1860886124-31] DEBUG org.eclipse.jetty.http.HttpParser -- HEADER:User-Agent --> IN_VALUE
16:06:34.775 [qtp1860886124-31] DEBUG org.eclipse.jetty.http.HttpParser -- HEADER:User-Agent --> FIELD
16:06:34.775 [qtp1860886124-31] DEBUG org.eclipse.jetty.http.HttpParser -- parsedHeader(User-Agent: Apache-HttpClient/4.5.14 (Java/17.0.15)) header=User-Agent, headerString=[User-Agent], valueString=[Apache-HttpClient/4.5.14 (Java/17.0.15)]
16:06:34.775 [qtp1860886124-31] DEBUG org.eclipse.jetty.http.HttpParser -- HEADER:Accept-Encoding --> IN_VALUE
16:06:34.775 [qtp1860886124-31] DEBUG org.eclipse.jetty.http.HttpParser -- HEADER:Accept-Encoding --> FIELD
16:06:34.775 [qtp1860886124-31] DEBUG org.eclipse.jetty.http.HttpParser -- parsedHeader(Accept-Encoding: gzip,deflate) header=Accept-Encoding, headerString=[Accept-Encoding], valueString=[gzip,deflate]
16:06:34.775 [qtp1860886124-31] DEBUG org.eclipse.jetty.http.HttpParser -- HEADER --> CONTENT
16:06:34.775 [qtp1860886124-31] DEBUG org.eclipse.jetty.server.HttpInput -- reopen HttpInput@579012453 cs=HttpChannelState@54fea202{s=IDLE rs=BLOCKING os=OPEN is=IDLE awp=false se=false i=true al=0} cp=org.eclipse.jetty.server.BlockingContentProducer@474dcc54 eof=false
16:06:34.775 [qtp1860886124-31] DEBUG org.eclipse.jetty.server.BlockingContentProducer -- reopening org.eclipse.jetty.server.BlockingContentProducer@474dcc54
16:06:34.775 [qtp1860886124-31] DEBUG org.eclipse.jetty.server.AsyncContentProducer -- reopening AsyncContentProducer@36a09fee[r=null,t=null,i=null,error=false,c=HttpChannelOverHttp@cb30d61{s=HttpChannelState@54fea202{s=IDLE rs=BLOCKING os=OPEN is=IDLE awp=false se=false i=true al=0},r=1,c=false/false,a=IDLE,uri=null,age=0}]
16:06:34.775 [qtp1860886124-31] DEBUG org.eclipse.jetty.server.HttpChannel -- REQUEST for /variants?name=Variante+Rouge on HttpChannelOverHttp@cb30d61{s=HttpChannelState@54fea202{s=IDLE rs=BLOCKING os=OPEN is=IDLE awp=false se=false i=true al=0},r=1,c=false/false,a=IDLE,uri=http://localhost:8080/variants?name=Variante+Rouge,age=0}
GET /variants?name=Variante+Rouge HTTP/1.1
Host: localhost:8080
Connection: keep-alive
User-Agent: Apache-HttpClient/4.5.14 (Java/17.0.15)
Accept-Encoding: gzip,deflate


16:06:34.775 [qtp1860886124-31] DEBUG org.eclipse.jetty.server.HttpConnection -- HttpConnection@2b1571bd::NetworkTrafficSocketChannelEndPoint@593754c1[{l=/127.0.0.1:8080,r=/127.0.0.1:43096,OPEN,fill=-,flush=-,to=3/30000}{io=0/0,kio=0,kro=1}]->[HttpConnection@2b1571bd[p=HttpParser{s=CONTENT,0 of -1},g=HttpGenerator@5cab7d2a{s=START}]=>HttpChannelOverHttp@cb30d61{s=HttpChannelState@54fea202{s=IDLE rs=BLOCKING os=OPEN is=IDLE awp=false se=false i=true al=0},r=1,c=false/false,a=IDLE,uri=http://localhost:8080/variants?name=Variante+Rouge,age=0}] parsed true HttpParser{s=CONTENT,0 of -1}
16:06:34.776 [qtp1860886124-31] DEBUG org.eclipse.jetty.server.HttpConnection -- releaseRequestBuffer HttpConnection@2b1571bd::NetworkTrafficSocketChannelEndPoint@593754c1[{l=/127.0.0.1:8080,r=/127.0.0.1:43096,OPEN,fill=-,flush=-,to=3/30000}{io=0/0,kio=0,kro=1}]->[HttpConnection@2b1571bd[p=HttpParser{s=CONTENT,0 of -1},g=HttpGenerator@5cab7d2a{s=START}]=>HttpChannelOverHttp@cb30d61{s=HttpChannelState@54fea202{s=IDLE rs=BLOCKING os=OPEN is=IDLE awp=false se=false i=true al=0},r=1,c=false/false,a=IDLE,uri=http://localhost:8080/variants?name=Variante+Rouge,age=1}]
16:06:34.776 [qtp1860886124-31] DEBUG org.eclipse.jetty.server.HttpChannel -- handle http://localhost:8080/variants?name=Variante+Rouge HttpChannelOverHttp@cb30d61{s=HttpChannelState@54fea202{s=IDLE rs=BLOCKING os=OPEN is=IDLE awp=false se=false i=true al=0},r=1,c=false/false,a=IDLE,uri=http://localhost:8080/variants?name=Variante+Rouge,age=1} 
16:06:34.776 [qtp1860886124-31] DEBUG org.eclipse.jetty.server.HttpChannelState -- handling HttpChannelState@54fea202{s=IDLE rs=BLOCKING os=OPEN is=IDLE awp=false se=false i=true al=0}
16:06:34.776 [qtp1860886124-31] DEBUG org.eclipse.jetty.server.HttpChannel -- action DISPATCH HttpChannelOverHttp@cb30d61{s=HttpChannelState@54fea202{s=HANDLING rs=BLOCKING os=OPEN is=IDLE awp=false se=false i=true al=0},r=1,c=false/false,a=HANDLING,uri=http://localhost:8080/variants?name=Variante+Rouge,age=1}
16:06:34.776 [qtp1860886124-31] DEBUG org.eclipse.jetty.server.Server -- REQUEST GET /variants ?name=Variante+Rouge on HttpChannelOverHttp@cb30d61{s=HttpChannelState@54fea202{s=HANDLING rs=BLOCKING os=OPEN is=IDLE awp=false se=false i=true al=0},r=1,c=false/false,a=HANDLING,uri=http://localhost:8080/variants?name=Variante+Rouge,age=1}
16:06:34.776 [qtp1860886124-31] DEBUG org.eclipse.jetty.server.handler.ContextHandler -- scope null||/variants @ o.e.j.s.ServletContextHandler@c7a975a{/__admin,null,AVAILABLE}
16:06:34.776 [qtp1860886124-31] DEBUG org.eclipse.jetty.server.handler.gzip.GzipHandler -- GzipHandler@6de54b40{STARTED,min=32,inflate=-1} handle Request(GET http://localhost:8080/variants?name=Variante+Rouge)@107d4abb in null
16:06:34.776 [qtp1860886124-31] DEBUG org.eclipse.jetty.server.handler.ContextHandler -- scope null||/variants @ o.e.j.s.ServletContextHandler@6e521c1e{/,null,AVAILABLE}
16:06:34.776 [qtp1860886124-31] DEBUG org.eclipse.jetty.server.handler.ContextHandler -- context=||/variants @ o.e.j.s.ServletContextHandler@6e521c1e{/,null,AVAILABLE}
16:06:34.776 [qtp1860886124-31] DEBUG org.eclipse.jetty.servlet.ServletHandler -- servlet |/variants|null|ServletPathMapping{matchValue=, pattern=/, servletName=com.github.tomakehurst.wiremock.servlet.WireMockHandlerDispatchingServlet-439a8f59, mappingMatch=DEFAULT, servletPath=/variants, pathInfo=null} -> com.github.tomakehurst.wiremock.servlet.WireMockHandlerDispatchingServlet-439a8f59==com.github.tomakehurst.wiremock.servlet.WireMockHandlerDispatchingServlet@68bafea7{jsp=null,order=1,inst=true,async=true,src=EMBEDDED:null,STARTED}
16:06:34.776 [qtp1860886124-31] DEBUG org.eclipse.jetty.servlet.ServletHandler -- chain=ChainEnd@7d47ecae(com.github.tomakehurst.wiremock.servlet.WireMockHandlerDispatchingServlet-439a8f59==com.github.tomakehurst.wiremock.servlet.WireMockHandlerDispatchingServlet@68bafea7{jsp=null,order=1,inst=true,async=true,src=EMBEDDED:null,STARTED})
16:06:34.777 [qtp1860886124-31] DEBUG org.eclipse.jetty.server.AsyncContentProducer -- checkMinDataRate [m=0,t=-9223372036854775808] AsyncContentProducer@36a09fee[r=null,t=null,i=null,error=false,c=HttpChannelOverHttp@cb30d61{s=HttpChannelState@54fea202{s=HANDLING rs=BLOCKING os=OPEN is=IDLE awp=false se=false i=true al=0},r=1,c=false/false,a=HANDLING,uri=http://localhost:8080/variants?name=Variante+Rouge,age=2}]
16:06:34.777 [qtp1860886124-31] DEBUG org.eclipse.jetty.server.AsyncContentProducer -- nextTransformedContent AsyncContentProducer@36a09fee[r=null,t=null,i=null,error=false,c=HttpChannelOverHttp@cb30d61{s=HttpChannelState@54fea202{s=HANDLING rs=BLOCKING os=OPEN is=IDLE awp=false se=false i=true al=0},r=1,c=false/false,a=HANDLING,uri=http://localhost:8080/variants?name=Variante+Rouge,age=2}]
16:06:34.777 [qtp1860886124-31] DEBUG org.eclipse.jetty.server.AsyncContentProducer -- producing new raw content AsyncContentProducer@36a09fee[r=null,t=null,i=null,error=false,c=HttpChannelOverHttp@cb30d61{s=HttpChannelState@54fea202{s=HANDLING rs=BLOCKING os=OPEN is=IDLE awp=false se=false i=true al=0},r=1,c=false/false,a=HANDLING,uri=http://localhost:8080/variants?name=Variante+Rouge,age=2}]
16:06:34.777 [qtp1860886124-31] DEBUG org.eclipse.jetty.server.HttpChannelOverHttp -- produceContent has no content, parsing and filling
16:06:34.777 [qtp1860886124-31] DEBUG org.eclipse.jetty.server.HttpConnection -- HttpConnection@2b1571bd::NetworkTrafficSocketChannelEndPoint@593754c1[{l=/127.0.0.1:8080,r=/127.0.0.1:43096,OPEN,fill=-,flush=-,to=5/30000}{io=0/0,kio=0,kro=1}]->[HttpConnection@2b1571bd[p=HttpParser{s=CONTENT,0 of -1},g=HttpGenerator@5cab7d2a{s=START}]=>HttpChannelOverHttp@cb30d61{s=HttpChannelState@54fea202{s=HANDLING rs=BLOCKING os=OPEN is=IDLE awp=false se=false i=true al=0},r=1,c=false/false,a=HANDLING,uri=http://localhost:8080/variants?name=Variante+Rouge,age=2}] parse null
16:06:34.777 [qtp1860886124-31] DEBUG org.eclipse.jetty.http.HttpParser -- parseNext s=CONTENT HeapByteBuffer@459fe0d[p=0,l=0,c=0,r=0]={<<<>>>}
16:06:34.777 [qtp1860886124-31] DEBUG org.eclipse.jetty.http.HttpParser -- CONTENT --> CONTENT_END
16:06:34.777 [qtp1860886124-31] DEBUG org.eclipse.jetty.server.HttpChannel -- onContentComplete HttpChannelOverHttp@cb30d61{s=HttpChannelState@54fea202{s=HANDLING rs=BLOCKING os=OPEN is=IDLE awp=false se=false i=true al=0},r=1,c=false/false,a=HANDLING,uri=http://localhost:8080/variants?name=Variante+Rouge,age=2}
16:06:34.778 [qtp1860886124-31] DEBUG org.eclipse.jetty.http.HttpParser -- CONTENT_END --> END
16:06:34.778 [qtp1860886124-31] DEBUG org.eclipse.jetty.server.HttpChannel -- onRequestComplete HttpChannelOverHttp@cb30d61{s=HttpChannelState@54fea202{s=HANDLING rs=BLOCKING os=OPEN is=IDLE awp=false se=false i=true al=0},r=1,c=false/false,a=HANDLING,uri=http://localhost:8080/variants?name=Variante+Rouge,age=3}
16:06:34.778 [qtp1860886124-31] DEBUG org.eclipse.jetty.server.HttpChannelOverHttp -- received EOF, content = null
16:06:34.778 [qtp1860886124-31] DEBUG org.eclipse.jetty.server.HttpConnection -- HttpConnection@2b1571bd::NetworkTrafficSocketChannelEndPoint@593754c1[{l=/127.0.0.1:8080,r=/127.0.0.1:43096,OPEN,fill=-,flush=-,to=5/30000}{io=0/0,kio=0,kro=1}]->[HttpConnection@2b1571bd[p=HttpParser{s=END,0 of -1},g=HttpGenerator@5cab7d2a{s=START}]=>HttpChannelOverHttp@cb30d61{s=HttpChannelState@54fea202{s=HANDLING rs=BLOCKING os=OPEN is=IDLE awp=false se=false i=true al=0},r=1,c=false/false,a=HANDLING,uri=http://localhost:8080/variants?name=Variante+Rouge,age=3}] parsed false HttpParser{s=END,0 of -1}
16:06:34.778 [qtp1860886124-31] DEBUG org.eclipse.jetty.server.HttpChannelOverHttp -- produceContent produced EofContent
16:06:34.778 [qtp1860886124-31] DEBUG org.eclipse.jetty.server.AsyncContentProducer -- produceRawContent updated rawContentArrived to 0 and firstByteTimeStamp to 10126373714941 AsyncContentProducer@36a09fee[r=null,t=null,i=null,error=false,c=HttpChannelOverHttp@cb30d61{s=HttpChannelState@54fea202{s=HANDLING rs=BLOCKING os=OPEN is=IDLE awp=false se=false i=true al=0},r=1,c=false/false,a=HANDLING,uri=http://localhost:8080/variants?name=Variante+Rouge,age=3}]
16:06:34.778 [qtp1860886124-31] DEBUG org.eclipse.jetty.server.AsyncContentProducer -- produceRawContent produced EofContent AsyncContentProducer@36a09fee[r=null,t=null,i=null,error=false,c=HttpChannelOverHttp@cb30d61{s=HttpChannelState@54fea202{s=HANDLING rs=BLOCKING os=OPEN is=IDLE awp=false se=false i=true al=0},r=1,c=false/false,a=HANDLING,uri=http://localhost:8080/variants?name=Variante+Rouge,age=3}]
16:06:34.778 [qtp1860886124-31] DEBUG org.eclipse.jetty.server.AsyncContentProducer -- transforming raw content AsyncContentProducer@36a09fee[r=EofContent,t=null,i=null,error=false,c=HttpChannelOverHttp@cb30d61{s=HttpChannelState@54fea202{s=HANDLING rs=BLOCKING os=OPEN is=IDLE awp=false se=false i=true al=0},r=1,c=false/false,a=HANDLING,uri=http://localhost:8080/variants?name=Variante+Rouge,age=3}]
16:06:34.778 [qtp1860886124-31] DEBUG org.eclipse.jetty.server.AsyncContentProducer -- no interceptor, transformed content is raw content AsyncContentProducer@36a09fee[r=EofContent,t=null,i=null,error=false,c=HttpChannelOverHttp@cb30d61{s=HttpChannelState@54fea202{s=HANDLING rs=BLOCKING os=OPEN is=IDLE awp=false se=false i=true al=0},r=1,c=false/false,a=HANDLING,uri=http://localhost:8080/variants?name=Variante+Rouge,age=3}]
16:06:34.778 [qtp1860886124-31] DEBUG org.eclipse.jetty.server.AsyncContentProducer -- transformed content not yet depleted, returning it AsyncContentProducer@36a09fee[r=EofContent,t=EofContent,i=null,error=false,c=HttpChannelOverHttp@cb30d61{s=HttpChannelState@54fea202{s=HANDLING rs=BLOCKING os=OPEN is=IDLE awp=false se=false i=true al=0},r=1,c=false/false,a=HANDLING,uri=http://localhost:8080/variants?name=Variante+Rouge,age=3}]
16:06:34.778 [qtp1860886124-31] DEBUG org.eclipse.jetty.server.AsyncContentProducer -- nextContent = EofContent AsyncContentProducer@36a09fee[r=EofContent,t=EofContent,i=null,error=false,c=HttpChannelOverHttp@cb30d61{s=HttpChannelState@54fea202{s=HANDLING rs=BLOCKING os=OPEN is=IDLE awp=false se=false i=true al=0},r=1,c=false/false,a=HANDLING,uri=http://localhost:8080/variants?name=Variante+Rouge,age=3}]
16:06:34.778 [qtp1860886124-31] DEBUG org.eclipse.jetty.server.HttpChannelState -- onReadIdle HttpChannelState@54fea202{s=HANDLING rs=BLOCKING os=OPEN is=IDLE awp=false se=false i=true al=0}
16:06:34.778 [qtp1860886124-31] DEBUG org.eclipse.jetty.server.BlockingContentProducer -- nextContent async producer returned EofContent
16:06:34.778 [qtp1860886124-31] DEBUG org.eclipse.jetty.server.HttpInput -- read error=null HttpInput@579012453 cs=HttpChannelState@54fea202{s=HANDLING rs=BLOCKING os=OPEN is=IDLE awp=false se=false i=true al=0} cp=org.eclipse.jetty.server.BlockingContentProducer@474dcc54 eof=false
16:06:34.778 [qtp1860886124-31] DEBUG org.eclipse.jetty.server.HttpInput -- read at EOF, setting consumed EOF to true HttpInput@579012453 cs=HttpChannelState@54fea202{s=HANDLING rs=BLOCKING os=OPEN is=IDLE awp=false se=false i=true al=0} cp=org.eclipse.jetty.server.BlockingContentProducer@474dcc54 eof=false
16:06:34.778 [qtp1860886124-31] DEBUG org.eclipse.jetty.server.BlockingContentProducer -- onContentProducible releasing semaphore LockedSemaphore permits=0 unready=false
16:06:34.789 [qtp1860886124-31] DEBUG org.eclipse.jetty.server.HttpOutput -- write(array HeapByteBuffer@353714b1[p=0,l=76,c=76,r=76]={<<<[{"id":"variant-123","nam...es","status":"ACTIVE"}]>>>})
16:06:34.789 [qtp1860886124-31] DEBUG org.eclipse.jetty.server.HttpOutput -- write(array) s=OPEN,api=BLOCKING,sc=false,e=null aggregated !flush DirectByteBuffer@45f8ea90[p=0,l=76,c=32768,r=76]={<<<[{"id":"variant-123","nam...es","status":"ACTIVE"}]>>>6c1-424a-...\x00\x00\x00\x00\x00\x00\x00}
16:06:34.789 [qtp1860886124-31] DEBUG org.eclipse.jetty.server.handler.gzip.GzipHttpOutputInterceptor -- org.eclipse.jetty.server.handler.gzip.GzipHttpOutputInterceptor@236af5d4 compressing org.eclipse.jetty.util.compression.CompressionPool$Entry@38089872
16:06:34.789 [qtp1860886124-31] DEBUG org.eclipse.jetty.server.HttpChannel -- sendResponse info=null content=DirectByteBuffer@53ba71a[p=0,l=10,c=32768,r=10]={<<<\x1f\x8b\x08\x00\x00\x00\x00\x00\x00\x00>>>,\xCaL\xCc+\xD1542...\x00\x00\x00\x00\x00\x00\x00} complete=false committing=true callback=GzipBufferCB@7f314289[content=DirectByteBuffer@45f8ea90[p=76,l=76,c=32768,r=0]={[{"id":"v...TIVE"}]<<<>>>6c1-424a-...\x00\x00\x00\x00\x00\x00\x00} last=false buffer=DirectByteBuffer@53ba71a[p=0,l=10,c=32768,r=10]={<<<\x1f\x8b\x08\x00\x00\x00\x00\x00\x00\x00>>>,\xCaL\xCc+\xD1542...\x00\x00\x00\x00\x00\x00\x00} deflate=org.eclipse.jetty.util.compression.CompressionPool$Entry@38089872 ]
16:06:34.789 [qtp1860886124-31] DEBUG org.eclipse.jetty.server.HttpChannel -- COMMIT for /variants on HttpChannelOverHttp@cb30d61{s=HttpChannelState@54fea202{s=HANDLING rs=BLOCKING os=COMMITTED is=IDLE awp=false se=false i=true al=0},r=1,c=false/false,a=HANDLING,uri=http://localhost:8080/variants?name=Variante+Rouge,age=14}
200 null HTTP/1.1
Content-Type: application/json
Matched-Stub-Id: 5ba7dcee-6bb5-40b7-87e8-28dfb056b236
Content-Encoding: gzip


16:06:34.789 [qtp1860886124-31] DEBUG org.eclipse.jetty.server.HttpConnection -- generate: NEED_HEADER for SendCallback@6c13a4ae[PROCESSING][i=HTTP/1.1{s=200,h=3,cl=-1},cb=org.eclipse.jetty.server.HttpChannel$SendCallback@610cb701] (null,[p=0,l=10,c=32768,r=10],false)@START
16:06:34.789 [qtp1860886124-31] DEBUG org.eclipse.jetty.http.HttpGenerator -- generateHeaders HTTP/1.1{s=200,h=3,cl=-1} last=false content=DirectByteBuffer@53ba71a[p=0,l=10,c=32768,r=10]={<<<\x1f\x8b\x08\x00\x00\x00\x00\x00\x00\x00>>>,\xCaL\xCc+\xD1542...\x00\x00\x00\x00\x00\x00\x00}
16:06:34.789 [qtp1860886124-31] DEBUG org.eclipse.jetty.http.HttpGenerator -- Content-Type: application/json
Matched-Stub-Id: 5ba7dcee-6bb5-40b7-87e8-28dfb056b236
Content-Encoding: gzip


16:06:34.789 [qtp1860886124-31] DEBUG org.eclipse.jetty.http.HttpGenerator -- CHUNKED_CONTENT
16:06:34.789 [qtp1860886124-31] DEBUG org.eclipse.jetty.server.HttpConnection -- generate: FLUSH for SendCallback@6c13a4ae[PROCESSING][i=HTTP/1.1{s=200,h=3,cl=-1},cb=org.eclipse.jetty.server.HttpChannel$SendCallback@610cb701] ([p=0,l=161,c=32768,r=161],[p=0,l=10,c=32768,r=10],false)@COMMITTED
16:06:34.790 [qtp1860886124-31] DEBUG org.eclipse.jetty.io.WriteFlusher -- write: WriteFlusher@15bc2aa1{IDLE}->null [DirectByteBuffer@585b8438[p=0,l=161,c=32768,r=161]={<<<HTTP/1.1 200 OK\r\nContent-...ncoding: chunked\r\n\r\nA\r\n>>>in en cui...\x00\x00\x00\x00\x00\x00\x00},DirectByteBuffer@53ba71a[p=0,l=10,c=32768,r=10]={<<<\x1f\x8b\x08\x00\x00\x00\x00\x00\x00\x00>>>,\xCaL\xCc+\xD1542...\x00\x00\x00\x00\x00\x00\x00}]
16:06:34.790 [qtp1860886124-31] DEBUG org.eclipse.jetty.io.WriteFlusher -- update WriteFlusher@15bc2aa1{WRITING}->null:IDLE-->WRITING
16:06:34.790 [main] DEBUG org.apache.http.wire -- http-outgoing-9 << "HTTP/1.1 200 OK[\r][\n]"
16:06:34.790 [main] DEBUG org.apache.http.wire -- http-outgoing-9 << "Content-Type: application/json[\r][\n]"
16:06:34.790 [qtp1860886124-31] DEBUG org.eclipse.jetty.io.SocketChannelEndPoint -- flushed 161 NetworkTrafficSocketChannelEndPoint@593754c1[{l=/127.0.0.1:8080,r=/127.0.0.1:43096,OPEN,fill=-,flush=W,to=17/30000}{io=0/0,kio=0,kro=1}]->[HttpConnection@2b1571bd[p=HttpParser{s=END,0 of -1},g=HttpGenerator@5cab7d2a{s=COMMITTED}]=>HttpChannelOverHttp@cb30d61{s=HttpChannelState@54fea202{s=HANDLING rs=BLOCKING os=COMMITTED is=IDLE awp=false se=false i=true al=0},r=1,c=false/false,a=HANDLING,uri=http://localhost:8080/variants?name=Variante+Rouge,age=15}]
16:06:34.790 [main] DEBUG org.apache.http.wire -- http-outgoing-9 << "Matched-Stub-Id: 5ba7dcee-6bb5-40b7-87e8-28dfb056b236[\r][\n]"
16:06:34.790 [main] DEBUG org.apache.http.wire -- http-outgoing-9 << "Content-Encoding: gzip[\r][\n]"
16:06:34.790 [main] DEBUG org.apache.http.wire -- http-outgoing-9 << "Transfer-Encoding: chunked[\r][\n]"
16:06:34.790 [main] DEBUG org.apache.http.wire -- http-outgoing-9 << "[\r][\n]"
16:06:34.790 [main] DEBUG org.apache.http.wire -- http-outgoing-9 << "A[\r][\n]"
16:06:34.790 [qtp1860886124-31] DEBUG org.eclipse.jetty.io.SocketChannelEndPoint -- flushed 10 NetworkTrafficSocketChannelEndPoint@593754c1[{l=/127.0.0.1:8080,r=/127.0.0.1:43096,OPEN,fill=-,flush=W,to=0/30000}{io=0/0,kio=0,kro=1}]->[HttpConnection@2b1571bd[p=HttpParser{s=END,0 of -1},g=HttpGenerator@5cab7d2a{s=COMMITTED}]=>HttpChannelOverHttp@cb30d61{s=HttpChannelState@54fea202{s=HANDLING rs=BLOCKING os=COMMITTED is=IDLE awp=false se=false i=true al=0},r=1,c=false/false,a=HANDLING,uri=http://localhost:8080/variants?name=Variante+Rouge,age=15}]
16:06:34.790 [qtp1860886124-31] DEBUG org.eclipse.jetty.io.WriteFlusher -- Flushed=true written=171 remaining=0 WriteFlusher@15bc2aa1{WRITING}->null
16:06:34.790 [qtp1860886124-31] DEBUG org.eclipse.jetty.io.WriteFlusher -- update WriteFlusher@15bc2aa1{IDLE}->null:WRITING-->IDLE
16:06:34.790 [main] DEBUG org.apache.http.headers -- http-outgoing-9 << HTTP/1.1 200 OK
16:06:34.790 [main] DEBUG org.apache.http.headers -- http-outgoing-9 << Content-Type: application/json
16:06:34.790 [main] DEBUG org.apache.http.headers -- http-outgoing-9 << Matched-Stub-Id: 5ba7dcee-6bb5-40b7-87e8-28dfb056b236
16:06:34.790 [main] DEBUG org.apache.http.headers -- http-outgoing-9 << Content-Encoding: gzip
16:06:34.790 [main] DEBUG org.apache.http.headers -- http-outgoing-9 << Transfer-Encoding: chunked
16:06:34.790 [qtp1860886124-31] DEBUG org.eclipse.jetty.server.HttpConnection -- generate: DONE for SendCallback@6c13a4ae[PROCESSING][i=HTTP/1.1{s=200,h=3,cl=-1},cb=org.eclipse.jetty.server.HttpChannel$SendCallback@610cb701] ([p=161,l=161,c=32768,r=0],[p=10,l=10,c=32768,r=0],false)@COMMITTED
16:06:34.790 [qtp1860886124-31] DEBUG org.eclipse.jetty.server.HttpOutput -- onWriteComplete(false,null) s=OPEN,api=BLOCKED,sc=false,e=null->s=OPEN,api=BLOCKING,sc=false,e=null c=null cb=null w=false
16:06:34.790 [qtp1860886124-31] DEBUG org.eclipse.jetty.server.HttpOutput -- close() s=CLOSING,api=BLOCKED,sc=false,e=null c=HeapByteBuffer@459fe0d[p=0,l=0,c=0,r=0]={<<<>>>} b=Blocker@606c0795{null}
16:06:34.790 [main] DEBUG org.apache.http.impl.execchain.MainClientExec -- Connection can be kept alive indefinitely
16:06:34.791 [main] DEBUG org.apache.http.wire -- http-outgoing-9 << "[0x1f][0x8b][0x8][0x0][0x0][0x0][0x0][0x0][0x0][0x0]"
16:06:34.792 [qtp1860886124-31] DEBUG org.eclipse.jetty.server.HttpChannel -- sendResponse info=null content=DirectByteBuffer@53ba71a[p=0,l=78,c=32768,r=78]={<<<\x8b\xAeV\xCaLQ\xB2R*K,\xCaL\xCc+\xD1542V\xD2Q\xCaK\xCc...KJ\x8b\x81\xAa\x1c\x9dC<\xC3\\\x95jc\x01\x89\x97\x94\xA9L\x00\x00\x00>>>(\xE4&f\xE6)\xA4\xE6)...\x00\x00\x00\x00\x00\x00\x00} complete=true committing=false callback=GzipBufferCB@112bf9e2[content=HeapByteBuffer@459fe0d[p=0,l=0,c=0,r=0]={<<<>>>} last=true buffer=DirectByteBuffer@53ba71a[p=0,l=78,c=32768,r=78]={<<<\x8b\xAeV\xCaLQ\xB2R*K,\xCaL\xCc+\xD1542V\xD2Q\xCaK\xCc...KJ\x8b\x81\xAa\x1c\x9dC<\xC3\\\x95jc\x01\x89\x97\x94\xA9L\x00\x00\x00>>>(\xE4&f\xE6)\xA4\xE6)...\x00\x00\x00\x00\x00\x00\x00} deflate=null ]
16:06:34.792 [qtp1860886124-31] DEBUG org.eclipse.jetty.server.HttpConnection -- generate: NEED_CHUNK for SendCallback@6c13a4ae[PROCESSING][i=null,cb=org.eclipse.jetty.server.HttpChannel$SendCallback@159be079] (null,[p=0,l=78,c=32768,r=78],true)@COMMITTED
16:06:34.792 [qtp1860886124-31] DEBUG org.eclipse.jetty.server.HttpConnection -- generate: FLUSH for SendCallback@6c13a4ae[PROCESSING][i=null,cb=org.eclipse.jetty.server.HttpChannel$SendCallback@159be079] (null,[p=0,l=78,c=32768,r=78],true)@COMPLETING
16:06:34.792 [qtp1860886124-31] DEBUG org.eclipse.jetty.io.WriteFlusher -- write: WriteFlusher@15bc2aa1{IDLE}->null [DirectByteBuffer@4e1f40a2[p=0,l=6,c=16,r=6]={<<<\r\n4E\r\n>>>\n\x00\x00\x00\x00\x00\x00\x00\x00\x00},DirectByteBuffer@53ba71a[p=0,l=78,c=32768,r=78]={<<<\x8b\xAeV\xCaLQ\xB2R*K,\xCaL\xCc+\xD1542V\xD2Q\xCaK\xCc...KJ\x8b\x81\xAa\x1c\x9dC<\xC3\\\x95jc\x01\x89\x97\x94\xA9L\x00\x00\x00>>>(\xE4&f\xE6)\xA4\xE6)...\x00\x00\x00\x00\x00\x00\x00}]
16:06:34.792 [qtp1860886124-31] DEBUG org.eclipse.jetty.io.WriteFlusher -- update WriteFlusher@15bc2aa1{WRITING}->null:IDLE-->WRITING
16:06:34.792 [main] DEBUG org.apache.http.wire -- http-outgoing-9 << "[\r][\n]"
16:06:34.792 [main] DEBUG org.apache.http.wire -- http-outgoing-9 << "4E[\r][\n]"
16:06:34.792 [qtp1860886124-31] DEBUG org.eclipse.jetty.io.SocketChannelEndPoint -- flushed 6 NetworkTrafficSocketChannelEndPoint@593754c1[{l=/127.0.0.1:8080,r=/127.0.0.1:43096,OPEN,fill=-,flush=W,to=2/30000}{io=0/0,kio=0,kro=1}]->[HttpConnection@2b1571bd[p=HttpParser{s=END,0 of -1},g=HttpGenerator@5cab7d2a{s=COMPLETING}]=>HttpChannelOverHttp@cb30d61{s=HttpChannelState@54fea202{s=HANDLING rs=BLOCKING os=COMMITTED is=IDLE awp=false se=false i=true al=0},r=1,c=false/false,a=HANDLING,uri=http://localhost:8080/variants?name=Variante+Rouge,age=17}]
16:06:34.792 [qtp1860886124-31] DEBUG org.eclipse.jetty.io.SocketChannelEndPoint -- flushed 78 NetworkTrafficSocketChannelEndPoint@593754c1[{l=/127.0.0.1:8080,r=/127.0.0.1:43096,OPEN,fill=-,flush=W,to=0/30000}{io=0/0,kio=0,kro=1}]->[HttpConnection@2b1571bd[p=HttpParser{s=END,0 of -1},g=HttpGenerator@5cab7d2a{s=COMPLETING}]=>HttpChannelOverHttp@cb30d61{s=HttpChannelState@54fea202{s=HANDLING rs=BLOCKING os=COMMITTED is=IDLE awp=false se=false i=true al=0},r=1,c=false/false,a=HANDLING,uri=http://localhost:8080/variants?name=Variante+Rouge,age=17}]
16:06:34.793 [qtp1860886124-31] DEBUG org.eclipse.jetty.io.WriteFlusher -- Flushed=true written=84 remaining=0 WriteFlusher@15bc2aa1{WRITING}->null
16:06:34.793 [main] DEBUG org.apache.http.wire -- http-outgoing-9 << "[0x8b][0xae]V[0xca]LQ[0xb2]R*K,[0xca]L[0xcc]+[0xd1]542V[0xd2]Q[0xca]K[0xcc]M[0x5][\n]"
16:06:34.793 [qtp1860886124-31] DEBUG org.eclipse.jetty.io.WriteFlusher -- update WriteFlusher@15bc2aa1{IDLE}->null:WRITING-->IDLE
16:06:34.793 [main] DEBUG org.apache.http.wire -- http-outgoing-9 << "[0x86]A[0x4]S[0x15][0x9c]3[0x12]K[0x8b][0x8b]K[0x8b]R[0x8b][0x15][0x82][0xf2]K[0xd3]S[0x8b][0x81]j[0x8a]K[0x12]KJ[0x8b][0x81][0xaa][0x1c][0x9d]C<[0xc3]\[0x95]jc[0x1][0x89][0x97][0x94][0xa9]L[0x0][0x0][0x0]"
16:06:34.793 [qtp1860886124-31] DEBUG org.eclipse.jetty.server.HttpConnection -- generate: FLUSH for SendCallback@6c13a4ae[PROCESSING][i=null,cb=org.eclipse.jetty.server.HttpChannel$SendCallback@159be079] (null,[p=78,l=78,c=32768,r=0],true)@COMPLETING
16:06:34.793 [qtp1860886124-31] DEBUG org.eclipse.jetty.io.WriteFlusher -- write: WriteFlusher@15bc2aa1{IDLE}->null [DirectByteBuffer@4e1f40a2[p=0,l=7,c=16,r=7]={<<<\r\n0\r\n\r\n>>>\x00\x00\x00\x00\x00\x00\x00\x00\x00}]
16:06:34.793 [qtp1860886124-31] DEBUG org.eclipse.jetty.io.WriteFlusher -- update WriteFlusher@15bc2aa1{WRITING}->null:IDLE-->WRITING
16:06:34.793 [main] DEBUG org.apache.http.impl.conn.DefaultManagedHttpClientConnection -- http-outgoing-9: Close connection
16:06:34.793 [qtp1860886124-31] DEBUG org.eclipse.jetty.io.SocketChannelEndPoint -- flushed 7 NetworkTrafficSocketChannelEndPoint@593754c1[{l=/127.0.0.1:8080,r=/127.0.0.1:43096,OPEN,fill=-,flush=W,to=0/30000}{io=0/0,kio=0,kro=1}]->[HttpConnection@2b1571bd[p=HttpParser{s=END,0 of -1},g=HttpGenerator@5cab7d2a{s=COMPLETING}]=>HttpChannelOverHttp@cb30d61{s=HttpChannelState@54fea202{s=HANDLING rs=BLOCKING os=COMMITTED is=IDLE awp=false se=false i=true al=0},r=1,c=false/false,a=HANDLING,uri=http://localhost:8080/variants?name=Variante+Rouge,age=18}]
16:06:34.793 [main] DEBUG org.apache.http.impl.execchain.MainClientExec -- Connection discarded
16:06:34.793 [qtp1860886124-31] DEBUG org.eclipse.jetty.io.WriteFlusher -- Flushed=true written=7 remaining=0 WriteFlusher@15bc2aa1{WRITING}->null
16:06:34.793 [qtp1860886124-31] DEBUG org.eclipse.jetty.io.WriteFlusher -- update WriteFlusher@15bc2aa1{IDLE}->null:WRITING-->IDLE
16:06:34.793 [qtp1860886124-31] DEBUG org.eclipse.jetty.server.HttpConnection -- generate: DONE for SendCallback@6c13a4ae[PROCESSING][i=null,cb=org.eclipse.jetty.server.HttpChannel$SendCallback@159be079] (null,[p=78,l=78,c=32768,r=0],true)@END
16:06:34.793 [main] DEBUG org.apache.http.impl.conn.PoolingHttpClientConnectionManager -- Connection released: [id: 9][route: {}->http://localhost:8080][total available: 0; route allocated: 0 of 5; total allocated: 0 of 10]
16:06:34.793 [main] DEBUG org.apache.http.impl.conn.PoolingHttpClientConnectionManager -- Connection manager is shutting down
16:06:34.793 [main] DEBUG org.apache.http.impl.conn.PoolingHttpClientConnectionManager -- Connection manager shut down
16:06:34.793 [qtp1860886124-31] DEBUG org.eclipse.jetty.server.HttpOutput -- onWriteComplete(true,null) s=CLOSING,api=BLOCKED,sc=false,e=null->s=CLOSED,api=BLOCKING,sc=false,e=null c=null cb=null w=false
16:06:34.793 [main] DEBUG com.intuit.karate -- response time in milliseconds: 32
1 < 200
1 < Content-Type: application/json
1 < Matched-Stub-Id: 5ba7dcee-6bb5-40b7-87e8-28dfb056b236
1 < Transfer-Encoding: chunked
[{"id":"variant-123","name":"Variante Chaussures Rouges","status":"ACTIVE"}]

16:06:34.793 [qtp1860886124-31] DEBUG org.eclipse.jetty.server.Server -- handled=true async=false committed=true on HttpChannelOverHttp@cb30d61{s=HttpChannelState@54fea202{s=HANDLING rs=BLOCKING os=COMPLETED is=IDLE awp=false se=false i=true al=0},r=1,c=false/true,a=HANDLING,uri=http://localhost:8080/variants?name=Variante+Rouge,age=18}
16:06:34.793 [qtp1860886124-31] DEBUG org.eclipse.jetty.server.HttpChannelState -- unhandle HttpChannelState@54fea202{s=HANDLING rs=BLOCKING os=COMPLETED is=IDLE awp=false se=false i=true al=0}
16:06:34.794 [qtp1860886124-31] DEBUG org.eclipse.jetty.server.HttpChannelState -- nextAction(false) COMPLETE HttpChannelState@54fea202{s=HANDLING rs=COMPLETING os=COMPLETED is=IDLE awp=false se=false i=false al=0}
16:06:34.794 [qtp1860886124-31] DEBUG org.eclipse.jetty.server.HttpChannel -- action COMPLETE HttpChannelOverHttp@cb30d61{s=HttpChannelState@54fea202{s=HANDLING rs=COMPLETING os=COMPLETED is=IDLE awp=false se=false i=false al=0},r=1,c=false/true,a=HANDLING,uri=http://localhost:8080/variants?name=Variante+Rouge,age=19}
16:06:34.794 [qtp1860886124-31] DEBUG org.eclipse.jetty.server.HttpOutput -- complete(org.eclipse.jetty.util.Callback$3@61863949) s=CLOSED,api=BLOCKING,sc=false,e=null s=true e=null, c=null
16:06:34.794 [qtp1860886124-31] DEBUG org.eclipse.jetty.server.HttpChannelState -- completed HttpChannelState@54fea202{s=HANDLING rs=COMPLETING os=COMPLETED is=IDLE awp=false se=false i=false al=0}
16:06:34.794 [qtp1860886124-31] DEBUG org.eclipse.jetty.server.HttpChannelState -- unhandle HttpChannelState@54fea202{s=HANDLING rs=COMPLETED os=COMPLETED is=IDLE awp=false se=false i=false al=0}
16:06:34.794 [qtp1860886124-31] DEBUG org.eclipse.jetty.server.HttpChannelState -- nextAction(false) TERMINATED HttpChannelState@54fea202{s=IDLE rs=COMPLETED os=COMPLETED is=IDLE awp=false se=false i=false al=0}
16:06:34.794 [qtp1860886124-31] DEBUG org.eclipse.jetty.server.HttpChannel -- action TERMINATED HttpChannelOverHttp@cb30d61{s=HttpChannelState@54fea202{s=IDLE rs=COMPLETED os=COMPLETED is=IDLE awp=false se=false i=false al=0},r=1,c=true/true,a=IDLE,uri=http://localhost:8080/variants?name=Variante+Rouge,age=19}
16:06:34.794 [qtp1860886124-31] DEBUG org.eclipse.jetty.server.HttpChannel -- onCompleted for /variants written=88
16:06:34.794 [qtp1860886124-31] DEBUG org.eclipse.jetty.server.HttpInput -- consumeAll HttpInput@579012453 cs=HttpChannelState@54fea202{s=IDLE rs=COMPLETED os=COMPLETED is=IDLE awp=false se=false i=false al=0} cp=org.eclipse.jetty.server.BlockingContentProducer@474dcc54 eof=true
16:06:34.794 [qtp1860886124-31] DEBUG org.eclipse.jetty.server.HttpChannelOverHttp -- failing all content with org.eclipse.jetty.util.StaticException: Unconsumed content HttpChannelOverHttp@cb30d61{s=HttpChannelState@54fea202{s=IDLE rs=COMPLETED os=COMPLETED is=IDLE awp=false se=false i=false al=0},r=1,c=true/true,a=IDLE,uri=http://localhost:8080/variants?name=Variante+Rouge,age=19}
16:06:34.794 [qtp1860886124-31] DEBUG org.eclipse.jetty.server.AsyncContentProducer -- failed all content of http channel EOF=true AsyncContentProducer@36a09fee[r=ErrorContent [org.eclipse.jetty.util.StaticException: Unconsumed content],t=ErrorContent [org.eclipse.jetty.util.StaticException: Unconsumed content],i=null,error=false,c=HttpChannelOverHttp@cb30d61{s=HttpChannelState@54fea202{s=IDLE rs=COMPLETED os=COMPLETED is=IDLE awp=false se=false i=false al=0},r=1,c=true/true,a=IDLE,uri=http://localhost:8080/variants?name=Variante+Rouge,age=19}]
16:06:34.794 [qtp1860886124-31] DEBUG org.eclipse.jetty.server.HttpInput -- isFinished=true HttpInput@579012453 cs=HttpChannelState@54fea202{s=IDLE rs=COMPLETED os=COMPLETED is=IDLE awp=false se=false i=false al=0} cp=org.eclipse.jetty.server.BlockingContentProducer@474dcc54 eof=true
16:06:34.794 [qtp1860886124-31] DEBUG org.eclipse.jetty.server.AsyncContentProducer -- isError = false AsyncContentProducer@36a09fee[r=ErrorContent [org.eclipse.jetty.util.StaticException: Unconsumed content],t=ErrorContent [org.eclipse.jetty.util.StaticException: Unconsumed content],i=null,error=false,c=HttpChannelOverHttp@cb30d61{s=HttpChannelState@54fea202{s=IDLE rs=COMPLETED os=COMPLETED is=IDLE awp=false se=false i=false al=0},r=1,c=true/true,a=IDLE,uri=http://localhost:8080/variants?name=Variante+Rouge,age=19}]
16:06:34.794 [qtp1860886124-31] DEBUG org.eclipse.jetty.server.HttpInput -- isError=false HttpInput@579012453 cs=HttpChannelState@54fea202{s=IDLE rs=COMPLETED os=COMPLETED is=IDLE awp=false se=false i=false al=0} cp=org.eclipse.jetty.server.BlockingContentProducer@474dcc54 eof=true
16:06:34.795 [qtp1860886124-31] DEBUG org.eclipse.jetty.server.HttpChannelState -- recycle HttpChannelState@54fea202{s=IDLE rs=COMPLETED os=COMPLETED is=IDLE awp=false se=false i=false al=0}
16:06:34.795 [qtp1860886124-31] DEBUG org.eclipse.jetty.server.HttpInput -- recycle HttpInput@579012453 cs=HttpChannelState@54fea202{s=IDLE rs=BLOCKING os=OPEN is=IDLE awp=false se=false i=true al=0} cp=org.eclipse.jetty.server.BlockingContentProducer@474dcc54 eof=true
16:06:34.795 [qtp1860886124-31] DEBUG org.eclipse.jetty.server.BlockingContentProducer -- recycling org.eclipse.jetty.server.BlockingContentProducer@474dcc54
16:06:34.795 [qtp1860886124-31] DEBUG org.eclipse.jetty.server.AsyncContentProducer -- recycling AsyncContentProducer@36a09fee[r=ErrorContent [org.eclipse.jetty.util.StaticException: Unconsumed content],t=ErrorContent [org.eclipse.jetty.util.StaticException: Unconsumed content],i=null,error=false,c=HttpChannelOverHttp@cb30d61{s=HttpChannelState@54fea202{s=IDLE rs=BLOCKING os=OPEN is=IDLE awp=false se=false i=true al=0},r=1,c=false/false,a=IDLE,uri=http://localhost:8080/variants?name=Variante+Rouge,age=20}]
16:06:34.796 [qtp1860886124-31] DEBUG org.eclipse.jetty.http.HttpParser -- reset HttpParser{s=END,0 of -1}
16:06:34.796 [qtp1860886124-31] DEBUG org.eclipse.jetty.http.HttpParser -- END --> START
16:06:34.796 [qtp1860886124-31] DEBUG org.eclipse.jetty.server.HttpChannel -- !handle TERMINATED HttpChannelOverHttp@cb30d61{s=HttpChannelState@54fea202{s=IDLE rs=BLOCKING os=OPEN is=IDLE awp=false se=false i=true al=0},r=1,c=false/false,a=IDLE,uri=null,age=0}
16:06:34.796 [qtp1860886124-31] DEBUG org.eclipse.jetty.io.AbstractEndPoint -- shutdownInput NetworkTrafficSocketChannelEndPoint@593754c1[{l=/127.0.0.1:8080,r=/127.0.0.1:43096,OPEN,fill=-,flush=-,to=2/30000}{io=0/0,kio=0,kro=1}]->[HttpConnection@2b1571bd[p=HttpParser{s=START,0 of -1},g=HttpGenerator@5cab7d2a{s=START}]=>HttpChannelOverHttp@cb30d61{s=HttpChannelState@54fea202{s=IDLE rs=BLOCKING os=OPEN is=IDLE awp=false se=false i=true al=0},r=1,c=false/false,a=IDLE,uri=null,age=0}]
16:06:34.796 [qtp1860886124-31] DEBUG org.eclipse.jetty.io.SocketChannelEndPoint -- filled -1 DirectByteBuffer@2fc00118[p=0,l=0,c=8192,r=0]={<<<>>>GET /vari...\x00\x00\x00\x00\x00\x00\x00}
16:06:34.796 [qtp1860886124-31] DEBUG org.eclipse.jetty.http.HttpParser -- atEOF HttpParser{s=START,0 of -1}
16:06:34.796 [qtp1860886124-31] DEBUG org.eclipse.jetty.server.HttpConnection -- HttpConnection@2b1571bd::NetworkTrafficSocketChannelEndPoint@593754c1[{l=/127.0.0.1:8080,r=/127.0.0.1:43096,ISHUT,fill=-,flush=-,to=2/30000}{io=0/0,kio=0,kro=1}]->[HttpConnection@2b1571bd[p=HttpParser{s=START,0 of -1},g=HttpGenerator@5cab7d2a{s=START}]=>HttpChannelOverHttp@cb30d61{s=HttpChannelState@54fea202{s=IDLE rs=BLOCKING os=OPEN is=IDLE awp=false se=false i=true al=0},r=1,c=false/false,a=IDLE,uri=null,age=0}] filled -1 RetainableByteBuffer@57e49389{DirectByteBuffer@2fc00118[p=0,l=0,c=8192,r=0]={<<<>>>GET /vari...\x00\x00\x00\x00\x00\x00\x00},r=1}
16:06:34.796 [qtp1860886124-31] DEBUG org.eclipse.jetty.server.HttpConnection -- HttpConnection@2b1571bd::NetworkTrafficSocketChannelEndPoint@593754c1[{l=/127.0.0.1:8080,r=/127.0.0.1:43096,ISHUT,fill=-,flush=-,to=2/30000}{io=0/0,kio=0,kro=1}]->[HttpConnection@2b1571bd[p=HttpParser{s=START,0 of -1},g=HttpGenerator@5cab7d2a{s=START}]=>HttpChannelOverHttp@cb30d61{s=HttpChannelState@54fea202{s=IDLE rs=BLOCKING os=OPEN is=IDLE awp=false se=false i=true al=0},r=1,c=false/false,a=IDLE,uri=null,age=0}] parse RetainableByteBuffer@57e49389{DirectByteBuffer@2fc00118[p=0,l=0,c=8192,r=0]={<<<>>>GET /vari...\x00\x00\x00\x00\x00\x00\x00},r=1}
16:06:34.796 [qtp1860886124-31] DEBUG org.eclipse.jetty.http.HttpParser -- parseNext s=START DirectByteBuffer@2fc00118[p=0,l=0,c=8192,r=0]={<<<>>>GET /vari...\x00\x00\x00\x00\x00\x00\x00}
16:06:34.796 [qtp1860886124-31] DEBUG org.eclipse.jetty.http.HttpParser -- START --> CLOSED
16:06:34.796 [qtp1860886124-31] DEBUG org.eclipse.jetty.io.AbstractEndPoint -- close NetworkTrafficSocketChannelEndPoint@593754c1[{l=/127.0.0.1:8080,r=/127.0.0.1:43096,ISHUT,fill=-,flush=-,to=3/30000}{io=0/0,kio=0,kro=1}]->[HttpConnection@2b1571bd[p=HttpParser{s=CLOSED,0 of -1},g=HttpGenerator@5cab7d2a{s=START}]=>HttpChannelOverHttp@cb30d61{s=HttpChannelState@54fea202{s=IDLE rs=BLOCKING os=OPEN is=IDLE awp=false se=false i=true al=0},r=1,c=false/false,a=IDLE,uri=null,age=0}]
16:06:34.796 [qtp1860886124-31] DEBUG org.eclipse.jetty.io.AbstractEndPoint -- close(null) NetworkTrafficSocketChannelEndPoint@593754c1[{l=/127.0.0.1:8080,r=/127.0.0.1:43096,ISHUT,fill=-,flush=-,to=3/30000}{io=0/0,kio=0,kro=1}]->[HttpConnection@2b1571bd[p=HttpParser{s=CLOSED,0 of -1},g=HttpGenerator@5cab7d2a{s=START}]=>HttpChannelOverHttp@cb30d61{s=HttpChannelState@54fea202{s=IDLE rs=BLOCKING os=OPEN is=IDLE awp=false se=false i=true al=0},r=1,c=false/false,a=IDLE,uri=null,age=0}]
16:06:34.796 [qtp1860886124-31] DEBUG org.eclipse.jetty.io.SelectableChannelEndPoint -- doClose NetworkTrafficSocketChannelEndPoint@593754c1[{l=/127.0.0.1:8080,r=/127.0.0.1:43096,CLOSED,fill=-,flush=-,to=3/30000}{io=0/0,kio=0,kro=1}]->[HttpConnection@2b1571bd[p=HttpParser{s=CLOSED,0 of -1},g=HttpGenerator@5cab7d2a{s=START}]=>HttpChannelOverHttp@cb30d61{s=HttpChannelState@54fea202{s=IDLE rs=BLOCKING os=OPEN is=IDLE awp=false se=false i=true al=0},r=1,c=false/false,a=IDLE,uri=null,age=0}]
16:06:34.797 [qtp1860886124-31] DEBUG org.eclipse.jetty.io.FillInterest -- onClose FillInterest@7d643a0f{null}
16:06:34.797 [qtp1860886124-31] DEBUG org.eclipse.jetty.io.ManagedSelector -- Wakeup ManagedSelector@588ffeb{STARTED} id=0 keys=1 selected=0 updates=0
16:06:34.797 [qtp1860886124-31] DEBUG org.eclipse.jetty.util.thread.QueuedThreadPool -- queue org.eclipse.jetty.io.ManagedSelector$DestroyEndPoint@6156ca43 startThread=0
16:06:34.797 [qtp1860886124-33] DEBUG org.eclipse.jetty.util.thread.QueuedThreadPool -- run org.eclipse.jetty.io.ManagedSelector$DestroyEndPoint@6156ca43 in QueuedThreadPool[qtp1860886124]@6eeade6c{STARTED,8<=8<=25,i=0,r=-1,t=54208ms,q=0}[ReservedThreadExecutor@6e28bb87{reserved=1/2,pending=0}]
16:06:34.797 [qtp1860886124-31] DEBUG org.eclipse.jetty.server.HttpConnection -- HttpConnection@2b1571bd::NetworkTrafficSocketChannelEndPoint@593754c1[{l=null,r=null,CLOSED,fill=-,flush=-,to=3/30000}{io=0/0,kio=-1,kro=-1}]->[HttpConnection@2b1571bd[p=HttpParser{s=CLOSED,0 of -1},g=HttpGenerator@5cab7d2a{s=START}]=>HttpChannelOverHttp@cb30d61{s=HttpChannelState@54fea202{s=IDLE rs=BLOCKING os=OPEN is=IDLE awp=false se=false i=true al=0},r=1,c=false/false,a=IDLE,uri=null,age=0}] parsed false HttpParser{s=CLOSED,0 of -1}
16:06:34.797 [qtp1860886124-33] DEBUG org.eclipse.jetty.io.ManagedSelector -- Destroyed NetworkTrafficSocketChannelEndPoint@593754c1[{l=null,r=null,CLOSED,fill=-,flush=-,to=3/30000}{io=0/0,kio=-1,kro=-1}]->[HttpConnection@2b1571bd[p=HttpParser{s=CLOSED,0 of -1},g=HttpGenerator@5cab7d2a{s=START}]=>HttpChannelOverHttp@cb30d61{s=HttpChannelState@54fea202{s=IDLE rs=BLOCKING os=OPEN is=IDLE awp=false se=false i=true al=0},r=1,c=false/false,a=IDLE,uri=null,age=0}]
16:06:34.797 [qtp1860886124-31] DEBUG org.eclipse.jetty.server.HttpConnection -- releaseRequestBuffer HttpConnection@2b1571bd::NetworkTrafficSocketChannelEndPoint@593754c1[{l=null,r=null,CLOSED,fill=-,flush=-,to=4/30000}{io=0/0,kio=-1,kro=-1}]->[HttpConnection@2b1571bd[p=HttpParser{s=CLOSED,0 of -1},g=HttpGenerator@5cab7d2a{s=START}]=>HttpChannelOverHttp@cb30d61{s=HttpChannelState@54fea202{s=IDLE rs=BLOCKING os=OPEN is=IDLE awp=false se=false i=true al=0},r=1,c=false/false,a=IDLE,uri=null,age=0}]
16:06:34.797 [main] DEBUG com.jayway.jsonpath.internal.path.CompiledPath -- Evaluating path: $['length']
16:06:34.797 [qtp1860886124-33] DEBUG org.eclipse.jetty.io.AbstractConnection -- onClose HttpConnection@2b1571bd::NetworkTrafficSocketChannelEndPoint@593754c1[{l=null,r=null,CLOSED,fill=-,flush=-,to=4/30000}{io=0/0,kio=-1,kro=-1}]->[HttpConnection@2b1571bd[p=HttpParser{s=CLOSED,0 of -1},g=HttpGenerator@5cab7d2a{s=START}]=>HttpChannelOverHttp@cb30d61{s=HttpChannelState@54fea202{s=IDLE rs=BLOCKING os=OPEN is=IDLE awp=false se=false i=true al=0},r=1,c=false/false,a=IDLE,uri=null,age=0}]
16:06:34.797 [qtp1860886124-31] DEBUG org.eclipse.jetty.io.AbstractEndPoint -- shutdownOutput NetworkTrafficSocketChannelEndPoint@593754c1[{l=null,r=null,CLOSED,fill=-,flush=-,to=4/30000}{io=0/0,kio=-1,kro=-1}]->[HttpConnection@2b1571bd[p=HttpParser{s=CLOSED,0 of -1},g=HttpGenerator@5cab7d2a{s=START}]=>HttpChannelOverHttp@cb30d61{s=HttpChannelState@54fea202{s=IDLE rs=BLOCKING os=OPEN is=IDLE awp=false se=false i=true al=0},r=1,c=false/false,a=IDLE,uri=null,age=0}]
16:06:34.797 [qtp1860886124-33] DEBUG org.eclipse.jetty.util.thread.QueuedThreadPool -- ran org.eclipse.jetty.io.ManagedSelector$DestroyEndPoint@6156ca43 in QueuedThreadPool[qtp1860886124]@6eeade6c{STARTED,8<=8<=25,i=0,r=-1,t=54207ms,q=0}[ReservedThreadExecutor@6e28bb87{reserved=1/2,pending=0}]
16:06:34.797 [qtp1860886124-33] DEBUG org.eclipse.jetty.util.thread.QueuedThreadPool -- Evict skipped, no excess threads QueuedThreadPool[qtp1860886124]@6eeade6c{STARTED,8<=8<=25,i=1,r=-1,t=54207ms,q=0}[ReservedThreadExecutor@6e28bb87{reserved=1/2,pending=0}]
16:06:34.797 [qtp1860886124-31] DEBUG org.eclipse.jetty.server.HttpConnection -- HttpConnection@2b1571bd::NetworkTrafficSocketChannelEndPoint@593754c1[{l=null,r=null,CLOSED,fill=-,flush=-,to=4/30000}{io=0/0,kio=-1,kro=-1}]->[HttpConnection@2b1571bd[p=HttpParser{s=CLOSED,0 of -1},g=HttpGenerator@5cab7d2a{s=START}]=>HttpChannelOverHttp@cb30d61{s=HttpChannelState@54fea202{s=IDLE rs=BLOCKING os=OPEN is=IDLE awp=false se=false i=true al=0},r=1,c=false/false,a=IDLE,uri=null,age=0}] onFillable exit HttpChannelState@54fea202{s=IDLE rs=BLOCKING os=OPEN is=IDLE awp=false se=false i=true al=0} null
16:06:34.798 [qtp1860886124-31] DEBUG org.eclipse.jetty.util.thread.ReservedThreadExecutor -- ReservedThread@6b929e12{RUNNING,thread=Thread[qtp1860886124-31,5,main]} was=RUNNING next=RESERVED size=0+2 capacity=2
16:06:34.798 [qtp1860886124-31] DEBUG org.eclipse.jetty.util.thread.ReservedThreadExecutor -- ReservedThread@6b929e12{RESERVED,thread=Thread[qtp1860886124-31,5,main]} waiting ReservedThreadExecutor@6e28bb87{reserved=2/2,pending=0}
16:06:34.799 [main] ERROR com.intuit.karate -- classpath:features/variants/readVariant.feature:39
And match response.length == 1
match failed: EQUALS
  $ | actual path does not exist (STRING:NUMBER)
  '#notpresent'
  1

classpath:features/variants/readVariant.feature:39
]]></system-out>
  </testcase>
  <testcase name="testAllFeatures[3][5]" classname="com.exemple.qa.runners.AllKarateTestsRunner" time="0.363">
    <failure message="match failed: EQUALS&#10;  $ | actual path does not exist (STRING:NUMBER)&#10;  &apos;#notpresent&apos;&#10;  2&#10;&#10;classpath:features/variants/readVariant.feature:48" type="org.opentest4j.AssertionFailedError">org.opentest4j.AssertionFailedError: 
match failed: EQUALS
  $ | actual path does not exist (STRING:NUMBER)
  '#notpresent'
  2

classpath:features/variants/readVariant.feature:48
</failure>
    <system-out><![CDATA[16:06:34.804 [qtp1860886124-32] DEBUG org.eclipse.jetty.io.ManagedSelector -- Selector sun.nio.ch.EPollSelectorImpl@1f751e5c woken with none selected
16:06:34.804 [qtp1860886124-32] DEBUG org.eclipse.jetty.io.ManagedSelector -- Selector sun.nio.ch.EPollSelectorImpl@1f751e5c woken up from select, 0/0/0 selected
16:06:34.804 [qtp1860886124-32] DEBUG org.eclipse.jetty.io.ManagedSelector -- Selector sun.nio.ch.EPollSelectorImpl@1f751e5c processing 0 keys, 0 updates
16:06:34.804 [qtp1860886124-32] DEBUG org.eclipse.jetty.io.ManagedSelector -- updateable 0
16:06:34.804 [qtp1860886124-32] DEBUG org.eclipse.jetty.io.ManagedSelector -- updates 0
16:06:34.805 [qtp1860886124-32] DEBUG org.eclipse.jetty.io.ManagedSelector -- Selector sun.nio.ch.EPollSelectorImpl@1f751e5c waiting with 0 keys
16:06:34.815 [main] DEBUG org.apache.http.client.protocol.RequestAddCookies -- CookieSpec selected: karate
16:06:34.815 [main] DEBUG org.apache.http.client.protocol.RequestAuthCache -- Auth cache not set in the context
16:06:34.816 [main] DEBUG com.intuit.karate -- request:
1 > GET http://localhost:8080/variants?product=prod-456
1 > Host: localhost:8080
1 > Connection: Keep-Alive
1 > User-Agent: Apache-HttpClient/4.5.14 (Java/17.0.15)
1 > Accept-Encoding: gzip,deflate


16:06:34.816 [main] DEBUG org.apache.http.impl.conn.PoolingHttpClientConnectionManager -- Connection request: [route: {}->http://localhost:8080][total available: 0; route allocated: 0 of 5; total allocated: 0 of 10]
16:06:34.816 [main] DEBUG org.apache.http.impl.conn.PoolingHttpClientConnectionManager -- Connection leased: [id: 10][route: {}->http://localhost:8080][total available: 0; route allocated: 1 of 5; total allocated: 1 of 10]
16:06:34.816 [main] DEBUG org.apache.http.impl.execchain.MainClientExec -- Opening connection {}->http://localhost:8080
16:06:34.816 [main] DEBUG org.apache.http.impl.conn.DefaultHttpClientConnectionOperator -- Connecting to localhost/127.0.0.1:8080
16:06:34.816 [main] DEBUG org.apache.http.impl.conn.DefaultHttpClientConnectionOperator -- Connection established 127.0.0.1:43102<->127.0.0.1:8080
16:06:34.816 [main] DEBUG org.apache.http.impl.conn.DefaultManagedHttpClientConnection -- http-outgoing-10: set socket timeout to 30000
16:06:34.817 [main] DEBUG org.apache.http.impl.execchain.MainClientExec -- Executing request GET /variants?product=prod-456 HTTP/1.1
16:06:34.817 [main] DEBUG org.apache.http.impl.execchain.MainClientExec -- Target auth state: UNCHALLENGED
16:06:34.817 [main] DEBUG org.apache.http.impl.execchain.MainClientExec -- Proxy auth state: UNCHALLENGED
16:06:34.817 [main] DEBUG org.apache.http.headers -- http-outgoing-10 >> GET /variants?product=prod-456 HTTP/1.1
16:06:34.817 [qtp1860886124-29-acceptor-1@5d39f2d8-NetworkTrafficServerConnector@292d1c71{HTTP/1.1, (http/1.1, h2c)}{0.0.0.0:8080}] DEBUG org.eclipse.jetty.io.ManagedSelector -- Queued change lazy=false Accept@681a18e8[java.nio.channels.SocketChannel[connected local=/127.0.0.1:8080 remote=/127.0.0.1:43102]] on ManagedSelector@67ec8477{STARTED} id=1 keys=0 selected=0 updates=0
16:06:34.817 [main] DEBUG org.apache.http.headers -- http-outgoing-10 >> Host: localhost:8080
16:06:34.817 [main] DEBUG org.apache.http.headers -- http-outgoing-10 >> Connection: Keep-Alive
16:06:34.817 [qtp1860886124-29-acceptor-1@5d39f2d8-NetworkTrafficServerConnector@292d1c71{HTTP/1.1, (http/1.1, h2c)}{0.0.0.0:8080}] DEBUG org.eclipse.jetty.io.ManagedSelector -- Wakeup on submit ManagedSelector@67ec8477{STARTED} id=1 keys=0 selected=0 updates=1
16:06:34.817 [main] DEBUG org.apache.http.headers -- http-outgoing-10 >> User-Agent: Apache-HttpClient/4.5.14 (Java/17.0.15)
16:06:34.817 [main] DEBUG org.apache.http.headers -- http-outgoing-10 >> Accept-Encoding: gzip,deflate
16:06:34.817 [main] DEBUG org.apache.http.wire -- http-outgoing-10 >> "GET /variants?product=prod-456 HTTP/1.1[\r][\n]"
16:06:34.817 [main] DEBUG org.apache.http.wire -- http-outgoing-10 >> "Host: localhost:8080[\r][\n]"
16:06:34.817 [qtp1860886124-27] DEBUG org.eclipse.jetty.io.ManagedSelector -- Selector sun.nio.ch.EPollSelectorImpl@13605ab0 woken with none selected
16:06:34.817 [main] DEBUG org.apache.http.wire -- http-outgoing-10 >> "Connection: Keep-Alive[\r][\n]"
16:06:34.817 [qtp1860886124-27] DEBUG org.eclipse.jetty.io.ManagedSelector -- Selector sun.nio.ch.EPollSelectorImpl@13605ab0 woken up from select, 0/0/0 selected
16:06:34.817 [main] DEBUG org.apache.http.wire -- http-outgoing-10 >> "User-Agent: Apache-HttpClient/4.5.14 (Java/17.0.15)[\r][\n]"
16:06:34.817 [qtp1860886124-27] DEBUG org.eclipse.jetty.io.ManagedSelector -- Selector sun.nio.ch.EPollSelectorImpl@13605ab0 processing 0 keys, 1 updates
16:06:34.817 [main] DEBUG org.apache.http.wire -- http-outgoing-10 >> "Accept-Encoding: gzip,deflate[\r][\n]"
16:06:34.817 [qtp1860886124-27] DEBUG org.eclipse.jetty.io.ManagedSelector -- updateable 1
16:06:34.817 [main] DEBUG org.apache.http.wire -- http-outgoing-10 >> "[\r][\n]"
16:06:34.817 [qtp1860886124-27] DEBUG org.eclipse.jetty.io.ManagedSelector -- update Accept@681a18e8[java.nio.channels.SocketChannel[connected local=/127.0.0.1:8080 remote=/127.0.0.1:43102]]
16:06:34.817 [qtp1860886124-27] DEBUG org.eclipse.jetty.util.thread.QueuedThreadPool -- queue Accept@681a18e8[java.nio.channels.SocketChannel[connected local=/127.0.0.1:8080 remote=/127.0.0.1:43102]] startThread=0
16:06:34.817 [qtp1860886124-27] DEBUG org.eclipse.jetty.io.ManagedSelector -- updates 0
16:06:34.817 [qtp1860886124-27] DEBUG org.eclipse.jetty.io.ManagedSelector -- Selector sun.nio.ch.EPollSelectorImpl@13605ab0 waiting with 1 keys
16:06:34.817 [qtp1860886124-33] DEBUG org.eclipse.jetty.util.thread.QueuedThreadPool -- run Accept@681a18e8[java.nio.channels.SocketChannel[connected local=/127.0.0.1:8080 remote=/127.0.0.1:43102]] in QueuedThreadPool[qtp1860886124]@6eeade6c{STARTED,8<=8<=25,i=0,r=-1,t=54187ms,q=0}[ReservedThreadExecutor@6e28bb87{reserved=2/2,pending=0}]
16:06:34.818 [qtp1860886124-33] DEBUG org.eclipse.jetty.io.IdleTimeout -- Setting idle timeout 0 -> 30000 on NetworkTrafficSocketChannelEndPoint@fe151c0[{l=/127.0.0.1:8080,r=/127.0.0.1:43102,OPEN,fill=-,flush=-,to=0/30000}{io=0/0,kio=0,kro=0}]->[<null>]
16:06:34.818 [qtp1860886124-33] DEBUG org.eclipse.jetty.io.IdleTimeout -- NetworkTrafficSocketChannelEndPoint@fe151c0[{l=/127.0.0.1:8080,r=/127.0.0.1:43102,OPEN,fill=-,flush=-,to=0/30000}{io=0/0,kio=0,kro=0}]->[<null>] idle timeout check, elapsed: 0 ms, remaining: 30000 ms
16:06:34.818 [qtp1860886124-33] DEBUG org.eclipse.jetty.server.HttpChannel -- new HttpChannelOverHttp@5389a671{s=HttpChannelState@4f4df89b{s=IDLE rs=BLOCKING os=OPEN is=IDLE awp=false se=false i=true al=0},r=0,c=false/false,a=IDLE,uri=null,age=0} -> NetworkTrafficSocketChannelEndPoint@fe151c0[{l=/127.0.0.1:8080,r=/127.0.0.1:43102,OPEN,fill=-,flush=-,to=0/30000}{io=0/0,kio=0,kro=0}]->[<null>],null,HttpChannelState@4f4df89b{s=IDLE rs=BLOCKING os=OPEN is=IDLE awp=false se=false i=true al=0}
16:06:34.818 [qtp1860886124-33] DEBUG org.eclipse.jetty.server.HttpConnection -- New HTTP Connection HttpConnection@66be9c86::NetworkTrafficSocketChannelEndPoint@fe151c0[{l=/127.0.0.1:8080,r=/127.0.0.1:43102,OPEN,fill=-,flush=-,to=0/30000}{io=0/0,kio=0,kro=0}]->[<null>]
16:06:34.818 [qtp1860886124-33] DEBUG org.eclipse.jetty.io.ManagedSelector -- Queued change lazy=true org.eclipse.jetty.io.ManagedSelector$$Lambda$656/0x000073d730584d20@63d4bec0 on ManagedSelector@67ec8477{STARTED} id=1 keys=1 selected=0 updates=0
16:06:34.818 [qtp1860886124-33] DEBUG org.eclipse.jetty.io.AbstractEndPoint -- onOpen NetworkTrafficSocketChannelEndPoint@fe151c0[{l=/127.0.0.1:8080,r=/127.0.0.1:43102,OPEN,fill=-,flush=-,to=0/30000}{io=0/0,kio=0,kro=0}]->[HttpConnection@66be9c86[p=HttpParser{s=START,0 of -1},g=HttpGenerator@7df036e5{s=START}]=>HttpChannelOverHttp@5389a671{s=HttpChannelState@4f4df89b{s=IDLE rs=BLOCKING os=OPEN is=IDLE awp=false se=false i=true al=0},r=0,c=false/false,a=IDLE,uri=null,age=0}]
16:06:34.818 [qtp1860886124-33] DEBUG org.eclipse.jetty.io.AbstractConnection -- onOpen HttpConnection@66be9c86::NetworkTrafficSocketChannelEndPoint@fe151c0[{l=/127.0.0.1:8080,r=/127.0.0.1:43102,OPEN,fill=-,flush=-,to=0/30000}{io=0/0,kio=0,kro=0}]->[HttpConnection@66be9c86[p=HttpParser{s=START,0 of -1},g=HttpGenerator@7df036e5{s=START}]=>HttpChannelOverHttp@5389a671{s=HttpChannelState@4f4df89b{s=IDLE rs=BLOCKING os=OPEN is=IDLE awp=false se=false i=true al=0},r=0,c=false/false,a=IDLE,uri=null,age=0}]
16:06:34.818 [qtp1860886124-33] DEBUG org.eclipse.jetty.io.AbstractConnection -- fillInterested HttpConnection@66be9c86::NetworkTrafficSocketChannelEndPoint@fe151c0[{l=/127.0.0.1:8080,r=/127.0.0.1:43102,OPEN,fill=-,flush=-,to=0/30000}{io=0/0,kio=0,kro=0}]->[HttpConnection@66be9c86[p=HttpParser{s=START,0 of -1},g=HttpGenerator@7df036e5{s=START}]=>HttpChannelOverHttp@5389a671{s=HttpChannelState@4f4df89b{s=IDLE rs=BLOCKING os=OPEN is=IDLE awp=false se=false i=true al=0},r=0,c=false/false,a=IDLE,uri=null,age=0}]
16:06:34.818 [qtp1860886124-33] DEBUG org.eclipse.jetty.io.FillInterest -- interested FillInterest@5d5990e0{ReadCallback@4f116d61{HttpConnection@66be9c86::NetworkTrafficSocketChannelEndPoint@fe151c0[{l=/127.0.0.1:8080,r=/127.0.0.1:43102,OPEN,fill=FI,flush=-,to=0/30000}{io=0/0,kio=0,kro=0}]->[HttpConnection@66be9c86[p=HttpParser{s=START,0 of -1},g=HttpGenerator@7df036e5{s=START}]=>HttpChannelOverHttp@5389a671{s=HttpChannelState@4f4df89b{s=IDLE rs=BLOCKING os=OPEN is=IDLE awp=false se=false i=true al=0},r=0,c=false/false,a=IDLE,uri=null,age=0}]}}
16:06:34.818 [qtp1860886124-33] DEBUG org.eclipse.jetty.io.SelectableChannelEndPoint -- changeInterests p=false 0->1 for NetworkTrafficSocketChannelEndPoint@fe151c0[{l=/127.0.0.1:8080,r=/127.0.0.1:43102,OPEN,fill=FI,flush=-,to=0/30000}{io=0/1,kio=0,kro=0}]->[HttpConnection@66be9c86[p=HttpParser{s=START,0 of -1},g=HttpGenerator@7df036e5{s=START}]=>HttpChannelOverHttp@5389a671{s=HttpChannelState@4f4df89b{s=IDLE rs=BLOCKING os=OPEN is=IDLE awp=false se=false i=true al=0},r=0,c=false/false,a=IDLE,uri=null,age=0}]
16:06:34.818 [qtp1860886124-33] DEBUG org.eclipse.jetty.io.ManagedSelector -- Queued change lazy=false org.eclipse.jetty.io.SelectableChannelEndPoint$$Lambda$650/0x000073d730565340@975f8fd on ManagedSelector@67ec8477{STARTED} id=1 keys=1 selected=0 updates=1
16:06:34.818 [qtp1860886124-33] DEBUG org.eclipse.jetty.io.ManagedSelector -- Wakeup on submit ManagedSelector@67ec8477{STARTED} id=1 keys=1 selected=0 updates=2
16:06:34.819 [qtp1860886124-33] DEBUG org.eclipse.jetty.io.ManagedSelector -- Created NetworkTrafficSocketChannelEndPoint@fe151c0[{l=/127.0.0.1:8080,r=/127.0.0.1:43102,OPEN,fill=FI,flush=-,to=0/30000}{io=0/1,kio=0,kro=0}]->[HttpConnection@66be9c86[p=HttpParser{s=START,0 of -1},g=HttpGenerator@7df036e5{s=START}]=>HttpChannelOverHttp@5389a671{s=HttpChannelState@4f4df89b{s=IDLE rs=BLOCKING os=OPEN is=IDLE awp=false se=false i=true al=0},r=0,c=false/false,a=IDLE,uri=null,age=0}]
16:06:34.819 [qtp1860886124-33] DEBUG org.eclipse.jetty.util.thread.QueuedThreadPool -- ran Accept@681a18e8[java.nio.channels.SocketChannel[connected local=/127.0.0.1:8080 remote=/127.0.0.1:43102]] in QueuedThreadPool[qtp1860886124]@6eeade6c{STARTED,8<=8<=25,i=0,r=-1,t=54186ms,q=0}[ReservedThreadExecutor@6e28bb87{reserved=2/2,pending=0}]
16:06:34.819 [qtp1860886124-33] DEBUG org.eclipse.jetty.util.thread.QueuedThreadPool -- Evict skipped, no excess threads QueuedThreadPool[qtp1860886124]@6eeade6c{STARTED,8<=8<=25,i=1,r=-1,t=54186ms,q=0}[ReservedThreadExecutor@6e28bb87{reserved=2/2,pending=0}]
16:06:34.819 [qtp1860886124-27] DEBUG org.eclipse.jetty.io.ManagedSelector -- Selector sun.nio.ch.EPollSelectorImpl@13605ab0 woken with none selected
16:06:34.819 [qtp1860886124-27] DEBUG org.eclipse.jetty.io.ManagedSelector -- Selector sun.nio.ch.EPollSelectorImpl@13605ab0 woken up from select, 0/0/1 selected
16:06:34.819 [qtp1860886124-27] DEBUG org.eclipse.jetty.io.ManagedSelector -- Selector sun.nio.ch.EPollSelectorImpl@13605ab0 processing 0 keys, 2 updates
16:06:34.819 [qtp1860886124-27] DEBUG org.eclipse.jetty.io.ManagedSelector -- updateable 2
16:06:34.819 [qtp1860886124-27] DEBUG org.eclipse.jetty.io.ManagedSelector -- update org.eclipse.jetty.io.ManagedSelector$$Lambda$656/0x000073d730584d20@63d4bec0
16:06:34.819 [qtp1860886124-27] DEBUG org.eclipse.jetty.io.ManagedSelector -- update org.eclipse.jetty.io.SelectableChannelEndPoint$$Lambda$650/0x000073d730565340@975f8fd
16:06:34.819 [qtp1860886124-27] DEBUG org.eclipse.jetty.io.SelectableChannelEndPoint -- Key interests updated 0 -> 1 on NetworkTrafficSocketChannelEndPoint@fe151c0[{l=/127.0.0.1:8080,r=/127.0.0.1:43102,OPEN,fill=FI,flush=-,to=1/30000}{io=1/1,kio=1,kro=0}]->[HttpConnection@66be9c86[p=HttpParser{s=START,0 of -1},g=HttpGenerator@7df036e5{s=START}]=>HttpChannelOverHttp@5389a671{s=HttpChannelState@4f4df89b{s=IDLE rs=BLOCKING os=OPEN is=IDLE awp=false se=false i=true al=0},r=0,c=false/false,a=IDLE,uri=null,age=0}]
16:06:34.819 [qtp1860886124-27] DEBUG org.eclipse.jetty.io.ManagedSelector -- updates 0
16:06:34.820 [qtp1860886124-27] DEBUG org.eclipse.jetty.io.ManagedSelector -- Selector sun.nio.ch.EPollSelectorImpl@13605ab0 waiting with 1 keys
16:06:34.820 [qtp1860886124-27] DEBUG org.eclipse.jetty.io.ManagedSelector -- Selector sun.nio.ch.EPollSelectorImpl@13605ab0 woken up from select, 1/1/1 selected
16:06:34.820 [qtp1860886124-27] DEBUG org.eclipse.jetty.io.ManagedSelector -- Selector sun.nio.ch.EPollSelectorImpl@13605ab0 processing 1 keys, 0 updates
16:06:34.820 [qtp1860886124-27] DEBUG org.eclipse.jetty.io.ManagedSelector -- selected 1 channel=java.nio.channels.SocketChannel[connected local=/127.0.0.1:8080 remote=/127.0.0.1:43102], selector=sun.nio.ch.EPollSelectorImpl@13605ab0, interestOps=1, readyOps=1 NetworkTrafficSocketChannelEndPoint@fe151c0[{l=/127.0.0.1:8080,r=/127.0.0.1:43102,OPEN,fill=FI,flush=-,to=1/30000}{io=1/1,kio=1,kro=1}]->[HttpConnection@66be9c86[p=HttpParser{s=START,0 of -1},g=HttpGenerator@7df036e5{s=START}]=>HttpChannelOverHttp@5389a671{s=HttpChannelState@4f4df89b{s=IDLE rs=BLOCKING os=OPEN is=IDLE awp=false se=false i=true al=0},r=0,c=false/false,a=IDLE,uri=null,age=0}] 
16:06:34.820 [qtp1860886124-27] DEBUG org.eclipse.jetty.io.SelectableChannelEndPoint -- onSelected 1->0 r=true w=false for NetworkTrafficSocketChannelEndPoint@fe151c0[{l=/127.0.0.1:8080,r=/127.0.0.1:43102,OPEN,fill=FI,flush=-,to=1/30000}{io=1/0,kio=1,kro=1}]->[HttpConnection@66be9c86[p=HttpParser{s=START,0 of -1},g=HttpGenerator@7df036e5{s=START}]=>HttpChannelOverHttp@5389a671{s=HttpChannelState@4f4df89b{s=IDLE rs=BLOCKING os=OPEN is=IDLE awp=false se=false i=true al=0},r=0,c=false/false,a=IDLE,uri=null,age=0}]
16:06:34.820 [qtp1860886124-27] DEBUG org.eclipse.jetty.io.SelectableChannelEndPoint -- task NetworkTrafficSocketChannelEndPoint@fe151c0[{l=/127.0.0.1:8080,r=/127.0.0.1:43102,OPEN,fill=FI,flush=-,to=1/30000}{io=1/0,kio=1,kro=1}]->[HttpConnection@66be9c86[p=HttpParser{s=START,0 of -1},g=HttpGenerator@7df036e5{s=START}]=>HttpChannelOverHttp@5389a671{s=HttpChannelState@4f4df89b{s=IDLE rs=BLOCKING os=OPEN is=IDLE awp=false se=false i=true al=0},r=0,c=false/false,a=IDLE,uri=null,age=0}]:runFillable:BLOCKING
16:06:34.820 [qtp1860886124-27] DEBUG org.eclipse.jetty.util.thread.ReservedThreadExecutor -- ReservedThreadExecutor@6e28bb87{reserved=2/2,pending=0} tryExecute org.eclipse.jetty.util.thread.strategy.AdaptiveExecutionStrategy$$Lambda$481/0x000073d7302ada30@3542bff3
16:06:34.820 [qtp1860886124-31] DEBUG org.eclipse.jetty.util.thread.ReservedThreadExecutor -- ReservedThread@6b929e12{RESERVED,thread=Thread[qtp1860886124-31,5,main]} task=org.eclipse.jetty.util.thread.strategy.AdaptiveExecutionStrategy$$Lambda$481/0x000073d7302ada30@3542bff3 ReservedThreadExecutor@6e28bb87{reserved=1/2,pending=0}
16:06:34.820 [qtp1860886124-27] DEBUG org.eclipse.jetty.util.thread.strategy.AdaptiveExecutionStrategy -- ss=EXECUTE_PRODUCE_CONSUME t=NetworkTrafficSocketChannelEndPoint@fe151c0[{l=/127.0.0.1:8080,r=/127.0.0.1:43102,OPEN,fill=FI,flush=-,to=1/30000}{io=1/0,kio=1,kro=1}]->[HttpConnection@66be9c86[p=HttpParser{s=START,0 of -1},g=HttpGenerator@7df036e5{s=START}]=>HttpChannelOverHttp@5389a671{s=HttpChannelState@4f4df89b{s=IDLE rs=BLOCKING os=OPEN is=IDLE awp=false se=false i=true al=0},r=0,c=false/false,a=IDLE,uri=null,age=0}]:runFillable:BLOCKING/BLOCKING AdaptiveExecutionStrategy@7c28c1/SelectorProducer@baf1bb3/IDLE/p=true/QueuedThreadPool[qtp1860886124]@6eeade6c{STARTED,8<=8<=25,i=1,r=-1,t=54184ms,q=0}[ReservedThreadExecutor@6e28bb87{reserved=1/2,pending=0}][pc=0,pic=0,pec=1,epc=5]@2025-07-13T16:06:34.820740412+01:00
16:06:34.820 [qtp1860886124-27] DEBUG org.eclipse.jetty.io.FillInterest -- fillable FillInterest@5d5990e0{ReadCallback@4f116d61{HttpConnection@66be9c86::NetworkTrafficSocketChannelEndPoint@fe151c0[{l=/127.0.0.1:8080,r=/127.0.0.1:43102,OPEN,fill=FI,flush=-,to=2/30000}{io=1/0,kio=1,kro=1}]->[HttpConnection@66be9c86[p=HttpParser{s=START,0 of -1},g=HttpGenerator@7df036e5{s=START}]=>HttpChannelOverHttp@5389a671{s=HttpChannelState@4f4df89b{s=IDLE rs=BLOCKING os=OPEN is=IDLE awp=false se=false i=true al=0},r=0,c=false/false,a=IDLE,uri=null,age=0}]}}
16:06:34.820 [qtp1860886124-27] DEBUG org.eclipse.jetty.server.HttpConnection -- HttpConnection@66be9c86::NetworkTrafficSocketChannelEndPoint@fe151c0[{l=/127.0.0.1:8080,r=/127.0.0.1:43102,OPEN,fill=-,flush=-,to=2/30000}{io=1/0,kio=1,kro=1}]->[HttpConnection@66be9c86[p=HttpParser{s=START,0 of -1},g=HttpGenerator@7df036e5{s=START}]=>HttpChannelOverHttp@5389a671{s=HttpChannelState@4f4df89b{s=IDLE rs=BLOCKING os=OPEN is=IDLE awp=false se=false i=true al=0},r=0,c=false/false,a=IDLE,uri=null,age=0}] onFillable enter HttpChannelState@4f4df89b{s=IDLE rs=BLOCKING os=OPEN is=IDLE awp=false se=false i=true al=0} null
16:06:34.820 [qtp1860886124-31] DEBUG org.eclipse.jetty.util.thread.strategy.AdaptiveExecutionStrategy -- AdaptiveExecutionStrategy@7c28c1/SelectorProducer@baf1bb3/IDLE/p=true/QueuedThreadPool[qtp1860886124]@6eeade6c{STARTED,8<=8<=25,i=1,r=-1,t=54184ms,q=0}[ReservedThreadExecutor@6e28bb87{reserved=1/2,pending=0}][pc=0,pic=0,pec=1,epc=6]@2025-07-13T16:06:34.820969926+01:00 tryProduce true
16:06:34.821 [qtp1860886124-31] DEBUG org.eclipse.jetty.io.ManagedSelector -- updateable 0
16:06:34.821 [qtp1860886124-31] DEBUG org.eclipse.jetty.io.ManagedSelector -- updates 0
16:06:34.821 [qtp1860886124-27] DEBUG org.eclipse.jetty.io.SocketChannelEndPoint -- filled 173 DirectByteBuffer@2fc00118[p=0,l=173,c=8192,r=173]={<<<GET /variants?product=pro...oding: gzip,deflate\r\n\r\n>>>\n\r\n\n-Enco...\x00\x00\x00\x00\x00\x00\x00}
16:06:34.821 [qtp1860886124-27] DEBUG org.eclipse.jetty.server.HttpConnection -- HttpConnection@66be9c86::NetworkTrafficSocketChannelEndPoint@fe151c0[{l=/127.0.0.1:8080,r=/127.0.0.1:43102,OPEN,fill=-,flush=-,to=0/30000}{io=0/0,kio=0,kro=1}]->[HttpConnection@66be9c86[p=HttpParser{s=START,0 of -1},g=HttpGenerator@7df036e5{s=START}]=>HttpChannelOverHttp@5389a671{s=HttpChannelState@4f4df89b{s=IDLE rs=BLOCKING os=OPEN is=IDLE awp=false se=false i=true al=0},r=0,c=false/false,a=IDLE,uri=null,age=0}] filled 173 RetainableByteBuffer@57e49389{DirectByteBuffer@2fc00118[p=0,l=173,c=8192,r=173]={<<<GET /variants?product=pro...oding: gzip,deflate\r\n\r\n>>>\n\r\n\n-Enco...\x00\x00\x00\x00\x00\x00\x00},r=1}
16:06:34.821 [qtp1860886124-27] DEBUG org.eclipse.jetty.server.HttpConnection -- HttpConnection@66be9c86::NetworkTrafficSocketChannelEndPoint@fe151c0[{l=/127.0.0.1:8080,r=/127.0.0.1:43102,OPEN,fill=-,flush=-,to=0/30000}{io=0/0,kio=0,kro=1}]->[HttpConnection@66be9c86[p=HttpParser{s=START,0 of -1},g=HttpGenerator@7df036e5{s=START}]=>HttpChannelOverHttp@5389a671{s=HttpChannelState@4f4df89b{s=IDLE rs=BLOCKING os=OPEN is=IDLE awp=false se=false i=true al=0},r=0,c=false/false,a=IDLE,uri=null,age=0}] parse RetainableByteBuffer@57e49389{DirectByteBuffer@2fc00118[p=0,l=173,c=8192,r=173]={<<<GET /variants?product=pro...oding: gzip,deflate\r\n\r\n>>>\n\r\n\n-Enco...\x00\x00\x00\x00\x00\x00\x00},r=1}
16:06:34.821 [qtp1860886124-31] DEBUG org.eclipse.jetty.io.SelectableChannelEndPoint -- Key interests updated 1 -> 0 on NetworkTrafficSocketChannelEndPoint@fe151c0[{l=/127.0.0.1:8080,r=/127.0.0.1:43102,OPEN,fill=-,flush=-,to=0/30000}{io=0/0,kio=0,kro=1}]->[HttpConnection@66be9c86[p=HttpParser{s=START,0 of -1},g=HttpGenerator@7df036e5{s=START}]=>HttpChannelOverHttp@5389a671{s=HttpChannelState@4f4df89b{s=IDLE rs=BLOCKING os=OPEN is=IDLE awp=false se=false i=true al=0},r=0,c=false/false,a=IDLE,uri=null,age=0}]
16:06:34.821 [qtp1860886124-31] DEBUG org.eclipse.jetty.io.ManagedSelector -- Selector sun.nio.ch.EPollSelectorImpl@13605ab0 waiting with 1 keys
16:06:34.821 [qtp1860886124-27] DEBUG org.eclipse.jetty.http.HttpParser -- parseNext s=START DirectByteBuffer@2fc00118[p=0,l=173,c=8192,r=173]={<<<GET /variants?product=pro...oding: gzip,deflate\r\n\r\n>>>\n\r\n\n-Enco...\x00\x00\x00\x00\x00\x00\x00}
16:06:34.822 [qtp1860886124-27] DEBUG org.eclipse.jetty.http.HttpParser -- START --> SPACE1
16:06:34.822 [qtp1860886124-27] DEBUG org.eclipse.jetty.http.HttpParser -- SPACE1 --> URI
16:06:34.822 [qtp1860886124-27] DEBUG org.eclipse.jetty.http.HttpParser -- URI --> SPACE2
16:06:34.822 [qtp1860886124-27] DEBUG org.eclipse.jetty.http.HttpParser -- SPACE2 --> REQUEST_VERSION
16:06:34.822 [qtp1860886124-27] DEBUG org.eclipse.jetty.http.HttpParser -- REQUEST_VERSION --> HEADER
16:06:34.822 [qtp1860886124-27] DEBUG org.eclipse.jetty.http.HttpParser -- HEADER:Host --> VALUE
16:06:34.822 [qtp1860886124-27] DEBUG org.eclipse.jetty.http.HttpParser -- HEADER:Host --> IN_VALUE
16:06:34.822 [qtp1860886124-27] DEBUG org.eclipse.jetty.http.HttpParser -- HEADER:Host --> FIELD
16:06:34.822 [qtp1860886124-27] DEBUG org.eclipse.jetty.http.HttpParser -- parsedHeader(Host: localhost:8080) header=Host, headerString=[Host], valueString=[localhost:8080]
16:06:34.822 [qtp1860886124-27] DEBUG org.eclipse.jetty.http.HttpParser -- HEADER:Connection: keep-alive --> IN_VALUE
16:06:34.822 [qtp1860886124-27] DEBUG org.eclipse.jetty.http.HttpParser -- HEADER:Connection: keep-alive --> FIELD
16:06:34.822 [qtp1860886124-27] DEBUG org.eclipse.jetty.http.HttpParser -- parsedHeader(Connection: keep-alive) header=Connection, headerString=[Connection], valueString=[keep-alive]
16:06:34.822 [qtp1860886124-27] DEBUG org.eclipse.jetty.http.HttpParser -- HEADER:User-Agent --> VALUE
16:06:34.822 [qtp1860886124-27] DEBUG org.eclipse.jetty.http.HttpParser -- HEADER:User-Agent --> IN_VALUE
16:06:34.822 [qtp1860886124-27] DEBUG org.eclipse.jetty.http.HttpParser -- HEADER:User-Agent --> FIELD
16:06:34.822 [qtp1860886124-27] DEBUG org.eclipse.jetty.http.HttpParser -- parsedHeader(User-Agent: Apache-HttpClient/4.5.14 (Java/17.0.15)) header=User-Agent, headerString=[User-Agent], valueString=[Apache-HttpClient/4.5.14 (Java/17.0.15)]
16:06:34.822 [qtp1860886124-27] DEBUG org.eclipse.jetty.http.HttpParser -- HEADER:Accept-Encoding --> IN_VALUE
16:06:34.822 [qtp1860886124-27] DEBUG org.eclipse.jetty.http.HttpParser -- HEADER:Accept-Encoding --> FIELD
16:06:34.822 [qtp1860886124-27] DEBUG org.eclipse.jetty.http.HttpParser -- parsedHeader(Accept-Encoding: gzip,deflate) header=Accept-Encoding, headerString=[Accept-Encoding], valueString=[gzip,deflate]
16:06:34.822 [qtp1860886124-27] DEBUG org.eclipse.jetty.http.HttpParser -- HEADER --> CONTENT
16:06:34.822 [qtp1860886124-27] DEBUG org.eclipse.jetty.server.HttpInput -- reopen HttpInput@1314358311 cs=HttpChannelState@4f4df89b{s=IDLE rs=BLOCKING os=OPEN is=IDLE awp=false se=false i=true al=0} cp=org.eclipse.jetty.server.BlockingContentProducer@15f8f61e eof=false
16:06:34.823 [qtp1860886124-27] DEBUG org.eclipse.jetty.server.BlockingContentProducer -- reopening org.eclipse.jetty.server.BlockingContentProducer@15f8f61e
16:06:34.823 [qtp1860886124-27] DEBUG org.eclipse.jetty.server.AsyncContentProducer -- reopening AsyncContentProducer@7e191cce[r=null,t=null,i=null,error=false,c=HttpChannelOverHttp@5389a671{s=HttpChannelState@4f4df89b{s=IDLE rs=BLOCKING os=OPEN is=IDLE awp=false se=false i=true al=0},r=1,c=false/false,a=IDLE,uri=null,age=1}]
16:06:34.823 [qtp1860886124-27] DEBUG org.eclipse.jetty.server.HttpChannel -- REQUEST for /variants?product=prod-456 on HttpChannelOverHttp@5389a671{s=HttpChannelState@4f4df89b{s=IDLE rs=BLOCKING os=OPEN is=IDLE awp=false se=false i=true al=0},r=1,c=false/false,a=IDLE,uri=http://localhost:8080/variants?product=prod-456,age=1}
GET /variants?product=prod-456 HTTP/1.1
Host: localhost:8080
Connection: keep-alive
User-Agent: Apache-HttpClient/4.5.14 (Java/17.0.15)
Accept-Encoding: gzip,deflate


16:06:34.823 [qtp1860886124-27] DEBUG org.eclipse.jetty.server.HttpConnection -- HttpConnection@66be9c86::NetworkTrafficSocketChannelEndPoint@fe151c0[{l=/127.0.0.1:8080,r=/127.0.0.1:43102,OPEN,fill=-,flush=-,to=2/30000}{io=0/0,kio=0,kro=1}]->[HttpConnection@66be9c86[p=HttpParser{s=CONTENT,0 of -1},g=HttpGenerator@7df036e5{s=START}]=>HttpChannelOverHttp@5389a671{s=HttpChannelState@4f4df89b{s=IDLE rs=BLOCKING os=OPEN is=IDLE awp=false se=false i=true al=0},r=1,c=false/false,a=IDLE,uri=http://localhost:8080/variants?product=prod-456,age=1}] parsed true HttpParser{s=CONTENT,0 of -1}
16:06:34.823 [qtp1860886124-27] DEBUG org.eclipse.jetty.server.HttpConnection -- releaseRequestBuffer HttpConnection@66be9c86::NetworkTrafficSocketChannelEndPoint@fe151c0[{l=/127.0.0.1:8080,r=/127.0.0.1:43102,OPEN,fill=-,flush=-,to=2/30000}{io=0/0,kio=0,kro=1}]->[HttpConnection@66be9c86[p=HttpParser{s=CONTENT,0 of -1},g=HttpGenerator@7df036e5{s=START}]=>HttpChannelOverHttp@5389a671{s=HttpChannelState@4f4df89b{s=IDLE rs=BLOCKING os=OPEN is=IDLE awp=false se=false i=true al=0},r=1,c=false/false,a=IDLE,uri=http://localhost:8080/variants?product=prod-456,age=1}]
16:06:34.823 [qtp1860886124-27] DEBUG org.eclipse.jetty.server.HttpChannel -- handle http://localhost:8080/variants?product=prod-456 HttpChannelOverHttp@5389a671{s=HttpChannelState@4f4df89b{s=IDLE rs=BLOCKING os=OPEN is=IDLE awp=false se=false i=true al=0},r=1,c=false/false,a=IDLE,uri=http://localhost:8080/variants?product=prod-456,age=1} 
16:06:34.823 [qtp1860886124-27] DEBUG org.eclipse.jetty.server.HttpChannelState -- handling HttpChannelState@4f4df89b{s=IDLE rs=BLOCKING os=OPEN is=IDLE awp=false se=false i=true al=0}
16:06:34.823 [qtp1860886124-27] DEBUG org.eclipse.jetty.server.HttpChannel -- action DISPATCH HttpChannelOverHttp@5389a671{s=HttpChannelState@4f4df89b{s=HANDLING rs=BLOCKING os=OPEN is=IDLE awp=false se=false i=true al=0},r=1,c=false/false,a=HANDLING,uri=http://localhost:8080/variants?product=prod-456,age=1}
16:06:34.823 [qtp1860886124-27] DEBUG org.eclipse.jetty.server.Server -- REQUEST GET /variants ?product=prod-456 on HttpChannelOverHttp@5389a671{s=HttpChannelState@4f4df89b{s=HANDLING rs=BLOCKING os=OPEN is=IDLE awp=false se=false i=true al=0},r=1,c=false/false,a=HANDLING,uri=http://localhost:8080/variants?product=prod-456,age=1}
16:06:34.823 [qtp1860886124-27] DEBUG org.eclipse.jetty.server.handler.ContextHandler -- scope null||/variants @ o.e.j.s.ServletContextHandler@c7a975a{/__admin,null,AVAILABLE}
16:06:34.823 [qtp1860886124-27] DEBUG org.eclipse.jetty.server.handler.gzip.GzipHandler -- GzipHandler@6de54b40{STARTED,min=32,inflate=-1} handle Request(GET http://localhost:8080/variants?product=prod-456)@6e3286cd in null
16:06:34.824 [qtp1860886124-27] DEBUG org.eclipse.jetty.server.handler.ContextHandler -- scope null||/variants @ o.e.j.s.ServletContextHandler@6e521c1e{/,null,AVAILABLE}
16:06:34.824 [qtp1860886124-27] DEBUG org.eclipse.jetty.server.handler.ContextHandler -- context=||/variants @ o.e.j.s.ServletContextHandler@6e521c1e{/,null,AVAILABLE}
16:06:34.824 [qtp1860886124-27] DEBUG org.eclipse.jetty.servlet.ServletHandler -- servlet |/variants|null|ServletPathMapping{matchValue=, pattern=/, servletName=com.github.tomakehurst.wiremock.servlet.WireMockHandlerDispatchingServlet-439a8f59, mappingMatch=DEFAULT, servletPath=/variants, pathInfo=null} -> com.github.tomakehurst.wiremock.servlet.WireMockHandlerDispatchingServlet-439a8f59==com.github.tomakehurst.wiremock.servlet.WireMockHandlerDispatchingServlet@68bafea7{jsp=null,order=1,inst=true,async=true,src=EMBEDDED:null,STARTED}
16:06:34.824 [qtp1860886124-27] DEBUG org.eclipse.jetty.servlet.ServletHandler -- chain=ChainEnd@7d47ecae(com.github.tomakehurst.wiremock.servlet.WireMockHandlerDispatchingServlet-439a8f59==com.github.tomakehurst.wiremock.servlet.WireMockHandlerDispatchingServlet@68bafea7{jsp=null,order=1,inst=true,async=true,src=EMBEDDED:null,STARTED})
16:06:34.824 [qtp1860886124-27] DEBUG org.eclipse.jetty.server.AsyncContentProducer -- checkMinDataRate [m=0,t=-9223372036854775808] AsyncContentProducer@7e191cce[r=null,t=null,i=null,error=false,c=HttpChannelOverHttp@5389a671{s=HttpChannelState@4f4df89b{s=HANDLING rs=BLOCKING os=OPEN is=IDLE awp=false se=false i=true al=0},r=1,c=false/false,a=HANDLING,uri=http://localhost:8080/variants?product=prod-456,age=2}]
16:06:34.824 [qtp1860886124-27] DEBUG org.eclipse.jetty.server.AsyncContentProducer -- nextTransformedContent AsyncContentProducer@7e191cce[r=null,t=null,i=null,error=false,c=HttpChannelOverHttp@5389a671{s=HttpChannelState@4f4df89b{s=HANDLING rs=BLOCKING os=OPEN is=IDLE awp=false se=false i=true al=0},r=1,c=false/false,a=HANDLING,uri=http://localhost:8080/variants?product=prod-456,age=2}]
16:06:34.825 [qtp1860886124-27] DEBUG org.eclipse.jetty.server.AsyncContentProducer -- producing new raw content AsyncContentProducer@7e191cce[r=null,t=null,i=null,error=false,c=HttpChannelOverHttp@5389a671{s=HttpChannelState@4f4df89b{s=HANDLING rs=BLOCKING os=OPEN is=IDLE awp=false se=false i=true al=0},r=1,c=false/false,a=HANDLING,uri=http://localhost:8080/variants?product=prod-456,age=3}]
16:06:34.825 [qtp1860886124-27] DEBUG org.eclipse.jetty.server.HttpChannelOverHttp -- produceContent has no content, parsing and filling
16:06:34.825 [qtp1860886124-27] DEBUG org.eclipse.jetty.server.HttpConnection -- HttpConnection@66be9c86::NetworkTrafficSocketChannelEndPoint@fe151c0[{l=/127.0.0.1:8080,r=/127.0.0.1:43102,OPEN,fill=-,flush=-,to=3/30000}{io=0/0,kio=0,kro=1}]->[HttpConnection@66be9c86[p=HttpParser{s=CONTENT,0 of -1},g=HttpGenerator@7df036e5{s=START}]=>HttpChannelOverHttp@5389a671{s=HttpChannelState@4f4df89b{s=HANDLING rs=BLOCKING os=OPEN is=IDLE awp=false se=false i=true al=0},r=1,c=false/false,a=HANDLING,uri=http://localhost:8080/variants?product=prod-456,age=3}] parse null
16:06:34.825 [qtp1860886124-27] DEBUG org.eclipse.jetty.http.HttpParser -- parseNext s=CONTENT HeapByteBuffer@459fe0d[p=0,l=0,c=0,r=0]={<<<>>>}
16:06:34.825 [qtp1860886124-27] DEBUG org.eclipse.jetty.http.HttpParser -- CONTENT --> CONTENT_END
16:06:34.825 [qtp1860886124-27] DEBUG org.eclipse.jetty.server.HttpChannel -- onContentComplete HttpChannelOverHttp@5389a671{s=HttpChannelState@4f4df89b{s=HANDLING rs=BLOCKING os=OPEN is=IDLE awp=false se=false i=true al=0},r=1,c=false/false,a=HANDLING,uri=http://localhost:8080/variants?product=prod-456,age=3}
16:06:34.825 [qtp1860886124-27] DEBUG org.eclipse.jetty.http.HttpParser -- CONTENT_END --> END
16:06:34.825 [qtp1860886124-27] DEBUG org.eclipse.jetty.server.HttpChannel -- onRequestComplete HttpChannelOverHttp@5389a671{s=HttpChannelState@4f4df89b{s=HANDLING rs=BLOCKING os=OPEN is=IDLE awp=false se=false i=true al=0},r=1,c=false/false,a=HANDLING,uri=http://localhost:8080/variants?product=prod-456,age=3}
16:06:34.825 [qtp1860886124-27] DEBUG org.eclipse.jetty.server.HttpChannelOverHttp -- received EOF, content = null
16:06:34.825 [qtp1860886124-27] DEBUG org.eclipse.jetty.server.HttpConnection -- HttpConnection@66be9c86::NetworkTrafficSocketChannelEndPoint@fe151c0[{l=/127.0.0.1:8080,r=/127.0.0.1:43102,OPEN,fill=-,flush=-,to=4/30000}{io=0/0,kio=0,kro=1}]->[HttpConnection@66be9c86[p=HttpParser{s=END,0 of -1},g=HttpGenerator@7df036e5{s=START}]=>HttpChannelOverHttp@5389a671{s=HttpChannelState@4f4df89b{s=HANDLING rs=BLOCKING os=OPEN is=IDLE awp=false se=false i=true al=0},r=1,c=false/false,a=HANDLING,uri=http://localhost:8080/variants?product=prod-456,age=3}] parsed false HttpParser{s=END,0 of -1}
16:06:34.825 [qtp1860886124-27] DEBUG org.eclipse.jetty.server.HttpChannelOverHttp -- produceContent produced EofContent
16:06:34.825 [qtp1860886124-27] DEBUG org.eclipse.jetty.server.AsyncContentProducer -- produceRawContent updated rawContentArrived to 0 and firstByteTimeStamp to 10126420967440 AsyncContentProducer@7e191cce[r=null,t=null,i=null,error=false,c=HttpChannelOverHttp@5389a671{s=HttpChannelState@4f4df89b{s=HANDLING rs=BLOCKING os=OPEN is=IDLE awp=false se=false i=true al=0},r=1,c=false/false,a=HANDLING,uri=http://localhost:8080/variants?product=prod-456,age=3}]
16:06:34.825 [qtp1860886124-27] DEBUG org.eclipse.jetty.server.AsyncContentProducer -- produceRawContent produced EofContent AsyncContentProducer@7e191cce[r=null,t=null,i=null,error=false,c=HttpChannelOverHttp@5389a671{s=HttpChannelState@4f4df89b{s=HANDLING rs=BLOCKING os=OPEN is=IDLE awp=false se=false i=true al=0},r=1,c=false/false,a=HANDLING,uri=http://localhost:8080/variants?product=prod-456,age=3}]
16:06:34.825 [qtp1860886124-27] DEBUG org.eclipse.jetty.server.AsyncContentProducer -- transforming raw content AsyncContentProducer@7e191cce[r=EofContent,t=null,i=null,error=false,c=HttpChannelOverHttp@5389a671{s=HttpChannelState@4f4df89b{s=HANDLING rs=BLOCKING os=OPEN is=IDLE awp=false se=false i=true al=0},r=1,c=false/false,a=HANDLING,uri=http://localhost:8080/variants?product=prod-456,age=3}]
16:06:34.825 [qtp1860886124-27] DEBUG org.eclipse.jetty.server.AsyncContentProducer -- no interceptor, transformed content is raw content AsyncContentProducer@7e191cce[r=EofContent,t=null,i=null,error=false,c=HttpChannelOverHttp@5389a671{s=HttpChannelState@4f4df89b{s=HANDLING rs=BLOCKING os=OPEN is=IDLE awp=false se=false i=true al=0},r=1,c=false/false,a=HANDLING,uri=http://localhost:8080/variants?product=prod-456,age=3}]
16:06:34.825 [qtp1860886124-27] DEBUG org.eclipse.jetty.server.AsyncContentProducer -- transformed content not yet depleted, returning it AsyncContentProducer@7e191cce[r=EofContent,t=EofContent,i=null,error=false,c=HttpChannelOverHttp@5389a671{s=HttpChannelState@4f4df89b{s=HANDLING rs=BLOCKING os=OPEN is=IDLE awp=false se=false i=true al=0},r=1,c=false/false,a=HANDLING,uri=http://localhost:8080/variants?product=prod-456,age=3}]
16:06:34.825 [qtp1860886124-27] DEBUG org.eclipse.jetty.server.AsyncContentProducer -- nextContent = EofContent AsyncContentProducer@7e191cce[r=EofContent,t=EofContent,i=null,error=false,c=HttpChannelOverHttp@5389a671{s=HttpChannelState@4f4df89b{s=HANDLING rs=BLOCKING os=OPEN is=IDLE awp=false se=false i=true al=0},r=1,c=false/false,a=HANDLING,uri=http://localhost:8080/variants?product=prod-456,age=3}]
16:06:34.825 [qtp1860886124-27] DEBUG org.eclipse.jetty.server.HttpChannelState -- onReadIdle HttpChannelState@4f4df89b{s=HANDLING rs=BLOCKING os=OPEN is=IDLE awp=false se=false i=true al=0}
16:06:34.825 [qtp1860886124-27] DEBUG org.eclipse.jetty.server.BlockingContentProducer -- nextContent async producer returned EofContent
16:06:34.825 [qtp1860886124-27] DEBUG org.eclipse.jetty.server.HttpInput -- read error=null HttpInput@1314358311 cs=HttpChannelState@4f4df89b{s=HANDLING rs=BLOCKING os=OPEN is=IDLE awp=false se=false i=true al=0} cp=org.eclipse.jetty.server.BlockingContentProducer@15f8f61e eof=false
16:06:34.825 [qtp1860886124-27] DEBUG org.eclipse.jetty.server.HttpInput -- read at EOF, setting consumed EOF to true HttpInput@1314358311 cs=HttpChannelState@4f4df89b{s=HANDLING rs=BLOCKING os=OPEN is=IDLE awp=false se=false i=true al=0} cp=org.eclipse.jetty.server.BlockingContentProducer@15f8f61e eof=false
16:06:34.825 [qtp1860886124-27] DEBUG org.eclipse.jetty.server.BlockingContentProducer -- onContentProducible releasing semaphore LockedSemaphore permits=0 unready=false
16:06:34.831 [qtp1860886124-27] DEBUG org.eclipse.jetty.server.HttpOutput -- write(array HeapByteBuffer@1cb64190[p=0,l=163,c=163,r=163]={<<<[{"id":"variant-123","pro...te Chaussures Noires"}]>>>})
16:06:34.831 [qtp1860886124-27] DEBUG org.eclipse.jetty.server.HttpOutput -- write(array) s=OPEN,api=BLOCKING,sc=false,e=null aggregated !flush DirectByteBuffer@585b8438[p=0,l=163,c=32768,r=163]={<<<[{"id":"variant-123","pro...te Chaussures Noires"}]>>> en cuir"...\x00\x00\x00\x00\x00\x00\x00}
16:06:34.831 [qtp1860886124-27] DEBUG org.eclipse.jetty.server.handler.gzip.GzipHttpOutputInterceptor -- org.eclipse.jetty.server.handler.gzip.GzipHttpOutputInterceptor@4e2c1c1e compressing org.eclipse.jetty.util.compression.CompressionPool$Entry@38089872
16:06:34.832 [qtp1860886124-27] DEBUG org.eclipse.jetty.server.HttpChannel -- sendResponse info=null content=DirectByteBuffer@53ba71a[p=0,l=10,c=32768,r=10]={<<<\x1f\x8b\x08\x00\x00\x00\x00\x00\x00\x00>>>,\xCaL\xCc+\xD1542...\x00\x00\x00\x00\x00\x00\x00} complete=false committing=true callback=GzipBufferCB@78e58679[content=DirectByteBuffer@585b8438[p=163,l=163,c=32768,r=0]={[{"id":"v...ires"}]<<<>>> en cuir"...\x00\x00\x00\x00\x00\x00\x00} last=false buffer=DirectByteBuffer@53ba71a[p=0,l=10,c=32768,r=10]={<<<\x1f\x8b\x08\x00\x00\x00\x00\x00\x00\x00>>>,\xCaL\xCc+\xD1542...\x00\x00\x00\x00\x00\x00\x00} deflate=org.eclipse.jetty.util.compression.CompressionPool$Entry@38089872 ]
16:06:34.832 [qtp1860886124-27] DEBUG org.eclipse.jetty.server.HttpChannel -- COMMIT for /variants on HttpChannelOverHttp@5389a671{s=HttpChannelState@4f4df89b{s=HANDLING rs=BLOCKING os=COMMITTED is=IDLE awp=false se=false i=true al=0},r=1,c=false/false,a=HANDLING,uri=http://localhost:8080/variants?product=prod-456,age=10}
200 null HTTP/1.1
Content-Type: application/json
Matched-Stub-Id: 7dd6765f-aa3f-471e-bbc8-671865a24c3f
Content-Encoding: gzip


16:06:34.832 [qtp1860886124-27] DEBUG org.eclipse.jetty.server.HttpConnection -- generate: NEED_HEADER for SendCallback@21b6346[PROCESSING][i=HTTP/1.1{s=200,h=3,cl=-1},cb=org.eclipse.jetty.server.HttpChannel$SendCallback@2c8f0854] (null,[p=0,l=10,c=32768,r=10],false)@START
16:06:34.832 [qtp1860886124-27] DEBUG org.eclipse.jetty.http.HttpGenerator -- generateHeaders HTTP/1.1{s=200,h=3,cl=-1} last=false content=DirectByteBuffer@53ba71a[p=0,l=10,c=32768,r=10]={<<<\x1f\x8b\x08\x00\x00\x00\x00\x00\x00\x00>>>,\xCaL\xCc+\xD1542...\x00\x00\x00\x00\x00\x00\x00}
16:06:34.832 [qtp1860886124-27] DEBUG org.eclipse.jetty.http.HttpGenerator -- Content-Type: application/json
Matched-Stub-Id: 7dd6765f-aa3f-471e-bbc8-671865a24c3f
Content-Encoding: gzip


16:06:34.832 [qtp1860886124-27] DEBUG org.eclipse.jetty.http.HttpGenerator -- CHUNKED_CONTENT
16:06:34.832 [qtp1860886124-27] DEBUG org.eclipse.jetty.server.HttpConnection -- generate: FLUSH for SendCallback@21b6346[PROCESSING][i=HTTP/1.1{s=200,h=3,cl=-1},cb=org.eclipse.jetty.server.HttpChannel$SendCallback@2c8f0854] ([p=0,l=161,c=32768,r=161],[p=0,l=10,c=32768,r=10],false)@COMMITTED
16:06:34.832 [qtp1860886124-27] DEBUG org.eclipse.jetty.io.WriteFlusher -- write: WriteFlusher@26d3d37{IDLE}->null [DirectByteBuffer@45f8ea90[p=0,l=161,c=32768,r=161]={<<<HTTP/1.1 200 OK\r\nContent-...ncoding: chunked\r\n\r\nA\r\n>>>\x00\x00\x00\x00\x00\x00\x00\x00\x00...\x00\x00\x00\x00\x00\x00\x00},DirectByteBuffer@53ba71a[p=0,l=10,c=32768,r=10]={<<<\x1f\x8b\x08\x00\x00\x00\x00\x00\x00\x00>>>,\xCaL\xCc+\xD1542...\x00\x00\x00\x00\x00\x00\x00}]
16:06:34.832 [qtp1860886124-27] DEBUG org.eclipse.jetty.io.WriteFlusher -- update WriteFlusher@26d3d37{WRITING}->null:IDLE-->WRITING
16:06:34.833 [main] DEBUG org.apache.http.wire -- http-outgoing-10 << "HTTP/1.1 200 OK[\r][\n]"
16:06:34.833 [qtp1860886124-27] DEBUG org.eclipse.jetty.io.SocketChannelEndPoint -- flushed 161 NetworkTrafficSocketChannelEndPoint@fe151c0[{l=/127.0.0.1:8080,r=/127.0.0.1:43102,OPEN,fill=-,flush=W,to=11/30000}{io=0/0,kio=0,kro=1}]->[HttpConnection@66be9c86[p=HttpParser{s=END,0 of -1},g=HttpGenerator@7df036e5{s=COMMITTED}]=>HttpChannelOverHttp@5389a671{s=HttpChannelState@4f4df89b{s=HANDLING rs=BLOCKING os=COMMITTED is=IDLE awp=false se=false i=true al=0},r=1,c=false/false,a=HANDLING,uri=http://localhost:8080/variants?product=prod-456,age=11}]
16:06:34.833 [main] DEBUG org.apache.http.wire -- http-outgoing-10 << "Content-Type: application/json[\r][\n]"
16:06:34.833 [main] DEBUG org.apache.http.wire -- http-outgoing-10 << "Matched-Stub-Id: 7dd6765f-aa3f-471e-bbc8-671865a24c3f[\r][\n]"
16:06:34.833 [main] DEBUG org.apache.http.wire -- http-outgoing-10 << "Content-Encoding: gzip[\r][\n]"
16:06:34.833 [main] DEBUG org.apache.http.wire -- http-outgoing-10 << "Transfer-Encoding: chunked[\r][\n]"
16:06:34.833 [main] DEBUG org.apache.http.wire -- http-outgoing-10 << "[\r][\n]"
16:06:34.833 [main] DEBUG org.apache.http.wire -- http-outgoing-10 << "A[\r][\n]"
16:06:34.833 [qtp1860886124-27] DEBUG org.eclipse.jetty.io.SocketChannelEndPoint -- flushed 10 NetworkTrafficSocketChannelEndPoint@fe151c0[{l=/127.0.0.1:8080,r=/127.0.0.1:43102,OPEN,fill=-,flush=W,to=0/30000}{io=0/0,kio=0,kro=1}]->[HttpConnection@66be9c86[p=HttpParser{s=END,0 of -1},g=HttpGenerator@7df036e5{s=COMMITTED}]=>HttpChannelOverHttp@5389a671{s=HttpChannelState@4f4df89b{s=HANDLING rs=BLOCKING os=COMMITTED is=IDLE awp=false se=false i=true al=0},r=1,c=false/false,a=HANDLING,uri=http://localhost:8080/variants?product=prod-456,age=11}]
16:06:34.833 [qtp1860886124-27] DEBUG org.eclipse.jetty.io.WriteFlusher -- Flushed=true written=171 remaining=0 WriteFlusher@26d3d37{WRITING}->null
16:06:34.833 [main] DEBUG org.apache.http.headers -- http-outgoing-10 << HTTP/1.1 200 OK
16:06:34.833 [qtp1860886124-27] DEBUG org.eclipse.jetty.io.WriteFlusher -- update WriteFlusher@26d3d37{IDLE}->null:WRITING-->IDLE
16:06:34.833 [main] DEBUG org.apache.http.headers -- http-outgoing-10 << Content-Type: application/json
16:06:34.833 [main] DEBUG org.apache.http.headers -- http-outgoing-10 << Matched-Stub-Id: 7dd6765f-aa3f-471e-bbc8-671865a24c3f
16:06:34.833 [main] DEBUG org.apache.http.headers -- http-outgoing-10 << Content-Encoding: gzip
16:06:34.833 [main] DEBUG org.apache.http.headers -- http-outgoing-10 << Transfer-Encoding: chunked
16:06:34.833 [qtp1860886124-27] DEBUG org.eclipse.jetty.server.HttpConnection -- generate: DONE for SendCallback@21b6346[PROCESSING][i=HTTP/1.1{s=200,h=3,cl=-1},cb=org.eclipse.jetty.server.HttpChannel$SendCallback@2c8f0854] ([p=161,l=161,c=32768,r=0],[p=10,l=10,c=32768,r=0],false)@COMMITTED
16:06:34.833 [qtp1860886124-27] DEBUG org.eclipse.jetty.server.HttpOutput -- onWriteComplete(false,null) s=OPEN,api=BLOCKED,sc=false,e=null->s=OPEN,api=BLOCKING,sc=false,e=null c=null cb=null w=false
16:06:34.833 [qtp1860886124-27] DEBUG org.eclipse.jetty.server.HttpOutput -- close() s=CLOSING,api=BLOCKED,sc=false,e=null c=HeapByteBuffer@459fe0d[p=0,l=0,c=0,r=0]={<<<>>>} b=Blocker@56efb54d{null}
16:06:34.833 [main] DEBUG org.apache.http.impl.execchain.MainClientExec -- Connection can be kept alive indefinitely
16:06:34.834 [qtp1860886124-27] DEBUG org.eclipse.jetty.server.HttpChannel -- sendResponse info=null content=DirectByteBuffer@53ba71a[p=0,l=95,c=32768,r=95]={<<<\x8b\xAeV\xCaLQ\xB2R*K,\xCaL\xCc+\xD1542V\xD2Q*(\xCa...\x81\xE6\x16\x96\xE4\x19\xE8\x97\x9fY\x0420\x16\x00\xEd\xD3\x16\xAb\xA3\x00\x00\x00>>>\x00\xBc\x97\xC5\x15\xAe\x00\x00\x00...\x00\x00\x00\x00\x00\x00\x00} complete=true committing=false callback=GzipBufferCB@fb7fd85[content=HeapByteBuffer@459fe0d[p=0,l=0,c=0,r=0]={<<<>>>} last=true buffer=DirectByteBuffer@53ba71a[p=0,l=95,c=32768,r=95]={<<<\x8b\xAeV\xCaLQ\xB2R*K,\xCaL\xCc+\xD1542V\xD2Q*(\xCa...\x81\xE6\x16\x96\xE4\x19\xE8\x97\x9fY\x0420\x16\x00\xEd\xD3\x16\xAb\xA3\x00\x00\x00>>>\x00\xBc\x97\xC5\x15\xAe\x00\x00\x00...\x00\x00\x00\x00\x00\x00\x00} deflate=null ]
16:06:34.834 [qtp1860886124-27] DEBUG org.eclipse.jetty.server.HttpConnection -- generate: NEED_CHUNK for SendCallback@21b6346[PROCESSING][i=null,cb=org.eclipse.jetty.server.HttpChannel$SendCallback@5bae898f] (null,[p=0,l=95,c=32768,r=95],true)@COMMITTED
16:06:34.834 [qtp1860886124-27] DEBUG org.eclipse.jetty.server.HttpConnection -- generate: FLUSH for SendCallback@21b6346[PROCESSING][i=null,cb=org.eclipse.jetty.server.HttpChannel$SendCallback@5bae898f] (null,[p=0,l=95,c=32768,r=95],true)@COMPLETING
16:06:34.834 [main] DEBUG org.apache.http.wire -- http-outgoing-10 << "[0x1f][0x8b][0x8][0x0][0x0][0x0][0x0][0x0][0x0][0x0]"
16:06:34.834 [qtp1860886124-27] DEBUG org.eclipse.jetty.io.WriteFlusher -- write: WriteFlusher@26d3d37{IDLE}->null [DirectByteBuffer@4e1f40a2[p=0,l=6,c=16,r=6]={<<<\r\n5F\r\n>>>\n\x00\x00\x00\x00\x00\x00\x00\x00\x00},DirectByteBuffer@53ba71a[p=0,l=95,c=32768,r=95]={<<<\x8b\xAeV\xCaLQ\xB2R*K,\xCaL\xCc+\xD1542V\xD2Q*(\xCa...\x81\xE6\x16\x96\xE4\x19\xE8\x97\x9fY\x0420\x16\x00\xEd\xD3\x16\xAb\xA3\x00\x00\x00>>>\x00\xBc\x97\xC5\x15\xAe\x00\x00\x00...\x00\x00\x00\x00\x00\x00\x00}]
16:06:34.834 [qtp1860886124-27] DEBUG org.eclipse.jetty.io.WriteFlusher -- update WriteFlusher@26d3d37{WRITING}->null:IDLE-->WRITING
16:06:34.834 [main] DEBUG org.apache.http.wire -- http-outgoing-10 << "[\r][\n]"
16:06:34.834 [main] DEBUG org.apache.http.wire -- http-outgoing-10 << "5F[\r][\n]"
16:06:34.834 [qtp1860886124-27] DEBUG org.eclipse.jetty.io.SocketChannelEndPoint -- flushed 6 NetworkTrafficSocketChannelEndPoint@fe151c0[{l=/127.0.0.1:8080,r=/127.0.0.1:43102,OPEN,fill=-,flush=W,to=0/30000}{io=0/0,kio=0,kro=1}]->[HttpConnection@66be9c86[p=HttpParser{s=END,0 of -1},g=HttpGenerator@7df036e5{s=COMPLETING}]=>HttpChannelOverHttp@5389a671{s=HttpChannelState@4f4df89b{s=HANDLING rs=BLOCKING os=COMMITTED is=IDLE awp=false se=false i=true al=0},r=1,c=false/false,a=HANDLING,uri=http://localhost:8080/variants?product=prod-456,age=12}]
16:06:34.834 [qtp1860886124-27] DEBUG org.eclipse.jetty.io.SocketChannelEndPoint -- flushed 95 NetworkTrafficSocketChannelEndPoint@fe151c0[{l=/127.0.0.1:8080,r=/127.0.0.1:43102,OPEN,fill=-,flush=W,to=0/30000}{io=0/0,kio=0,kro=1}]->[HttpConnection@66be9c86[p=HttpParser{s=END,0 of -1},g=HttpGenerator@7df036e5{s=COMPLETING}]=>HttpChannelOverHttp@5389a671{s=HttpChannelState@4f4df89b{s=HANDLING rs=BLOCKING os=COMMITTED is=IDLE awp=false se=false i=true al=0},r=1,c=false/false,a=HANDLING,uri=http://localhost:8080/variants?product=prod-456,age=12}]
16:06:34.834 [qtp1860886124-27] DEBUG org.eclipse.jetty.io.WriteFlusher -- Flushed=true written=101 remaining=0 WriteFlusher@26d3d37{WRITING}->null
16:06:34.834 [main] DEBUG org.apache.http.wire -- http-outgoing-10 << "[0x8b][0xae]V[0xca]LQ[0xb2]R*K,[0xca]L[0xcc]+[0xd1]542V[0xd2]Q*([0xca]O)M.[0x89][0x7]K[0x81]8[0xba]&[0xa6]f@[0xf1][0xbc][0xc4][0xdc]T[0xa0]H[0x18]Dq[0xaa][0x82]sFbiqqiQj[0xb1]BP~izj[0xb1]R[0xad][0xe][0x9a][0x81][0xe6][0x16][0x96][0xe4][0x19][0xe8][0x97][0x9f]Y[0x4]20[0x16][0x0][0xed][0xd3][0x16][0xab][0xa3][0x0][0x0][0x0]"
16:06:34.834 [qtp1860886124-27] DEBUG org.eclipse.jetty.io.WriteFlusher -- update WriteFlusher@26d3d37{IDLE}->null:WRITING-->IDLE
16:06:34.834 [qtp1860886124-27] DEBUG org.eclipse.jetty.server.HttpConnection -- generate: FLUSH for SendCallback@21b6346[PROCESSING][i=null,cb=org.eclipse.jetty.server.HttpChannel$SendCallback@5bae898f] (null,[p=95,l=95,c=32768,r=0],true)@COMPLETING
16:06:34.835 [qtp1860886124-27] DEBUG org.eclipse.jetty.io.WriteFlusher -- write: WriteFlusher@26d3d37{IDLE}->null [DirectByteBuffer@4e1f40a2[p=0,l=7,c=16,r=7]={<<<\r\n0\r\n\r\n>>>\x00\x00\x00\x00\x00\x00\x00\x00\x00}]
16:06:34.835 [main] DEBUG org.apache.http.impl.conn.DefaultManagedHttpClientConnection -- http-outgoing-10: Close connection
16:06:34.835 [qtp1860886124-27] DEBUG org.eclipse.jetty.io.WriteFlusher -- update WriteFlusher@26d3d37{WRITING}->null:IDLE-->WRITING
16:06:34.835 [main] DEBUG org.apache.http.impl.execchain.MainClientExec -- Connection discarded
16:06:34.835 [qtp1860886124-27] DEBUG org.eclipse.jetty.io.SocketChannelEndPoint -- flushed 7 NetworkTrafficSocketChannelEndPoint@fe151c0[{l=/127.0.0.1:8080,r=/127.0.0.1:43102,OPEN,fill=-,flush=W,to=0/30000}{io=0/0,kio=0,kro=1}]->[HttpConnection@66be9c86[p=HttpParser{s=END,0 of -1},g=HttpGenerator@7df036e5{s=COMPLETING}]=>HttpChannelOverHttp@5389a671{s=HttpChannelState@4f4df89b{s=HANDLING rs=BLOCKING os=COMMITTED is=IDLE awp=false se=false i=true al=0},r=1,c=false/false,a=HANDLING,uri=http://localhost:8080/variants?product=prod-456,age=13}]
16:06:34.835 [qtp1860886124-27] DEBUG org.eclipse.jetty.io.WriteFlusher -- Flushed=true written=7 remaining=0 WriteFlusher@26d3d37{WRITING}->null
16:06:34.835 [main] DEBUG org.apache.http.impl.conn.PoolingHttpClientConnectionManager -- Connection released: [id: 10][route: {}->http://localhost:8080][total available: 0; route allocated: 0 of 5; total allocated: 0 of 10]
16:06:34.835 [qtp1860886124-27] DEBUG org.eclipse.jetty.io.WriteFlusher -- update WriteFlusher@26d3d37{IDLE}->null:WRITING-->IDLE
16:06:34.835 [main] DEBUG org.apache.http.impl.conn.PoolingHttpClientConnectionManager -- Connection manager is shutting down
16:06:34.835 [qtp1860886124-27] DEBUG org.eclipse.jetty.server.HttpConnection -- generate: DONE for SendCallback@21b6346[PROCESSING][i=null,cb=org.eclipse.jetty.server.HttpChannel$SendCallback@5bae898f] (null,[p=95,l=95,c=32768,r=0],true)@END
16:06:34.835 [main] DEBUG org.apache.http.impl.conn.PoolingHttpClientConnectionManager -- Connection manager shut down
16:06:34.835 [qtp1860886124-27] DEBUG org.eclipse.jetty.server.HttpOutput -- onWriteComplete(true,null) s=CLOSING,api=BLOCKED,sc=false,e=null->s=CLOSED,api=BLOCKING,sc=false,e=null c=null cb=null w=false
16:06:34.835 [main] DEBUG com.intuit.karate -- response time in milliseconds: 19
1 < 200
1 < Content-Type: application/json
1 < Matched-Stub-Id: 7dd6765f-aa3f-471e-bbc8-671865a24c3f
1 < Transfer-Encoding: chunked
[{"id":"variant-123","product_id":"prod-456","name":"Variante Chaussures Rouges"},{"id":"variant-789","product_id":"prod-456","name":"Variante Chaussures Noires"}]

16:06:34.835 [qtp1860886124-27] DEBUG org.eclipse.jetty.server.Server -- handled=true async=false committed=true on HttpChannelOverHttp@5389a671{s=HttpChannelState@4f4df89b{s=HANDLING rs=BLOCKING os=COMPLETED is=IDLE awp=false se=false i=true al=0},r=1,c=false/true,a=HANDLING,uri=http://localhost:8080/variants?product=prod-456,age=13}
16:06:34.835 [qtp1860886124-27] DEBUG org.eclipse.jetty.server.HttpChannelState -- unhandle HttpChannelState@4f4df89b{s=HANDLING rs=BLOCKING os=COMPLETED is=IDLE awp=false se=false i=true al=0}
16:06:34.835 [qtp1860886124-27] DEBUG org.eclipse.jetty.server.HttpChannelState -- nextAction(false) COMPLETE HttpChannelState@4f4df89b{s=HANDLING rs=COMPLETING os=COMPLETED is=IDLE awp=false se=false i=false al=0}
16:06:34.835 [qtp1860886124-27] DEBUG org.eclipse.jetty.server.HttpChannel -- action COMPLETE HttpChannelOverHttp@5389a671{s=HttpChannelState@4f4df89b{s=HANDLING rs=COMPLETING os=COMPLETED is=IDLE awp=false se=false i=false al=0},r=1,c=false/true,a=HANDLING,uri=http://localhost:8080/variants?product=prod-456,age=13}
16:06:34.835 [qtp1860886124-27] DEBUG org.eclipse.jetty.server.HttpOutput -- complete(org.eclipse.jetty.util.Callback$3@30c18348) s=CLOSED,api=BLOCKING,sc=false,e=null s=true e=null, c=null
16:06:34.835 [qtp1860886124-27] DEBUG org.eclipse.jetty.server.HttpChannelState -- completed HttpChannelState@4f4df89b{s=HANDLING rs=COMPLETING os=COMPLETED is=IDLE awp=false se=false i=false al=0}
16:06:34.836 [qtp1860886124-27] DEBUG org.eclipse.jetty.server.HttpChannelState -- unhandle HttpChannelState@4f4df89b{s=HANDLING rs=COMPLETED os=COMPLETED is=IDLE awp=false se=false i=false al=0}
16:06:34.836 [qtp1860886124-27] DEBUG org.eclipse.jetty.server.HttpChannelState -- nextAction(false) TERMINATED HttpChannelState@4f4df89b{s=IDLE rs=COMPLETED os=COMPLETED is=IDLE awp=false se=false i=false al=0}
16:06:34.836 [qtp1860886124-27] DEBUG org.eclipse.jetty.server.HttpChannel -- action TERMINATED HttpChannelOverHttp@5389a671{s=HttpChannelState@4f4df89b{s=IDLE rs=COMPLETED os=COMPLETED is=IDLE awp=false se=false i=false al=0},r=1,c=true/true,a=IDLE,uri=http://localhost:8080/variants?product=prod-456,age=14}
16:06:34.836 [qtp1860886124-27] DEBUG org.eclipse.jetty.server.HttpChannel -- onCompleted for /variants written=105
16:06:34.836 [qtp1860886124-27] DEBUG org.eclipse.jetty.server.HttpInput -- consumeAll HttpInput@1314358311 cs=HttpChannelState@4f4df89b{s=IDLE rs=COMPLETED os=COMPLETED is=IDLE awp=false se=false i=false al=0} cp=org.eclipse.jetty.server.BlockingContentProducer@15f8f61e eof=true
16:06:34.836 [qtp1860886124-27] DEBUG org.eclipse.jetty.server.HttpChannelOverHttp -- failing all content with org.eclipse.jetty.util.StaticException: Unconsumed content HttpChannelOverHttp@5389a671{s=HttpChannelState@4f4df89b{s=IDLE rs=COMPLETED os=COMPLETED is=IDLE awp=false se=false i=false al=0},r=1,c=true/true,a=IDLE,uri=http://localhost:8080/variants?product=prod-456,age=14}
16:06:34.836 [qtp1860886124-27] DEBUG org.eclipse.jetty.server.AsyncContentProducer -- failed all content of http channel EOF=true AsyncContentProducer@7e191cce[r=ErrorContent [org.eclipse.jetty.util.StaticException: Unconsumed content],t=ErrorContent [org.eclipse.jetty.util.StaticException: Unconsumed content],i=null,error=false,c=HttpChannelOverHttp@5389a671{s=HttpChannelState@4f4df89b{s=IDLE rs=COMPLETED os=COMPLETED is=IDLE awp=false se=false i=false al=0},r=1,c=true/true,a=IDLE,uri=http://localhost:8080/variants?product=prod-456,age=14}]
16:06:34.836 [qtp1860886124-27] DEBUG org.eclipse.jetty.server.HttpInput -- isFinished=true HttpInput@1314358311 cs=HttpChannelState@4f4df89b{s=IDLE rs=COMPLETED os=COMPLETED is=IDLE awp=false se=false i=false al=0} cp=org.eclipse.jetty.server.BlockingContentProducer@15f8f61e eof=true
16:06:34.836 [qtp1860886124-27] DEBUG org.eclipse.jetty.server.AsyncContentProducer -- isError = false AsyncContentProducer@7e191cce[r=ErrorContent [org.eclipse.jetty.util.StaticException: Unconsumed content],t=ErrorContent [org.eclipse.jetty.util.StaticException: Unconsumed content],i=null,error=false,c=HttpChannelOverHttp@5389a671{s=HttpChannelState@4f4df89b{s=IDLE rs=COMPLETED os=COMPLETED is=IDLE awp=false se=false i=false al=0},r=1,c=true/true,a=IDLE,uri=http://localhost:8080/variants?product=prod-456,age=14}]
16:06:34.836 [qtp1860886124-27] DEBUG org.eclipse.jetty.server.HttpInput -- isError=false HttpInput@1314358311 cs=HttpChannelState@4f4df89b{s=IDLE rs=COMPLETED os=COMPLETED is=IDLE awp=false se=false i=false al=0} cp=org.eclipse.jetty.server.BlockingContentProducer@15f8f61e eof=true
16:06:34.836 [qtp1860886124-27] DEBUG org.eclipse.jetty.server.HttpChannelState -- recycle HttpChannelState@4f4df89b{s=IDLE rs=COMPLETED os=COMPLETED is=IDLE awp=false se=false i=false al=0}
16:06:34.836 [qtp1860886124-27] DEBUG org.eclipse.jetty.server.HttpInput -- recycle HttpInput@1314358311 cs=HttpChannelState@4f4df89b{s=IDLE rs=BLOCKING os=OPEN is=IDLE awp=false se=false i=true al=0} cp=org.eclipse.jetty.server.BlockingContentProducer@15f8f61e eof=true
16:06:34.836 [qtp1860886124-27] DEBUG org.eclipse.jetty.server.BlockingContentProducer -- recycling org.eclipse.jetty.server.BlockingContentProducer@15f8f61e
16:06:34.836 [qtp1860886124-27] DEBUG org.eclipse.jetty.server.AsyncContentProducer -- recycling AsyncContentProducer@7e191cce[r=ErrorContent [org.eclipse.jetty.util.StaticException: Unconsumed content],t=ErrorContent [org.eclipse.jetty.util.StaticException: Unconsumed content],i=null,error=false,c=HttpChannelOverHttp@5389a671{s=HttpChannelState@4f4df89b{s=IDLE rs=BLOCKING os=OPEN is=IDLE awp=false se=false i=true al=0},r=1,c=false/false,a=IDLE,uri=http://localhost:8080/variants?product=prod-456,age=14}]
16:06:34.836 [qtp1860886124-27] DEBUG org.eclipse.jetty.http.HttpParser -- reset HttpParser{s=END,0 of -1}
16:06:34.836 [qtp1860886124-27] DEBUG org.eclipse.jetty.http.HttpParser -- END --> START
16:06:34.837 [qtp1860886124-27] DEBUG org.eclipse.jetty.server.HttpChannel -- !handle TERMINATED HttpChannelOverHttp@5389a671{s=HttpChannelState@4f4df89b{s=IDLE rs=BLOCKING os=OPEN is=IDLE awp=false se=false i=true al=0},r=1,c=false/false,a=IDLE,uri=null,age=0}
16:06:34.837 [qtp1860886124-27] DEBUG org.eclipse.jetty.io.AbstractEndPoint -- shutdownInput NetworkTrafficSocketChannelEndPoint@fe151c0[{l=/127.0.0.1:8080,r=/127.0.0.1:43102,OPEN,fill=-,flush=-,to=1/30000}{io=0/0,kio=0,kro=1}]->[HttpConnection@66be9c86[p=HttpParser{s=START,0 of -1},g=HttpGenerator@7df036e5{s=START}]=>HttpChannelOverHttp@5389a671{s=HttpChannelState@4f4df89b{s=IDLE rs=BLOCKING os=OPEN is=IDLE awp=false se=false i=true al=0},r=1,c=false/false,a=IDLE,uri=null,age=0}]
16:06:34.837 [qtp1860886124-27] DEBUG org.eclipse.jetty.io.SocketChannelEndPoint -- filled -1 DirectByteBuffer@2fc00118[p=0,l=0,c=8192,r=0]={<<<>>>GET /vari...\x00\x00\x00\x00\x00\x00\x00}
16:06:34.837 [qtp1860886124-27] DEBUG org.eclipse.jetty.http.HttpParser -- atEOF HttpParser{s=START,0 of -1}
16:06:34.837 [qtp1860886124-27] DEBUG org.eclipse.jetty.server.HttpConnection -- HttpConnection@66be9c86::NetworkTrafficSocketChannelEndPoint@fe151c0[{l=/127.0.0.1:8080,r=/127.0.0.1:43102,ISHUT,fill=-,flush=-,to=1/30000}{io=0/0,kio=0,kro=1}]->[HttpConnection@66be9c86[p=HttpParser{s=START,0 of -1},g=HttpGenerator@7df036e5{s=START}]=>HttpChannelOverHttp@5389a671{s=HttpChannelState@4f4df89b{s=IDLE rs=BLOCKING os=OPEN is=IDLE awp=false se=false i=true al=0},r=1,c=false/false,a=IDLE,uri=null,age=0}] filled -1 RetainableByteBuffer@57e49389{DirectByteBuffer@2fc00118[p=0,l=0,c=8192,r=0]={<<<>>>GET /vari...\x00\x00\x00\x00\x00\x00\x00},r=1}
16:06:34.837 [qtp1860886124-27] DEBUG org.eclipse.jetty.server.HttpConnection -- HttpConnection@66be9c86::NetworkTrafficSocketChannelEndPoint@fe151c0[{l=/127.0.0.1:8080,r=/127.0.0.1:43102,ISHUT,fill=-,flush=-,to=2/30000}{io=0/0,kio=0,kro=1}]->[HttpConnection@66be9c86[p=HttpParser{s=START,0 of -1},g=HttpGenerator@7df036e5{s=START}]=>HttpChannelOverHttp@5389a671{s=HttpChannelState@4f4df89b{s=IDLE rs=BLOCKING os=OPEN is=IDLE awp=false se=false i=true al=0},r=1,c=false/false,a=IDLE,uri=null,age=0}] parse RetainableByteBuffer@57e49389{DirectByteBuffer@2fc00118[p=0,l=0,c=8192,r=0]={<<<>>>GET /vari...\x00\x00\x00\x00\x00\x00\x00},r=1}
16:06:34.837 [qtp1860886124-27] DEBUG org.eclipse.jetty.http.HttpParser -- parseNext s=START DirectByteBuffer@2fc00118[p=0,l=0,c=8192,r=0]={<<<>>>GET /vari...\x00\x00\x00\x00\x00\x00\x00}
16:06:34.837 [qtp1860886124-27] DEBUG org.eclipse.jetty.http.HttpParser -- START --> CLOSED
16:06:34.837 [qtp1860886124-27] DEBUG org.eclipse.jetty.io.AbstractEndPoint -- close NetworkTrafficSocketChannelEndPoint@fe151c0[{l=/127.0.0.1:8080,r=/127.0.0.1:43102,ISHUT,fill=-,flush=-,to=2/30000}{io=0/0,kio=0,kro=1}]->[HttpConnection@66be9c86[p=HttpParser{s=CLOSED,0 of -1},g=HttpGenerator@7df036e5{s=START}]=>HttpChannelOverHttp@5389a671{s=HttpChannelState@4f4df89b{s=IDLE rs=BLOCKING os=OPEN is=IDLE awp=false se=false i=true al=0},r=1,c=false/false,a=IDLE,uri=null,age=0}]
16:06:34.837 [qtp1860886124-27] DEBUG org.eclipse.jetty.io.AbstractEndPoint -- close(null) NetworkTrafficSocketChannelEndPoint@fe151c0[{l=/127.0.0.1:8080,r=/127.0.0.1:43102,ISHUT,fill=-,flush=-,to=2/30000}{io=0/0,kio=0,kro=1}]->[HttpConnection@66be9c86[p=HttpParser{s=CLOSED,0 of -1},g=HttpGenerator@7df036e5{s=START}]=>HttpChannelOverHttp@5389a671{s=HttpChannelState@4f4df89b{s=IDLE rs=BLOCKING os=OPEN is=IDLE awp=false se=false i=true al=0},r=1,c=false/false,a=IDLE,uri=null,age=0}]
16:06:34.837 [qtp1860886124-27] DEBUG org.eclipse.jetty.io.SelectableChannelEndPoint -- doClose NetworkTrafficSocketChannelEndPoint@fe151c0[{l=/127.0.0.1:8080,r=/127.0.0.1:43102,CLOSED,fill=-,flush=-,to=2/30000}{io=0/0,kio=0,kro=1}]->[HttpConnection@66be9c86[p=HttpParser{s=CLOSED,0 of -1},g=HttpGenerator@7df036e5{s=START}]=>HttpChannelOverHttp@5389a671{s=HttpChannelState@4f4df89b{s=IDLE rs=BLOCKING os=OPEN is=IDLE awp=false se=false i=true al=0},r=1,c=false/false,a=IDLE,uri=null,age=0}]
16:06:34.837 [qtp1860886124-27] DEBUG org.eclipse.jetty.io.FillInterest -- onClose FillInterest@5d5990e0{null}
16:06:34.838 [qtp1860886124-27] DEBUG org.eclipse.jetty.io.ManagedSelector -- Wakeup ManagedSelector@67ec8477{STARTED} id=1 keys=1 selected=0 updates=0
16:06:34.838 [qtp1860886124-31] DEBUG org.eclipse.jetty.io.ManagedSelector -- Selector sun.nio.ch.EPollSelectorImpl@13605ab0 woken with none selected
16:06:34.838 [qtp1860886124-31] DEBUG org.eclipse.jetty.io.ManagedSelector -- Selector sun.nio.ch.EPollSelectorImpl@13605ab0 woken up from select, 0/0/0 selected
16:06:34.838 [qtp1860886124-31] DEBUG org.eclipse.jetty.io.ManagedSelector -- Selector sun.nio.ch.EPollSelectorImpl@13605ab0 processing 0 keys, 0 updates
16:06:34.838 [qtp1860886124-33] DEBUG org.eclipse.jetty.util.thread.QueuedThreadPool -- run org.eclipse.jetty.io.ManagedSelector$DestroyEndPoint@75cea028 in QueuedThreadPool[qtp1860886124]@6eeade6c{STARTED,8<=8<=25,i=0,r=-1,t=54167ms,q=0}[ReservedThreadExecutor@6e28bb87{reserved=1/2,pending=0}]
16:06:34.838 [qtp1860886124-31] DEBUG org.eclipse.jetty.io.ManagedSelector -- updateable 0
16:06:34.838 [qtp1860886124-31] DEBUG org.eclipse.jetty.io.ManagedSelector -- updates 0
16:06:34.838 [qtp1860886124-31] DEBUG org.eclipse.jetty.io.ManagedSelector -- Selector sun.nio.ch.EPollSelectorImpl@13605ab0 waiting with 0 keys
16:06:34.838 [qtp1860886124-33] DEBUG org.eclipse.jetty.io.ManagedSelector -- Destroyed NetworkTrafficSocketChannelEndPoint@fe151c0[{l=null,r=null,CLOSED,fill=-,flush=-,to=3/30000}{io=0/0,kio=-1,kro=-1}]->[HttpConnection@66be9c86[p=HttpParser{s=CLOSED,0 of -1},g=HttpGenerator@7df036e5{s=START}]=>HttpChannelOverHttp@5389a671{s=HttpChannelState@4f4df89b{s=IDLE rs=BLOCKING os=OPEN is=IDLE awp=false se=false i=true al=0},r=1,c=false/false,a=IDLE,uri=null,age=0}]
16:06:34.838 [qtp1860886124-33] DEBUG org.eclipse.jetty.io.AbstractConnection -- onClose HttpConnection@66be9c86::NetworkTrafficSocketChannelEndPoint@fe151c0[{l=null,r=null,CLOSED,fill=-,flush=-,to=3/30000}{io=0/0,kio=-1,kro=-1}]->[HttpConnection@66be9c86[p=HttpParser{s=CLOSED,0 of -1},g=HttpGenerator@7df036e5{s=START}]=>HttpChannelOverHttp@5389a671{s=HttpChannelState@4f4df89b{s=IDLE rs=BLOCKING os=OPEN is=IDLE awp=false se=false i=true al=0},r=1,c=false/false,a=IDLE,uri=null,age=0}]
16:06:34.838 [qtp1860886124-33] DEBUG org.eclipse.jetty.util.thread.QueuedThreadPool -- ran org.eclipse.jetty.io.ManagedSelector$DestroyEndPoint@75cea028 in QueuedThreadPool[qtp1860886124]@6eeade6c{STARTED,8<=8<=25,i=0,r=-1,t=54166ms,q=0}[ReservedThreadExecutor@6e28bb87{reserved=1/2,pending=0}]
16:06:34.839 [main] DEBUG com.jayway.jsonpath.internal.path.CompiledPath -- Evaluating path: $['length']
16:06:34.839 [qtp1860886124-33] DEBUG org.eclipse.jetty.util.thread.QueuedThreadPool -- Evict skipped, no excess threads QueuedThreadPool[qtp1860886124]@6eeade6c{STARTED,8<=8<=25,i=1,r=-1,t=54166ms,q=0}[ReservedThreadExecutor@6e28bb87{reserved=1/2,pending=0}]
16:06:34.839 [qtp1860886124-27] DEBUG org.eclipse.jetty.util.thread.QueuedThreadPool -- queue org.eclipse.jetty.io.ManagedSelector$DestroyEndPoint@75cea028 startThread=0
16:06:34.839 [qtp1860886124-27] DEBUG org.eclipse.jetty.server.HttpConnection -- HttpConnection@66be9c86::NetworkTrafficSocketChannelEndPoint@fe151c0[{l=null,r=null,CLOSED,fill=-,flush=-,to=4/30000}{io=0/0,kio=-1,kro=-1}]->[HttpConnection@66be9c86[p=HttpParser{s=CLOSED,0 of -1},g=HttpGenerator@7df036e5{s=START}]=>HttpChannelOverHttp@5389a671{s=HttpChannelState@4f4df89b{s=IDLE rs=BLOCKING os=OPEN is=IDLE awp=false se=false i=true al=0},r=1,c=false/false,a=IDLE,uri=null,age=0}] parsed false HttpParser{s=CLOSED,0 of -1}
16:06:34.840 [qtp1860886124-27] DEBUG org.eclipse.jetty.server.HttpConnection -- releaseRequestBuffer HttpConnection@66be9c86::NetworkTrafficSocketChannelEndPoint@fe151c0[{l=null,r=null,CLOSED,fill=-,flush=-,to=4/30000}{io=0/0,kio=-1,kro=-1}]->[HttpConnection@66be9c86[p=HttpParser{s=CLOSED,0 of -1},g=HttpGenerator@7df036e5{s=START}]=>HttpChannelOverHttp@5389a671{s=HttpChannelState@4f4df89b{s=IDLE rs=BLOCKING os=OPEN is=IDLE awp=false se=false i=true al=0},r=1,c=false/false,a=IDLE,uri=null,age=0}]
16:06:34.840 [qtp1860886124-27] DEBUG org.eclipse.jetty.io.AbstractEndPoint -- shutdownOutput NetworkTrafficSocketChannelEndPoint@fe151c0[{l=null,r=null,CLOSED,fill=-,flush=-,to=5/30000}{io=0/0,kio=-1,kro=-1}]->[HttpConnection@66be9c86[p=HttpParser{s=CLOSED,0 of -1},g=HttpGenerator@7df036e5{s=START}]=>HttpChannelOverHttp@5389a671{s=HttpChannelState@4f4df89b{s=IDLE rs=BLOCKING os=OPEN is=IDLE awp=false se=false i=true al=0},r=1,c=false/false,a=IDLE,uri=null,age=0}]
16:06:34.840 [qtp1860886124-27] DEBUG org.eclipse.jetty.server.HttpConnection -- HttpConnection@66be9c86::NetworkTrafficSocketChannelEndPoint@fe151c0[{l=null,r=null,CLOSED,fill=-,flush=-,to=5/30000}{io=0/0,kio=-1,kro=-1}]->[HttpConnection@66be9c86[p=HttpParser{s=CLOSED,0 of -1},g=HttpGenerator@7df036e5{s=START}]=>HttpChannelOverHttp@5389a671{s=HttpChannelState@4f4df89b{s=IDLE rs=BLOCKING os=OPEN is=IDLE awp=false se=false i=true al=0},r=1,c=false/false,a=IDLE,uri=null,age=0}] onFillable exit HttpChannelState@4f4df89b{s=IDLE rs=BLOCKING os=OPEN is=IDLE awp=false se=false i=true al=0} null
16:06:34.840 [qtp1860886124-27] DEBUG org.eclipse.jetty.util.thread.ReservedThreadExecutor -- ReservedThread@23327ae6{RUNNING,thread=Thread[qtp1860886124-27,5,main]} was=RUNNING next=RESERVED size=0+2 capacity=2
16:06:34.840 [qtp1860886124-27] DEBUG org.eclipse.jetty.util.thread.ReservedThreadExecutor -- ReservedThread@23327ae6{RESERVED,thread=Thread[qtp1860886124-27,5,main]} waiting ReservedThreadExecutor@6e28bb87{reserved=2/2,pending=0}
16:06:34.841 [main] ERROR com.intuit.karate -- classpath:features/variants/readVariant.feature:48
And match response.length == 2
match failed: EQUALS
  $ | actual path does not exist (STRING:NUMBER)
  '#notpresent'
  2

classpath:features/variants/readVariant.feature:48
16:06:34.857 [main] DEBUG org.thymeleaf.TemplateEngine -- [THYMELEAF] INITIALIZING TEMPLATE ENGINE
16:06:34.898 [main] DEBUG org.thymeleaf.TemplateEngine.CONFIG -- Initializing Thymeleaf Template engine configuration...
[THYMELEAF] TEMPLATE ENGINE CONFIGURATION:
[THYMELEAF] * Thymeleaf version: 3.1.2.RELEASE (built 2023-07-30T19:25:50+0000)
[THYMELEAF] * Cache Manager implementation: org.thymeleaf.cache.StandardCacheManager
[THYMELEAF] * Template resolvers:
[THYMELEAF]     * [1] com.intuit.karate.template.ResourceHtmlTemplateResolver
[THYMELEAF] * Message resolvers:
[THYMELEAF]     * org.thymeleaf.messageresolver.StandardMessageResolver
[THYMELEAF] * Link builders:
[THYMELEAF]     * org.thymeleaf.linkbuilder.StandardLinkBuilder
[THYMELEAF] * Dialect [1 of 2]: Standard (com.intuit.karate.template.KarateStandardDialect)
[THYMELEAF]     * Prefix: "th"
[THYMELEAF]     * Processors for Template Mode: HTML
[THYMELEAF]         * Element Tag Processors by [matching element and attribute name] [precedence]:
[THYMELEAF]             * [* {th:include,data-th-include}] [100]: org.thymeleaf.standard.processor.StandardIncludeTagProcessor
[THYMELEAF]             * [* {th:insert,data-th-insert}] [100]: org.thymeleaf.standard.processor.StandardInsertTagProcessor
[THYMELEAF]             * [* {th:replace,data-th-replace}] [100]: org.thymeleaf.standard.processor.StandardReplaceTagProcessor
[THYMELEAF]             * [* {th:each,data-th-each}] [200]: com.intuit.karate.template.KarateEachTagProcessor
[THYMELEAF]             * [* {th:switch,data-th-switch}] [250]: org.thymeleaf.standard.processor.StandardSwitchTagProcessor
[THYMELEAF]             * [* {th:case,data-th-case}] [275]: org.thymeleaf.standard.processor.StandardCaseTagProcessor
[THYMELEAF]             * [* {th:if,data-th-if}] [300]: org.thymeleaf.standard.processor.StandardIfTagProcessor
[THYMELEAF]             * [* {th:unless,data-th-unless}] [400]: org.thymeleaf.standard.processor.StandardUnlessTagProcessor
[THYMELEAF]             * [* {th:object,data-th-object}] [500]: org.thymeleaf.standard.processor.StandardObjectTagProcessor
[THYMELEAF]             * [* {th:with,data-th-with}] [600]: com.intuit.karate.template.KarateWithTagProcessor
[THYMELEAF]             * [* {th:attr,data-th-attr}] [700]: com.intuit.karate.template.KarateAttributeTagProcessor.KarateAttrTagProcessor
[THYMELEAF]             * [* {th:attrappend,data-th-attrappend}] [900]: com.intuit.karate.template.KarateAttributeTagProcessor.KarateAttrappendTagProcessor
[THYMELEAF]             * [* {th:attrprepend,data-th-attrprepend}] [900]: com.intuit.karate.template.KarateAttributeTagProcessor.KarateAttrprependTagProcessor
[THYMELEAF]             * [* {th:alt-title,data-th-alt-title}] [990]: org.thymeleaf.standard.processor.StandardAltTitleTagProcessor
[THYMELEAF]             * [* {th:lang-xmllang,data-th-lang-xmllang}] [990]: org.thymeleaf.standard.processor.StandardLangXmlLangTagProcessor
[THYMELEAF]             * [* {th:action,data-th-action}] [1000]: org.thymeleaf.standard.processor.StandardActionTagProcessor
[THYMELEAF]             * [* {th:reversed,data-th-reversed}] [1000]: org.thymeleaf.standard.processor.StandardConditionalFixedValueTagProcessor
[THYMELEAF]             * [* {th:checked,data-th-checked}] [1000]: org.thymeleaf.standard.processor.StandardConditionalFixedValueTagProcessor
[THYMELEAF]             * [* {th:open,data-th-open}] [1000]: org.thymeleaf.standard.processor.StandardConditionalFixedValueTagProcessor
[THYMELEAF]             * [* {th:defer,data-th-defer}] [1000]: org.thymeleaf.standard.processor.StandardConditionalFixedValueTagProcessor
[THYMELEAF]             * [* {th:async,data-th-async}] [1000]: org.thymeleaf.standard.processor.StandardConditionalFixedValueTagProcessor
[THYMELEAF]             * [* {th:autofocus,data-th-autofocus}] [1000]: org.thymeleaf.standard.processor.StandardConditionalFixedValueTagProcessor
[THYMELEAF]             * [* {th:selected,data-th-selected}] [1000]: org.thymeleaf.standard.processor.StandardConditionalFixedValueTagProcessor
[THYMELEAF]             * [* {th:disabled,data-th-disabled}] [1000]: org.thymeleaf.standard.processor.StandardConditionalFixedValueTagProcessor
[THYMELEAF]             * [* {th:required,data-th-required}] [1000]: org.thymeleaf.standard.processor.StandardConditionalFixedValueTagProcessor
[THYMELEAF]             * [* {th:formnovalidate,data-th-formnovalidate}] [1000]: org.thymeleaf.standard.processor.StandardConditionalFixedValueTagProcessor
[THYMELEAF]             * [* {th:readonly,data-th-readonly}] [1000]: org.thymeleaf.standard.processor.StandardConditionalFixedValueTagProcessor
[THYMELEAF]             * [* {th:multiple,data-th-multiple}] [1000]: org.thymeleaf.standard.processor.StandardConditionalFixedValueTagProcessor
[THYMELEAF]             * [* {th:novalidate,data-th-novalidate}] [1000]: org.thymeleaf.standard.processor.StandardConditionalFixedValueTagProcessor
[THYMELEAF]             * [* {th:hidden,data-th-hidden}] [1000]: org.thymeleaf.standard.processor.StandardConditionalFixedValueTagProcessor
[THYMELEAF]             * [* {th:scoped,data-th-scoped}] [1000]: org.thymeleaf.standard.processor.StandardConditionalFixedValueTagProcessor
[THYMELEAF]             * [* {th:nowrap,data-th-nowrap}] [1000]: org.thymeleaf.standard.processor.StandardConditionalFixedValueTagProcessor
[THYMELEAF]             * [* {th:autoplay,data-th-autoplay}] [1000]: org.thymeleaf.standard.processor.StandardConditionalFixedValueTagProcessor
[THYMELEAF]             * [* {th:default,data-th-default}] [1000]: org.thymeleaf.standard.processor.StandardConditionalFixedValueTagProcessor
[THYMELEAF]             * [* {th:pubdate,data-th-pubdate}] [1000]: org.thymeleaf.standard.processor.StandardConditionalFixedValueTagProcessor
[THYMELEAF]             * [* {th:ismap,data-th-ismap}] [1000]: org.thymeleaf.standard.processor.StandardConditionalFixedValueTagProcessor
[THYMELEAF]             * [* {th:controls,data-th-controls}] [1000]: org.thymeleaf.standard.processor.StandardConditionalFixedValueTagProcessor
[THYMELEAF]             * [* {th:seamless,data-th-seamless}] [1000]: org.thymeleaf.standard.processor.StandardConditionalFixedValueTagProcessor
[THYMELEAF]             * [* {th:loop,data-th-loop}] [1000]: org.thymeleaf.standard.processor.StandardConditionalFixedValueTagProcessor
[THYMELEAF]             * [* {th:declare,data-th-declare}] [1000]: org.thymeleaf.standard.processor.StandardConditionalFixedValueTagProcessor
[THYMELEAF]             * [* {th:onreset,data-th-onreset}] [1000]: org.thymeleaf.standard.processor.StandardDOMEventAttributeTagProcessor
[THYMELEAF]             * [* {th:onselect,data-th-onselect}] [1000]: org.thymeleaf.standard.processor.StandardDOMEventAttributeTagProcessor
[THYMELEAF]             * [* {th:onunload,data-th-onunload}] [1000]: org.thymeleaf.standard.processor.StandardDOMEventAttributeTagProcessor
[THYMELEAF]             * [* {th:onabort,data-th-onabort}] [1000]: org.thymeleaf.standard.processor.StandardDOMEventAttributeTagProcessor
[THYMELEAF]             * [* {th:onloadstart,data-th-onloadstart}] [1000]: org.thymeleaf.standard.processor.StandardDOMEventAttributeTagProcessor
[THYMELEAF]             * [* {th:ondragleave,data-th-ondragleave}] [1000]: org.thymeleaf.standard.processor.StandardDOMEventAttributeTagProcessor
[THYMELEAF]             * [* {th:onhashchange,data-th-onhashchange}] [1000]: org.thymeleaf.standard.processor.StandardDOMEventAttributeTagProcessor
[THYMELEAF]             * [* {th:onmouseout,data-th-onmouseout}] [1000]: org.thymeleaf.standard.processor.StandardDOMEventAttributeTagProcessor
[THYMELEAF]             * [* {th:onemptied,data-th-onemptied}] [1000]: org.thymeleaf.standard.processor.StandardDOMEventAttributeTagProcessor
[THYMELEAF]             * [* {th:onmouseover,data-th-onmouseover}] [1000]: org.thymeleaf.standard.processor.StandardDOMEventAttributeTagProcessor
[THYMELEAF]             * [* {th:onkeyup,data-th-onkeyup}] [1000]: org.thymeleaf.standard.processor.StandardDOMEventAttributeTagProcessor
[THYMELEAF]             * [* {th:onresize,data-th-onresize}] [1000]: org.thymeleaf.standard.processor.StandardDOMEventAttributeTagProcessor
[THYMELEAF]             * [* {th:onpause,data-th-onpause}] [1000]: org.thymeleaf.standard.processor.StandardDOMEventAttributeTagProcessor
[THYMELEAF]             * [* {th:ondblclick,data-th-ondblclick}] [1000]: org.thymeleaf.standard.processor.StandardDOMEventAttributeTagProcessor
[THYMELEAF]             * [* {th:onmousedown,data-th-onmousedown}] [1000]: org.thymeleaf.standard.processor.StandardDOMEventAttributeTagProcessor
[THYMELEAF]             * [* {th:onvolumechange,data-th-onvolumechange}] [1000]: org.thymeleaf.standard.processor.StandardDOMEventAttributeTagProcessor
[THYMELEAF]             * [* {th:onkeydown,data-th-onkeydown}] [1000]: org.thymeleaf.standard.processor.StandardDOMEventAttributeTagProcessor
[THYMELEAF]             * [* {th:oninvalid,data-th-oninvalid}] [1000]: org.thymeleaf.standard.processor.StandardDOMEventAttributeTagProcessor
[THYMELEAF]             * [* {th:onblur,data-th-onblur}] [1000]: org.thymeleaf.standard.processor.StandardDOMEventAttributeTagProcessor
[THYMELEAF]             * [* {th:onmousewheel,data-th-onmousewheel}] [1000]: org.thymeleaf.standard.processor.StandardDOMEventAttributeTagProcessor
[THYMELEAF]             * [* {th:onmouseup,data-th-onmouseup}] [1000]: org.thymeleaf.standard.processor.StandardDOMEventAttributeTagProcessor
[THYMELEAF]             * [* {th:ontimeupdate,data-th-ontimeupdate}] [1000]: org.thymeleaf.standard.processor.StandardDOMEventAttributeTagProcessor
[THYMELEAF]             * [* {th:onstalled,data-th-onstalled}] [1000]: org.thymeleaf.standard.processor.StandardDOMEventAttributeTagProcessor
[THYMELEAF]             * [* {th:onpopstate,data-th-onpopstate}] [1000]: org.thymeleaf.standard.processor.StandardDOMEventAttributeTagProcessor
[THYMELEAF]             * [* {th:oninput,data-th-oninput}] [1000]: org.thymeleaf.standard.processor.StandardDOMEventAttributeTagProcessor
[THYMELEAF]             * [* {th:onbeforeunload,data-th-onbeforeunload}] [1000]: org.thymeleaf.standard.processor.StandardDOMEventAttributeTagProcessor
[THYMELEAF]             * [* {th:onscroll,data-th-onscroll}] [1000]: org.thymeleaf.standard.processor.StandardDOMEventAttributeTagProcessor
[THYMELEAF]             * [* {th:onreadystatechange,data-th-onreadystatechange}] [1000]: org.thymeleaf.standard.processor.StandardDOMEventAttributeTagProcessor
[THYMELEAF]             * [* {th:ondurationchange,data-th-ondurationchange}] [1000]: org.thymeleaf.standard.processor.StandardDOMEventAttributeTagProcessor
[THYMELEAF]             * [* {th:onended,data-th-onended}] [1000]: org.thymeleaf.standard.processor.StandardDOMEventAttributeTagProcessor
[THYMELEAF]             * [* {th:onsubmit,data-th-onsubmit}] [1000]: org.thymeleaf.standard.processor.StandardDOMEventAttributeTagProcessor
[THYMELEAF]             * [* {th:ondragover,data-th-ondragover}] [1000]: org.thymeleaf.standard.processor.StandardDOMEventAttributeTagProcessor
[THYMELEAF]             * [* {th:onundo,data-th-onundo}] [1000]: org.thymeleaf.standard.processor.StandardDOMEventAttributeTagProcessor
[THYMELEAF]             * [* {th:ondragenter,data-th-ondragenter}] [1000]: org.thymeleaf.standard.processor.StandardDOMEventAttributeTagProcessor
[THYMELEAF]             * [* {th:onmessage,data-th-onmessage}] [1000]: org.thymeleaf.standard.processor.StandardDOMEventAttributeTagProcessor
[THYMELEAF]             * [* {th:ondrop,data-th-ondrop}] [1000]: org.thymeleaf.standard.processor.StandardDOMEventAttributeTagProcessor
[THYMELEAF]             * [* {th:onmousemove,data-th-onmousemove}] [1000]: org.thymeleaf.standard.processor.StandardDOMEventAttributeTagProcessor
[THYMELEAF]             * [* {th:onbeforeprint,data-th-onbeforeprint}] [1000]: org.thymeleaf.standard.processor.StandardDOMEventAttributeTagProcessor
[THYMELEAF]             * [* {th:onloadeddata,data-th-onloadeddata}] [1000]: org.thymeleaf.standard.processor.StandardDOMEventAttributeTagProcessor
[THYMELEAF]             * [* {th:onforminput,data-th-onforminput}] [1000]: org.thymeleaf.standard.processor.StandardDOMEventAttributeTagProcessor
[THYMELEAF]             * [* {th:onoffline,data-th-onoffline}] [1000]: org.thymeleaf.standard.processor.StandardDOMEventAttributeTagProcessor
[THYMELEAF]             * [* {th:onratechange,data-th-onratechange}] [1000]: org.thymeleaf.standard.processor.StandardDOMEventAttributeTagProcessor
[THYMELEAF]             * [* {th:onredo,data-th-onredo}] [1000]: org.thymeleaf.standard.processor.StandardDOMEventAttributeTagProcessor
[THYMELEAF]             * [* {th:onprogress,data-th-onprogress}] [1000]: org.thymeleaf.standard.processor.StandardDOMEventAttributeTagProcessor
[THYMELEAF]             * [* {th:onchange,data-th-onchange}] [1000]: org.thymeleaf.standard.processor.StandardDOMEventAttributeTagProcessor
[THYMELEAF]             * [* {th:onloadedmetadata,data-th-onloadedmetadata}] [1000]: org.thymeleaf.standard.processor.StandardDOMEventAttributeTagProcessor
[THYMELEAF]             * [* {th:onseeking,data-th-onseeking}] [1000]: org.thymeleaf.standard.processor.StandardDOMEventAttributeTagProcessor
[THYMELEAF]             * [* {th:oncanplaythrough,data-th-oncanplaythrough}] [1000]: org.thymeleaf.standard.processor.StandardDOMEventAttributeTagProcessor
[THYMELEAF]             * [* {th:onshow,data-th-onshow}] [1000]: org.thymeleaf.standard.processor.StandardDOMEventAttributeTagProcessor
[THYMELEAF]             * [* {th:onformchange,data-th-onformchange}] [1000]: org.thymeleaf.standard.processor.StandardDOMEventAttributeTagProcessor
[THYMELEAF]             * [* {th:onkeypress,data-th-onkeypress}] [1000]: org.thymeleaf.standard.processor.StandardDOMEventAttributeTagProcessor
[THYMELEAF]             * [* {th:onstorage,data-th-onstorage}] [1000]: org.thymeleaf.standard.processor.StandardDOMEventAttributeTagProcessor
[THYMELEAF]             * [* {th:onafterprint,data-th-onafterprint}] [1000]: org.thymeleaf.standard.processor.StandardDOMEventAttributeTagProcessor
[THYMELEAF]             * [* {th:onload,data-th-onload}] [1000]: org.thymeleaf.standard.processor.StandardDOMEventAttributeTagProcessor
[THYMELEAF]             * [* {th:ononline,data-th-ononline}] [1000]: org.thymeleaf.standard.processor.StandardDOMEventAttributeTagProcessor
[THYMELEAF]             * [* {th:ondragend,data-th-ondragend}] [1000]: org.thymeleaf.standard.processor.StandardDOMEventAttributeTagProcessor
[THYMELEAF]             * [* {th:oncontextmenu,data-th-oncontextmenu}] [1000]: org.thymeleaf.standard.processor.StandardDOMEventAttributeTagProcessor
[THYMELEAF]             * [* {th:onwaiting,data-th-onwaiting}] [1000]: org.thymeleaf.standard.processor.StandardDOMEventAttributeTagProcessor
[THYMELEAF]             * [* {th:oncanplay,data-th-oncanplay}] [1000]: org.thymeleaf.standard.processor.StandardDOMEventAttributeTagProcessor
[THYMELEAF]             * [* {th:onerror,data-th-onerror}] [1000]: org.thymeleaf.standard.processor.StandardDOMEventAttributeTagProcessor
[THYMELEAF]             * [* {th:ondragstart,data-th-ondragstart}] [1000]: org.thymeleaf.standard.processor.StandardDOMEventAttributeTagProcessor
[THYMELEAF]             * [* {th:onplaying,data-th-onplaying}] [1000]: org.thymeleaf.standard.processor.StandardDOMEventAttributeTagProcessor
[THYMELEAF]             * [* {th:onclick,data-th-onclick}] [1000]: org.thymeleaf.standard.processor.StandardDOMEventAttributeTagProcessor
[THYMELEAF]             * [* {th:onseeked,data-th-onseeked}] [1000]: org.thymeleaf.standard.processor.StandardDOMEventAttributeTagProcessor
[THYMELEAF]             * [* {th:onfocus,data-th-onfocus}] [1000]: org.thymeleaf.standard.processor.StandardDOMEventAttributeTagProcessor
[THYMELEAF]             * [* {th:onsuspend,data-th-onsuspend}] [1000]: org.thymeleaf.standard.processor.StandardDOMEventAttributeTagProcessor
[THYMELEAF]             * [* {th:ondrag,data-th-ondrag}] [1000]: org.thymeleaf.standard.processor.StandardDOMEventAttributeTagProcessor
[THYMELEAF]             * [* {th:onplay,data-th-onplay}] [1000]: org.thymeleaf.standard.processor.StandardDOMEventAttributeTagProcessor
[THYMELEAF]             * [* {th:href,data-th-href}] [1000]: org.thymeleaf.standard.processor.StandardHrefTagProcessor
[THYMELEAF]             * [* {th:inline,data-th-inline}] [1000]: org.thymeleaf.standard.processor.StandardInlineHTMLTagProcessor
[THYMELEAF]             * [* {th:method,data-th-method}] [1000]: org.thymeleaf.standard.processor.StandardMethodTagProcessor
[THYMELEAF]             * [* {th:type,data-th-type}] [1000]: org.thymeleaf.standard.processor.StandardNonRemovableAttributeTagProcessor
[THYMELEAF]             * [* {th:name,data-th-name}] [1000]: org.thymeleaf.standard.processor.StandardNonRemovableAttributeTagProcessor
[THYMELEAF]             * [* {th:frame,data-th-frame}] [1000]: org.thymeleaf.standard.processor.StandardRemovableAttributeTagProcessor
[THYMELEAF]             * [* {th:rules,data-th-rules}] [1000]: org.thymeleaf.standard.processor.StandardRemovableAttributeTagProcessor
[THYMELEAF]             * [* {th:keytype,data-th-keytype}] [1000]: org.thymeleaf.standard.processor.StandardRemovableAttributeTagProcessor
[THYMELEAF]             * [* {th:charset,data-th-charset}] [1000]: org.thymeleaf.standard.processor.StandardRemovableAttributeTagProcessor
[THYMELEAF]             * [* {th:accept,data-th-accept}] [1000]: org.thymeleaf.standard.processor.StandardRemovableAttributeTagProcessor
[THYMELEAF]             * [* {th:sandbox,data-th-sandbox}] [1000]: org.thymeleaf.standard.processor.StandardRemovableAttributeTagProcessor
[THYMELEAF]             * [* {th:class,data-th-class}] [1000]: org.thymeleaf.standard.processor.StandardRemovableAttributeTagProcessor
[THYMELEAF]             * [* {th:bgcolor,data-th-bgcolor}] [1000]: org.thymeleaf.standard.processor.StandardRemovableAttributeTagProcessor
[THYMELEAF]             * [* {th:background,data-th-background}] [1000]: org.thymeleaf.standard.processor.StandardRemovableAttributeTagProcessor
[THYMELEAF]             * [* {th:size,data-th-size}] [1000]: org.thymeleaf.standard.processor.StandardRemovableAttributeTagProcessor
[THYMELEAF]             * [* {th:scope,data-th-scope}] [1000]: org.thymeleaf.standard.processor.StandardRemovableAttributeTagProcessor
[THYMELEAF]             * [* {th:formaction,data-th-formaction}] [1000]: org.thymeleaf.standard.processor.StandardRemovableAttributeTagProcessor
[THYMELEAF]             * [* {th:headers,data-th-headers}] [1000]: org.thymeleaf.standard.processor.StandardRemovableAttributeTagProcessor
[THYMELEAF]             * [* {th:challenge,data-th-challenge}] [1000]: org.thymeleaf.standard.processor.StandardRemovableAttributeTagProcessor
[THYMELEAF]             * [* {th:usemap,data-th-usemap}] [1000]: org.thymeleaf.standard.processor.StandardRemovableAttributeTagProcessor
[THYMELEAF]             * [* {th:data,data-th-data}] [1000]: org.thymeleaf.standard.processor.StandardRemovableAttributeTagProcessor
[THYMELEAF]             * [* {th:formtarget,data-th-formtarget}] [1000]: org.thymeleaf.standard.processor.StandardRemovableAttributeTagProcessor
[THYMELEAF]             * [* {th:frameborder,data-th-frameborder}] [1000]: org.thymeleaf.standard.processor.StandardRemovableAttributeTagProcessor
[THYMELEAF]             * [* {th:title,data-th-title}] [1000]: org.thymeleaf.standard.processor.StandardRemovableAttributeTagProcessor
[THYMELEAF]             * [* {th:wrap,data-th-wrap}] [1000]: org.thymeleaf.standard.processor.StandardRemovableAttributeTagProcessor
[THYMELEAF]             * [* {th:cellpadding,data-th-cellpadding}] [1000]: org.thymeleaf.standard.processor.StandardRemovableAttributeTagProcessor
[THYMELEAF]             * [* {th:contextmenu,data-th-contextmenu}] [1000]: org.thymeleaf.standard.processor.StandardRemovableAttributeTagProcessor
[THYMELEAF]             * [* {th:rev,data-th-rev}] [1000]: org.thymeleaf.standard.processor.StandardRemovableAttributeTagProcessor
[THYMELEAF]             * [* {th:rowspan,data-th-rowspan}] [1000]: org.thymeleaf.standard.processor.StandardRemovableAttributeTagProcessor
[THYMELEAF]             * [* {th:archive,data-th-archive}] [1000]: org.thymeleaf.standard.processor.StandardRemovableAttributeTagProcessor
[THYMELEAF]             * [* {th:http-equiv,data-th-http-equiv}] [1000]: org.thymeleaf.standard.processor.StandardRemovableAttributeTagProcessor
[THYMELEAF]             * [* {th:placeholder,data-th-placeholder}] [1000]: org.thymeleaf.standard.processor.StandardRemovableAttributeTagProcessor
[THYMELEAF]             * [* {th:rows,data-th-rows}] [1000]: org.thymeleaf.standard.processor.StandardRemovableAttributeTagProcessor
[THYMELEAF]             * [* {th:formenctype,data-th-formenctype}] [1000]: org.thymeleaf.standard.processor.StandardRemovableAttributeTagProcessor
[THYMELEAF]             * [* {th:target,data-th-target}] [1000]: org.thymeleaf.standard.processor.StandardRemovableAttributeTagProcessor
[THYMELEAF]             * [* {th:classid,data-th-classid}] [1000]: org.thymeleaf.standard.processor.StandardRemovableAttributeTagProcessor
[THYMELEAF]             * [* {th:cols,data-th-cols}] [1000]: org.thymeleaf.standard.processor.StandardRemovableAttributeTagProcessor
[THYMELEAF]             * [* {th:align,data-th-align}] [1000]: org.thymeleaf.standard.processor.StandardRemovableAttributeTagProcessor
[THYMELEAF]             * [* {th:axis,data-th-axis}] [1000]: org.thymeleaf.standard.processor.StandardRemovableAttributeTagProcessor
[THYMELEAF]             * [* {th:colspan,data-th-colspan}] [1000]: org.thymeleaf.standard.processor.StandardRemovableAttributeTagProcessor
[THYMELEAF]             * [* {th:start,data-th-start}] [1000]: org.thymeleaf.standard.processor.StandardRemovableAttributeTagProcessor
[THYMELEAF]             * [* {th:id,data-th-id}] [1000]: org.thymeleaf.standard.processor.StandardRemovableAttributeTagProcessor
[THYMELEAF]             * [* {th:codetype,data-th-codetype}] [1000]: org.thymeleaf.standard.processor.StandardRemovableAttributeTagProcessor
[THYMELEAF]             * [* {th:longdesc,data-th-longdesc}] [1000]: org.thymeleaf.standard.processor.StandardRemovableAttributeTagProcessor
[THYMELEAF]             * [* {th:lang,data-th-lang}] [1000]: org.thymeleaf.standard.processor.StandardRemovableAttributeTagProcessor
[THYMELEAF]             * [* {th:cite,data-th-cite}] [1000]: org.thymeleaf.standard.processor.StandardRemovableAttributeTagProcessor
[THYMELEAF]             * [* {th:optimum,data-th-optimum}] [1000]: org.thymeleaf.standard.processor.StandardRemovableAttributeTagProcessor
[THYMELEAF]             * [* {th:accept-charset,data-th-accept-charset}] [1000]: org.thymeleaf.standard.processor.StandardRemovableAttributeTagProcessor
[THYMELEAF]             * [* {th:preload,data-th-preload}] [1000]: org.thymeleaf.standard.processor.StandardRemovableAttributeTagProcessor
[THYMELEAF]             * [* {th:span,data-th-span}] [1000]: org.thymeleaf.standard.processor.StandardRemovableAttributeTagProcessor
[THYMELEAF]             * [* {th:media,data-th-media}] [1000]: org.thymeleaf.standard.processor.StandardRemovableAttributeTagProcessor
[THYMELEAF]             * [* {th:min,data-th-min}] [1000]: org.thymeleaf.standard.processor.StandardRemovableAttributeTagProcessor
[THYMELEAF]             * [* {th:for,data-th-for}] [1000]: org.thymeleaf.standard.processor.StandardRemovableAttributeTagProcessor
[THYMELEAF]             * [* {th:marginheight,data-th-marginheight}] [1000]: org.thymeleaf.standard.processor.StandardRemovableAttributeTagProcessor
[THYMELEAF]             * [* {th:border,data-th-border}] [1000]: org.thymeleaf.standard.processor.StandardRemovableAttributeTagProcessor
[THYMELEAF]             * [* {th:draggable,data-th-draggable}] [1000]: org.thymeleaf.standard.processor.StandardRemovableAttributeTagProcessor
[THYMELEAF]             * [* {th:spellcheck,data-th-spellcheck}] [1000]: org.thymeleaf.standard.processor.StandardRemovableAttributeTagProcessor
[THYMELEAF]             * [* {th:style,data-th-style}] [1000]: org.thymeleaf.standard.processor.StandardRemovableAttributeTagProcessor
[THYMELEAF]             * [* {th:hspace,data-th-hspace}] [1000]: org.thymeleaf.standard.processor.StandardRemovableAttributeTagProcessor
[THYMELEAF]             * [* {th:srclang,data-th-srclang}] [1000]: org.thymeleaf.standard.processor.StandardRemovableAttributeTagProcessor
[THYMELEAF]             * [* {th:valuetype,data-th-valuetype}] [1000]: org.thymeleaf.standard.processor.StandardRemovableAttributeTagProcessor
[THYMELEAF]             * [* {th:vspace,data-th-vspace}] [1000]: org.thymeleaf.standard.processor.StandardRemovableAttributeTagProcessor
[THYMELEAF]             * [* {th:dropzone,data-th-dropzone}] [1000]: org.thymeleaf.standard.processor.StandardRemovableAttributeTagProcessor
[THYMELEAF]             * [* {th:standby,data-th-standby}] [1000]: org.thymeleaf.standard.processor.StandardRemovableAttributeTagProcessor
[THYMELEAF]             * [* {th:audio,data-th-audio}] [1000]: org.thymeleaf.standard.processor.StandardRemovableAttributeTagProcessor
[THYMELEAF]             * [* {th:contenteditable,data-th-contenteditable}] [1000]: org.thymeleaf.standard.processor.StandardRemovableAttributeTagProcessor
[THYMELEAF]             * [* {th:summary,data-th-summary}] [1000]: org.thymeleaf.standard.processor.StandardRemovableAttributeTagProcessor
[THYMELEAF]             * [* {th:high,data-th-high}] [1000]: org.thymeleaf.standard.processor.StandardRemovableAttributeTagProcessor
[THYMELEAF]             * [* {th:dir,data-th-dir}] [1000]: org.thymeleaf.standard.processor.StandardRemovableAttributeTagProcessor
[THYMELEAF]             * [* {th:scheme,data-th-scheme}] [1000]: org.thymeleaf.standard.processor.StandardRemovableAttributeTagProcessor
[THYMELEAF]             * [* {th:tabindex,data-th-tabindex}] [1000]: org.thymeleaf.standard.processor.StandardRemovableAttributeTagProcessor
[THYMELEAF]             * [* {th:radiogroup,data-th-radiogroup}] [1000]: org.thymeleaf.standard.processor.StandardRemovableAttributeTagProcessor
[THYMELEAF]             * [* {th:rel,data-th-rel}] [1000]: org.thymeleaf.standard.processor.StandardRemovableAttributeTagProcessor
[THYMELEAF]             * [* {th:kind,data-th-kind}] [1000]: org.thymeleaf.standard.processor.StandardRemovableAttributeTagProcessor
[THYMELEAF]             * [* {th:height,data-th-height}] [1000]: org.thymeleaf.standard.processor.StandardRemovableAttributeTagProcessor
[THYMELEAF]             * [* {th:sizes,data-th-sizes}] [1000]: org.thymeleaf.standard.processor.StandardRemovableAttributeTagProcessor
[THYMELEAF]             * [* {th:alt,data-th-alt}] [1000]: org.thymeleaf.standard.processor.StandardRemovableAttributeTagProcessor
[THYMELEAF]             * [* {th:autocomplete,data-th-autocomplete}] [1000]: org.thymeleaf.standard.processor.StandardRemovableAttributeTagProcessor
[THYMELEAF]             * [* {th:enctype,data-th-enctype}] [1000]: org.thymeleaf.standard.processor.StandardRemovableAttributeTagProcessor
[THYMELEAF]             * [* {th:formmethod,data-th-formmethod}] [1000]: org.thymeleaf.standard.processor.StandardRemovableAttributeTagProcessor
[THYMELEAF]             * [* {th:codebase,data-th-codebase}] [1000]: org.thymeleaf.standard.processor.StandardRemovableAttributeTagProcessor
[THYMELEAF]             * [* {th:datetime,data-th-datetime}] [1000]: org.thymeleaf.standard.processor.StandardRemovableAttributeTagProcessor
[THYMELEAF]             * [* {th:pattern,data-th-pattern}] [1000]: org.thymeleaf.standard.processor.StandardRemovableAttributeTagProcessor
[THYMELEAF]             * [* {th:cellspacing,data-th-cellspacing}] [1000]: org.thymeleaf.standard.processor.StandardRemovableAttributeTagProcessor
[THYMELEAF]             * [* {th:compact,data-th-compact}] [1000]: org.thymeleaf.standard.processor.StandardRemovableAttributeTagProcessor
[THYMELEAF]             * [* {th:scrolling,data-th-scrolling}] [1000]: org.thymeleaf.standard.processor.StandardRemovableAttributeTagProcessor
[THYMELEAF]             * [* {th:max,data-th-max}] [1000]: org.thymeleaf.standard.processor.StandardRemovableAttributeTagProcessor
[THYMELEAF]             * [* {th:accesskey,data-th-accesskey}] [1000]: org.thymeleaf.standard.processor.StandardRemovableAttributeTagProcessor
[THYMELEAF]             * [* {th:label,data-th-label}] [1000]: org.thymeleaf.standard.processor.StandardRemovableAttributeTagProcessor
[THYMELEAF]             * [* {th:marginwidth,data-th-marginwidth}] [1000]: org.thymeleaf.standard.processor.StandardRemovableAttributeTagProcessor
[THYMELEAF]             * [* {th:maxlength,data-th-maxlength}] [1000]: org.thymeleaf.standard.processor.StandardRemovableAttributeTagProcessor
[THYMELEAF]             * [* {th:icon,data-th-icon}] [1000]: org.thymeleaf.standard.processor.StandardRemovableAttributeTagProcessor
[THYMELEAF]             * [* {th:low,data-th-low}] [1000]: org.thymeleaf.standard.processor.StandardRemovableAttributeTagProcessor
[THYMELEAF]             * [* {th:step,data-th-step}] [1000]: org.thymeleaf.standard.processor.StandardRemovableAttributeTagProcessor
[THYMELEAF]             * [* {th:abbr,data-th-abbr}] [1000]: org.thymeleaf.standard.processor.StandardRemovableAttributeTagProcessor
[THYMELEAF]             * [* {th:width,data-th-width}] [1000]: org.thymeleaf.standard.processor.StandardRemovableAttributeTagProcessor
[THYMELEAF]             * [* {th:poster,data-th-poster}] [1000]: org.thymeleaf.standard.processor.StandardRemovableAttributeTagProcessor
[THYMELEAF]             * [* {th:list,data-th-list}] [1000]: org.thymeleaf.standard.processor.StandardRemovableAttributeTagProcessor
[THYMELEAF]             * [* {th:manifest,data-th-manifest}] [1000]: org.thymeleaf.standard.processor.StandardRemovableAttributeTagProcessor
[THYMELEAF]             * [* {th:content,data-th-content}] [1000]: org.thymeleaf.standard.processor.StandardRemovableAttributeTagProcessor
[THYMELEAF]             * [* {th:form,data-th-form}] [1000]: org.thymeleaf.standard.processor.StandardRemovableAttributeTagProcessor
[THYMELEAF]             * [* {th:hreflang,data-th-hreflang}] [1000]: org.thymeleaf.standard.processor.StandardRemovableAttributeTagProcessor
[THYMELEAF]             * [* {th:src,data-th-src}] [1000]: org.thymeleaf.standard.processor.StandardSrcTagProcessor
[THYMELEAF]             * [* {th:value,data-th-value}] [1000]: org.thymeleaf.standard.processor.StandardValueTagProcessor
[THYMELEAF]             * [* {th:xmlbase,data-th-xmlbase}] [1000]: org.thymeleaf.standard.processor.StandardXmlBaseTagProcessor
[THYMELEAF]             * [* {th:xmllang,data-th-xmllang}] [1000]: org.thymeleaf.standard.processor.StandardXmlLangTagProcessor
[THYMELEAF]             * [* {xmlns:th}] [1000]: org.thymeleaf.standard.processor.StandardXmlNsTagProcessor
[THYMELEAF]             * [* {th:xmlspace,data-th-xmlspace}] [1000]: org.thymeleaf.standard.processor.StandardXmlSpaceTagProcessor
[THYMELEAF]             * [* {th:classappend,data-th-classappend}] [1100]: org.thymeleaf.standard.processor.StandardClassappendTagProcessor
[THYMELEAF]             * [* {th:styleappend,data-th-styleappend}] [1100]: org.thymeleaf.standard.processor.StandardStyleappendTagProcessor
[THYMELEAF]             * [* {th:text,data-th-text}] [1300]: org.thymeleaf.standard.processor.StandardTextTagProcessor
[THYMELEAF]             * [* {th:utext,data-th-utext}] [1400]: org.thymeleaf.standard.processor.StandardUtextTagProcessor
[THYMELEAF]             * [* {th:fragment,data-th-fragment}] [1500]: org.thymeleaf.standard.processor.StandardFragmentTagProcessor
[THYMELEAF]             * [* {th:assert,data-th-assert}] [1550]: org.thymeleaf.standard.processor.StandardAssertTagProcessor
[THYMELEAF]             * [* {th:remove,data-th-remove}] [1600]: org.thymeleaf.standard.processor.StandardRemoveTagProcessor
[THYMELEAF]             * [* {th:ref,data-th-ref}] [10000]: org.thymeleaf.standard.processor.StandardRefAttributeTagProcessor
[THYMELEAF]             * [{th:block,th-block} *] [100000]: org.thymeleaf.standard.processor.StandardBlockTagProcessor
[THYMELEAF]             * [* th:*] [2147483647]: org.thymeleaf.standard.processor.StandardDefaultAttributesTagProcessor
[THYMELEAF]         * Text Processors by [precedence]:
[THYMELEAF]             * [1000]: org.thymeleaf.standard.processor.StandardInliningTextProcessor
[THYMELEAF]         * DOCTYPE Processors by [precedence]:
[THYMELEAF]             * [1000]: org.thymeleaf.standard.processor.StandardTranslationDocTypeProcessor
[THYMELEAF]         * CDATA Section Processors by [precedence]:
[THYMELEAF]             * [1000]: org.thymeleaf.standard.processor.StandardInliningCDATASectionProcessor
[THYMELEAF]         * Comment Processors by [precedence]:
[THYMELEAF]             * [1000]: org.thymeleaf.standard.processor.StandardInliningCommentProcessor
[THYMELEAF]             * [1100]: org.thymeleaf.standard.processor.StandardConditionalCommentProcessor
[THYMELEAF]     * Processors for Template Mode: XML
[THYMELEAF]         * Element Tag Processors by [matching element and attribute name] [precedence]:
[THYMELEAF]             * [* {th:include}] [100]: org.thymeleaf.standard.processor.StandardIncludeTagProcessor
[THYMELEAF]             * [* {th:insert}] [100]: org.thymeleaf.standard.processor.StandardInsertTagProcessor
[THYMELEAF]             * [* {th:replace}] [100]: org.thymeleaf.standard.processor.StandardReplaceTagProcessor
[THYMELEAF]             * [* {th:each}] [200]: com.intuit.karate.template.KarateEachTagProcessor
[THYMELEAF]             * [* {th:switch}] [250]: org.thymeleaf.standard.processor.StandardSwitchTagProcessor
[THYMELEAF]             * [* {th:case}] [275]: org.thymeleaf.standard.processor.StandardCaseTagProcessor
[THYMELEAF]             * [* {th:if}] [300]: org.thymeleaf.standard.processor.StandardIfTagProcessor
[THYMELEAF]             * [* {th:unless}] [400]: org.thymeleaf.standard.processor.StandardUnlessTagProcessor
[THYMELEAF]             * [* {th:object}] [500]: org.thymeleaf.standard.processor.StandardObjectTagProcessor
[THYMELEAF]             * [* {th:with}] [600]: com.intuit.karate.template.KarateWithTagProcessor
[THYMELEAF]             * [* {th:attr}] [700]: com.intuit.karate.template.KarateAttributeTagProcessor.KarateAttrTagProcessor
[THYMELEAF]             * [* {th:attrappend}] [900]: com.intuit.karate.template.KarateAttributeTagProcessor.KarateAttrappendTagProcessor
[THYMELEAF]             * [* {th:attrprepend}] [900]: com.intuit.karate.template.KarateAttributeTagProcessor.KarateAttrprependTagProcessor
[THYMELEAF]             * [* {th:inline}] [1000]: org.thymeleaf.standard.processor.StandardInlineXMLTagProcessor
[THYMELEAF]             * [* {xmlns:th}] [1000]: org.thymeleaf.standard.processor.StandardXmlNsTagProcessor
[THYMELEAF]             * [* {th:text}] [1300]: org.thymeleaf.standard.processor.StandardTextTagProcessor
[THYMELEAF]             * [* {th:utext}] [1400]: org.thymeleaf.standard.processor.StandardUtextTagProcessor
[THYMELEAF]             * [* {th:fragment}] [1500]: org.thymeleaf.standard.processor.StandardFragmentTagProcessor
[THYMELEAF]             * [* {th:assert}] [1550]: org.thymeleaf.standard.processor.StandardAssertTagProcessor
[THYMELEAF]             * [* {th:remove}] [1600]: org.thymeleaf.standard.processor.StandardRemoveTagProcessor
[THYMELEAF]             * [* {th:ref}] [10000]: org.thymeleaf.standard.processor.StandardRefAttributeTagProcessor
[THYMELEAF]             * [{th:block} *] [100000]: org.thymeleaf.standard.processor.StandardBlockTagProcessor
[THYMELEAF]             * [* th:*] [2147483647]: org.thymeleaf.standard.processor.StandardDefaultAttributesTagProcessor
[THYMELEAF]         * Text Processors by [precedence]:
[THYMELEAF]             * [1000]: org.thymeleaf.standard.processor.StandardInliningTextProcessor
[THYMELEAF]         * CDATA Section Processors by [precedence]:
[THYMELEAF]             * [1000]: org.thymeleaf.standard.processor.StandardInliningCDATASectionProcessor
[THYMELEAF]         * Comment Processors by [precedence]:
[THYMELEAF]             * [1000]: org.thymeleaf.standard.processor.StandardInliningCommentProcessor
[THYMELEAF]     * Processors for Template Mode: TEXT
[THYMELEAF]         * Element Tag Processors by [matching element and attribute name] [precedence]:
[THYMELEAF]             * [* {th:insert}] [100]: org.thymeleaf.standard.processor.StandardInsertTagProcessor
[THYMELEAF]             * [* {th:replace}] [100]: org.thymeleaf.standard.processor.StandardReplaceTagProcessor
[THYMELEAF]             * [* {th:each}] [200]: com.intuit.karate.template.KarateEachTagProcessor
[THYMELEAF]             * [* {th:switch}] [250]: org.thymeleaf.standard.processor.StandardSwitchTagProcessor
[THYMELEAF]             * [* {th:case}] [275]: org.thymeleaf.standard.processor.StandardCaseTagProcessor
[THYMELEAF]             * [* {th:if}] [300]: org.thymeleaf.standard.processor.StandardIfTagProcessor
[THYMELEAF]             * [* {th:unless}] [400]: org.thymeleaf.standard.processor.StandardUnlessTagProcessor
[THYMELEAF]             * [* {th:object}] [500]: org.thymeleaf.standard.processor.StandardObjectTagProcessor
[THYMELEAF]             * [* {th:with}] [600]: com.intuit.karate.template.KarateWithTagProcessor
[THYMELEAF]             * [* {th:inline}] [1000]: org.thymeleaf.standard.processor.StandardInlineTextualTagProcessor
[THYMELEAF]             * [* {th:text}] [1300]: org.thymeleaf.standard.processor.StandardTextTagProcessor
[THYMELEAF]             * [* {th:utext}] [1400]: org.thymeleaf.standard.processor.StandardUtextTagProcessor
[THYMELEAF]             * [* {th:assert}] [1550]: org.thymeleaf.standard.processor.StandardAssertTagProcessor
[THYMELEAF]             * [* {th:remove}] [1600]: org.thymeleaf.standard.processor.StandardRemoveTagProcessor
[THYMELEAF]             * [* 100000] [org.thymeleaf.standard.processor.StandardBlockTagProcessor]: {}
[THYMELEAF]             * [{th:block} *] [100000]: org.thymeleaf.standard.processor.StandardBlockTagProcessor
[THYMELEAF]         * Text Processors by [precedence]:
[THYMELEAF]             * [1000]: org.thymeleaf.standard.processor.StandardInliningTextProcessor
[THYMELEAF]     * Processors for Template Mode: JAVASCRIPT
[THYMELEAF]         * Element Tag Processors by [matching element and attribute name] [precedence]:
[THYMELEAF]             * [* {th:insert}] [100]: org.thymeleaf.standard.processor.StandardInsertTagProcessor
[THYMELEAF]             * [* {th:replace}] [100]: org.thymeleaf.standard.processor.StandardReplaceTagProcessor
[THYMELEAF]             * [* {th:each}] [200]: com.intuit.karate.template.KarateEachTagProcessor
[THYMELEAF]             * [* {th:switch}] [250]: org.thymeleaf.standard.processor.StandardSwitchTagProcessor
[THYMELEAF]             * [* {th:case}] [275]: org.thymeleaf.standard.processor.StandardCaseTagProcessor
[THYMELEAF]             * [* {th:if}] [300]: org.thymeleaf.standard.processor.StandardIfTagProcessor
[THYMELEAF]             * [* {th:unless}] [400]: org.thymeleaf.standard.processor.StandardUnlessTagProcessor
[THYMELEAF]             * [* {th:object}] [500]: org.thymeleaf.standard.processor.StandardObjectTagProcessor
[THYMELEAF]             * [* {th:with}] [600]: com.intuit.karate.template.KarateWithTagProcessor
[THYMELEAF]             * [* {th:inline}] [1000]: org.thymeleaf.standard.processor.StandardInlineTextualTagProcessor
[THYMELEAF]             * [* {th:text}] [1300]: org.thymeleaf.standard.processor.StandardTextTagProcessor
[THYMELEAF]             * [* {th:utext}] [1400]: org.thymeleaf.standard.processor.StandardUtextTagProcessor
[THYMELEAF]             * [* {th:assert}] [1550]: org.thymeleaf.standard.processor.StandardAssertTagProcessor
[THYMELEAF]             * [* {th:remove}] [1600]: org.thymeleaf.standard.processor.StandardRemoveTagProcessor
[THYMELEAF]             * [{th:block} *] [100000]: org.thymeleaf.standard.processor.StandardBlockTagProcessor
[THYMELEAF]             * [* 100000] [org.thymeleaf.standard.processor.StandardBlockTagProcessor]: {}
[THYMELEAF]         * Text Processors by [precedence]:
[THYMELEAF]             * [1000]: org.thymeleaf.standard.processor.StandardInliningTextProcessor
[THYMELEAF]     * Processors for Template Mode: CSS
[THYMELEAF]         * Element Tag Processors by [matching element and attribute name] [precedence]:
[THYMELEAF]             * [* {th:insert}] [100]: org.thymeleaf.standard.processor.StandardInsertTagProcessor
[THYMELEAF]             * [* {th:replace}] [100]: org.thymeleaf.standard.processor.StandardReplaceTagProcessor
[THYMELEAF]             * [* {th:each}] [200]: com.intuit.karate.template.KarateEachTagProcessor
[THYMELEAF]             * [* {th:switch}] [250]: org.thymeleaf.standard.processor.StandardSwitchTagProcessor
[THYMELEAF]             * [* {th:case}] [275]: org.thymeleaf.standard.processor.StandardCaseTagProcessor
[THYMELEAF]             * [* {th:if}] [300]: org.thymeleaf.standard.processor.StandardIfTagProcessor
[THYMELEAF]             * [* {th:unless}] [400]: org.thymeleaf.standard.processor.StandardUnlessTagProcessor
[THYMELEAF]             * [* {th:object}] [500]: org.thymeleaf.standard.processor.StandardObjectTagProcessor
[THYMELEAF]             * [* {th:with}] [600]: com.intuit.karate.template.KarateWithTagProcessor
[THYMELEAF]             * [* {th:inline}] [1000]: org.thymeleaf.standard.processor.StandardInlineTextualTagProcessor
[THYMELEAF]             * [* {th:text}] [1300]: org.thymeleaf.standard.processor.StandardTextTagProcessor
[THYMELEAF]             * [* {th:utext}] [1400]: org.thymeleaf.standard.processor.StandardUtextTagProcessor
[THYMELEAF]             * [* {th:assert}] [1550]: org.thymeleaf.standard.processor.StandardAssertTagProcessor
[THYMELEAF]             * [* {th:remove}] [1600]: org.thymeleaf.standard.processor.StandardRemoveTagProcessor
[THYMELEAF]             * [{th:block} *] [100000]: org.thymeleaf.standard.processor.StandardBlockTagProcessor
[THYMELEAF]             * [* 100000] [org.thymeleaf.standard.processor.StandardBlockTagProcessor]: {}
[THYMELEAF]         * Text Processors by [precedence]:
[THYMELEAF]             * [1000]: org.thymeleaf.standard.processor.StandardInliningTextProcessor
[THYMELEAF]     * Expression Objects:
[THYMELEAF]         * #ctx
[THYMELEAF]         * #root
[THYMELEAF]         * #vars
[THYMELEAF]         * #object
[THYMELEAF]         * #locale
[THYMELEAF]         * #conversions
[THYMELEAF]         * #uris
[THYMELEAF]         * #temporals
[THYMELEAF]         * #calendars
[THYMELEAF]         * #dates
[THYMELEAF]         * #bools
[THYMELEAF]         * #numbers
[THYMELEAF]         * #objects
[THYMELEAF]         * #strings
[THYMELEAF]         * #arrays
[THYMELEAF]         * #lists
[THYMELEAF]         * #sets
[THYMELEAF]         * #maps
[THYMELEAF]         * #aggregates
[THYMELEAF]         * #messages
[THYMELEAF]         * #ids
[THYMELEAF]         * #execInfo
[THYMELEAF]         * #request
[THYMELEAF]         * #response
[THYMELEAF]         * #session
[THYMELEAF]         * #servletContext
[THYMELEAF]     * Execution Attributes:
[THYMELEAF]         * "StandardExpressionParser": com.intuit.karate.template.KarateStandardDialect@3a9c11fb
[THYMELEAF]         * "StandardJavaScriptSerializer": org.thymeleaf.standard.serializer.StandardJavaScriptSerializer@fceab5d
[THYMELEAF]         * "StandardCSSSerializer": org.thymeleaf.standard.serializer.StandardCSSSerializer@79445efb
[THYMELEAF]         * "StandardVariableExpressionEvaluator": com.intuit.karate.template.KarateStandardDialect@3a9c11fb
[THYMELEAF]         * "StandardConversionService": org.thymeleaf.standard.expression.StandardConversionService@1592e540
[THYMELEAF] * Dialect [2 of 2]: karate (com.intuit.karate.template.KarateScriptDialect)
[THYMELEAF]     * Prefix: "ka"
[THYMELEAF]     * Processors for Template Mode: HTML
[THYMELEAF]         * Element Tag Processors by [matching element and attribute name] [precedence]:
[THYMELEAF]             * [* {src}] [1000]: com.intuit.karate.template.KaScriptAttrProcessor
[THYMELEAF]         * Element Model Processors by [matching element and attribute name] [precedence]:
[THYMELEAF]             * [{script} {ka:scope,data-ka-scope}] [1000]: com.intuit.karate.template.KaScriptElemProcessor
[THYMELEAF]             * [* {ka:set,data-ka-set}] [1000]: com.intuit.karate.template.KaSetElemProcessor
[THYMELEAF] TEMPLATE ENGINE CONFIGURED OK
16:06:34.899 [main] DEBUG org.thymeleaf.TemplateEngine -- [THYMELEAF] TEMPLATE ENGINE INITIALIZED
---------------------------------------------------------
feature: classpath:features/variants/readVariant.feature
scenarios:  5 | passed:  2 | failed:  3 | time: 0,1867
---------------------------------------------------------

]]></system-out>
  </testcase>
  <testcase name="testAllFeatures[4][1]" classname="com.exemple.qa.runners.AllKarateTestsRunner" time="0.291"/>
  <testcase name="testAllFeatures[4][2]" classname="com.exemple.qa.runners.AllKarateTestsRunner" time="0.277"/>
  <testcase name="testAllFeatures[4][3]" classname="com.exemple.qa.runners.AllKarateTestsRunner" time="0.253"/>
  <testcase name="testAllFeatures[4][4]" classname="com.exemple.qa.runners.AllKarateTestsRunner" time="0.959"/>
</testsuite>